[0.223s] DEBUG:colcon:Command line arguments: ['/usr/bin/colcon', 'build']
[0.223s] DEBUG:colcon:Parsed command line arguments: Namespace(log_base=None, log_level=None, verb_name='build', build_base='build', install_base='install', merge_install=False, symlink_install=False, test_result_base=None, continue_on_error=False, executor='parallel', parallel_workers=12, event_handlers=None, ignore_user_meta=False, metas=['./colcon.meta'], base_paths=['.'], packages_ignore=None, packages_ignore_regex=None, paths=None, packages_up_to=None, packages_up_to_regex=None, packages_above=None, packages_above_and_dependencies=None, packages_above_depth=None, packages_select_by_dep=None, packages_skip_by_dep=None, packages_skip_up_to=None, packages_select_build_failed=False, packages_skip_build_finished=False, packages_select_test_failures=False, packages_skip_test_passed=False, packages_select=None, packages_skip=None, packages_select_regex=None, packages_skip_regex=None, packages_start=None, packages_end=None, allow_overriding=[], cmake_args=None, cmake_target=None, cmake_target_skip_unavailable=False, cmake_clean_cache=False, cmake_clean_first=False, cmake_force_configure=False, ament_cmake_args=None, catkin_cmake_args=None, catkin_skip_building_tests=False, verb_parser=<colcon_defaults.argument_parser.defaults.DefaultArgumentsDecorator object at 0x783d13c68a00>, verb_extension=<colcon_core.verb.build.BuildVerb object at 0x783d13de1090>, main=<bound method BuildVerb.main of <colcon_core.verb.build.BuildVerb object at 0x783d13de1090>>)
[0.430s] Level 1:colcon.colcon_core.package_discovery:discover_packages(colcon_meta) check parameters
[0.430s] Level 1:colcon.colcon_core.package_discovery:discover_packages(recursive) check parameters
[0.430s] Level 1:colcon.colcon_core.package_discovery:discover_packages(ignore) check parameters
[0.430s] Level 1:colcon.colcon_core.package_discovery:discover_packages(path) check parameters
[0.430s] Level 1:colcon.colcon_core.package_discovery:discover_packages(colcon_meta) discover
[0.430s] Level 1:colcon.colcon_core.package_discovery:discover_packages(recursive) discover
[0.430s] INFO:colcon.colcon_core.package_discovery:Crawling recursively for packages in '/home/kvothe/ros'
[0.430s] Level 1:colcon.colcon_core.package_identification:_identify(.) by extensions ['ignore', 'ignore_ament_install']
[0.431s] Level 1:colcon.colcon_core.package_identification:_identify(.) by extension 'ignore'
[0.431s] Level 1:colcon.colcon_core.package_identification:_identify(.) by extension 'ignore_ament_install'
[0.431s] Level 1:colcon.colcon_core.package_identification:_identify(.) by extensions ['colcon_pkg']
[0.431s] Level 1:colcon.colcon_core.package_identification:_identify(.) by extension 'colcon_pkg'
[0.431s] Level 1:colcon.colcon_core.package_identification:_identify(.) by extensions ['colcon_meta']
[0.431s] Level 1:colcon.colcon_core.package_identification:_identify(.) by extension 'colcon_meta'
[0.431s] Level 1:colcon.colcon_core.package_identification:_identify(.) by extensions ['ros']
[0.431s] Level 1:colcon.colcon_core.package_identification:_identify(.) by extension 'ros'
[0.443s] Level 1:colcon.colcon_core.package_identification:_identify(.) by extensions ['cmake', 'python']
[0.444s] Level 1:colcon.colcon_core.package_identification:_identify(.) by extension 'cmake'
[0.444s] Level 1:colcon.colcon_core.package_identification:_identify(.) by extension 'python'
[0.444s] Level 1:colcon.colcon_core.package_identification:_identify(.) by extensions ['python_setup_py']
[0.444s] Level 1:colcon.colcon_core.package_identification:_identify(.) by extension 'python_setup_py'
[0.444s] Level 1:colcon.colcon_core.package_identification:_identify(CMakeFiles) by extensions ['ignore', 'ignore_ament_install']
[0.444s] Level 1:colcon.colcon_core.package_identification:_identify(CMakeFiles) by extension 'ignore'
[0.444s] Level 1:colcon.colcon_core.package_identification:_identify(CMakeFiles) by extension 'ignore_ament_install'
[0.444s] Level 1:colcon.colcon_core.package_identification:_identify(CMakeFiles) by extensions ['colcon_pkg']
[0.444s] Level 1:colcon.colcon_core.package_identification:_identify(CMakeFiles) by extension 'colcon_pkg'
[0.444s] Level 1:colcon.colcon_core.package_identification:_identify(CMakeFiles) by extensions ['colcon_meta']
[0.444s] Level 1:colcon.colcon_core.package_identification:_identify(CMakeFiles) by extension 'colcon_meta'
[0.444s] Level 1:colcon.colcon_core.package_identification:_identify(CMakeFiles) by extensions ['ros']
[0.444s] Level 1:colcon.colcon_core.package_identification:_identify(CMakeFiles) by extension 'ros'
[0.444s] Level 1:colcon.colcon_core.package_identification:_identify(CMakeFiles) by extensions ['cmake', 'python']
[0.444s] Level 1:colcon.colcon_core.package_identification:_identify(CMakeFiles) by extension 'cmake'
[0.444s] Level 1:colcon.colcon_core.package_identification:_identify(CMakeFiles) by extension 'python'
[0.444s] Level 1:colcon.colcon_core.package_identification:_identify(CMakeFiles) by extensions ['python_setup_py']
[0.444s] Level 1:colcon.colcon_core.package_identification:_identify(CMakeFiles) by extension 'python_setup_py'
[0.444s] Level 1:colcon.colcon_core.package_identification:_identify(build) by extensions ['ignore', 'ignore_ament_install']
[0.445s] Level 1:colcon.colcon_core.package_identification:_identify(build) by extension 'ignore'
[0.445s] Level 1:colcon.colcon_core.package_identification:_identify(build) ignored
[0.445s] Level 1:colcon.colcon_core.package_identification:_identify(install) by extensions ['ignore', 'ignore_ament_install']
[0.445s] Level 1:colcon.colcon_core.package_identification:_identify(install) by extension 'ignore'
[0.445s] Level 1:colcon.colcon_core.package_identification:_identify(install) ignored
[0.445s] Level 1:colcon.colcon_core.package_identification:_identify(log) by extensions ['ignore', 'ignore_ament_install']
[0.445s] Level 1:colcon.colcon_core.package_identification:_identify(log) by extension 'ignore'
[0.445s] Level 1:colcon.colcon_core.package_identification:_identify(log) ignored
[0.445s] Level 1:colcon.colcon_core.package_identification:_identify(src) by extensions ['ignore', 'ignore_ament_install']
[0.445s] Level 1:colcon.colcon_core.package_identification:_identify(src) by extension 'ignore'
[0.446s] Level 1:colcon.colcon_core.package_identification:_identify(src) by extension 'ignore_ament_install'
[0.446s] Level 1:colcon.colcon_core.package_identification:_identify(src) by extensions ['colcon_pkg']
[0.446s] Level 1:colcon.colcon_core.package_identification:_identify(src) by extension 'colcon_pkg'
[0.446s] Level 1:colcon.colcon_core.package_identification:_identify(src) by extensions ['colcon_meta']
[0.446s] Level 1:colcon.colcon_core.package_identification:_identify(src) by extension 'colcon_meta'
[0.446s] Level 1:colcon.colcon_core.package_identification:_identify(src) by extensions ['ros']
[0.446s] Level 1:colcon.colcon_core.package_identification:_identify(src) by extension 'ros'
[0.446s] Level 1:colcon.colcon_core.package_identification:_identify(src) by extensions ['cmake', 'python']
[0.446s] Level 1:colcon.colcon_core.package_identification:_identify(src) by extension 'cmake'
[0.446s] Level 1:colcon.colcon_core.package_identification:_identify(src) by extension 'python'
[0.446s] Level 1:colcon.colcon_core.package_identification:_identify(src) by extensions ['python_setup_py']
[0.446s] Level 1:colcon.colcon_core.package_identification:_identify(src) by extension 'python_setup_py'
[0.446s] Level 1:colcon.colcon_core.package_identification:_identify(src/cppp) by extensions ['ignore', 'ignore_ament_install']
[0.446s] Level 1:colcon.colcon_core.package_identification:_identify(src/cppp) by extension 'ignore'
[0.446s] Level 1:colcon.colcon_core.package_identification:_identify(src/cppp) by extension 'ignore_ament_install'
[0.446s] Level 1:colcon.colcon_core.package_identification:_identify(src/cppp) by extensions ['colcon_pkg']
[0.446s] Level 1:colcon.colcon_core.package_identification:_identify(src/cppp) by extension 'colcon_pkg'
[0.446s] Level 1:colcon.colcon_core.package_identification:_identify(src/cppp) by extensions ['colcon_meta']
[0.446s] Level 1:colcon.colcon_core.package_identification:_identify(src/cppp) by extension 'colcon_meta'
[0.446s] Level 1:colcon.colcon_core.package_identification:_identify(src/cppp) by extensions ['ros']
[0.446s] Level 1:colcon.colcon_core.package_identification:_identify(src/cppp) by extension 'ros'
[0.450s] DEBUG:colcon.colcon_core.package_identification:Package 'src/cppp' with type 'ros.ament_cmake' and name 'cppp'
[0.450s] Level 1:colcon.colcon_core.package_identification:_identify(src/messages) by extensions ['ignore', 'ignore_ament_install']
[0.451s] Level 1:colcon.colcon_core.package_identification:_identify(src/messages) by extension 'ignore'
[0.451s] Level 1:colcon.colcon_core.package_identification:_identify(src/messages) by extension 'ignore_ament_install'
[0.451s] Level 1:colcon.colcon_core.package_identification:_identify(src/messages) by extensions ['colcon_pkg']
[0.451s] Level 1:colcon.colcon_core.package_identification:_identify(src/messages) by extension 'colcon_pkg'
[0.451s] Level 1:colcon.colcon_core.package_identification:_identify(src/messages) by extensions ['colcon_meta']
[0.451s] Level 1:colcon.colcon_core.package_identification:_identify(src/messages) by extension 'colcon_meta'
[0.451s] Level 1:colcon.colcon_core.package_identification:_identify(src/messages) by extensions ['ros']
[0.451s] Level 1:colcon.colcon_core.package_identification:_identify(src/messages) by extension 'ros'
[0.452s] DEBUG:colcon.colcon_core.package_identification:Package 'src/messages' with type 'ros.ament_cmake' and name 'messages'
[0.452s] Level 1:colcon.colcon_core.package_identification:_identify(src/optim) by extensions ['ignore', 'ignore_ament_install']
[0.452s] Level 1:colcon.colcon_core.package_identification:_identify(src/optim) by extension 'ignore'
[0.452s] Level 1:colcon.colcon_core.package_identification:_identify(src/optim) by extension 'ignore_ament_install'
[0.452s] Level 1:colcon.colcon_core.package_identification:_identify(src/optim) by extensions ['colcon_pkg']
[0.452s] Level 1:colcon.colcon_core.package_identification:_identify(src/optim) by extension 'colcon_pkg'
[0.452s] Level 1:colcon.colcon_core.package_identification:_identify(src/optim) by extensions ['colcon_meta']
[0.452s] Level 1:colcon.colcon_core.package_identification:_identify(src/optim) by extension 'colcon_meta'
[0.452s] Level 1:colcon.colcon_core.package_identification:_identify(src/optim) by extensions ['ros']
[0.452s] Level 1:colcon.colcon_core.package_identification:_identify(src/optim) by extension 'ros'
[0.453s] DEBUG:colcon.colcon_core.package_identification:Package 'src/optim' with type 'ros.ament_cmake' and name 'optim'
[0.453s] Level 1:colcon.colcon_core.package_identification:_identify(src/robot_control) by extensions ['ignore', 'ignore_ament_install']
[0.453s] Level 1:colcon.colcon_core.package_identification:_identify(src/robot_control) by extension 'ignore'
[0.453s] Level 1:colcon.colcon_core.package_identification:_identify(src/robot_control) by extension 'ignore_ament_install'
[0.453s] Level 1:colcon.colcon_core.package_identification:_identify(src/robot_control) by extensions ['colcon_pkg']
[0.453s] Level 1:colcon.colcon_core.package_identification:_identify(src/robot_control) by extension 'colcon_pkg'
[0.453s] Level 1:colcon.colcon_core.package_identification:_identify(src/robot_control) by extensions ['colcon_meta']
[0.453s] Level 1:colcon.colcon_core.package_identification:_identify(src/robot_control) by extension 'colcon_meta'
[0.453s] Level 1:colcon.colcon_core.package_identification:_identify(src/robot_control) by extensions ['ros']
[0.453s] Level 1:colcon.colcon_core.package_identification:_identify(src/robot_control) by extension 'ros'
[0.454s] DEBUG:colcon.colcon_core.package_identification:Package 'src/robot_control' with type 'ros.ament_python' and name 'robot_control'
[0.454s] Level 1:colcon.colcon_core.package_identification:_identify(src/robot_description) by extensions ['ignore', 'ignore_ament_install']
[0.454s] Level 1:colcon.colcon_core.package_identification:_identify(src/robot_description) by extension 'ignore'
[0.454s] Level 1:colcon.colcon_core.package_identification:_identify(src/robot_description) by extension 'ignore_ament_install'
[0.454s] Level 1:colcon.colcon_core.package_identification:_identify(src/robot_description) by extensions ['colcon_pkg']
[0.454s] Level 1:colcon.colcon_core.package_identification:_identify(src/robot_description) by extension 'colcon_pkg'
[0.454s] Level 1:colcon.colcon_core.package_identification:_identify(src/robot_description) by extensions ['colcon_meta']
[0.454s] Level 1:colcon.colcon_core.package_identification:_identify(src/robot_description) by extension 'colcon_meta'
[0.455s] Level 1:colcon.colcon_core.package_identification:_identify(src/robot_description) by extensions ['ros']
[0.455s] Level 1:colcon.colcon_core.package_identification:_identify(src/robot_description) by extension 'ros'
[0.455s] DEBUG:colcon.colcon_core.package_identification:Package 'src/robot_description' with type 'ros.ament_cmake' and name 'robot_description'
[0.455s] Level 1:colcon.colcon_core.package_identification:_identify(src/ros_bringup) by extensions ['ignore', 'ignore_ament_install']
[0.455s] Level 1:colcon.colcon_core.package_identification:_identify(src/ros_bringup) by extension 'ignore'
[0.455s] Level 1:colcon.colcon_core.package_identification:_identify(src/ros_bringup) by extension 'ignore_ament_install'
[0.455s] Level 1:colcon.colcon_core.package_identification:_identify(src/ros_bringup) by extensions ['colcon_pkg']
[0.455s] Level 1:colcon.colcon_core.package_identification:_identify(src/ros_bringup) by extension 'colcon_pkg'
[0.455s] Level 1:colcon.colcon_core.package_identification:_identify(src/ros_bringup) by extensions ['colcon_meta']
[0.455s] Level 1:colcon.colcon_core.package_identification:_identify(src/ros_bringup) by extension 'colcon_meta'
[0.456s] Level 1:colcon.colcon_core.package_identification:_identify(src/ros_bringup) by extensions ['ros']
[0.456s] Level 1:colcon.colcon_core.package_identification:_identify(src/ros_bringup) by extension 'ros'
[0.457s] DEBUG:colcon.colcon_core.package_identification:Package 'src/ros_bringup' with type 'ros.ament_cmake' and name 'ros_bringup'
[0.457s] Level 1:colcon.colcon_core.package_identification:_identify(src/ros_gazebo) by extensions ['ignore', 'ignore_ament_install']
[0.457s] Level 1:colcon.colcon_core.package_identification:_identify(src/ros_gazebo) by extension 'ignore'
[0.457s] Level 1:colcon.colcon_core.package_identification:_identify(src/ros_gazebo) by extension 'ignore_ament_install'
[0.457s] Level 1:colcon.colcon_core.package_identification:_identify(src/ros_gazebo) by extensions ['colcon_pkg']
[0.457s] Level 1:colcon.colcon_core.package_identification:_identify(src/ros_gazebo) by extension 'colcon_pkg'
[0.457s] Level 1:colcon.colcon_core.package_identification:_identify(src/ros_gazebo) by extensions ['colcon_meta']
[0.457s] Level 1:colcon.colcon_core.package_identification:_identify(src/ros_gazebo) by extension 'colcon_meta'
[0.457s] Level 1:colcon.colcon_core.package_identification:_identify(src/ros_gazebo) by extensions ['ros']
[0.457s] Level 1:colcon.colcon_core.package_identification:_identify(src/ros_gazebo) by extension 'ros'
[0.458s] DEBUG:colcon.colcon_core.package_identification:Package 'src/ros_gazebo' with type 'ros.ament_cmake' and name 'ros_gazebo'
[0.458s] Level 1:colcon.colcon_core.package_identification:_identify(src/sensor_management) by extensions ['ignore', 'ignore_ament_install']
[0.458s] Level 1:colcon.colcon_core.package_identification:_identify(src/sensor_management) by extension 'ignore'
[0.458s] Level 1:colcon.colcon_core.package_identification:_identify(src/sensor_management) by extension 'ignore_ament_install'
[0.458s] Level 1:colcon.colcon_core.package_identification:_identify(src/sensor_management) by extensions ['colcon_pkg']
[0.458s] Level 1:colcon.colcon_core.package_identification:_identify(src/sensor_management) by extension 'colcon_pkg'
[0.458s] Level 1:colcon.colcon_core.package_identification:_identify(src/sensor_management) by extensions ['colcon_meta']
[0.458s] Level 1:colcon.colcon_core.package_identification:_identify(src/sensor_management) by extension 'colcon_meta'
[0.458s] Level 1:colcon.colcon_core.package_identification:_identify(src/sensor_management) by extensions ['ros']
[0.458s] Level 1:colcon.colcon_core.package_identification:_identify(src/sensor_management) by extension 'ros'
[0.459s] DEBUG:colcon.colcon_core.package_identification:Package 'src/sensor_management' with type 'ros.ament_python' and name 'sensor_management'
[0.459s] Level 1:colcon.colcon_core.package_identification:_identify(src/soma) by extensions ['ignore', 'ignore_ament_install']
[0.460s] Level 1:colcon.colcon_core.package_identification:_identify(src/soma) by extension 'ignore'
[0.460s] Level 1:colcon.colcon_core.package_identification:_identify(src/soma) by extension 'ignore_ament_install'
[0.460s] Level 1:colcon.colcon_core.package_identification:_identify(src/soma) by extensions ['colcon_pkg']
[0.460s] Level 1:colcon.colcon_core.package_identification:_identify(src/soma) by extension 'colcon_pkg'
[0.460s] Level 1:colcon.colcon_core.package_identification:_identify(src/soma) by extensions ['colcon_meta']
[0.460s] Level 1:colcon.colcon_core.package_identification:_identify(src/soma) by extension 'colcon_meta'
[0.460s] Level 1:colcon.colcon_core.package_identification:_identify(src/soma) by extensions ['ros']
[0.460s] Level 1:colcon.colcon_core.package_identification:_identify(src/soma) by extension 'ros'
[0.461s] DEBUG:colcon.colcon_core.package_identification:Package 'src/soma' with type 'ros.ament_python' and name 'soma'
[0.461s] Level 1:colcon.colcon_core.package_discovery:discover_packages(recursive) using defaults
[0.461s] Level 1:colcon.colcon_core.package_discovery:discover_packages(ignore) discover
[0.461s] Level 1:colcon.colcon_core.package_discovery:discover_packages(ignore) using defaults
[0.461s] Level 1:colcon.colcon_core.package_discovery:discover_packages(path) discover
[0.461s] Level 1:colcon.colcon_core.package_discovery:discover_packages(path) using defaults
[0.501s] Level 1:colcon.colcon_core.package_discovery:discover_packages(prefix_path) check parameters
[0.501s] Level 1:colcon.colcon_core.package_discovery:discover_packages(prefix_path) discover
[0.504s] DEBUG:colcon.colcon_installed_package_information.package_discovery:Found 9 installed packages in /home/kvothe/ros/install
[0.505s] DEBUG:colcon.colcon_installed_package_information.package_discovery:Found 327 installed packages in /opt/ros/humble
[0.506s] Level 1:colcon.colcon_core.package_discovery:discover_packages(prefix_path) using defaults
[0.549s] Level 5:colcon.colcon_core.verb:set package 'messages' build argument 'cmake_args' from command line to 'None'
[0.549s] Level 5:colcon.colcon_core.verb:set package 'messages' build argument 'cmake_target' from command line to 'None'
[0.549s] Level 5:colcon.colcon_core.verb:set package 'messages' build argument 'cmake_target_skip_unavailable' from command line to 'False'
[0.549s] Level 5:colcon.colcon_core.verb:set package 'messages' build argument 'cmake_clean_cache' from command line to 'False'
[0.549s] Level 5:colcon.colcon_core.verb:set package 'messages' build argument 'cmake_clean_first' from command line to 'False'
[0.549s] Level 5:colcon.colcon_core.verb:set package 'messages' build argument 'cmake_force_configure' from command line to 'False'
[0.549s] Level 5:colcon.colcon_core.verb:set package 'messages' build argument 'ament_cmake_args' from command line to 'None'
[0.549s] Level 5:colcon.colcon_core.verb:set package 'messages' build argument 'catkin_cmake_args' from command line to 'None'
[0.549s] Level 5:colcon.colcon_core.verb:set package 'messages' build argument 'catkin_skip_building_tests' from command line to 'False'
[0.549s] DEBUG:colcon.colcon_core.verb:Building package 'messages' with the following arguments: {'ament_cmake_args': None, 'build_base': '/home/kvothe/ros/build/messages', 'catkin_cmake_args': None, 'catkin_skip_building_tests': False, 'cmake_args': None, 'cmake_clean_cache': False, 'cmake_clean_first': False, 'cmake_force_configure': False, 'cmake_target': None, 'cmake_target_skip_unavailable': False, 'install_base': '/home/kvothe/ros/install/messages', 'merge_install': False, 'path': '/home/kvothe/ros/src/messages', 'symlink_install': False, 'test_result_base': None}
[0.549s] Level 5:colcon.colcon_core.verb:set package 'robot_control' build argument 'cmake_args' from command line to 'None'
[0.549s] Level 5:colcon.colcon_core.verb:set package 'robot_control' build argument 'cmake_target' from command line to 'None'
[0.549s] Level 5:colcon.colcon_core.verb:set package 'robot_control' build argument 'cmake_target_skip_unavailable' from command line to 'False'
[0.549s] Level 5:colcon.colcon_core.verb:set package 'robot_control' build argument 'cmake_clean_cache' from command line to 'False'
[0.549s] Level 5:colcon.colcon_core.verb:set package 'robot_control' build argument 'cmake_clean_first' from command line to 'False'
[0.549s] Level 5:colcon.colcon_core.verb:set package 'robot_control' build argument 'cmake_force_configure' from command line to 'False'
[0.549s] Level 5:colcon.colcon_core.verb:set package 'robot_control' build argument 'ament_cmake_args' from command line to 'None'
[0.549s] Level 5:colcon.colcon_core.verb:set package 'robot_control' build argument 'catkin_cmake_args' from command line to 'None'
[0.549s] Level 5:colcon.colcon_core.verb:set package 'robot_control' build argument 'catkin_skip_building_tests' from command line to 'False'
[0.549s] DEBUG:colcon.colcon_core.verb:Building package 'robot_control' with the following arguments: {'ament_cmake_args': None, 'build_base': '/home/kvothe/ros/build/robot_control', 'catkin_cmake_args': None, 'catkin_skip_building_tests': False, 'cmake_args': None, 'cmake_clean_cache': False, 'cmake_clean_first': False, 'cmake_force_configure': False, 'cmake_target': None, 'cmake_target_skip_unavailable': False, 'install_base': '/home/kvothe/ros/install/robot_control', 'merge_install': False, 'path': '/home/kvothe/ros/src/robot_control', 'symlink_install': False, 'test_result_base': None}
[0.550s] Level 5:colcon.colcon_core.verb:set package 'robot_description' build argument 'cmake_args' from command line to 'None'
[0.550s] Level 5:colcon.colcon_core.verb:set package 'robot_description' build argument 'cmake_target' from command line to 'None'
[0.550s] Level 5:colcon.colcon_core.verb:set package 'robot_description' build argument 'cmake_target_skip_unavailable' from command line to 'False'
[0.550s] Level 5:colcon.colcon_core.verb:set package 'robot_description' build argument 'cmake_clean_cache' from command line to 'False'
[0.550s] Level 5:colcon.colcon_core.verb:set package 'robot_description' build argument 'cmake_clean_first' from command line to 'False'
[0.550s] Level 5:colcon.colcon_core.verb:set package 'robot_description' build argument 'cmake_force_configure' from command line to 'False'
[0.550s] Level 5:colcon.colcon_core.verb:set package 'robot_description' build argument 'ament_cmake_args' from command line to 'None'
[0.550s] Level 5:colcon.colcon_core.verb:set package 'robot_description' build argument 'catkin_cmake_args' from command line to 'None'
[0.550s] Level 5:colcon.colcon_core.verb:set package 'robot_description' build argument 'catkin_skip_building_tests' from command line to 'False'
[0.550s] DEBUG:colcon.colcon_core.verb:Building package 'robot_description' with the following arguments: {'ament_cmake_args': None, 'build_base': '/home/kvothe/ros/build/robot_description', 'catkin_cmake_args': None, 'catkin_skip_building_tests': False, 'cmake_args': None, 'cmake_clean_cache': False, 'cmake_clean_first': False, 'cmake_force_configure': False, 'cmake_target': None, 'cmake_target_skip_unavailable': False, 'install_base': '/home/kvothe/ros/install/robot_description', 'merge_install': False, 'path': '/home/kvothe/ros/src/robot_description', 'symlink_install': False, 'test_result_base': None}
[0.550s] Level 5:colcon.colcon_core.verb:set package 'cppp' build argument 'cmake_args' from command line to 'None'
[0.550s] Level 5:colcon.colcon_core.verb:set package 'cppp' build argument 'cmake_target' from command line to 'None'
[0.550s] Level 5:colcon.colcon_core.verb:set package 'cppp' build argument 'cmake_target_skip_unavailable' from command line to 'False'
[0.550s] Level 5:colcon.colcon_core.verb:set package 'cppp' build argument 'cmake_clean_cache' from command line to 'False'
[0.550s] Level 5:colcon.colcon_core.verb:set package 'cppp' build argument 'cmake_clean_first' from command line to 'False'
[0.550s] Level 5:colcon.colcon_core.verb:set package 'cppp' build argument 'cmake_force_configure' from command line to 'False'
[0.550s] Level 5:colcon.colcon_core.verb:set package 'cppp' build argument 'ament_cmake_args' from command line to 'None'
[0.550s] Level 5:colcon.colcon_core.verb:set package 'cppp' build argument 'catkin_cmake_args' from command line to 'None'
[0.550s] Level 5:colcon.colcon_core.verb:set package 'cppp' build argument 'catkin_skip_building_tests' from command line to 'False'
[0.550s] DEBUG:colcon.colcon_core.verb:Building package 'cppp' with the following arguments: {'ament_cmake_args': None, 'build_base': '/home/kvothe/ros/build/cppp', 'catkin_cmake_args': None, 'catkin_skip_building_tests': False, 'cmake_args': None, 'cmake_clean_cache': False, 'cmake_clean_first': False, 'cmake_force_configure': False, 'cmake_target': None, 'cmake_target_skip_unavailable': False, 'install_base': '/home/kvothe/ros/install/cppp', 'merge_install': False, 'path': '/home/kvothe/ros/src/cppp', 'symlink_install': False, 'test_result_base': None}
[0.551s] Level 5:colcon.colcon_core.verb:set package 'optim' build argument 'cmake_args' from command line to 'None'
[0.551s] Level 5:colcon.colcon_core.verb:set package 'optim' build argument 'cmake_target' from command line to 'None'
[0.551s] Level 5:colcon.colcon_core.verb:set package 'optim' build argument 'cmake_target_skip_unavailable' from command line to 'False'
[0.551s] Level 5:colcon.colcon_core.verb:set package 'optim' build argument 'cmake_clean_cache' from command line to 'False'
[0.551s] Level 5:colcon.colcon_core.verb:set package 'optim' build argument 'cmake_clean_first' from command line to 'False'
[0.551s] Level 5:colcon.colcon_core.verb:set package 'optim' build argument 'cmake_force_configure' from command line to 'False'
[0.551s] Level 5:colcon.colcon_core.verb:set package 'optim' build argument 'ament_cmake_args' from command line to 'None'
[0.551s] Level 5:colcon.colcon_core.verb:set package 'optim' build argument 'catkin_cmake_args' from command line to 'None'
[0.551s] Level 5:colcon.colcon_core.verb:set package 'optim' build argument 'catkin_skip_building_tests' from command line to 'False'
[0.551s] DEBUG:colcon.colcon_core.verb:Building package 'optim' with the following arguments: {'ament_cmake_args': None, 'build_base': '/home/kvothe/ros/build/optim', 'catkin_cmake_args': None, 'catkin_skip_building_tests': False, 'cmake_args': None, 'cmake_clean_cache': False, 'cmake_clean_first': False, 'cmake_force_configure': False, 'cmake_target': None, 'cmake_target_skip_unavailable': False, 'install_base': '/home/kvothe/ros/install/optim', 'merge_install': False, 'path': '/home/kvothe/ros/src/optim', 'symlink_install': False, 'test_result_base': None}
[0.551s] Level 5:colcon.colcon_core.verb:set package 'ros_gazebo' build argument 'cmake_args' from command line to 'None'
[0.551s] Level 5:colcon.colcon_core.verb:set package 'ros_gazebo' build argument 'cmake_target' from command line to 'None'
[0.551s] Level 5:colcon.colcon_core.verb:set package 'ros_gazebo' build argument 'cmake_target_skip_unavailable' from command line to 'False'
[0.551s] Level 5:colcon.colcon_core.verb:set package 'ros_gazebo' build argument 'cmake_clean_cache' from command line to 'False'
[0.551s] Level 5:colcon.colcon_core.verb:set package 'ros_gazebo' build argument 'cmake_clean_first' from command line to 'False'
[0.551s] Level 5:colcon.colcon_core.verb:set package 'ros_gazebo' build argument 'cmake_force_configure' from command line to 'False'
[0.551s] Level 5:colcon.colcon_core.verb:set package 'ros_gazebo' build argument 'ament_cmake_args' from command line to 'None'
[0.551s] Level 5:colcon.colcon_core.verb:set package 'ros_gazebo' build argument 'catkin_cmake_args' from command line to 'None'
[0.551s] Level 5:colcon.colcon_core.verb:set package 'ros_gazebo' build argument 'catkin_skip_building_tests' from command line to 'False'
[0.551s] DEBUG:colcon.colcon_core.verb:Building package 'ros_gazebo' with the following arguments: {'ament_cmake_args': None, 'build_base': '/home/kvothe/ros/build/ros_gazebo', 'catkin_cmake_args': None, 'catkin_skip_building_tests': False, 'cmake_args': None, 'cmake_clean_cache': False, 'cmake_clean_first': False, 'cmake_force_configure': False, 'cmake_target': None, 'cmake_target_skip_unavailable': False, 'install_base': '/home/kvothe/ros/install/ros_gazebo', 'merge_install': False, 'path': '/home/kvothe/ros/src/ros_gazebo', 'symlink_install': False, 'test_result_base': None}
[0.551s] Level 5:colcon.colcon_core.verb:set package 'sensor_management' build argument 'cmake_args' from command line to 'None'
[0.551s] Level 5:colcon.colcon_core.verb:set package 'sensor_management' build argument 'cmake_target' from command line to 'None'
[0.552s] Level 5:colcon.colcon_core.verb:set package 'sensor_management' build argument 'cmake_target_skip_unavailable' from command line to 'False'
[0.552s] Level 5:colcon.colcon_core.verb:set package 'sensor_management' build argument 'cmake_clean_cache' from command line to 'False'
[0.552s] Level 5:colcon.colcon_core.verb:set package 'sensor_management' build argument 'cmake_clean_first' from command line to 'False'
[0.552s] Level 5:colcon.colcon_core.verb:set package 'sensor_management' build argument 'cmake_force_configure' from command line to 'False'
[0.552s] Level 5:colcon.colcon_core.verb:set package 'sensor_management' build argument 'ament_cmake_args' from command line to 'None'
[0.552s] Level 5:colcon.colcon_core.verb:set package 'sensor_management' build argument 'catkin_cmake_args' from command line to 'None'
[0.552s] Level 5:colcon.colcon_core.verb:set package 'sensor_management' build argument 'catkin_skip_building_tests' from command line to 'False'
[0.552s] DEBUG:colcon.colcon_core.verb:Building package 'sensor_management' with the following arguments: {'ament_cmake_args': None, 'build_base': '/home/kvothe/ros/build/sensor_management', 'catkin_cmake_args': None, 'catkin_skip_building_tests': False, 'cmake_args': None, 'cmake_clean_cache': False, 'cmake_clean_first': False, 'cmake_force_configure': False, 'cmake_target': None, 'cmake_target_skip_unavailable': False, 'install_base': '/home/kvothe/ros/install/sensor_management', 'merge_install': False, 'path': '/home/kvothe/ros/src/sensor_management', 'symlink_install': False, 'test_result_base': None}
[0.552s] Level 5:colcon.colcon_core.verb:set package 'soma' build argument 'cmake_args' from command line to 'None'
[0.552s] Level 5:colcon.colcon_core.verb:set package 'soma' build argument 'cmake_target' from command line to 'None'
[0.552s] Level 5:colcon.colcon_core.verb:set package 'soma' build argument 'cmake_target_skip_unavailable' from command line to 'False'
[0.552s] Level 5:colcon.colcon_core.verb:set package 'soma' build argument 'cmake_clean_cache' from command line to 'False'
[0.552s] Level 5:colcon.colcon_core.verb:set package 'soma' build argument 'cmake_clean_first' from command line to 'False'
[0.552s] Level 5:colcon.colcon_core.verb:set package 'soma' build argument 'cmake_force_configure' from command line to 'False'
[0.552s] Level 5:colcon.colcon_core.verb:set package 'soma' build argument 'ament_cmake_args' from command line to 'None'
[0.552s] Level 5:colcon.colcon_core.verb:set package 'soma' build argument 'catkin_cmake_args' from command line to 'None'
[0.552s] Level 5:colcon.colcon_core.verb:set package 'soma' build argument 'catkin_skip_building_tests' from command line to 'False'
[0.552s] DEBUG:colcon.colcon_core.verb:Building package 'soma' with the following arguments: {'ament_cmake_args': None, 'build_base': '/home/kvothe/ros/build/soma', 'catkin_cmake_args': None, 'catkin_skip_building_tests': False, 'cmake_args': None, 'cmake_clean_cache': False, 'cmake_clean_first': False, 'cmake_force_configure': False, 'cmake_target': None, 'cmake_target_skip_unavailable': False, 'install_base': '/home/kvothe/ros/install/soma', 'merge_install': False, 'path': '/home/kvothe/ros/src/soma', 'symlink_install': False, 'test_result_base': None}
[0.552s] Level 5:colcon.colcon_core.verb:set package 'ros_bringup' build argument 'cmake_args' from command line to 'None'
[0.552s] Level 5:colcon.colcon_core.verb:set package 'ros_bringup' build argument 'cmake_target' from command line to 'None'
[0.552s] Level 5:colcon.colcon_core.verb:set package 'ros_bringup' build argument 'cmake_target_skip_unavailable' from command line to 'False'
[0.552s] Level 5:colcon.colcon_core.verb:set package 'ros_bringup' build argument 'cmake_clean_cache' from command line to 'False'
[0.552s] Level 5:colcon.colcon_core.verb:set package 'ros_bringup' build argument 'cmake_clean_first' from command line to 'False'
[0.552s] Level 5:colcon.colcon_core.verb:set package 'ros_bringup' build argument 'cmake_force_configure' from command line to 'False'
[0.553s] Level 5:colcon.colcon_core.verb:set package 'ros_bringup' build argument 'ament_cmake_args' from command line to 'None'
[0.553s] Level 5:colcon.colcon_core.verb:set package 'ros_bringup' build argument 'catkin_cmake_args' from command line to 'None'
[0.553s] Level 5:colcon.colcon_core.verb:set package 'ros_bringup' build argument 'catkin_skip_building_tests' from command line to 'False'
[0.553s] DEBUG:colcon.colcon_core.verb:Building package 'ros_bringup' with the following arguments: {'ament_cmake_args': None, 'build_base': '/home/kvothe/ros/build/ros_bringup', 'catkin_cmake_args': None, 'catkin_skip_building_tests': False, 'cmake_args': None, 'cmake_clean_cache': False, 'cmake_clean_first': False, 'cmake_force_configure': False, 'cmake_target': None, 'cmake_target_skip_unavailable': False, 'install_base': '/home/kvothe/ros/install/ros_bringup', 'merge_install': False, 'path': '/home/kvothe/ros/src/ros_bringup', 'symlink_install': False, 'test_result_base': None}
[0.553s] INFO:colcon.colcon_core.executor:Executing jobs using 'parallel' executor
[0.554s] DEBUG:colcon.colcon_parallel_executor.executor.parallel:run_until_complete
[0.554s] INFO:colcon.colcon_ros.task.ament_cmake.build:Building ROS package in '/home/kvothe/ros/src/messages' with build type 'ament_cmake'
[0.554s] INFO:colcon.colcon_cmake.task.cmake.build:Building CMake package in '/home/kvothe/ros/src/messages'
[0.560s] INFO:colcon.colcon_core.plugin_system:Skipping extension 'colcon_core.shell.bat': Not used on non-Windows systems
[0.560s] INFO:colcon.colcon_core.shell:Skip shell extension 'powershell' for command environment: Not usable outside of PowerShell
[0.560s] DEBUG:colcon.colcon_core.shell:Skip shell extension 'dsv' for command environment
[0.564s] INFO:colcon.colcon_ros.task.ament_cmake.build:Building ROS package in '/home/kvothe/ros/src/robot_description' with build type 'ament_cmake'
[0.564s] INFO:colcon.colcon_cmake.task.cmake.build:Building CMake package in '/home/kvothe/ros/src/robot_description'
[0.565s] INFO:colcon.colcon_core.shell:Skip shell extension 'powershell' for command environment: Not usable outside of PowerShell
[0.565s] DEBUG:colcon.colcon_core.shell:Skip shell extension 'dsv' for command environment
[0.568s] INFO:colcon.colcon_ros.task.ament_python.build:Building ROS package in '/home/kvothe/ros/src/robot_control' with build type 'ament_python'
[0.569s] Level 1:colcon.colcon_core.shell:create_environment_hook('robot_control', 'ament_prefix_path')
[0.569s] INFO:colcon.colcon_core.shell:Creating environment hook '/home/kvothe/ros/install/robot_control/share/robot_control/hook/ament_prefix_path.ps1'
[0.570s] INFO:colcon.colcon_core.shell:Creating environment descriptor '/home/kvothe/ros/install/robot_control/share/robot_control/hook/ament_prefix_path.dsv'
[0.570s] INFO:colcon.colcon_core.shell:Creating environment hook '/home/kvothe/ros/install/robot_control/share/robot_control/hook/ament_prefix_path.sh'
[0.571s] INFO:colcon.colcon_core.shell:Skip shell extension 'powershell' for command environment: Not usable outside of PowerShell
[0.571s] DEBUG:colcon.colcon_core.shell:Skip shell extension 'dsv' for command environment
[0.579s] DEBUG:colcon.colcon_core.event_handler.log_command:Invoking command in '/home/kvothe/ros/build/messages': CMAKE_PREFIX_PATH=${CMAKE_PREFIX_PATH}:/home/kvothe/ros/install/soma:/home/kvothe/ros/install/sensor_management:/home/kvothe/ros/install/robot_control:/opt/ros/humble /usr/bin/cmake --build /home/kvothe/ros/build/messages -- -j12 -l12
[0.587s] DEBUG:colcon.colcon_core.event_handler.log_command:Invoking command in '/home/kvothe/ros/build/robot_description': CMAKE_PREFIX_PATH=${CMAKE_PREFIX_PATH}:/home/kvothe/ros/install/soma:/home/kvothe/ros/install/sensor_management:/home/kvothe/ros/install/robot_control:/opt/ros/humble /usr/bin/cmake --build /home/kvothe/ros/build/robot_description -- -j12 -l12
[0.818s] INFO:colcon.colcon_core.task.python.build:Building Python package in '/home/kvothe/ros/src/robot_control'
[0.818s] INFO:colcon.colcon_core.shell:Skip shell extension 'powershell' for command environment: Not usable outside of PowerShell
[0.818s] DEBUG:colcon.colcon_core.shell:Skip shell extension 'dsv' for command environment
[0.824s] DEBUG:colcon.colcon_core.event_handler.log_command:Invoked command in '/home/kvothe/ros/build/robot_description' returned '0': CMAKE_PREFIX_PATH=${CMAKE_PREFIX_PATH}:/home/kvothe/ros/install/soma:/home/kvothe/ros/install/sensor_management:/home/kvothe/ros/install/robot_control:/opt/ros/humble /usr/bin/cmake --build /home/kvothe/ros/build/robot_description -- -j12 -l12
[0.835s] DEBUG:colcon.colcon_core.event_handler.log_command:Invoking command in '/home/kvothe/ros/build/robot_description': CMAKE_PREFIX_PATH=${CMAKE_PREFIX_PATH}:/home/kvothe/ros/install/soma:/home/kvothe/ros/install/sensor_management:/home/kvothe/ros/install/robot_control:/opt/ros/humble /usr/bin/cmake --install /home/kvothe/ros/build/robot_description
[0.861s] Level 1:colcon.colcon_core.environment:create_environment_scripts_only(robot_description)
[0.862s] DEBUG:colcon.colcon_core.event_handler.log_command:Invoked command in '/home/kvothe/ros/build/robot_description' returned '0': CMAKE_PREFIX_PATH=${CMAKE_PREFIX_PATH}:/home/kvothe/ros/install/soma:/home/kvothe/ros/install/sensor_management:/home/kvothe/ros/install/robot_control:/opt/ros/humble /usr/bin/cmake --install /home/kvothe/ros/build/robot_description
[0.869s] Level 1:colcon.colcon_core.environment:checking '/home/kvothe/ros/install/robot_description' for CMake module files
[0.870s] Level 1:colcon.colcon_core.environment:checking '/home/kvothe/ros/install/robot_description' for CMake config files
[0.870s] Level 1:colcon.colcon_core.shell:create_environment_hook('robot_description', 'cmake_prefix_path')
[0.870s] INFO:colcon.colcon_core.shell:Creating environment hook '/home/kvothe/ros/install/robot_description/share/robot_description/hook/cmake_prefix_path.ps1'
[0.871s] INFO:colcon.colcon_core.shell:Creating environment descriptor '/home/kvothe/ros/install/robot_description/share/robot_description/hook/cmake_prefix_path.dsv'
[0.871s] INFO:colcon.colcon_core.shell:Creating environment hook '/home/kvothe/ros/install/robot_description/share/robot_description/hook/cmake_prefix_path.sh'
[0.873s] Level 1:colcon.colcon_core.environment:checking '/home/kvothe/ros/install/robot_description/bin'
[0.873s] Level 1:colcon.colcon_core.environment:checking '/home/kvothe/ros/install/robot_description/lib/pkgconfig/robot_description.pc'
[0.873s] Level 1:colcon.colcon_core.environment:checking '/home/kvothe/ros/install/robot_description/lib/python3.10/site-packages'
[0.873s] Level 1:colcon.colcon_core.environment:checking '/home/kvothe/ros/install/robot_description/bin'
[0.874s] INFO:colcon.colcon_core.shell:Creating package script '/home/kvothe/ros/install/robot_description/share/robot_description/package.ps1'
[0.875s] INFO:colcon.colcon_core.shell:Creating package descriptor '/home/kvothe/ros/install/robot_description/share/robot_description/package.dsv'
[0.876s] INFO:colcon.colcon_core.shell:Creating package script '/home/kvothe/ros/install/robot_description/share/robot_description/package.sh'
[0.877s] INFO:colcon.colcon_core.shell:Creating package script '/home/kvothe/ros/install/robot_description/share/robot_description/package.bash'
[0.878s] INFO:colcon.colcon_core.shell:Creating package script '/home/kvothe/ros/install/robot_description/share/robot_description/package.zsh'
[0.880s] Level 1:colcon.colcon_core.environment:create_file_with_runtime_dependencies(/home/kvothe/ros/install/robot_description/share/colcon-core/packages/robot_description)
[0.881s] Level 1:colcon.colcon_core.environment:create_environment_scripts_only(robot_description)
[0.882s] Level 1:colcon.colcon_core.environment:checking '/home/kvothe/ros/install/robot_description' for CMake module files
[0.883s] Level 1:colcon.colcon_core.environment:checking '/home/kvothe/ros/install/robot_description' for CMake config files
[0.883s] Level 1:colcon.colcon_core.shell:create_environment_hook('robot_description', 'cmake_prefix_path')
[0.884s] INFO:colcon.colcon_core.shell:Creating environment hook '/home/kvothe/ros/install/robot_description/share/robot_description/hook/cmake_prefix_path.ps1'
[0.884s] INFO:colcon.colcon_core.shell:Creating environment descriptor '/home/kvothe/ros/install/robot_description/share/robot_description/hook/cmake_prefix_path.dsv'
[0.885s] INFO:colcon.colcon_core.shell:Creating environment hook '/home/kvothe/ros/install/robot_description/share/robot_description/hook/cmake_prefix_path.sh'
[0.886s] Level 1:colcon.colcon_core.environment:checking '/home/kvothe/ros/install/robot_description/bin'
[0.886s] Level 1:colcon.colcon_core.environment:checking '/home/kvothe/ros/install/robot_description/lib/pkgconfig/robot_description.pc'
[0.886s] Level 1:colcon.colcon_core.environment:checking '/home/kvothe/ros/install/robot_description/lib/python3.10/site-packages'
[0.886s] Level 1:colcon.colcon_core.environment:checking '/home/kvothe/ros/install/robot_description/bin'
[0.886s] INFO:colcon.colcon_core.shell:Creating package script '/home/kvothe/ros/install/robot_description/share/robot_description/package.ps1'
[0.887s] INFO:colcon.colcon_core.shell:Creating package descriptor '/home/kvothe/ros/install/robot_description/share/robot_description/package.dsv'
[0.888s] INFO:colcon.colcon_core.shell:Creating package script '/home/kvothe/ros/install/robot_description/share/robot_description/package.sh'
[0.889s] INFO:colcon.colcon_core.shell:Creating package script '/home/kvothe/ros/install/robot_description/share/robot_description/package.bash'
[0.889s] INFO:colcon.colcon_core.shell:Creating package script '/home/kvothe/ros/install/robot_description/share/robot_description/package.zsh'
[0.890s] Level 1:colcon.colcon_core.environment:create_file_with_runtime_dependencies(/home/kvothe/ros/install/robot_description/share/colcon-core/packages/robot_description)
[0.890s] INFO:colcon.colcon_ros.task.ament_cmake.build:Building ROS package in '/home/kvothe/ros/src/ros_gazebo' with build type 'ament_cmake'
[0.891s] INFO:colcon.colcon_cmake.task.cmake.build:Building CMake package in '/home/kvothe/ros/src/ros_gazebo'
[0.891s] INFO:colcon.colcon_core.shell:Skip shell extension 'powershell' for command environment: Not usable outside of PowerShell
[0.891s] DEBUG:colcon.colcon_core.shell:Skip shell extension 'dsv' for command environment
[0.907s] DEBUG:colcon.colcon_core.event_handler.log_command:Invoking command in '/home/kvothe/ros/build/ros_gazebo': CMAKE_PREFIX_PATH=/home/kvothe/ros/install/robot_description:/home/kvothe/ros/install/ros_bringup:/home/kvothe/ros/install/ros_gazebo:/home/kvothe/ros/install/optim:/home/kvothe/ros/install/cppp:/home/kvothe/ros/install/messages:/home/kvothe/ros/install/soma:/home/kvothe/ros/install/sensor_management:/home/kvothe/ros/install/robot_control:/opt/ros/humble IGN_GAZEBO_RESOURCE_PATH=/home/kvothe/ros/install/robot_description/share/robot_description/models:${IGN_GAZEBO_RESOURCE_PATH} /usr/bin/cmake --build /home/kvothe/ros/build/ros_gazebo -- -j12 -l12
[0.974s] DEBUG:colcon.colcon_core.event_handler.log_command:Invoked command in '/home/kvothe/ros/build/messages' returned '0': CMAKE_PREFIX_PATH=${CMAKE_PREFIX_PATH}:/home/kvothe/ros/install/soma:/home/kvothe/ros/install/sensor_management:/home/kvothe/ros/install/robot_control:/opt/ros/humble /usr/bin/cmake --build /home/kvothe/ros/build/messages -- -j12 -l12
[0.976s] DEBUG:colcon.colcon_core.event_handler.log_command:Invoking command in '/home/kvothe/ros/build/messages': CMAKE_PREFIX_PATH=${CMAKE_PREFIX_PATH}:/home/kvothe/ros/install/soma:/home/kvothe/ros/install/sensor_management:/home/kvothe/ros/install/robot_control:/opt/ros/humble /usr/bin/cmake --install /home/kvothe/ros/build/messages
[1.024s] DEBUG:colcon.colcon_core.event_handler.log_command:Invoked command in '/home/kvothe/ros/build/ros_gazebo' returned '0': CMAKE_PREFIX_PATH=/home/kvothe/ros/install/robot_description:/home/kvothe/ros/install/ros_bringup:/home/kvothe/ros/install/ros_gazebo:/home/kvothe/ros/install/optim:/home/kvothe/ros/install/cppp:/home/kvothe/ros/install/messages:/home/kvothe/ros/install/soma:/home/kvothe/ros/install/sensor_management:/home/kvothe/ros/install/robot_control:/opt/ros/humble IGN_GAZEBO_RESOURCE_PATH=/home/kvothe/ros/install/robot_description/share/robot_description/models:${IGN_GAZEBO_RESOURCE_PATH} /usr/bin/cmake --build /home/kvothe/ros/build/ros_gazebo -- -j12 -l12
[1.027s] DEBUG:colcon.colcon_core.event_handler.log_command:Invoking command in '/home/kvothe/ros/build/ros_gazebo': CMAKE_PREFIX_PATH=/home/kvothe/ros/install/robot_description:/home/kvothe/ros/install/ros_bringup:/home/kvothe/ros/install/ros_gazebo:/home/kvothe/ros/install/optim:/home/kvothe/ros/install/cppp:/home/kvothe/ros/install/messages:/home/kvothe/ros/install/soma:/home/kvothe/ros/install/sensor_management:/home/kvothe/ros/install/robot_control:/opt/ros/humble IGN_GAZEBO_RESOURCE_PATH=/home/kvothe/ros/install/robot_description/share/robot_description/models:${IGN_GAZEBO_RESOURCE_PATH} /usr/bin/cmake --install /home/kvothe/ros/build/ros_gazebo
[1.060s] Level 1:colcon.colcon_core.environment:create_environment_scripts_only(ros_gazebo)
[1.060s] DEBUG:colcon.colcon_core.event_handler.log_command:Invoked command in '/home/kvothe/ros/build/ros_gazebo' returned '0': CMAKE_PREFIX_PATH=/home/kvothe/ros/install/robot_description:/home/kvothe/ros/install/ros_bringup:/home/kvothe/ros/install/ros_gazebo:/home/kvothe/ros/install/optim:/home/kvothe/ros/install/cppp:/home/kvothe/ros/install/messages:/home/kvothe/ros/install/soma:/home/kvothe/ros/install/sensor_management:/home/kvothe/ros/install/robot_control:/opt/ros/humble IGN_GAZEBO_RESOURCE_PATH=/home/kvothe/ros/install/robot_description/share/robot_description/models:${IGN_GAZEBO_RESOURCE_PATH} /usr/bin/cmake --install /home/kvothe/ros/build/ros_gazebo
[1.061s] Level 1:colcon.colcon_core.environment:checking '/home/kvothe/ros/install/ros_gazebo' for CMake module files
[1.062s] Level 1:colcon.colcon_core.environment:checking '/home/kvothe/ros/install/ros_gazebo' for CMake config files
[1.062s] Level 1:colcon.colcon_core.shell:create_environment_hook('ros_gazebo', 'cmake_prefix_path')
[1.063s] INFO:colcon.colcon_core.shell:Creating environment hook '/home/kvothe/ros/install/ros_gazebo/share/ros_gazebo/hook/cmake_prefix_path.ps1'
[1.065s] INFO:colcon.colcon_core.shell:Creating environment descriptor '/home/kvothe/ros/install/ros_gazebo/share/ros_gazebo/hook/cmake_prefix_path.dsv'
[1.066s] INFO:colcon.colcon_core.shell:Creating environment hook '/home/kvothe/ros/install/ros_gazebo/share/ros_gazebo/hook/cmake_prefix_path.sh'
[1.067s] Level 1:colcon.colcon_core.environment:checking '/home/kvothe/ros/install/ros_gazebo/lib'
[1.068s] Level 1:colcon.colcon_core.environment:checking '/home/kvothe/ros/install/ros_gazebo/bin'
[1.068s] Level 1:colcon.colcon_core.environment:checking '/home/kvothe/ros/install/ros_gazebo/lib/pkgconfig/ros_gazebo.pc'
[1.068s] Level 1:colcon.colcon_core.environment:checking '/home/kvothe/ros/install/ros_gazebo/lib/python3.10/site-packages'
[1.068s] Level 1:colcon.colcon_core.environment:checking '/home/kvothe/ros/install/ros_gazebo/bin'
[1.068s] INFO:colcon.colcon_core.shell:Creating package script '/home/kvothe/ros/install/ros_gazebo/share/ros_gazebo/package.ps1'
[1.069s] INFO:colcon.colcon_core.shell:Creating package descriptor '/home/kvothe/ros/install/ros_gazebo/share/ros_gazebo/package.dsv'
[1.070s] INFO:colcon.colcon_core.shell:Creating package script '/home/kvothe/ros/install/ros_gazebo/share/ros_gazebo/package.sh'
[1.070s] INFO:colcon.colcon_core.shell:Creating package script '/home/kvothe/ros/install/ros_gazebo/share/ros_gazebo/package.bash'
[1.071s] INFO:colcon.colcon_core.shell:Creating package script '/home/kvothe/ros/install/ros_gazebo/share/ros_gazebo/package.zsh'
[1.071s] Level 1:colcon.colcon_core.environment:create_file_with_runtime_dependencies(/home/kvothe/ros/install/ros_gazebo/share/colcon-core/packages/ros_gazebo)
[1.072s] Level 1:colcon.colcon_core.environment:create_environment_scripts_only(ros_gazebo)
[1.072s] Level 1:colcon.colcon_core.environment:checking '/home/kvothe/ros/install/ros_gazebo' for CMake module files
[1.072s] Level 1:colcon.colcon_core.environment:checking '/home/kvothe/ros/install/ros_gazebo' for CMake config files
[1.073s] Level 1:colcon.colcon_core.shell:create_environment_hook('ros_gazebo', 'cmake_prefix_path')
[1.073s] INFO:colcon.colcon_core.shell:Creating environment hook '/home/kvothe/ros/install/ros_gazebo/share/ros_gazebo/hook/cmake_prefix_path.ps1'
[1.073s] INFO:colcon.colcon_core.shell:Creating environment descriptor '/home/kvothe/ros/install/ros_gazebo/share/ros_gazebo/hook/cmake_prefix_path.dsv'
[1.074s] INFO:colcon.colcon_core.shell:Creating environment hook '/home/kvothe/ros/install/ros_gazebo/share/ros_gazebo/hook/cmake_prefix_path.sh'
[1.074s] Level 1:colcon.colcon_core.environment:checking '/home/kvothe/ros/install/ros_gazebo/lib'
[1.074s] Level 1:colcon.colcon_core.environment:checking '/home/kvothe/ros/install/ros_gazebo/bin'
[1.074s] Level 1:colcon.colcon_core.environment:checking '/home/kvothe/ros/install/ros_gazebo/lib/pkgconfig/ros_gazebo.pc'
[1.074s] Level 1:colcon.colcon_core.environment:checking '/home/kvothe/ros/install/ros_gazebo/lib/python3.10/site-packages'
[1.075s] Level 1:colcon.colcon_core.environment:checking '/home/kvothe/ros/install/ros_gazebo/bin'
[1.075s] INFO:colcon.colcon_core.shell:Creating package script '/home/kvothe/ros/install/ros_gazebo/share/ros_gazebo/package.ps1'
[1.075s] INFO:colcon.colcon_core.shell:Creating package descriptor '/home/kvothe/ros/install/ros_gazebo/share/ros_gazebo/package.dsv'
[1.076s] INFO:colcon.colcon_core.shell:Creating package script '/home/kvothe/ros/install/ros_gazebo/share/ros_gazebo/package.sh'
[1.076s] INFO:colcon.colcon_core.shell:Creating package script '/home/kvothe/ros/install/ros_gazebo/share/ros_gazebo/package.bash'
[1.077s] INFO:colcon.colcon_core.shell:Creating package script '/home/kvothe/ros/install/ros_gazebo/share/ros_gazebo/package.zsh'
[1.077s] Level 1:colcon.colcon_core.environment:create_file_with_runtime_dependencies(/home/kvothe/ros/install/ros_gazebo/share/colcon-core/packages/ros_gazebo)
[1.118s] Level 1:colcon.colcon_core.environment:create_environment_scripts_only(messages)
[1.118s] DEBUG:colcon.colcon_core.event_handler.log_command:Invoked command in '/home/kvothe/ros/build/messages' returned '0': CMAKE_PREFIX_PATH=${CMAKE_PREFIX_PATH}:/home/kvothe/ros/install/soma:/home/kvothe/ros/install/sensor_management:/home/kvothe/ros/install/robot_control:/opt/ros/humble /usr/bin/cmake --install /home/kvothe/ros/build/messages
[1.118s] Level 1:colcon.colcon_core.environment:checking '/home/kvothe/ros/install/messages' for CMake module files
[1.120s] Level 1:colcon.colcon_core.environment:checking '/home/kvothe/ros/install/messages' for CMake config files
[1.121s] Level 1:colcon.colcon_core.shell:create_environment_hook('messages', 'cmake_prefix_path')
[1.122s] INFO:colcon.colcon_core.shell:Creating environment hook '/home/kvothe/ros/install/messages/share/messages/hook/cmake_prefix_path.ps1'
[1.123s] INFO:colcon.colcon_core.shell:Creating environment descriptor '/home/kvothe/ros/install/messages/share/messages/hook/cmake_prefix_path.dsv'
[1.123s] INFO:colcon.colcon_core.shell:Creating environment hook '/home/kvothe/ros/install/messages/share/messages/hook/cmake_prefix_path.sh'
[1.124s] Level 1:colcon.colcon_core.environment:checking '/home/kvothe/ros/install/messages/lib'
[1.124s] Level 1:colcon.colcon_core.shell:create_environment_hook('messages', 'ld_library_path_lib')
[1.125s] INFO:colcon.colcon_core.shell:Creating environment hook '/home/kvothe/ros/install/messages/share/messages/hook/ld_library_path_lib.ps1'
[1.126s] INFO:colcon.colcon_core.shell:Creating environment descriptor '/home/kvothe/ros/install/messages/share/messages/hook/ld_library_path_lib.dsv'
[1.126s] INFO:colcon.colcon_core.shell:Creating environment hook '/home/kvothe/ros/install/messages/share/messages/hook/ld_library_path_lib.sh'
[1.127s] Level 1:colcon.colcon_core.environment:checking '/home/kvothe/ros/install/messages/bin'
[1.127s] Level 1:colcon.colcon_core.environment:checking '/home/kvothe/ros/install/messages/lib/pkgconfig/messages.pc'
[1.127s] Level 1:colcon.colcon_core.environment:checking '/home/kvothe/ros/install/messages/lib/python3.10/site-packages'
[1.128s] Level 1:colcon.colcon_core.environment:checking '/home/kvothe/ros/install/messages/bin'
[1.128s] INFO:colcon.colcon_core.shell:Creating package script '/home/kvothe/ros/install/messages/share/messages/package.ps1'
[1.129s] INFO:colcon.colcon_core.shell:Creating package descriptor '/home/kvothe/ros/install/messages/share/messages/package.dsv'
[1.130s] INFO:colcon.colcon_core.shell:Creating package script '/home/kvothe/ros/install/messages/share/messages/package.sh'
[1.130s] INFO:colcon.colcon_core.shell:Creating package script '/home/kvothe/ros/install/messages/share/messages/package.bash'
[1.131s] INFO:colcon.colcon_core.shell:Creating package script '/home/kvothe/ros/install/messages/share/messages/package.zsh'
[1.132s] Level 1:colcon.colcon_core.environment:create_file_with_runtime_dependencies(/home/kvothe/ros/install/messages/share/colcon-core/packages/messages)
[1.133s] Level 1:colcon.colcon_core.environment:create_environment_scripts_only(messages)
[1.133s] Level 1:colcon.colcon_core.environment:checking '/home/kvothe/ros/install/messages' for CMake module files
[1.134s] Level 1:colcon.colcon_core.environment:checking '/home/kvothe/ros/install/messages' for CMake config files
[1.136s] Level 1:colcon.colcon_core.shell:create_environment_hook('messages', 'cmake_prefix_path')
[1.137s] INFO:colcon.colcon_core.shell:Creating environment hook '/home/kvothe/ros/install/messages/share/messages/hook/cmake_prefix_path.ps1'
[1.137s] INFO:colcon.colcon_core.shell:Creating environment descriptor '/home/kvothe/ros/install/messages/share/messages/hook/cmake_prefix_path.dsv'
[1.138s] INFO:colcon.colcon_core.shell:Creating environment hook '/home/kvothe/ros/install/messages/share/messages/hook/cmake_prefix_path.sh'
[1.139s] Level 1:colcon.colcon_core.environment:checking '/home/kvothe/ros/install/messages/lib'
[1.139s] Level 1:colcon.colcon_core.shell:create_environment_hook('messages', 'ld_library_path_lib')
[1.139s] INFO:colcon.colcon_core.shell:Creating environment hook '/home/kvothe/ros/install/messages/share/messages/hook/ld_library_path_lib.ps1'
[1.140s] INFO:colcon.colcon_core.shell:Creating environment descriptor '/home/kvothe/ros/install/messages/share/messages/hook/ld_library_path_lib.dsv'
[1.141s] INFO:colcon.colcon_core.shell:Creating environment hook '/home/kvothe/ros/install/messages/share/messages/hook/ld_library_path_lib.sh'
[1.142s] Level 1:colcon.colcon_core.environment:checking '/home/kvothe/ros/install/messages/bin'
[1.142s] Level 1:colcon.colcon_core.environment:checking '/home/kvothe/ros/install/messages/lib/pkgconfig/messages.pc'
[1.142s] Level 1:colcon.colcon_core.environment:checking '/home/kvothe/ros/install/messages/lib/python3.10/site-packages'
[1.143s] Level 1:colcon.colcon_core.environment:checking '/home/kvothe/ros/install/messages/bin'
[1.143s] INFO:colcon.colcon_core.shell:Creating package script '/home/kvothe/ros/install/messages/share/messages/package.ps1'
[1.144s] INFO:colcon.colcon_core.shell:Creating package descriptor '/home/kvothe/ros/install/messages/share/messages/package.dsv'
[1.145s] INFO:colcon.colcon_core.shell:Creating package script '/home/kvothe/ros/install/messages/share/messages/package.sh'
[1.146s] INFO:colcon.colcon_core.shell:Creating package script '/home/kvothe/ros/install/messages/share/messages/package.bash'
[1.147s] INFO:colcon.colcon_core.shell:Creating package script '/home/kvothe/ros/install/messages/share/messages/package.zsh'
[1.148s] Level 1:colcon.colcon_core.environment:create_file_with_runtime_dependencies(/home/kvothe/ros/install/messages/share/colcon-core/packages/messages)
[1.149s] INFO:colcon.colcon_ros.task.ament_cmake.build:Building ROS package in '/home/kvothe/ros/src/cppp' with build type 'ament_cmake'
[1.149s] INFO:colcon.colcon_cmake.task.cmake.build:Building CMake package in '/home/kvothe/ros/src/cppp'
[1.150s] INFO:colcon.colcon_core.shell:Skip shell extension 'powershell' for command environment: Not usable outside of PowerShell
[1.150s] DEBUG:colcon.colcon_core.shell:Skip shell extension 'dsv' for command environment
[1.159s] INFO:colcon.colcon_ros.task.ament_cmake.build:Building ROS package in '/home/kvothe/ros/src/optim' with build type 'ament_cmake'
[1.159s] INFO:colcon.colcon_cmake.task.cmake.build:Building CMake package in '/home/kvothe/ros/src/optim'
[1.159s] INFO:colcon.colcon_core.shell:Skip shell extension 'powershell' for command environment: Not usable outside of PowerShell
[1.160s] DEBUG:colcon.colcon_core.shell:Skip shell extension 'dsv' for command environment
[1.167s] INFO:colcon.colcon_ros.task.ament_python.build:Building ROS package in '/home/kvothe/ros/src/sensor_management' with build type 'ament_python'
[1.167s] Level 1:colcon.colcon_core.shell:create_environment_hook('sensor_management', 'ament_prefix_path')
[1.167s] INFO:colcon.colcon_core.shell:Creating environment hook '/home/kvothe/ros/install/sensor_management/share/sensor_management/hook/ament_prefix_path.ps1'
[1.168s] INFO:colcon.colcon_core.shell:Creating environment descriptor '/home/kvothe/ros/install/sensor_management/share/sensor_management/hook/ament_prefix_path.dsv'
[1.169s] INFO:colcon.colcon_core.shell:Creating environment hook '/home/kvothe/ros/install/sensor_management/share/sensor_management/hook/ament_prefix_path.sh'
[1.169s] INFO:colcon.colcon_core.shell:Skip shell extension 'powershell' for command environment: Not usable outside of PowerShell
[1.169s] DEBUG:colcon.colcon_core.shell:Skip shell extension 'dsv' for command environment
[1.174s] INFO:colcon.colcon_ros.task.ament_python.build:Building ROS package in '/home/kvothe/ros/src/soma' with build type 'ament_python'
[1.174s] Level 1:colcon.colcon_core.shell:create_environment_hook('soma', 'ament_prefix_path')
[1.174s] INFO:colcon.colcon_core.shell:Creating environment hook '/home/kvothe/ros/install/soma/share/soma/hook/ament_prefix_path.ps1'
[1.176s] INFO:colcon.colcon_core.shell:Creating environment descriptor '/home/kvothe/ros/install/soma/share/soma/hook/ament_prefix_path.dsv'
[1.176s] INFO:colcon.colcon_core.shell:Creating environment hook '/home/kvothe/ros/install/soma/share/soma/hook/ament_prefix_path.sh'
[1.177s] INFO:colcon.colcon_core.shell:Skip shell extension 'powershell' for command environment: Not usable outside of PowerShell
[1.177s] DEBUG:colcon.colcon_core.shell:Skip shell extension 'dsv' for command environment
[1.185s] DEBUG:colcon.colcon_core.event_handler.log_command:Invoking command in '/home/kvothe/ros/src/robot_control': PYTHONPATH=/home/kvothe/ros/build/robot_control/prefix_override:/usr/lib/python3/dist-packages/colcon_core/task/python/colcon_distutils_commands:/home/kvothe/ros/install/robot_control/lib/python3.10/site-packages:${PYTHONPATH} /usr/bin/python3 -W ignore:setup.py install is deprecated -W ignore:easy_install command is deprecated setup.py egg_info --egg-base ../../build/robot_control build --build-base /home/kvothe/ros/build/robot_control/build install --record /home/kvothe/ros/build/robot_control/install.log --single-version-externally-managed install_data
[1.189s] DEBUG:colcon.colcon_core.event_handler.log_command:Invoking command in '/home/kvothe/ros/build/cppp': CMAKE_PREFIX_PATH=/home/kvothe/ros/install/messages:/home/kvothe/ros/install/ros_bringup:/home/kvothe/ros/install/ros_gazebo:/home/kvothe/ros/install/robot_description:/home/kvothe/ros/install/optim:/home/kvothe/ros/install/cppp:/home/kvothe/ros/install/soma:/home/kvothe/ros/install/sensor_management:/home/kvothe/ros/install/robot_control:/opt/ros/humble /usr/bin/cmake --build /home/kvothe/ros/build/cppp -- -j12 -l12
[1.192s] DEBUG:colcon.colcon_core.event_handler.log_command:Invoking command in '/home/kvothe/ros/build/optim': CMAKE_PREFIX_PATH=/home/kvothe/ros/install/messages:/home/kvothe/ros/install/ros_bringup:/home/kvothe/ros/install/ros_gazebo:/home/kvothe/ros/install/robot_description:/home/kvothe/ros/install/optim:/home/kvothe/ros/install/cppp:/home/kvothe/ros/install/soma:/home/kvothe/ros/install/sensor_management:/home/kvothe/ros/install/robot_control:/opt/ros/humble /usr/bin/cmake --build /home/kvothe/ros/build/optim -- -j12 -l12
[1.438s] INFO:colcon.colcon_core.task.python.build:Building Python package in '/home/kvothe/ros/src/sensor_management'
[1.438s] INFO:colcon.colcon_core.shell:Skip shell extension 'powershell' for command environment: Not usable outside of PowerShell
[1.438s] DEBUG:colcon.colcon_core.shell:Skip shell extension 'dsv' for command environment
[1.673s] INFO:colcon.colcon_core.task.python.build:Building Python package in '/home/kvothe/ros/src/soma'
[1.673s] INFO:colcon.colcon_core.shell:Skip shell extension 'powershell' for command environment: Not usable outside of PowerShell
[1.673s] DEBUG:colcon.colcon_core.shell:Skip shell extension 'dsv' for command environment
[1.679s] Level 1:colcon.colcon_core.environment:checking '/home/kvothe/ros/install/robot_control' for CMake module files
[1.680s] DEBUG:colcon.colcon_core.event_handler.log_command:Invoked command in '/home/kvothe/ros/src/robot_control' returned '0': PYTHONPATH=/home/kvothe/ros/build/robot_control/prefix_override:/usr/lib/python3/dist-packages/colcon_core/task/python/colcon_distutils_commands:/home/kvothe/ros/install/robot_control/lib/python3.10/site-packages:${PYTHONPATH} /usr/bin/python3 -W ignore:setup.py install is deprecated -W ignore:easy_install command is deprecated setup.py egg_info --egg-base ../../build/robot_control build --build-base /home/kvothe/ros/build/robot_control/build install --record /home/kvothe/ros/build/robot_control/install.log --single-version-externally-managed install_data
[1.680s] Level 1:colcon.colcon_core.environment:checking '/home/kvothe/ros/install/robot_control' for CMake config files
[1.681s] Level 1:colcon.colcon_core.environment:checking '/home/kvothe/ros/install/robot_control/lib'
[1.681s] Level 1:colcon.colcon_core.environment:checking '/home/kvothe/ros/install/robot_control/bin'
[1.681s] Level 1:colcon.colcon_core.environment:checking '/home/kvothe/ros/install/robot_control/lib/pkgconfig/robot_control.pc'
[1.681s] Level 1:colcon.colcon_core.environment:checking '/home/kvothe/ros/install/robot_control/lib/python3.10/site-packages'
[1.681s] Level 1:colcon.colcon_core.shell:create_environment_hook('robot_control', 'pythonpath')
[1.681s] INFO:colcon.colcon_core.shell:Creating environment hook '/home/kvothe/ros/install/robot_control/share/robot_control/hook/pythonpath.ps1'
[1.682s] INFO:colcon.colcon_core.shell:Creating environment descriptor '/home/kvothe/ros/install/robot_control/share/robot_control/hook/pythonpath.dsv'
[1.682s] INFO:colcon.colcon_core.shell:Creating environment hook '/home/kvothe/ros/install/robot_control/share/robot_control/hook/pythonpath.sh'
[1.683s] Level 1:colcon.colcon_core.environment:checking '/home/kvothe/ros/install/robot_control/bin'
[1.683s] Level 1:colcon.colcon_core.environment:create_environment_scripts_only(robot_control)
[1.683s] INFO:colcon.colcon_core.shell:Creating package script '/home/kvothe/ros/install/robot_control/share/robot_control/package.ps1'
[1.683s] INFO:colcon.colcon_core.shell:Creating package descriptor '/home/kvothe/ros/install/robot_control/share/robot_control/package.dsv'
[1.684s] INFO:colcon.colcon_core.shell:Creating package script '/home/kvothe/ros/install/robot_control/share/robot_control/package.sh'
[1.685s] INFO:colcon.colcon_core.shell:Creating package script '/home/kvothe/ros/install/robot_control/share/robot_control/package.bash'
[1.686s] INFO:colcon.colcon_core.shell:Creating package script '/home/kvothe/ros/install/robot_control/share/robot_control/package.zsh'
[1.686s] Level 1:colcon.colcon_core.environment:create_file_with_runtime_dependencies(/home/kvothe/ros/install/robot_control/share/colcon-core/packages/robot_control)
[1.986s] DEBUG:colcon.colcon_core.event_handler.log_command:Invoking command in '/home/kvothe/ros/src/sensor_management': CMAKE_PREFIX_PATH=/home/kvothe/ros/install/messages:/home/kvothe/ros/install/ros_bringup:/home/kvothe/ros/install/ros_gazebo:/home/kvothe/ros/install/robot_description:/home/kvothe/ros/install/optim:/home/kvothe/ros/install/cppp PYTHONPATH=/home/kvothe/ros/build/sensor_management/prefix_override:/usr/lib/python3/dist-packages/colcon_core/task/python/colcon_distutils_commands:/home/kvothe/ros/install/sensor_management/lib/python3.10/site-packages:${PYTHONPATH} /usr/bin/python3 -W ignore:setup.py install is deprecated -W ignore:easy_install command is deprecated setup.py egg_info --egg-base ../../build/sensor_management build --build-base /home/kvothe/ros/build/sensor_management/build install --record /home/kvothe/ros/build/sensor_management/install.log --single-version-externally-managed install_data
[2.007s] DEBUG:colcon.colcon_core.event_handler.log_command:Invoking command in '/home/kvothe/ros/src/soma': CMAKE_PREFIX_PATH=/home/kvothe/ros/install/messages:/home/kvothe/ros/install/ros_bringup:/home/kvothe/ros/install/ros_gazebo:/home/kvothe/ros/install/robot_description:/home/kvothe/ros/install/optim:/home/kvothe/ros/install/cppp PYTHONPATH=/home/kvothe/ros/build/soma/prefix_override:/usr/lib/python3/dist-packages/colcon_core/task/python/colcon_distutils_commands:/home/kvothe/ros/install/soma/lib/python3.10/site-packages:${PYTHONPATH} /usr/bin/python3 -W ignore:setup.py install is deprecated -W ignore:easy_install command is deprecated setup.py egg_info --egg-base ../../build/soma build --build-base /home/kvothe/ros/build/soma/build install --record /home/kvothe/ros/build/soma/install.log --single-version-externally-managed install_data
[2.257s] Level 1:colcon.colcon_core.environment:checking '/home/kvothe/ros/install/sensor_management' for CMake module files
[2.258s] DEBUG:colcon.colcon_core.event_handler.log_command:Invoked command in '/home/kvothe/ros/src/sensor_management' returned '0': CMAKE_PREFIX_PATH=/home/kvothe/ros/install/messages:/home/kvothe/ros/install/ros_bringup:/home/kvothe/ros/install/ros_gazebo:/home/kvothe/ros/install/robot_description:/home/kvothe/ros/install/optim:/home/kvothe/ros/install/cppp PYTHONPATH=/home/kvothe/ros/build/sensor_management/prefix_override:/usr/lib/python3/dist-packages/colcon_core/task/python/colcon_distutils_commands:/home/kvothe/ros/install/sensor_management/lib/python3.10/site-packages:${PYTHONPATH} /usr/bin/python3 -W ignore:setup.py install is deprecated -W ignore:easy_install command is deprecated setup.py egg_info --egg-base ../../build/sensor_management build --build-base /home/kvothe/ros/build/sensor_management/build install --record /home/kvothe/ros/build/sensor_management/install.log --single-version-externally-managed install_data
[2.259s] Level 1:colcon.colcon_core.environment:checking '/home/kvothe/ros/install/sensor_management' for CMake config files
[2.260s] Level 1:colcon.colcon_core.environment:checking '/home/kvothe/ros/install/sensor_management/lib'
[2.260s] Level 1:colcon.colcon_core.environment:checking '/home/kvothe/ros/install/sensor_management/bin'
[2.260s] Level 1:colcon.colcon_core.environment:checking '/home/kvothe/ros/install/sensor_management/lib/pkgconfig/sensor_management.pc'
[2.261s] Level 1:colcon.colcon_core.environment:checking '/home/kvothe/ros/install/sensor_management/lib/python3.10/site-packages'
[2.261s] Level 1:colcon.colcon_core.shell:create_environment_hook('sensor_management', 'pythonpath')
[2.261s] INFO:colcon.colcon_core.shell:Creating environment hook '/home/kvothe/ros/install/sensor_management/share/sensor_management/hook/pythonpath.ps1'
[2.262s] INFO:colcon.colcon_core.shell:Creating environment descriptor '/home/kvothe/ros/install/sensor_management/share/sensor_management/hook/pythonpath.dsv'
[2.263s] INFO:colcon.colcon_core.shell:Creating environment hook '/home/kvothe/ros/install/sensor_management/share/sensor_management/hook/pythonpath.sh'
[2.264s] Level 1:colcon.colcon_core.environment:checking '/home/kvothe/ros/install/sensor_management/bin'
[2.264s] Level 1:colcon.colcon_core.environment:create_environment_scripts_only(sensor_management)
[2.265s] INFO:colcon.colcon_core.shell:Creating package script '/home/kvothe/ros/install/sensor_management/share/sensor_management/package.ps1'
[2.266s] INFO:colcon.colcon_core.shell:Creating package descriptor '/home/kvothe/ros/install/sensor_management/share/sensor_management/package.dsv'
[2.267s] INFO:colcon.colcon_core.shell:Creating package script '/home/kvothe/ros/install/sensor_management/share/sensor_management/package.sh'
[2.268s] INFO:colcon.colcon_core.shell:Creating package script '/home/kvothe/ros/install/sensor_management/share/sensor_management/package.bash'
[2.269s] INFO:colcon.colcon_core.shell:Creating package script '/home/kvothe/ros/install/sensor_management/share/sensor_management/package.zsh'
[2.270s] Level 1:colcon.colcon_core.environment:create_file_with_runtime_dependencies(/home/kvothe/ros/install/sensor_management/share/colcon-core/packages/sensor_management)
[2.283s] Level 1:colcon.colcon_core.environment:checking '/home/kvothe/ros/install/soma' for CMake module files
[2.283s] DEBUG:colcon.colcon_core.event_handler.log_command:Invoked command in '/home/kvothe/ros/src/soma' returned '0': CMAKE_PREFIX_PATH=/home/kvothe/ros/install/messages:/home/kvothe/ros/install/ros_bringup:/home/kvothe/ros/install/ros_gazebo:/home/kvothe/ros/install/robot_description:/home/kvothe/ros/install/optim:/home/kvothe/ros/install/cppp PYTHONPATH=/home/kvothe/ros/build/soma/prefix_override:/usr/lib/python3/dist-packages/colcon_core/task/python/colcon_distutils_commands:/home/kvothe/ros/install/soma/lib/python3.10/site-packages:${PYTHONPATH} /usr/bin/python3 -W ignore:setup.py install is deprecated -W ignore:easy_install command is deprecated setup.py egg_info --egg-base ../../build/soma build --build-base /home/kvothe/ros/build/soma/build install --record /home/kvothe/ros/build/soma/install.log --single-version-externally-managed install_data
[2.284s] Level 1:colcon.colcon_core.environment:checking '/home/kvothe/ros/install/soma' for CMake config files
[2.284s] Level 1:colcon.colcon_core.environment:checking '/home/kvothe/ros/install/soma/lib'
[2.284s] Level 1:colcon.colcon_core.environment:checking '/home/kvothe/ros/install/soma/bin'
[2.284s] Level 1:colcon.colcon_core.environment:checking '/home/kvothe/ros/install/soma/lib/pkgconfig/soma.pc'
[2.285s] Level 1:colcon.colcon_core.environment:checking '/home/kvothe/ros/install/soma/lib/python3.10/site-packages'
[2.285s] Level 1:colcon.colcon_core.shell:create_environment_hook('soma', 'pythonpath')
[2.285s] INFO:colcon.colcon_core.shell:Creating environment hook '/home/kvothe/ros/install/soma/share/soma/hook/pythonpath.ps1'
[2.285s] INFO:colcon.colcon_core.shell:Creating environment descriptor '/home/kvothe/ros/install/soma/share/soma/hook/pythonpath.dsv'
[2.286s] INFO:colcon.colcon_core.shell:Creating environment hook '/home/kvothe/ros/install/soma/share/soma/hook/pythonpath.sh'
[2.286s] Level 1:colcon.colcon_core.environment:checking '/home/kvothe/ros/install/soma/bin'
[2.286s] Level 1:colcon.colcon_core.environment:create_environment_scripts_only(soma)
[2.287s] INFO:colcon.colcon_core.shell:Creating package script '/home/kvothe/ros/install/soma/share/soma/package.ps1'
[2.288s] INFO:colcon.colcon_core.shell:Creating package descriptor '/home/kvothe/ros/install/soma/share/soma/package.dsv'
[2.288s] INFO:colcon.colcon_core.shell:Creating package script '/home/kvothe/ros/install/soma/share/soma/package.sh'
[2.289s] INFO:colcon.colcon_core.shell:Creating package script '/home/kvothe/ros/install/soma/share/soma/package.bash'
[2.289s] INFO:colcon.colcon_core.shell:Creating package script '/home/kvothe/ros/install/soma/share/soma/package.zsh'
[2.289s] Level 1:colcon.colcon_core.environment:create_file_with_runtime_dependencies(/home/kvothe/ros/install/soma/share/colcon-core/packages/soma)
[6.420s] DEBUG:colcon.colcon_core.event_handler.log_command:Invoked command in '/home/kvothe/ros/build/optim' returned '2': CMAKE_PREFIX_PATH=/home/kvothe/ros/install/messages:/home/kvothe/ros/install/ros_bringup:/home/kvothe/ros/install/ros_gazebo:/home/kvothe/ros/install/robot_description:/home/kvothe/ros/install/optim:/home/kvothe/ros/install/cppp:/home/kvothe/ros/install/soma:/home/kvothe/ros/install/sensor_management:/home/kvothe/ros/install/robot_control:/opt/ros/humble /usr/bin/cmake --build /home/kvothe/ros/build/optim -- -j12 -l12
[6.421s] Level 1:colcon.colcon_core.environment:create_environment_scripts_only(optim)
[6.422s] Level 1:colcon.colcon_core.environment:checking '/home/kvothe/ros/install/optim' for CMake module files
[6.422s] Level 1:colcon.colcon_core.environment:checking '/home/kvothe/ros/install/optim' for CMake config files
[6.422s] Level 1:colcon.colcon_core.shell:create_environment_hook('optim', 'cmake_prefix_path')
[6.423s] INFO:colcon.colcon_core.shell:Creating environment hook '/home/kvothe/ros/install/optim/share/optim/hook/cmake_prefix_path.ps1'
[6.423s] INFO:colcon.colcon_core.shell:Creating environment descriptor '/home/kvothe/ros/install/optim/share/optim/hook/cmake_prefix_path.dsv'
[6.423s] INFO:colcon.colcon_core.shell:Creating environment hook '/home/kvothe/ros/install/optim/share/optim/hook/cmake_prefix_path.sh'
[6.424s] Level 1:colcon.colcon_core.environment:checking '/home/kvothe/ros/install/optim/lib'
[6.424s] Level 1:colcon.colcon_core.environment:checking '/home/kvothe/ros/install/optim/bin'
[6.424s] Level 1:colcon.colcon_core.environment:checking '/home/kvothe/ros/install/optim/lib/pkgconfig/optim.pc'
[6.424s] Level 1:colcon.colcon_core.environment:checking '/home/kvothe/ros/install/optim/lib/python3.10/site-packages'
[6.424s] Level 1:colcon.colcon_core.environment:checking '/home/kvothe/ros/install/optim/bin'
[6.424s] INFO:colcon.colcon_core.shell:Creating package script '/home/kvothe/ros/install/optim/share/optim/package.ps1'
[6.425s] INFO:colcon.colcon_core.shell:Creating package descriptor '/home/kvothe/ros/install/optim/share/optim/package.dsv'
[6.425s] INFO:colcon.colcon_core.shell:Creating package script '/home/kvothe/ros/install/optim/share/optim/package.sh'
[6.426s] INFO:colcon.colcon_core.shell:Creating package script '/home/kvothe/ros/install/optim/share/optim/package.bash'
[6.426s] INFO:colcon.colcon_core.shell:Creating package script '/home/kvothe/ros/install/optim/share/optim/package.zsh'
[6.426s] Level 1:colcon.colcon_core.environment:create_file_with_runtime_dependencies(/home/kvothe/ros/install/optim/share/colcon-core/packages/optim)
[15.824s] DEBUG:colcon.colcon_parallel_executor.executor.parallel:closing loop
[15.824s] DEBUG:colcon.colcon_parallel_executor.executor.parallel:loop closed
[15.824s] DEBUG:colcon.colcon_parallel_executor.executor.parallel:run_until_complete finished with '2'
[15.824s] DEBUG:colcon.colcon_core.event_reactor:joining thread
[15.837s] INFO:colcon.colcon_core.plugin_system:Skipping extension 'colcon_notification.desktop_notification.terminal_notifier': Not used on non-Darwin systems
[15.838s] INFO:colcon.colcon_core.plugin_system:Skipping extension 'colcon_notification.desktop_notification.win32': Not used on non-Windows systems
[15.838s] INFO:colcon.colcon_notification.desktop_notification:Sending desktop notification using 'notify2'
[15.885s] DEBUG:colcon.colcon_core.event_reactor:joined thread
[15.885s] INFO:colcon.colcon_core.shell:Creating prefix script '/home/kvothe/ros/install/local_setup.ps1'
[15.888s] INFO:colcon.colcon_core.shell:Creating prefix util module '/home/kvothe/ros/install/_local_setup_util_ps1.py'
[15.891s] INFO:colcon.colcon_core.shell:Creating prefix chain script '/home/kvothe/ros/install/setup.ps1'
[15.894s] INFO:colcon.colcon_core.shell:Creating prefix script '/home/kvothe/ros/install/local_setup.sh'
[15.895s] INFO:colcon.colcon_core.shell:Creating prefix util module '/home/kvothe/ros/install/_local_setup_util_sh.py'
[15.896s] INFO:colcon.colcon_core.shell:Creating prefix chain script '/home/kvothe/ros/install/setup.sh'
[15.899s] INFO:colcon.colcon_core.shell:Creating prefix script '/home/kvothe/ros/install/local_setup.bash'
[15.900s] INFO:colcon.colcon_core.shell:Creating prefix chain script '/home/kvothe/ros/install/setup.bash'
[15.903s] INFO:colcon.colcon_core.shell:Creating prefix script '/home/kvothe/ros/install/local_setup.zsh'
[15.905s] INFO:colcon.colcon_core.shell:Creating prefix chain script '/home/kvothe/ros/install/setup.zsh'
