[0.018s] Invoking command in '/home/kvothe/ros/build/cppp': CMAKE_PREFIX_PATH=/home/kvothe/ros/install/messages:/home/kvothe/ros/install/ros_bringup:/home/kvothe/ros/install/ros_gazebo:/home/kvothe/ros/install/robot_description:/home/kvothe/ros/install/cppp:/home/kvothe/ros/install/soma:/home/kvothe/ros/install/sensor_management:/home/kvothe/ros/install/robot_control:/opt/ros/humble /usr/bin/cmake --build /home/kvothe/ros/build/cppp -- -j12 -l12
[0.275s] [ 25%] Built target LandmarkTransformermapNode
[0.275s] [ 25%] Built target PreprocessNode
[0.275s] [ 37%] Built target LandmarkGraphNode
[0.275s] [ 62%] Built target LandmarkTransformerNode
[0.276s] [ 62%] Built target RansacLineExtractionNode
[0.276s] [100%] Built target IncrementalLineFittingNode
[0.276s] [100%] Built target ScanAccumulator
[0.276s] [100%] Built target HoughLineFittingNode
[0.509s] Invoked command in '/home/kvothe/ros/build/cppp' returned '0': CMAKE_PREFIX_PATH=/home/kvothe/ros/install/messages:/home/kvothe/ros/install/ros_bringup:/home/kvothe/ros/install/ros_gazebo:/home/kvothe/ros/install/robot_description:/home/kvothe/ros/install/cppp:/home/kvothe/ros/install/soma:/home/kvothe/ros/install/sensor_management:/home/kvothe/ros/install/robot_control:/opt/ros/humble /usr/bin/cmake --build /home/kvothe/ros/build/cppp -- -j12 -l12
[0.511s] Invoking command in '/home/kvothe/ros/build/cppp': CMAKE_PREFIX_PATH=/home/kvothe/ros/install/messages:/home/kvothe/ros/install/ros_bringup:/home/kvothe/ros/install/ros_gazebo:/home/kvothe/ros/install/robot_description:/home/kvothe/ros/install/cppp:/home/kvothe/ros/install/soma:/home/kvothe/ros/install/sensor_management:/home/kvothe/ros/install/robot_control:/opt/ros/humble /usr/bin/cmake --install /home/kvothe/ros/build/cppp
[0.519s] -- Install configuration: ""
[0.520s] -- Up-to-date: /home/kvothe/ros/install/cppp/lib/cppp/LandmarkTransformerNode
[0.520s] -- Up-to-date: /home/kvothe/ros/install/cppp/lib/cppp/ScanAccumulator
[0.521s] -- Up-to-date: /home/kvothe/ros/install/cppp/lib/cppp/PreprocessNode
[0.522s] -- Up-to-date: /home/kvothe/ros/install/cppp/lib/cppp/LandmarkGraphNode
[0.523s] -- Up-to-date: /home/kvothe/ros/install/cppp/lib/cppp/IncrementalLineFittingNode
[0.523s] -- Up-to-date: /home/kvothe/ros/install/cppp/lib/cppp/LandmarkTransformermapNode
[0.524s] -- Up-to-date: /home/kvothe/ros/install/cppp/lib/cppp/HoughLineFittingNode
[0.524s] -- Up-to-date: /home/kvothe/ros/install/cppp/lib/cppp/RansacLineExtractionNode
[0.524s] -- Up-to-date: /home/kvothe/ros/install/cppp/share/ament_index/resource_index/package_run_dependencies/cppp
[0.525s] -- Up-to-date: /home/kvothe/ros/install/cppp/share/ament_index/resource_index/parent_prefix_path/cppp
[0.525s] -- Up-to-date: /home/kvothe/ros/install/cppp/share/cppp/environment/ament_prefix_path.sh
[0.525s] -- Up-to-date: /home/kvothe/ros/install/cppp/share/cppp/environment/ament_prefix_path.dsv
[0.525s] -- Up-to-date: /home/kvothe/ros/install/cppp/share/cppp/environment/path.sh
[0.525s] -- Up-to-date: /home/kvothe/ros/install/cppp/share/cppp/environment/path.dsv
[0.525s] -- Up-to-date: /home/kvothe/ros/install/cppp/share/cppp/local_setup.bash
[0.525s] -- Up-to-date: /home/kvothe/ros/install/cppp/share/cppp/local_setup.sh
[0.525s] -- Up-to-date: /home/kvothe/ros/install/cppp/share/cppp/local_setup.zsh
[0.525s] -- Up-to-date: /home/kvothe/ros/install/cppp/share/cppp/local_setup.dsv
[0.525s] -- Installing: /home/kvothe/ros/install/cppp/share/cppp/package.dsv
[0.525s] -- Up-to-date: /home/kvothe/ros/install/cppp/share/ament_index/resource_index/packages/cppp
[0.526s] -- Up-to-date: /home/kvothe/ros/install/cppp/share/cppp/cmake/cpppConfig.cmake
[0.526s] -- Up-to-date: /home/kvothe/ros/install/cppp/share/cppp/cmake/cpppConfig-version.cmake
[0.526s] -- Up-to-date: /home/kvothe/ros/install/cppp/share/cppp/package.xml
[0.528s] Invoked command in '/home/kvothe/ros/build/cppp' returned '0': CMAKE_PREFIX_PATH=/home/kvothe/ros/install/messages:/home/kvothe/ros/install/ros_bringup:/home/kvothe/ros/install/ros_gazebo:/home/kvothe/ros/install/robot_description:/home/kvothe/ros/install/cppp:/home/kvothe/ros/install/soma:/home/kvothe/ros/install/sensor_management:/home/kvothe/ros/install/robot_control:/opt/ros/humble /usr/bin/cmake --install /home/kvothe/ros/build/cppp
