[0.036s] Invoking command in '/home/kvothe/ros/build/optim': CMAKE_PREFIX_PATH=/home/kvothe/ros/install/messages:/home/kvothe/ros/install/ros_bringup:/home/kvothe/ros/install/ros_gazebo:/home/kvothe/ros/install/robot_description:/home/kvothe/ros/install/optim:/home/kvothe/ros/install/cppp:/home/kvothe/ros/install/soma:/home/kvothe/ros/install/sensor_management:/home/kvothe/ros/install/robot_control:/opt/ros/humble /usr/bin/cmake --build /home/kvothe/ros/build/optim -- -j12 -l12
[0.538s] [100%] Built target PoseGraphOptimizationNode
[0.538s] [100%] Built target test_ceres
[0.546s] Invoked command in '/home/kvothe/ros/build/optim' returned '0': CMAKE_PREFIX_PATH=/home/kvothe/ros/install/messages:/home/kvothe/ros/install/ros_bringup:/home/kvothe/ros/install/ros_gazebo:/home/kvothe/ros/install/robot_description:/home/kvothe/ros/install/optim:/home/kvothe/ros/install/cppp:/home/kvothe/ros/install/soma:/home/kvothe/ros/install/sensor_management:/home/kvothe/ros/install/robot_control:/opt/ros/humble /usr/bin/cmake --build /home/kvothe/ros/build/optim -- -j12 -l12
[0.550s] Invoking command in '/home/kvothe/ros/build/optim': CMAKE_PREFIX_PATH=/home/kvothe/ros/install/messages:/home/kvothe/ros/install/ros_bringup:/home/kvothe/ros/install/ros_gazebo:/home/kvothe/ros/install/robot_description:/home/kvothe/ros/install/optim:/home/kvothe/ros/install/cppp:/home/kvothe/ros/install/soma:/home/kvothe/ros/install/sensor_management:/home/kvothe/ros/install/robot_control:/opt/ros/humble /usr/bin/cmake --install /home/kvothe/ros/build/optim
[0.567s] -- Install configuration: ""
[0.567s] -- Up-to-date: /home/kvothe/ros/install/optim/lib/optim/test_ceres
[0.567s] -- Up-to-date: /home/kvothe/ros/install/optim/lib/optim/PoseGraphOptimizationNode
[0.567s] -- Up-to-date: /home/kvothe/ros/install/optim/share/ament_index/resource_index/package_run_dependencies/optim
[0.567s] -- Up-to-date: /home/kvothe/ros/install/optim/share/ament_index/resource_index/parent_prefix_path/optim
[0.567s] -- Up-to-date: /home/kvothe/ros/install/optim/share/optim/environment/ament_prefix_path.sh
[0.567s] -- Up-to-date: /home/kvothe/ros/install/optim/share/optim/environment/ament_prefix_path.dsv
[0.568s] -- Up-to-date: /home/kvothe/ros/install/optim/share/optim/environment/path.sh
[0.568s] -- Up-to-date: /home/kvothe/ros/install/optim/share/optim/environment/path.dsv
[0.568s] -- Up-to-date: /home/kvothe/ros/install/optim/share/optim/local_setup.bash
[0.568s] -- Up-to-date: /home/kvothe/ros/install/optim/share/optim/local_setup.sh
[0.568s] -- Up-to-date: /home/kvothe/ros/install/optim/share/optim/local_setup.zsh
[0.568s] -- Up-to-date: /home/kvothe/ros/install/optim/share/optim/local_setup.dsv
[0.568s] -- Installing: /home/kvothe/ros/install/optim/share/optim/package.dsv
[0.568s] -- Up-to-date: /home/kvothe/ros/install/optim/share/ament_index/resource_index/packages/optim
[0.569s] -- Up-to-date: /home/kvothe/ros/install/optim/share/optim/cmake/optimConfig.cmake
[0.569s] -- Up-to-date: /home/kvothe/ros/install/optim/share/optim/cmake/optimConfig-version.cmake
[0.569s] -- Up-to-date: /home/kvothe/ros/install/optim/share/optim/package.xml
[0.592s] Invoked command in '/home/kvothe/ros/build/optim' returned '0': CMAKE_PREFIX_PATH=/home/kvothe/ros/install/messages:/home/kvothe/ros/install/ros_bringup:/home/kvothe/ros/install/ros_gazebo:/home/kvothe/ros/install/robot_description:/home/kvothe/ros/install/optim:/home/kvothe/ros/install/cppp:/home/kvothe/ros/install/soma:/home/kvothe/ros/install/sensor_management:/home/kvothe/ros/install/robot_control:/opt/ros/humble /usr/bin/cmake --install /home/kvothe/ros/build/optim
