[0.024s] Invoking command in '/home/kvothe/ros/build/optim': CMAKE_PREFIX_PATH=/home/kvothe/ros/install/messages:/home/kvothe/ros/install/ros_bringup:/home/kvothe/ros/install/ros_gazebo:/home/kvothe/ros/install/robot_description:/home/kvothe/ros/install/optim:/home/kvothe/ros/install/cppp:/home/kvothe/ros/install/soma:/home/kvothe/ros/install/sensor_management:/home/kvothe/ros/install/robot_control:/opt/ros/humble /usr/bin/cmake --build /home/kvothe/ros/build/optim -- -j12 -l12
[0.279s] [35m[1mConsolidate compiler generated dependencies of target PoseGraphOptimizationNode[0m
[0.280s] [ 50%] Built target test_ceres
[0.280s] [ 75%] [32mBuilding CXX object CMakeFiles/PoseGraphOptimizationNode.dir/src/PoseGraphOptimizationNode.cpp.o[0m
[2.816s] [01m[K/home/kvothe/ros/src/optim/src/PoseGraphOptimizationNode.cpp:[m[K In member function ‘[01m[Kvoid PoseGraphOptimizationNode::poseGraphCallback(messages::msg::PoseGraph_<std::allocator<void> >::SharedPtr)[m[K’:
[2.817s] [01m[K/home/kvothe/ros/src/optim/src/PoseGraphOptimizationNode.cpp:76:31:[m[K [01;31m[Kerror: [m[K‘[01m[Kconst struct messages::msg::LandmarkConstraint_<std::allocator<void> >[m[K’ has no member named ‘[01m[Kdx[m[K’
[2.817s]    76 |                 ll_constraint.[01;31m[Kdx[m[K, ll_constraint.dy, ll_constraint.covariance);
[2.817s]       |                               [01;31m[K^~[m[K
[2.817s] [01m[K/home/kvothe/ros/src/optim/src/PoseGraphOptimizationNode.cpp:76:49:[m[K [01;31m[Kerror: [m[K‘[01m[Kconst struct messages::msg::LandmarkConstraint_<std::allocator<void> >[m[K’ has no member named ‘[01m[Kdy[m[K’
[2.817s]    76 |                 ll_constraint.dx, ll_constraint.[01;31m[Kdy[m[K, ll_constraint.covariance);
[2.817s]       |                                                 [01;31m[K^~[m[K
[2.817s] [01m[K/home/kvothe/ros/src/optim/src/PoseGraphOptimizationNode.cpp:78:73:[m[K [01;31m[Kerror: [m[K‘[01m[Kconst struct messages::msg::LandmarkConstraint_<std::allocator<void> >[m[K’ has no member named ‘[01m[Klandmark1_id[m[K’; did you mean ‘[01m[Klandmark_id[m[K’?
[2.818s]    78 |                                      &landmark_parameters[ll_constraint.[01;31m[Klandmark1_id[m[K][0],
[2.818s]       |                                                                         [01;31m[K^~~~~~~~~~~~[m[K
[2.818s]       |                                                                         [32m[Klandmark_id[m[K
[2.818s] [01m[K/home/kvothe/ros/src/optim/src/PoseGraphOptimizationNode.cpp:79:73:[m[K [01;31m[Kerror: [m[K‘[01m[Kconst struct messages::msg::LandmarkConstraint_<std::allocator<void> >[m[K’ has no member named ‘[01m[Klandmark1_id[m[K’; did you mean ‘[01m[Klandmark_id[m[K’?
[2.818s]    79 |                                      &landmark_parameters[ll_constraint.[01;31m[Klandmark1_id[m[K][1],
[2.818s]       |                                                                         [01;31m[K^~~~~~~~~~~~[m[K
[2.818s]       |                                                                         [32m[Klandmark_id[m[K
[2.818s] [01m[K/home/kvothe/ros/src/optim/src/PoseGraphOptimizationNode.cpp:80:73:[m[K [01;31m[Kerror: [m[K‘[01m[Kconst struct messages::msg::LandmarkConstraint_<std::allocator<void> >[m[K’ has no member named ‘[01m[Klandmark2_id[m[K’; did you mean ‘[01m[Klandmark_id[m[K’?
[2.819s]    80 |                                      &landmark_parameters[ll_constraint.[01;31m[Klandmark2_id[m[K][0],
[2.819s]       |                                                                         [01;31m[K^~~~~~~~~~~~[m[K
[2.819s]       |                                                                         [32m[Klandmark_id[m[K
[2.819s] [01m[K/home/kvothe/ros/src/optim/src/PoseGraphOptimizationNode.cpp:81:73:[m[K [01;31m[Kerror: [m[K‘[01m[Kconst struct messages::msg::LandmarkConstraint_<std::allocator<void> >[m[K’ has no member named ‘[01m[Klandmark2_id[m[K’; did you mean ‘[01m[Klandmark_id[m[K’?
[2.819s]    81 |                                      &landmark_parameters[ll_constraint.[01;31m[Klandmark2_id[m[K][1]);
[2.819s]       |                                                                         [01;31m[K^~~~~~~~~~~~[m[K
[2.819s]       |                                                                         [32m[Klandmark_id[m[K
[5.034s] gmake[2]: *** [CMakeFiles/PoseGraphOptimizationNode.dir/build.make:76: CMakeFiles/PoseGraphOptimizationNode.dir/src/PoseGraphOptimizationNode.cpp.o] Error 1
[5.034s] gmake[1]: *** [CMakeFiles/Makefile2:165: CMakeFiles/PoseGraphOptimizationNode.dir/all] Error 2
[5.035s] gmake: *** [Makefile:146: all] Error 2
[5.041s] Invoked command in '/home/kvothe/ros/build/optim' returned '2': CMAKE_PREFIX_PATH=/home/kvothe/ros/install/messages:/home/kvothe/ros/install/ros_bringup:/home/kvothe/ros/install/ros_gazebo:/home/kvothe/ros/install/robot_description:/home/kvothe/ros/install/optim:/home/kvothe/ros/install/cppp:/home/kvothe/ros/install/soma:/home/kvothe/ros/install/sensor_management:/home/kvothe/ros/install/robot_control:/opt/ros/humble /usr/bin/cmake --build /home/kvothe/ros/build/optim -- -j12 -l12
