[35m[1mConsolidate compiler generated dependencies of target PoseGraphOptimizer[0m
[ 10%] Built target PreprocessNode
[ 20%] Built target LandmarkGraphNode
[ 30%] Built target LandmarkTransformermapNode
[ 40%] Built target LandmarkTransformerNode
[ 50%] Built target ScanTransformer
[ 60%] Built target IncrementalLineFittingNode
[ 65%] [32mBuilding CXX object CMakeFiles/PoseGraphOptimizer.dir/src/PoseGraphOptimizer.cpp.o[0m
[ 75%] Built target RansacLineExtractionNode
[ 95%] Built target HoughLineFittingNode
[ 95%] Built target ScanAccumulator
/home/kvothe/ros/src/cppp/src/PoseGraphOptimizer.cpp: In instantiation of ‘[01m[Kbool PoseLandmarkCost::operator()(const T*, const T*, T*) const [with T = ceres::Jet<double, 5>][m[K’:
[01m[K/usr/include/ceres/internal/variadic_evaluate.h:57:17:[m[K   required from ‘[01m[Kbool ceres::internal::VariadicEvaluateImpl(const Functor&, const T* const*, T*, std::false_type, std::integer_sequence<int, Indices ...>) [with Functor = PoseLandmarkCost; T = ceres::Jet<double, 5>; int ...Indices = {0, 1}; std::false_type = std::integral_constant<bool, false>][m[K’
[01m[K/usr/include/ceres/internal/variadic_evaluate.h:79:30:[m[K   required from ‘[01m[Kbool ceres::internal::VariadicEvaluateImpl(const Functor&, const T* const*, T*, const void*) [with ParameterDims = ceres::internal::ParameterDims<false, 3, 2>; Functor = PoseLandmarkCost; T = ceres::Jet<double, 5>][m[K’
[01m[K/usr/include/ceres/internal/variadic_evaluate.h:108:45:[m[K   required from ‘[01m[Kbool ceres::internal::VariadicEvaluate(const Functor&, const T* const*, T*) [with ParameterDims = ceres::internal::ParameterDims<false, 3, 2>; Functor = PoseLandmarkCost; T = ceres::Jet<double, 5>][m[K’
[01m[K/usr/include/ceres/internal/autodiff.h:351:39:[m[K   required from ‘[01m[Kbool ceres::internal::AutoDifferentiate(const Functor&, const T* const*, int, T*, T**) [with int kNumResiduals = 2; ParameterDims = ceres::internal::ParameterDims<false, 3, 2>; Functor = PoseLandmarkCost; T = double][m[K’
[01m[K/usr/include/ceres/autodiff_cost_function.h:210:69:[m[K   required from ‘[01m[Kbool ceres::AutoDiffCostFunction<CostFunctor, kNumResiduals, Ns>::Evaluate(const double* const*, double*, double**) const [with CostFunctor = PoseLandmarkCost; int kNumResiduals = 2; int ...Ns = {3, 2}][m[K’
[01m[K/usr/include/ceres/autodiff_cost_function.h:200:8:[m[K   required from here
[01m[K/home/kvothe/ros/src/cppp/src/PoseGraphOptimizer.cpp:78:27:[m[K [01;31m[Kerror: [m[Kno matching function for call to ‘[01m[Kisnan(const ceres::Jet<double, 5>&)[m[K’
   78 |             if ([01;31m[Kstd::isnan(pose[0])[m[K || std::isnan(pose[1]) || std::isnan(pose[2]) ||
      |                 [01;31m[K~~~~~~~~~~^~~~~~~~~[m[K
In file included from [01m[K/opt/ros/humble/include/libstatistics_collector/libstatistics_collector/moving_average_statistics/types.hpp:18[m[K,
                 from [01m[K/opt/ros/humble/include/libstatistics_collector/libstatistics_collector/collector/generate_statistics_message.hpp:24[m[K,
                 from [01m[K/opt/ros/humble/include/rclcpp/rclcpp/topic_statistics/subscription_topic_statistics.hpp:23[m[K,
                 from [01m[K/opt/ros/humble/include/rclcpp/rclcpp/subscription.hpp:50[m[K,
                 from [01m[K/opt/ros/humble/include/rclcpp/rclcpp/any_executable.hpp:25[m[K,
                 from [01m[K/opt/ros/humble/include/rclcpp/rclcpp/memory_strategy.hpp:25[m[K,
                 from [01m[K/opt/ros/humble/include/rclcpp/rclcpp/memory_strategies.hpp:18[m[K,
                 from [01m[K/opt/ros/humble/include/rclcpp/rclcpp/executor_options.hpp:20[m[K,
                 from [01m[K/opt/ros/humble/include/rclcpp/rclcpp/executor.hpp:37[m[K,
                 from [01m[K/opt/ros/humble/include/rclcpp/rclcpp/executors/multi_threaded_executor.hpp:25[m[K,
                 from [01m[K/opt/ros/humble/include/rclcpp/rclcpp/executors.hpp:21[m[K,
                 from [01m[K/opt/ros/humble/include/rclcpp/rclcpp/rclcpp.hpp:155[m[K,
                 from [01m[K/home/kvothe/ros/src/cppp/src/PoseGraphOptimizer.cpp:1[m[K:
[01m[K/usr/include/c++/11/cmath:632:5:[m[K [01;36m[Knote: [m[Kcandidate: ‘[01m[Ktemplate<class _Tp> constexpr typename __gnu_cxx::__enable_if<std::__is_integer<_Tp>::__value, bool>::__type std::isnan(_Tp)[m[K’
  632 |     [01;36m[Kisnan[m[K(_Tp __x)
      |     [01;36m[K^~~~~[m[K
[01m[K/usr/include/c++/11/cmath:632:5:[m[K [01;36m[Knote: [m[K  template argument deduction/substitution failed:
/usr/include/c++/11/cmath: In substitution of ‘[01m[Ktemplate<class _Tp> constexpr typename __gnu_cxx::__enable_if<std::__is_integer<_Tp>::__value, bool>::__type std::isnan(_Tp) [with _Tp = ceres::Jet<double, 5>][m[K’:
[01m[K/home/kvothe/ros/src/cppp/src/PoseGraphOptimizer.cpp:78:27:[m[K   required from ‘[01m[Kbool PoseLandmarkCost::operator()(const T*, const T*, T*) const [with T = ceres::Jet<double, 5>][m[K’
[01m[K/usr/include/ceres/internal/variadic_evaluate.h:57:17:[m[K   required from ‘[01m[Kbool ceres::internal::VariadicEvaluateImpl(const Functor&, const T* const*, T*, std::false_type, std::integer_sequence<int, Indices ...>) [with Functor = PoseLandmarkCost; T = ceres::Jet<double, 5>; int ...Indices = {0, 1}; std::false_type = std::integral_constant<bool, false>][m[K’
[01m[K/usr/include/ceres/internal/variadic_evaluate.h:79:30:[m[K   required from ‘[01m[Kbool ceres::internal::VariadicEvaluateImpl(const Functor&, const T* const*, T*, const void*) [with ParameterDims = ceres::internal::ParameterDims<false, 3, 2>; Functor = PoseLandmarkCost; T = ceres::Jet<double, 5>][m[K’
[01m[K/usr/include/ceres/internal/variadic_evaluate.h:108:45:[m[K   required from ‘[01m[Kbool ceres::internal::VariadicEvaluate(const Functor&, const T* const*, T*) [with ParameterDims = ceres::internal::ParameterDims<false, 3, 2>; Functor = PoseLandmarkCost; T = ceres::Jet<double, 5>][m[K’
[01m[K/usr/include/ceres/internal/autodiff.h:351:39:[m[K   required from ‘[01m[Kbool ceres::internal::AutoDifferentiate(const Functor&, const T* const*, int, T*, T**) [with int kNumResiduals = 2; ParameterDims = ceres::internal::ParameterDims<false, 3, 2>; Functor = PoseLandmarkCost; T = double][m[K’
[01m[K/usr/include/ceres/autodiff_cost_function.h:210:69:[m[K   required from ‘[01m[Kbool ceres::AutoDiffCostFunction<CostFunctor, kNumResiduals, Ns>::Evaluate(const double* const*, double*, double**) const [with CostFunctor = PoseLandmarkCost; int kNumResiduals = 2; int ...Ns = {3, 2}][m[K’
[01m[K/usr/include/ceres/autodiff_cost_function.h:200:8:[m[K   required from here
[01m[K/usr/include/c++/11/cmath:632:5:[m[K [01;31m[Kerror: [m[Kno type named ‘[01m[K__type[m[K’ in ‘[01m[Kstruct __gnu_cxx::__enable_if<false, bool>[m[K’
/home/kvothe/ros/src/cppp/src/PoseGraphOptimizer.cpp: In instantiation of ‘[01m[Kbool PoseLandmarkCost::operator()(const T*, const T*, T*) const [with T = ceres::Jet<double, 5>][m[K’:
[01m[K/usr/include/ceres/internal/variadic_evaluate.h:57:17:[m[K   required from ‘[01m[Kbool ceres::internal::VariadicEvaluateImpl(const Functor&, const T* const*, T*, std::false_type, std::integer_sequence<int, Indices ...>) [with Functor = PoseLandmarkCost; T = ceres::Jet<double, 5>; int ...Indices = {0, 1}; std::false_type = std::integral_constant<bool, false>][m[K’
[01m[K/usr/include/ceres/internal/variadic_evaluate.h:79:30:[m[K   required from ‘[01m[Kbool ceres::internal::VariadicEvaluateImpl(const Functor&, const T* const*, T*, const void*) [with ParameterDims = ceres::internal::ParameterDims<false, 3, 2>; Functor = PoseLandmarkCost; T = ceres::Jet<double, 5>][m[K’
[01m[K/usr/include/ceres/internal/variadic_evaluate.h:108:45:[m[K   required from ‘[01m[Kbool ceres::internal::VariadicEvaluate(const Functor&, const T* const*, T*) [with ParameterDims = ceres::internal::ParameterDims<false, 3, 2>; Functor = PoseLandmarkCost; T = ceres::Jet<double, 5>][m[K’
[01m[K/usr/include/ceres/internal/autodiff.h:351:39:[m[K   required from ‘[01m[Kbool ceres::internal::AutoDifferentiate(const Functor&, const T* const*, int, T*, T**) [with int kNumResiduals = 2; ParameterDims = ceres::internal::ParameterDims<false, 3, 2>; Functor = PoseLandmarkCost; T = double][m[K’
[01m[K/usr/include/ceres/autodiff_cost_function.h:210:69:[m[K   required from ‘[01m[Kbool ceres::AutoDiffCostFunction<CostFunctor, kNumResiduals, Ns>::Evaluate(const double* const*, double*, double**) const [with CostFunctor = PoseLandmarkCost; int kNumResiduals = 2; int ...Ns = {3, 2}][m[K’
[01m[K/usr/include/ceres/autodiff_cost_function.h:200:8:[m[K   required from here
[01m[K/usr/include/c++/11/cmath:611:3:[m[K [01;36m[Knote: [m[Kcandidate: ‘[01m[Kconstexpr bool std::isnan(float)[m[K’
  611 |   [01;36m[Kisnan[m[K(float __x)
      |   [01;36m[K^~~~~[m[K
[01m[K/usr/include/c++/11/cmath:611:15:[m[K [01;36m[Knote: [m[K  no known conversion for argument 1 from ‘[01m[Kconst ceres::Jet<double, 5>[m[K’ to ‘[01m[Kfloat[m[K’
  611 |   isnan([01;36m[Kfloat __x[m[K)
      |         [01;36m[K~~~~~~^~~[m[K
[01m[K/usr/include/c++/11/cmath:619:3:[m[K [01;36m[Knote: [m[Kcandidate: ‘[01m[Kconstexpr bool std::isnan(double)[m[K’
  619 |   [01;36m[Kisnan[m[K(double __x)
      |   [01;36m[K^~~~~[m[K
[01m[K/usr/include/c++/11/cmath:619:16:[m[K [01;36m[Knote: [m[K  no known conversion for argument 1 from ‘[01m[Kconst ceres::Jet<double, 5>[m[K’ to ‘[01m[Kdouble[m[K’
  619 |   isnan([01;36m[Kdouble __x[m[K)
      |         [01;36m[K~~~~~~~^~~[m[K
[01m[K/usr/include/c++/11/cmath:624:3:[m[K [01;36m[Knote: [m[Kcandidate: ‘[01m[Kconstexpr bool std::isnan(long double)[m[K’
  624 |   [01;36m[Kisnan[m[K(long double __x)
      |   [01;36m[K^~~~~[m[K
[01m[K/usr/include/c++/11/cmath:624:21:[m[K [01;36m[Knote: [m[K  no known conversion for argument 1 from ‘[01m[Kconst ceres::Jet<double, 5>[m[K’ to ‘[01m[Klong double[m[K’
  624 |   isnan([01;36m[Klong double __x[m[K)
      |         [01;36m[K~~~~~~~~~~~~^~~[m[K
[01m[K/home/kvothe/ros/src/cppp/src/PoseGraphOptimizer.cpp:78:50:[m[K [01;31m[Kerror: [m[Kno matching function for call to ‘[01m[Kisnan(const ceres::Jet<double, 5>&)[m[K’
   78 |             if (std::isnan(pose[0]) || [01;31m[Kstd::isnan(pose[1])[m[K || std::isnan(pose[2]) ||
      |                                        [01;31m[K~~~~~~~~~~^~~~~~~~~[m[K
In file included from [01m[K/opt/ros/humble/include/libstatistics_collector/libstatistics_collector/moving_average_statistics/types.hpp:18[m[K,
                 from [01m[K/opt/ros/humble/include/libstatistics_collector/libstatistics_collector/collector/generate_statistics_message.hpp:24[m[K,
                 from [01m[K/opt/ros/humble/include/rclcpp/rclcpp/topic_statistics/subscription_topic_statistics.hpp:23[m[K,
                 from [01m[K/opt/ros/humble/include/rclcpp/rclcpp/subscription.hpp:50[m[K,
                 from [01m[K/opt/ros/humble/include/rclcpp/rclcpp/any_executable.hpp:25[m[K,
                 from [01m[K/opt/ros/humble/include/rclcpp/rclcpp/memory_strategy.hpp:25[m[K,
                 from [01m[K/opt/ros/humble/include/rclcpp/rclcpp/memory_strategies.hpp:18[m[K,
                 from [01m[K/opt/ros/humble/include/rclcpp/rclcpp/executor_options.hpp:20[m[K,
                 from [01m[K/opt/ros/humble/include/rclcpp/rclcpp/executor.hpp:37[m[K,
                 from [01m[K/opt/ros/humble/include/rclcpp/rclcpp/executors/multi_threaded_executor.hpp:25[m[K,
                 from [01m[K/opt/ros/humble/include/rclcpp/rclcpp/executors.hpp:21[m[K,
                 from [01m[K/opt/ros/humble/include/rclcpp/rclcpp/rclcpp.hpp:155[m[K,
                 from [01m[K/home/kvothe/ros/src/cppp/src/PoseGraphOptimizer.cpp:1[m[K:
[01m[K/usr/include/c++/11/cmath:632:5:[m[K [01;36m[Knote: [m[Kcandidate: ‘[01m[Ktemplate<class _Tp> constexpr typename __gnu_cxx::__enable_if<std::__is_integer<_Tp>::__value, bool>::__type std::isnan(_Tp)[m[K’
  632 |     [01;36m[Kisnan[m[K(_Tp __x)
      |     [01;36m[K^~~~~[m[K
[01m[K/usr/include/c++/11/cmath:632:5:[m[K [01;36m[Knote: [m[K  template argument deduction/substitution failed:
/usr/include/c++/11/cmath: In substitution of ‘[01m[Ktemplate<class _Tp> constexpr typename __gnu_cxx::__enable_if<std::__is_integer<_Tp>::__value, bool>::__type std::isnan(_Tp) [with _Tp = ceres::Jet<double, 5>][m[K’:
[01m[K/home/kvothe/ros/src/cppp/src/PoseGraphOptimizer.cpp:78:50:[m[K   required from ‘[01m[Kbool PoseLandmarkCost::operator()(const T*, const T*, T*) const [with T = ceres::Jet<double, 5>][m[K’
[01m[K/usr/include/ceres/internal/variadic_evaluate.h:57:17:[m[K   required from ‘[01m[Kbool ceres::internal::VariadicEvaluateImpl(const Functor&, const T* const*, T*, std::false_type, std::integer_sequence<int, Indices ...>) [with Functor = PoseLandmarkCost; T = ceres::Jet<double, 5>; int ...Indices = {0, 1}; std::false_type = std::integral_constant<bool, false>][m[K’
[01m[K/usr/include/ceres/internal/variadic_evaluate.h:79:30:[m[K   required from ‘[01m[Kbool ceres::internal::VariadicEvaluateImpl(const Functor&, const T* const*, T*, const void*) [with ParameterDims = ceres::internal::ParameterDims<false, 3, 2>; Functor = PoseLandmarkCost; T = ceres::Jet<double, 5>][m[K’
[01m[K/usr/include/ceres/internal/variadic_evaluate.h:108:45:[m[K   required from ‘[01m[Kbool ceres::internal::VariadicEvaluate(const Functor&, const T* const*, T*) [with ParameterDims = ceres::internal::ParameterDims<false, 3, 2>; Functor = PoseLandmarkCost; T = ceres::Jet<double, 5>][m[K’
[01m[K/usr/include/ceres/internal/autodiff.h:351:39:[m[K   required from ‘[01m[Kbool ceres::internal::AutoDifferentiate(const Functor&, const T* const*, int, T*, T**) [with int kNumResiduals = 2; ParameterDims = ceres::internal::ParameterDims<false, 3, 2>; Functor = PoseLandmarkCost; T = double][m[K’
[01m[K/usr/include/ceres/autodiff_cost_function.h:210:69:[m[K   required from ‘[01m[Kbool ceres::AutoDiffCostFunction<CostFunctor, kNumResiduals, Ns>::Evaluate(const double* const*, double*, double**) const [with CostFunctor = PoseLandmarkCost; int kNumResiduals = 2; int ...Ns = {3, 2}][m[K’
[01m[K/usr/include/ceres/autodiff_cost_function.h:200:8:[m[K   required from here
[01m[K/usr/include/c++/11/cmath:632:5:[m[K [01;31m[Kerror: [m[Kno type named ‘[01m[K__type[m[K’ in ‘[01m[Kstruct __gnu_cxx::__enable_if<false, bool>[m[K’
/home/kvothe/ros/src/cppp/src/PoseGraphOptimizer.cpp: In instantiation of ‘[01m[Kbool PoseLandmarkCost::operator()(const T*, const T*, T*) const [with T = ceres::Jet<double, 5>][m[K’:
[01m[K/usr/include/ceres/internal/variadic_evaluate.h:57:17:[m[K   required from ‘[01m[Kbool ceres::internal::VariadicEvaluateImpl(const Functor&, const T* const*, T*, std::false_type, std::integer_sequence<int, Indices ...>) [with Functor = PoseLandmarkCost; T = ceres::Jet<double, 5>; int ...Indices = {0, 1}; std::false_type = std::integral_constant<bool, false>][m[K’
[01m[K/usr/include/ceres/internal/variadic_evaluate.h:79:30:[m[K   required from ‘[01m[Kbool ceres::internal::VariadicEvaluateImpl(const Functor&, const T* const*, T*, const void*) [with ParameterDims = ceres::internal::ParameterDims<false, 3, 2>; Functor = PoseLandmarkCost; T = ceres::Jet<double, 5>][m[K’
[01m[K/usr/include/ceres/internal/variadic_evaluate.h:108:45:[m[K   required from ‘[01m[Kbool ceres::internal::VariadicEvaluate(const Functor&, const T* const*, T*) [with ParameterDims = ceres::internal::ParameterDims<false, 3, 2>; Functor = PoseLandmarkCost; T = ceres::Jet<double, 5>][m[K’
[01m[K/usr/include/ceres/internal/autodiff.h:351:39:[m[K   required from ‘[01m[Kbool ceres::internal::AutoDifferentiate(const Functor&, const T* const*, int, T*, T**) [with int kNumResiduals = 2; ParameterDims = ceres::internal::ParameterDims<false, 3, 2>; Functor = PoseLandmarkCost; T = double][m[K’
[01m[K/usr/include/ceres/autodiff_cost_function.h:210:69:[m[K   required from ‘[01m[Kbool ceres::AutoDiffCostFunction<CostFunctor, kNumResiduals, Ns>::Evaluate(const double* const*, double*, double**) const [with CostFunctor = PoseLandmarkCost; int kNumResiduals = 2; int ...Ns = {3, 2}][m[K’
[01m[K/usr/include/ceres/autodiff_cost_function.h:200:8:[m[K   required from here
[01m[K/usr/include/c++/11/cmath:611:3:[m[K [01;36m[Knote: [m[Kcandidate: ‘[01m[Kconstexpr bool std::isnan(float)[m[K’
  611 |   [01;36m[Kisnan[m[K(float __x)
      |   [01;36m[K^~~~~[m[K
[01m[K/usr/include/c++/11/cmath:611:15:[m[K [01;36m[Knote: [m[K  no known conversion for argument 1 from ‘[01m[Kconst ceres::Jet<double, 5>[m[K’ to ‘[01m[Kfloat[m[K’
  611 |   isnan([01;36m[Kfloat __x[m[K)
      |         [01;36m[K~~~~~~^~~[m[K
[01m[K/usr/include/c++/11/cmath:619:3:[m[K [01;36m[Knote: [m[Kcandidate: ‘[01m[Kconstexpr bool std::isnan(double)[m[K’
  619 |   [01;36m[Kisnan[m[K(double __x)
      |   [01;36m[K^~~~~[m[K
[01m[K/usr/include/c++/11/cmath:619:16:[m[K [01;36m[Knote: [m[K  no known conversion for argument 1 from ‘[01m[Kconst ceres::Jet<double, 5>[m[K’ to ‘[01m[Kdouble[m[K’
  619 |   isnan([01;36m[Kdouble __x[m[K)
      |         [01;36m[K~~~~~~~^~~[m[K
[01m[K/usr/include/c++/11/cmath:624:3:[m[K [01;36m[Knote: [m[Kcandidate: ‘[01m[Kconstexpr bool std::isnan(long double)[m[K’
  624 |   [01;36m[Kisnan[m[K(long double __x)
      |   [01;36m[K^~~~~[m[K
[01m[K/usr/include/c++/11/cmath:624:21:[m[K [01;36m[Knote: [m[K  no known conversion for argument 1 from ‘[01m[Kconst ceres::Jet<double, 5>[m[K’ to ‘[01m[Klong double[m[K’
  624 |   isnan([01;36m[Klong double __x[m[K)
      |         [01;36m[K~~~~~~~~~~~~^~~[m[K
[01m[K/home/kvothe/ros/src/cppp/src/PoseGraphOptimizer.cpp:78:73:[m[K [01;31m[Kerror: [m[Kno matching function for call to ‘[01m[Kisnan(const ceres::Jet<double, 5>&)[m[K’
   78 |             if (std::isnan(pose[0]) || std::isnan(pose[1]) || [01;31m[Kstd::isnan(pose[2])[m[K ||
      |                                                               [01;31m[K~~~~~~~~~~^~~~~~~~~[m[K
In file included from [01m[K/opt/ros/humble/include/libstatistics_collector/libstatistics_collector/moving_average_statistics/types.hpp:18[m[K,
                 from [01m[K/opt/ros/humble/include/libstatistics_collector/libstatistics_collector/collector/generate_statistics_message.hpp:24[m[K,
                 from [01m[K/opt/ros/humble/include/rclcpp/rclcpp/topic_statistics/subscription_topic_statistics.hpp:23[m[K,
                 from [01m[K/opt/ros/humble/include/rclcpp/rclcpp/subscription.hpp:50[m[K,
                 from [01m[K/opt/ros/humble/include/rclcpp/rclcpp/any_executable.hpp:25[m[K,
                 from [01m[K/opt/ros/humble/include/rclcpp/rclcpp/memory_strategy.hpp:25[m[K,
                 from [01m[K/opt/ros/humble/include/rclcpp/rclcpp/memory_strategies.hpp:18[m[K,
                 from [01m[K/opt/ros/humble/include/rclcpp/rclcpp/executor_options.hpp:20[m[K,
                 from [01m[K/opt/ros/humble/include/rclcpp/rclcpp/executor.hpp:37[m[K,
                 from [01m[K/opt/ros/humble/include/rclcpp/rclcpp/executors/multi_threaded_executor.hpp:25[m[K,
                 from [01m[K/opt/ros/humble/include/rclcpp/rclcpp/executors.hpp:21[m[K,
                 from [01m[K/opt/ros/humble/include/rclcpp/rclcpp/rclcpp.hpp:155[m[K,
                 from [01m[K/home/kvothe/ros/src/cppp/src/PoseGraphOptimizer.cpp:1[m[K:
[01m[K/usr/include/c++/11/cmath:632:5:[m[K [01;36m[Knote: [m[Kcandidate: ‘[01m[Ktemplate<class _Tp> constexpr typename __gnu_cxx::__enable_if<std::__is_integer<_Tp>::__value, bool>::__type std::isnan(_Tp)[m[K’
  632 |     [01;36m[Kisnan[m[K(_Tp __x)
      |     [01;36m[K^~~~~[m[K
[01m[K/usr/include/c++/11/cmath:632:5:[m[K [01;36m[Knote: [m[K  template argument deduction/substitution failed:
/usr/include/c++/11/cmath: In substitution of ‘[01m[Ktemplate<class _Tp> constexpr typename __gnu_cxx::__enable_if<std::__is_integer<_Tp>::__value, bool>::__type std::isnan(_Tp) [with _Tp = ceres::Jet<double, 5>][m[K’:
[01m[K/home/kvothe/ros/src/cppp/src/PoseGraphOptimizer.cpp:78:73:[m[K   required from ‘[01m[Kbool PoseLandmarkCost::operator()(const T*, const T*, T*) const [with T = ceres::Jet<double, 5>][m[K’
[01m[K/usr/include/ceres/internal/variadic_evaluate.h:57:17:[m[K   required from ‘[01m[Kbool ceres::internal::VariadicEvaluateImpl(const Functor&, const T* const*, T*, std::false_type, std::integer_sequence<int, Indices ...>) [with Functor = PoseLandmarkCost; T = ceres::Jet<double, 5>; int ...Indices = {0, 1}; std::false_type = std::integral_constant<bool, false>][m[K’
[01m[K/usr/include/ceres/internal/variadic_evaluate.h:79:30:[m[K   required from ‘[01m[Kbool ceres::internal::VariadicEvaluateImpl(const Functor&, const T* const*, T*, const void*) [with ParameterDims = ceres::internal::ParameterDims<false, 3, 2>; Functor = PoseLandmarkCost; T = ceres::Jet<double, 5>][m[K’
[01m[K/usr/include/ceres/internal/variadic_evaluate.h:108:45:[m[K   required from ‘[01m[Kbool ceres::internal::VariadicEvaluate(const Functor&, const T* const*, T*) [with ParameterDims = ceres::internal::ParameterDims<false, 3, 2>; Functor = PoseLandmarkCost; T = ceres::Jet<double, 5>][m[K’
[01m[K/usr/include/ceres/internal/autodiff.h:351:39:[m[K   required from ‘[01m[Kbool ceres::internal::AutoDifferentiate(const Functor&, const T* const*, int, T*, T**) [with int kNumResiduals = 2; ParameterDims = ceres::internal::ParameterDims<false, 3, 2>; Functor = PoseLandmarkCost; T = double][m[K’
[01m[K/usr/include/ceres/autodiff_cost_function.h:210:69:[m[K   required from ‘[01m[Kbool ceres::AutoDiffCostFunction<CostFunctor, kNumResiduals, Ns>::Evaluate(const double* const*, double*, double**) const [with CostFunctor = PoseLandmarkCost; int kNumResiduals = 2; int ...Ns = {3, 2}][m[K’
[01m[K/usr/include/ceres/autodiff_cost_function.h:200:8:[m[K   required from here
[01m[K/usr/include/c++/11/cmath:632:5:[m[K [01;31m[Kerror: [m[Kno type named ‘[01m[K__type[m[K’ in ‘[01m[Kstruct __gnu_cxx::__enable_if<false, bool>[m[K’
/home/kvothe/ros/src/cppp/src/PoseGraphOptimizer.cpp: In instantiation of ‘[01m[Kbool PoseLandmarkCost::operator()(const T*, const T*, T*) const [with T = ceres::Jet<double, 5>][m[K’:
[01m[K/usr/include/ceres/internal/variadic_evaluate.h:57:17:[m[K   required from ‘[01m[Kbool ceres::internal::VariadicEvaluateImpl(const Functor&, const T* const*, T*, std::false_type, std::integer_sequence<int, Indices ...>) [with Functor = PoseLandmarkCost; T = ceres::Jet<double, 5>; int ...Indices = {0, 1}; std::false_type = std::integral_constant<bool, false>][m[K’
[01m[K/usr/include/ceres/internal/variadic_evaluate.h:79:30:[m[K   required from ‘[01m[Kbool ceres::internal::VariadicEvaluateImpl(const Functor&, const T* const*, T*, const void*) [with ParameterDims = ceres::internal::ParameterDims<false, 3, 2>; Functor = PoseLandmarkCost; T = ceres::Jet<double, 5>][m[K’
[01m[K/usr/include/ceres/internal/variadic_evaluate.h:108:45:[m[K   required from ‘[01m[Kbool ceres::internal::VariadicEvaluate(const Functor&, const T* const*, T*) [with ParameterDims = ceres::internal::ParameterDims<false, 3, 2>; Functor = PoseLandmarkCost; T = ceres::Jet<double, 5>][m[K’
[01m[K/usr/include/ceres/internal/autodiff.h:351:39:[m[K   required from ‘[01m[Kbool ceres::internal::AutoDifferentiate(const Functor&, const T* const*, int, T*, T**) [with int kNumResiduals = 2; ParameterDims = ceres::internal::ParameterDims<false, 3, 2>; Functor = PoseLandmarkCost; T = double][m[K’
[01m[K/usr/include/ceres/autodiff_cost_function.h:210:69:[m[K   required from ‘[01m[Kbool ceres::AutoDiffCostFunction<CostFunctor, kNumResiduals, Ns>::Evaluate(const double* const*, double*, double**) const [with CostFunctor = PoseLandmarkCost; int kNumResiduals = 2; int ...Ns = {3, 2}][m[K’
[01m[K/usr/include/ceres/autodiff_cost_function.h:200:8:[m[K   required from here
[01m[K/usr/include/c++/11/cmath:611:3:[m[K [01;36m[Knote: [m[Kcandidate: ‘[01m[Kconstexpr bool std::isnan(float)[m[K’
  611 |   [01;36m[Kisnan[m[K(float __x)
      |   [01;36m[K^~~~~[m[K
[01m[K/usr/include/c++/11/cmath:611:15:[m[K [01;36m[Knote: [m[K  no known conversion for argument 1 from ‘[01m[Kconst ceres::Jet<double, 5>[m[K’ to ‘[01m[Kfloat[m[K’
  611 |   isnan([01;36m[Kfloat __x[m[K)
      |         [01;36m[K~~~~~~^~~[m[K
[01m[K/usr/include/c++/11/cmath:619:3:[m[K [01;36m[Knote: [m[Kcandidate: ‘[01m[Kconstexpr bool std::isnan(double)[m[K’
  619 |   [01;36m[Kisnan[m[K(double __x)
      |   [01;36m[K^~~~~[m[K
[01m[K/usr/include/c++/11/cmath:619:16:[m[K [01;36m[Knote: [m[K  no known conversion for argument 1 from ‘[01m[Kconst ceres::Jet<double, 5>[m[K’ to ‘[01m[Kdouble[m[K’
  619 |   isnan([01;36m[Kdouble __x[m[K)
      |         [01;36m[K~~~~~~~^~~[m[K
[01m[K/usr/include/c++/11/cmath:624:3:[m[K [01;36m[Knote: [m[Kcandidate: ‘[01m[Kconstexpr bool std::isnan(long double)[m[K’
  624 |   [01;36m[Kisnan[m[K(long double __x)
      |   [01;36m[K^~~~~[m[K
[01m[K/usr/include/c++/11/cmath:624:21:[m[K [01;36m[Knote: [m[K  no known conversion for argument 1 from ‘[01m[Kconst ceres::Jet<double, 5>[m[K’ to ‘[01m[Klong double[m[K’
  624 |   isnan([01;36m[Klong double __x[m[K)
      |         [01;36m[K~~~~~~~~~~~~^~~[m[K
[01m[K/home/kvothe/ros/src/cppp/src/PoseGraphOptimizer.cpp:79:27:[m[K [01;31m[Kerror: [m[Kno matching function for call to ‘[01m[Kisnan(const ceres::Jet<double, 5>&)[m[K’
   79 |                 [01;31m[Kstd::isnan(landmark[0])[m[K || std::isnan(landmark[1])) {
      |                 [01;31m[K~~~~~~~~~~^~~~~~~~~~~~~[m[K
In file included from [01m[K/opt/ros/humble/include/libstatistics_collector/libstatistics_collector/moving_average_statistics/types.hpp:18[m[K,
                 from [01m[K/opt/ros/humble/include/libstatistics_collector/libstatistics_collector/collector/generate_statistics_message.hpp:24[m[K,
                 from [01m[K/opt/ros/humble/include/rclcpp/rclcpp/topic_statistics/subscription_topic_statistics.hpp:23[m[K,
                 from [01m[K/opt/ros/humble/include/rclcpp/rclcpp/subscription.hpp:50[m[K,
                 from [01m[K/opt/ros/humble/include/rclcpp/rclcpp/any_executable.hpp:25[m[K,
                 from [01m[K/opt/ros/humble/include/rclcpp/rclcpp/memory_strategy.hpp:25[m[K,
                 from [01m[K/opt/ros/humble/include/rclcpp/rclcpp/memory_strategies.hpp:18[m[K,
                 from [01m[K/opt/ros/humble/include/rclcpp/rclcpp/executor_options.hpp:20[m[K,
                 from [01m[K/opt/ros/humble/include/rclcpp/rclcpp/executor.hpp:37[m[K,
                 from [01m[K/opt/ros/humble/include/rclcpp/rclcpp/executors/multi_threaded_executor.hpp:25[m[K,
                 from [01m[K/opt/ros/humble/include/rclcpp/rclcpp/executors.hpp:21[m[K,
                 from [01m[K/opt/ros/humble/include/rclcpp/rclcpp/rclcpp.hpp:155[m[K,
                 from [01m[K/home/kvothe/ros/src/cppp/src/PoseGraphOptimizer.cpp:1[m[K:
[01m[K/usr/include/c++/11/cmath:632:5:[m[K [01;36m[Knote: [m[Kcandidate: ‘[01m[Ktemplate<class _Tp> constexpr typename __gnu_cxx::__enable_if<std::__is_integer<_Tp>::__value, bool>::__type std::isnan(_Tp)[m[K’
  632 |     [01;36m[Kisnan[m[K(_Tp __x)
      |     [01;36m[K^~~~~[m[K
[01m[K/usr/include/c++/11/cmath:632:5:[m[K [01;36m[Knote: [m[K  template argument deduction/substitution failed:
/usr/include/c++/11/cmath: In substitution of ‘[01m[Ktemplate<class _Tp> constexpr typename __gnu_cxx::__enable_if<std::__is_integer<_Tp>::__value, bool>::__type std::isnan(_Tp) [with _Tp = ceres::Jet<double, 5>][m[K’:
[01m[K/home/kvothe/ros/src/cppp/src/PoseGraphOptimizer.cpp:79:27:[m[K   required from ‘[01m[Kbool PoseLandmarkCost::operator()(const T*, const T*, T*) const [with T = ceres::Jet<double, 5>][m[K’
[01m[K/usr/include/ceres/internal/variadic_evaluate.h:57:17:[m[K   required from ‘[01m[Kbool ceres::internal::VariadicEvaluateImpl(const Functor&, const T* const*, T*, std::false_type, std::integer_sequence<int, Indices ...>) [with Functor = PoseLandmarkCost; T = ceres::Jet<double, 5>; int ...Indices = {0, 1}; std::false_type = std::integral_constant<bool, false>][m[K’
[01m[K/usr/include/ceres/internal/variadic_evaluate.h:79:30:[m[K   required from ‘[01m[Kbool ceres::internal::VariadicEvaluateImpl(const Functor&, const T* const*, T*, const void*) [with ParameterDims = ceres::internal::ParameterDims<false, 3, 2>; Functor = PoseLandmarkCost; T = ceres::Jet<double, 5>][m[K’
[01m[K/usr/include/ceres/internal/variadic_evaluate.h:108:45:[m[K   required from ‘[01m[Kbool ceres::internal::VariadicEvaluate(const Functor&, const T* const*, T*) [with ParameterDims = ceres::internal::ParameterDims<false, 3, 2>; Functor = PoseLandmarkCost; T = ceres::Jet<double, 5>][m[K’
[01m[K/usr/include/ceres/internal/autodiff.h:351:39:[m[K   required from ‘[01m[Kbool ceres::internal::AutoDifferentiate(const Functor&, const T* const*, int, T*, T**) [with int kNumResiduals = 2; ParameterDims = ceres::internal::ParameterDims<false, 3, 2>; Functor = PoseLandmarkCost; T = double][m[K’
[01m[K/usr/include/ceres/autodiff_cost_function.h:210:69:[m[K   required from ‘[01m[Kbool ceres::AutoDiffCostFunction<CostFunctor, kNumResiduals, Ns>::Evaluate(const double* const*, double*, double**) const [with CostFunctor = PoseLandmarkCost; int kNumResiduals = 2; int ...Ns = {3, 2}][m[K’
[01m[K/usr/include/ceres/autodiff_cost_function.h:200:8:[m[K   required from here
[01m[K/usr/include/c++/11/cmath:632:5:[m[K [01;31m[Kerror: [m[Kno type named ‘[01m[K__type[m[K’ in ‘[01m[Kstruct __gnu_cxx::__enable_if<false, bool>[m[K’
/home/kvothe/ros/src/cppp/src/PoseGraphOptimizer.cpp: In instantiation of ‘[01m[Kbool PoseLandmarkCost::operator()(const T*, const T*, T*) const [with T = ceres::Jet<double, 5>][m[K’:
[01m[K/usr/include/ceres/internal/variadic_evaluate.h:57:17:[m[K   required from ‘[01m[Kbool ceres::internal::VariadicEvaluateImpl(const Functor&, const T* const*, T*, std::false_type, std::integer_sequence<int, Indices ...>) [with Functor = PoseLandmarkCost; T = ceres::Jet<double, 5>; int ...Indices = {0, 1}; std::false_type = std::integral_constant<bool, false>][m[K’
[01m[K/usr/include/ceres/internal/variadic_evaluate.h:79:30:[m[K   required from ‘[01m[Kbool ceres::internal::VariadicEvaluateImpl(const Functor&, const T* const*, T*, const void*) [with ParameterDims = ceres::internal::ParameterDims<false, 3, 2>; Functor = PoseLandmarkCost; T = ceres::Jet<double, 5>][m[K’
[01m[K/usr/include/ceres/internal/variadic_evaluate.h:108:45:[m[K   required from ‘[01m[Kbool ceres::internal::VariadicEvaluate(const Functor&, const T* const*, T*) [with ParameterDims = ceres::internal::ParameterDims<false, 3, 2>; Functor = PoseLandmarkCost; T = ceres::Jet<double, 5>][m[K’
[01m[K/usr/include/ceres/internal/autodiff.h:351:39:[m[K   required from ‘[01m[Kbool ceres::internal::AutoDifferentiate(const Functor&, const T* const*, int, T*, T**) [with int kNumResiduals = 2; ParameterDims = ceres::internal::ParameterDims<false, 3, 2>; Functor = PoseLandmarkCost; T = double][m[K’
[01m[K/usr/include/ceres/autodiff_cost_function.h:210:69:[m[K   required from ‘[01m[Kbool ceres::AutoDiffCostFunction<CostFunctor, kNumResiduals, Ns>::Evaluate(const double* const*, double*, double**) const [with CostFunctor = PoseLandmarkCost; int kNumResiduals = 2; int ...Ns = {3, 2}][m[K’
[01m[K/usr/include/ceres/autodiff_cost_function.h:200:8:[m[K   required from here
[01m[K/usr/include/c++/11/cmath:611:3:[m[K [01;36m[Knote: [m[Kcandidate: ‘[01m[Kconstexpr bool std::isnan(float)[m[K’
  611 |   [01;36m[Kisnan[m[K(float __x)
      |   [01;36m[K^~~~~[m[K
[01m[K/usr/include/c++/11/cmath:611:15:[m[K [01;36m[Knote: [m[K  no known conversion for argument 1 from ‘[01m[Kconst ceres::Jet<double, 5>[m[K’ to ‘[01m[Kfloat[m[K’
  611 |   isnan([01;36m[Kfloat __x[m[K)
      |         [01;36m[K~~~~~~^~~[m[K
[01m[K/usr/include/c++/11/cmath:619:3:[m[K [01;36m[Knote: [m[Kcandidate: ‘[01m[Kconstexpr bool std::isnan(double)[m[K’
  619 |   [01;36m[Kisnan[m[K(double __x)
      |   [01;36m[K^~~~~[m[K
[01m[K/usr/include/c++/11/cmath:619:16:[m[K [01;36m[Knote: [m[K  no known conversion for argument 1 from ‘[01m[Kconst ceres::Jet<double, 5>[m[K’ to ‘[01m[Kdouble[m[K’
  619 |   isnan([01;36m[Kdouble __x[m[K)
      |         [01;36m[K~~~~~~~^~~[m[K
[01m[K/usr/include/c++/11/cmath:624:3:[m[K [01;36m[Knote: [m[Kcandidate: ‘[01m[Kconstexpr bool std::isnan(long double)[m[K’
  624 |   [01;36m[Kisnan[m[K(long double __x)
      |   [01;36m[K^~~~~[m[K
[01m[K/usr/include/c++/11/cmath:624:21:[m[K [01;36m[Knote: [m[K  no known conversion for argument 1 from ‘[01m[Kconst ceres::Jet<double, 5>[m[K’ to ‘[01m[Klong double[m[K’
  624 |   isnan([01;36m[Klong double __x[m[K)
      |         [01;36m[K~~~~~~~~~~~~^~~[m[K
[01m[K/home/kvothe/ros/src/cppp/src/PoseGraphOptimizer.cpp:79:54:[m[K [01;31m[Kerror: [m[Kno matching function for call to ‘[01m[Kisnan(const ceres::Jet<double, 5>&)[m[K’
   79 |                 std::isnan(landmark[0]) || [01;31m[Kstd::isnan(landmark[1])[m[K) {
      |                                            [01;31m[K~~~~~~~~~~^~~~~~~~~~~~~[m[K
In file included from [01m[K/opt/ros/humble/include/libstatistics_collector/libstatistics_collector/moving_average_statistics/types.hpp:18[m[K,
                 from [01m[K/opt/ros/humble/include/libstatistics_collector/libstatistics_collector/collector/generate_statistics_message.hpp:24[m[K,
                 from [01m[K/opt/ros/humble/include/rclcpp/rclcpp/topic_statistics/subscription_topic_statistics.hpp:23[m[K,
                 from [01m[K/opt/ros/humble/include/rclcpp/rclcpp/subscription.hpp:50[m[K,
                 from [01m[K/opt/ros/humble/include/rclcpp/rclcpp/any_executable.hpp:25[m[K,
                 from [01m[K/opt/ros/humble/include/rclcpp/rclcpp/memory_strategy.hpp:25[m[K,
                 from [01m[K/opt/ros/humble/include/rclcpp/rclcpp/memory_strategies.hpp:18[m[K,
                 from [01m[K/opt/ros/humble/include/rclcpp/rclcpp/executor_options.hpp:20[m[K,
                 from [01m[K/opt/ros/humble/include/rclcpp/rclcpp/executor.hpp:37[m[K,
                 from [01m[K/opt/ros/humble/include/rclcpp/rclcpp/executors/multi_threaded_executor.hpp:25[m[K,
                 from [01m[K/opt/ros/humble/include/rclcpp/rclcpp/executors.hpp:21[m[K,
                 from [01m[K/opt/ros/humble/include/rclcpp/rclcpp/rclcpp.hpp:155[m[K,
                 from [01m[K/home/kvothe/ros/src/cppp/src/PoseGraphOptimizer.cpp:1[m[K:
[01m[K/usr/include/c++/11/cmath:632:5:[m[K [01;36m[Knote: [m[Kcandidate: ‘[01m[Ktemplate<class _Tp> constexpr typename __gnu_cxx::__enable_if<std::__is_integer<_Tp>::__value, bool>::__type std::isnan(_Tp)[m[K’
  632 |     [01;36m[Kisnan[m[K(_Tp __x)
      |     [01;36m[K^~~~~[m[K
[01m[K/usr/include/c++/11/cmath:632:5:[m[K [01;36m[Knote: [m[K  template argument deduction/substitution failed:
/usr/include/c++/11/cmath: In substitution of ‘[01m[Ktemplate<class _Tp> constexpr typename __gnu_cxx::__enable_if<std::__is_integer<_Tp>::__value, bool>::__type std::isnan(_Tp) [with _Tp = ceres::Jet<double, 5>][m[K’:
[01m[K/home/kvothe/ros/src/cppp/src/PoseGraphOptimizer.cpp:79:54:[m[K   required from ‘[01m[Kbool PoseLandmarkCost::operator()(const T*, const T*, T*) const [with T = ceres::Jet<double, 5>][m[K’
[01m[K/usr/include/ceres/internal/variadic_evaluate.h:57:17:[m[K   required from ‘[01m[Kbool ceres::internal::VariadicEvaluateImpl(const Functor&, const T* const*, T*, std::false_type, std::integer_sequence<int, Indices ...>) [with Functor = PoseLandmarkCost; T = ceres::Jet<double, 5>; int ...Indices = {0, 1}; std::false_type = std::integral_constant<bool, false>][m[K’
[01m[K/usr/include/ceres/internal/variadic_evaluate.h:79:30:[m[K   required from ‘[01m[Kbool ceres::internal::VariadicEvaluateImpl(const Functor&, const T* const*, T*, const void*) [with ParameterDims = ceres::internal::ParameterDims<false, 3, 2>; Functor = PoseLandmarkCost; T = ceres::Jet<double, 5>][m[K’
[01m[K/usr/include/ceres/internal/variadic_evaluate.h:108:45:[m[K   required from ‘[01m[Kbool ceres::internal::VariadicEvaluate(const Functor&, const T* const*, T*) [with ParameterDims = ceres::internal::ParameterDims<false, 3, 2>; Functor = PoseLandmarkCost; T = ceres::Jet<double, 5>][m[K’
[01m[K/usr/include/ceres/internal/autodiff.h:351:39:[m[K   required from ‘[01m[Kbool ceres::internal::AutoDifferentiate(const Functor&, const T* const*, int, T*, T**) [with int kNumResiduals = 2; ParameterDims = ceres::internal::ParameterDims<false, 3, 2>; Functor = PoseLandmarkCost; T = double][m[K’
[01m[K/usr/include/ceres/autodiff_cost_function.h:210:69:[m[K   required from ‘[01m[Kbool ceres::AutoDiffCostFunction<CostFunctor, kNumResiduals, Ns>::Evaluate(const double* const*, double*, double**) const [with CostFunctor = PoseLandmarkCost; int kNumResiduals = 2; int ...Ns = {3, 2}][m[K’
[01m[K/usr/include/ceres/autodiff_cost_function.h:200:8:[m[K   required from here
[01m[K/usr/include/c++/11/cmath:632:5:[m[K [01;31m[Kerror: [m[Kno type named ‘[01m[K__type[m[K’ in ‘[01m[Kstruct __gnu_cxx::__enable_if<false, bool>[m[K’
/home/kvothe/ros/src/cppp/src/PoseGraphOptimizer.cpp: In instantiation of ‘[01m[Kbool PoseLandmarkCost::operator()(const T*, const T*, T*) const [with T = ceres::Jet<double, 5>][m[K’:
[01m[K/usr/include/ceres/internal/variadic_evaluate.h:57:17:[m[K   required from ‘[01m[Kbool ceres::internal::VariadicEvaluateImpl(const Functor&, const T* const*, T*, std::false_type, std::integer_sequence<int, Indices ...>) [with Functor = PoseLandmarkCost; T = ceres::Jet<double, 5>; int ...Indices = {0, 1}; std::false_type = std::integral_constant<bool, false>][m[K’
[01m[K/usr/include/ceres/internal/variadic_evaluate.h:79:30:[m[K   required from ‘[01m[Kbool ceres::internal::VariadicEvaluateImpl(const Functor&, const T* const*, T*, const void*) [with ParameterDims = ceres::internal::ParameterDims<false, 3, 2>; Functor = PoseLandmarkCost; T = ceres::Jet<double, 5>][m[K’
[01m[K/usr/include/ceres/internal/variadic_evaluate.h:108:45:[m[K   required from ‘[01m[Kbool ceres::internal::VariadicEvaluate(const Functor&, const T* const*, T*) [with ParameterDims = ceres::internal::ParameterDims<false, 3, 2>; Functor = PoseLandmarkCost; T = ceres::Jet<double, 5>][m[K’
[01m[K/usr/include/ceres/internal/autodiff.h:351:39:[m[K   required from ‘[01m[Kbool ceres::internal::AutoDifferentiate(const Functor&, const T* const*, int, T*, T**) [with int kNumResiduals = 2; ParameterDims = ceres::internal::ParameterDims<false, 3, 2>; Functor = PoseLandmarkCost; T = double][m[K’
[01m[K/usr/include/ceres/autodiff_cost_function.h:210:69:[m[K   required from ‘[01m[Kbool ceres::AutoDiffCostFunction<CostFunctor, kNumResiduals, Ns>::Evaluate(const double* const*, double*, double**) const [with CostFunctor = PoseLandmarkCost; int kNumResiduals = 2; int ...Ns = {3, 2}][m[K’
[01m[K/usr/include/ceres/autodiff_cost_function.h:200:8:[m[K   required from here
[01m[K/usr/include/c++/11/cmath:611:3:[m[K [01;36m[Knote: [m[Kcandidate: ‘[01m[Kconstexpr bool std::isnan(float)[m[K’
  611 |   [01;36m[Kisnan[m[K(float __x)
      |   [01;36m[K^~~~~[m[K
[01m[K/usr/include/c++/11/cmath:611:15:[m[K [01;36m[Knote: [m[K  no known conversion for argument 1 from ‘[01m[Kconst ceres::Jet<double, 5>[m[K’ to ‘[01m[Kfloat[m[K’
  611 |   isnan([01;36m[Kfloat __x[m[K)
      |         [01;36m[K~~~~~~^~~[m[K
[01m[K/usr/include/c++/11/cmath:619:3:[m[K [01;36m[Knote: [m[Kcandidate: ‘[01m[Kconstexpr bool std::isnan(double)[m[K’
  619 |   [01;36m[Kisnan[m[K(double __x)
      |   [01;36m[K^~~~~[m[K
[01m[K/usr/include/c++/11/cmath:619:16:[m[K [01;36m[Knote: [m[K  no known conversion for argument 1 from ‘[01m[Kconst ceres::Jet<double, 5>[m[K’ to ‘[01m[Kdouble[m[K’
  619 |   isnan([01;36m[Kdouble __x[m[K)
      |         [01;36m[K~~~~~~~^~~[m[K
[01m[K/usr/include/c++/11/cmath:624:3:[m[K [01;36m[Knote: [m[Kcandidate: ‘[01m[Kconstexpr bool std::isnan(long double)[m[K’
  624 |   [01;36m[Kisnan[m[K(long double __x)
      |   [01;36m[K^~~~~[m[K
[01m[K/usr/include/c++/11/cmath:624:21:[m[K [01;36m[Knote: [m[K  no known conversion for argument 1 from ‘[01m[Kconst ceres::Jet<double, 5>[m[K’ to ‘[01m[Klong double[m[K’
  624 |   isnan([01;36m[Klong double __x[m[K)
      |         [01;36m[K~~~~~~~~~~~~^~~[m[K
gmake[2]: *** [CMakeFiles/PoseGraphOptimizer.dir/build.make:76: CMakeFiles/PoseGraphOptimizer.dir/src/PoseGraphOptimizer.cpp.o] Error 1
gmake[1]: *** [CMakeFiles/Makefile2:389: CMakeFiles/PoseGraphOptimizer.dir/all] Error 2
gmake: *** [Makefile:146: all] Error 2
