[0.020s] Invoking command in '/home/kvothe/ros/build/robot_description': CMAKE_PREFIX_PATH=${CMAKE_PREFIX_PATH}:/home/kvothe/ros/install/soma:/home/kvothe/ros/install/sensor_management:/home/kvothe/ros/install/robot_control:/opt/ros/humble /usr/bin/cmake --build /home/kvothe/ros/build/robot_description -- -j12 -l12
[0.272s] Invoked command in '/home/kvothe/ros/build/robot_description' returned '0': CMAKE_PREFIX_PATH=${CMAKE_PREFIX_PATH}:/home/kvothe/ros/install/soma:/home/kvothe/ros/install/sensor_management:/home/kvothe/ros/install/robot_control:/opt/ros/humble /usr/bin/cmake --build /home/kvothe/ros/build/robot_description -- -j12 -l12
[0.283s] Invoking command in '/home/kvothe/ros/build/robot_description': CMAKE_PREFIX_PATH=${CMAKE_PREFIX_PATH}:/home/kvothe/ros/install/soma:/home/kvothe/ros/install/sensor_management:/home/kvothe/ros/install/robot_control:/opt/ros/humble /usr/bin/cmake --install /home/kvothe/ros/build/robot_description
[0.290s] -- Install configuration: ""
[0.290s] -- Execute custom install script
[0.291s] -- Up-to-date symlink: /home/kvothe/ros/install/robot_description/share/robot_description/models/Crawler/model.config
[0.291s] -- Up-to-date symlink: /home/kvothe/ros/install/robot_description/share/robot_description/models/Crawler/model.sdf
[0.292s] -- Up-to-date symlink: /home/kvothe/ros/install/robot_description/share/robot_description/models/DummySt/model.config
[0.292s] -- Up-to-date symlink: /home/kvothe/ros/install/robot_description/share/robot_description/models/DummySt/model.sdf
[0.292s] -- Up-to-date symlink: /home/kvothe/ros/install/robot_description/share/robot_description/environment/robot_description.dsv
[0.292s] -- Up-to-date symlink: /home/kvothe/ros/install/robot_description/share/robot_description/environment/robot_description.sh
[0.292s] -- Up-to-date symlink: /home/kvothe/ros/install/robot_description/share/ament_index/resource_index/package_run_dependencies/robot_description
[0.292s] -- Up-to-date symlink: /home/kvothe/ros/install/robot_description/share/ament_index/resource_index/parent_prefix_path/robot_description
[0.292s] -- Up-to-date symlink: /home/kvothe/ros/install/robot_description/share/robot_description/environment/ament_prefix_path.sh
[0.293s] -- Up-to-date symlink: /home/kvothe/ros/install/robot_description/share/robot_description/environment/ament_prefix_path.dsv
[0.293s] -- Up-to-date symlink: /home/kvothe/ros/install/robot_description/share/robot_description/environment/path.sh
[0.293s] -- Up-to-date symlink: /home/kvothe/ros/install/robot_description/share/robot_description/environment/path.dsv
[0.293s] -- Up-to-date symlink: /home/kvothe/ros/install/robot_description/share/robot_description/local_setup.bash
[0.293s] -- Up-to-date symlink: /home/kvothe/ros/install/robot_description/share/robot_description/local_setup.sh
[0.293s] -- Up-to-date symlink: /home/kvothe/ros/install/robot_description/share/robot_description/local_setup.zsh
[0.294s] -- Up-to-date symlink: /home/kvothe/ros/install/robot_description/share/robot_description/local_setup.dsv
[0.294s] -- Symlinking: /home/kvothe/ros/install/robot_description/share/robot_description/package.dsv
[0.304s] -- Up-to-date symlink: /home/kvothe/ros/install/robot_description/share/ament_index/resource_index/packages/robot_description
[0.304s] -- Up-to-date symlink: /home/kvothe/ros/install/robot_description/share/robot_description/cmake/robot_descriptionConfig.cmake
[0.304s] -- Up-to-date symlink: /home/kvothe/ros/install/robot_description/share/robot_description/cmake/robot_descriptionConfig-version.cmake
[0.304s] -- Up-to-date symlink: /home/kvothe/ros/install/robot_description/share/robot_description/package.xml
[0.306s] Invoked command in '/home/kvothe/ros/build/robot_description' returned '0': CMAKE_PREFIX_PATH=${CMAKE_PREFIX_PATH}:/home/kvothe/ros/install/soma:/home/kvothe/ros/install/sensor_management:/home/kvothe/ros/install/robot_control:/opt/ros/humble /usr/bin/cmake --install /home/kvothe/ros/build/robot_description
