[1.693s] Invoking command in '/home/kvothe/ros/src/robot_control': PYTHONPATH=/home/kvothe/ros/build/robot_control/prefix_override:/usr/lib/python3/dist-packages/colcon_core/task/python/colcon_distutils_commands:/home/kvothe/ros/install/robot_control/lib/python3.10/site-packages:${PYTHONPATH} /usr/bin/python3 -W ignore:setup.py install is deprecated -W ignore:easy_install command is deprecated setup.py egg_info --egg-base ../../build/robot_control build --build-base /home/kvothe/ros/build/robot_control/build install --record /home/kvothe/ros/build/robot_control/install.log --single-version-externally-managed install_data
[2.044s] running egg_info
[2.045s] writing ../../build/robot_control/robot_control.egg-info/PKG-INFO
[2.045s] writing dependency_links to ../../build/robot_control/robot_control.egg-info/dependency_links.txt
[2.045s] writing entry points to ../../build/robot_control/robot_control.egg-info/entry_points.txt
[2.046s] writing requirements to ../../build/robot_control/robot_control.egg-info/requires.txt
[2.046s] writing top-level names to ../../build/robot_control/robot_control.egg-info/top_level.txt
[2.048s] reading manifest file '../../build/robot_control/robot_control.egg-info/SOURCES.txt'
[2.050s] writing manifest file '../../build/robot_control/robot_control.egg-info/SOURCES.txt'
[2.050s] running build
[2.050s] running build_py
[2.050s] running install
[2.051s] running install_lib
[2.052s] running install_data
[2.053s] running install_egg_info
[2.056s] removing '/home/kvothe/ros/install/robot_control/lib/python3.10/site-packages/robot_control-0.0.0-py3.10.egg-info' (and everything under it)
[2.057s] Copying ../../build/robot_control/robot_control.egg-info to /home/kvothe/ros/install/robot_control/lib/python3.10/site-packages/robot_control-0.0.0-py3.10.egg-info
[2.058s] running install_scripts
[2.086s] Installing dummycontrol script to /home/kvothe/ros/install/robot_control/lib/robot_control
[2.086s] writing list of installed files to '/home/kvothe/ros/build/robot_control/install.log'
[2.128s] Invoked command in '/home/kvothe/ros/src/robot_control' returned '0': PYTHONPATH=/home/kvothe/ros/build/robot_control/prefix_override:/usr/lib/python3/dist-packages/colcon_core/task/python/colcon_distutils_commands:/home/kvothe/ros/install/robot_control/lib/python3.10/site-packages:${PYTHONPATH} /usr/bin/python3 -W ignore:setup.py install is deprecated -W ignore:easy_install command is deprecated setup.py egg_info --egg-base ../../build/robot_control build --build-base /home/kvothe/ros/build/robot_control/build install --record /home/kvothe/ros/build/robot_control/install.log --single-version-externally-managed install_data
