[0.705s] Invoking command in '/home/kvothe/ros/src/sensor_management': CMAKE_PREFIX_PATH=/home/kvothe/ros/install/messages:/home/kvothe/ros/install/ros_bringup:/home/kvothe/ros/install/ros_gazebo:/home/kvothe/ros/install/robot_description:/home/kvothe/ros/install/cppp PYTHONPATH=/home/kvothe/ros/build/sensor_management/prefix_override:/usr/lib/python3/dist-packages/colcon_core/task/python/colcon_distutils_commands:/home/kvothe/ros/install/sensor_management/lib/python3.10/site-packages:${PYTHONPATH} /usr/bin/python3 -W ignore:setup.py install is deprecated -W ignore:easy_install command is deprecated setup.py egg_info --egg-base ../../build/sensor_management build --build-base /home/kvothe/ros/build/sensor_management/build install --record /home/kvothe/ros/build/sensor_management/install.log --single-version-externally-managed install_data
[0.873s] running egg_info
[0.874s] writing ../../build/sensor_management/sensor_management.egg-info/PKG-INFO
[0.874s] writing dependency_links to ../../build/sensor_management/sensor_management.egg-info/dependency_links.txt
[0.875s] writing entry points to ../../build/sensor_management/sensor_management.egg-info/entry_points.txt
[0.875s] writing requirements to ../../build/sensor_management/sensor_management.egg-info/requires.txt
[0.875s] writing top-level names to ../../build/sensor_management/sensor_management.egg-info/top_level.txt
[0.877s] reading manifest file '../../build/sensor_management/sensor_management.egg-info/SOURCES.txt'
[0.877s] writing manifest file '../../build/sensor_management/sensor_management.egg-info/SOURCES.txt'
[0.877s] running build
[0.877s] running build_py
[0.878s] running install
[0.878s] running install_lib
[0.879s] running install_data
[0.879s] running install_egg_info
[0.881s] removing '/home/kvothe/ros/install/sensor_management/lib/python3.10/site-packages/sensor_management-0.0.0-py3.10.egg-info' (and everything under it)
[0.881s] Copying ../../build/sensor_management/sensor_management.egg-info to /home/kvothe/ros/install/sensor_management/lib/python3.10/site-packages/sensor_management-0.0.0-py3.10.egg-info
[0.882s] running install_scripts
[0.899s] Installing LandmarkLandmarkVisualizationNode script to /home/kvothe/ros/install/sensor_management/lib/sensor_management
[0.899s] Installing Linesegviz script to /home/kvothe/ros/install/sensor_management/lib/sensor_management
[0.899s] Installing PoseGraphViz script to /home/kvothe/ros/install/sensor_management/lib/sensor_management
[0.899s] Installing PostPoseGraphViz script to /home/kvothe/ros/install/sensor_management/lib/sensor_management
[0.899s] Installing fusion script to /home/kvothe/ros/install/sensor_management/lib/sensor_management
[0.899s] Installing linesegmentvisualizer script to /home/kvothe/ros/install/sensor_management/lib/sensor_management
[0.899s] Installing sparsesampler script to /home/kvothe/ros/install/sensor_management/lib/sensor_management
[0.900s] writing list of installed files to '/home/kvothe/ros/build/sensor_management/install.log'
[0.919s] Invoked command in '/home/kvothe/ros/src/sensor_management' returned '0': CMAKE_PREFIX_PATH=/home/kvothe/ros/install/messages:/home/kvothe/ros/install/ros_bringup:/home/kvothe/ros/install/ros_gazebo:/home/kvothe/ros/install/robot_description:/home/kvothe/ros/install/cppp PYTHONPATH=/home/kvothe/ros/build/sensor_management/prefix_override:/usr/lib/python3/dist-packages/colcon_core/task/python/colcon_distutils_commands:/home/kvothe/ros/install/sensor_management/lib/python3.10/site-packages:${PYTHONPATH} /usr/bin/python3 -W ignore:setup.py install is deprecated -W ignore:easy_install command is deprecated setup.py egg_info --egg-base ../../build/sensor_management build --build-base /home/kvothe/ros/build/sensor_management/build install --record /home/kvothe/ros/build/sensor_management/install.log --single-version-externally-managed install_data
