[0.013s] Invoking command in '/home/kvothe/ros/build/solver': CMAKE_PREFIX_PATH=${CMAKE_PREFIX_PATH}:/home/kvothe/ros/install/soma:/home/kvothe/ros/install/sensor_management:/home/kvothe/ros/install/robot_control:/opt/ros/humble /usr/bin/cmake --build /home/kvothe/ros/build/solver -- -j12 -l12
[0.041s] -- Found ament_cmake: 1.3.11 (/opt/ros/humble/share/ament_cmake/cmake)
[0.185s] -- Found rclcpp: 16.0.11 (/opt/ros/humble/share/rclcpp/cmake)
[0.230s] -- Found rosidl_generator_c: 3.1.6 (/opt/ros/humble/share/rosidl_generator_c/cmake)
[0.233s] -- Found rosidl_adapter: 3.1.6 (/opt/ros/humble/share/rosidl_adapter/cmake)
[0.238s] -- Found rosidl_generator_cpp: 3.1.6 (/opt/ros/humble/share/rosidl_generator_cpp/cmake)
[0.246s] -- Using all available rosidl_typesupport_c: rosidl_typesupport_fastrtps_c;rosidl_typesupport_introspection_c
[0.257s] -- Using all available rosidl_typesupport_cpp: rosidl_typesupport_fastrtps_cpp;rosidl_typesupport_introspection_cpp
[0.284s] -- Found rmw_implementation_cmake: 6.1.2 (/opt/ros/humble/share/rmw_implementation_cmake/cmake)
[0.286s] -- Found rmw_fastrtps_cpp: 6.2.7 (/opt/ros/humble/share/rmw_fastrtps_cpp/cmake)
[0.407s] -- Using RMW implementation 'rmw_fastrtps_cpp' as default
[0.524s] -- Configuring done
[0.532s] -- Generating done
[0.535s] -- Build files have been written to: /home/kvothe/ros/build/solver
[0.563s] [35m[1mConsolidate compiler generated dependencies of target test_g2o[0m
[0.583s] [ 50%] [32mBuilding CXX object CMakeFiles/test_g2o.dir/src/test_g2o.cpp.o[0m
[14.145s] [100%] [32m[1mLinking CXX executable test_g2o[0m
[14.593s] /usr/bin/ld: CMakeFiles/test_g2o.dir/src/test_g2o.cpp.o: warning: relocation against `_ZN3g2o18G2OBatchStatistics12_globalStatsE' in read-only section `.text._ZN3g2o18G2OBatchStatistics11globalStatsEv[_ZN3g2o18G2OBatchStatistics11globalStatsEv]'
[14.627s] /usr/bin/ld: CMakeFiles/test_g2o.dir/src/test_g2o.cpp.o: in function `g2o::G2OBatchStatistics::globalStats()':
[14.628s] test_g2o.cpp:(.text._ZN3g2o18G2OBatchStatistics11globalStatsEv[_ZN3g2o18G2OBatchStatistics11globalStatsEv]+0xb): undefined reference to `g2o::G2OBatchStatistics::_globalStats'
[14.628s] /usr/bin/ld: CMakeFiles/test_g2o.dir/src/test_g2o.cpp.o: in function `g2o::OptimizableGraph::addVertex(g2o::OptimizableGraph::Vertex*)':
[14.629s] test_g2o.cpp:(.text._ZN3g2o16OptimizableGraph9addVertexEPNS0_6VertexE[_ZN3g2o16OptimizableGraph9addVertexEPNS0_6VertexE]+0x28): undefined reference to `g2o::OptimizableGraph::addVertex(g2o::OptimizableGraph::Vertex*, g2o::HyperGraph::Data*)'
[14.630s] /usr/bin/ld: CMakeFiles/test_g2o.dir/src/test_g2o.cpp.o: in function `g2o::BlockSolverBase::~BlockSolverBase()':
[14.630s] test_g2o.cpp:(.text._ZN3g2o15BlockSolverBaseD2Ev[_ZN3g2o15BlockSolverBaseD5Ev]+0x26): undefined reference to `g2o::Solver::~Solver()'
[14.632s] /usr/bin/ld: CMakeFiles/test_g2o.dir/src/test_g2o.cpp.o: in function `G2OTestNode::G2OTestNode()':
[14.632s] test_g2o.cpp:(.text._ZN11G2OTestNodeC2Ev[_ZN11G2OTestNodeC5Ev]+0x26f): undefined reference to `g2o::SparseOptimizer::SparseOptimizer()'
[14.633s] /usr/bin/ld: test_g2o.cpp:(.text._ZN11G2OTestNodeC2Ev[_ZN11G2OTestNodeC5Ev]+0x2e5): undefined reference to `g2o::OptimizationAlgorithmLevenberg::OptimizationAlgorithmLevenberg(std::unique_ptr<g2o::Solver, std::default_delete<g2o::Solver> >)'
[14.634s] /usr/bin/ld: test_g2o.cpp:(.text._ZN11G2OTestNodeC2Ev[_ZN11G2OTestNodeC5Ev]+0x314): undefined reference to `g2o::SparseOptimizer::setAlgorithm(g2o::OptimizationAlgorithm*)'
[14.635s] /usr/bin/ld: test_g2o.cpp:(.text._ZN11G2OTestNodeC2Ev[_ZN11G2OTestNodeC5Ev]+0x329): undefined reference to `g2o::VertexSE3::VertexSE3()'
[14.636s] /usr/bin/ld: test_g2o.cpp:(.text._ZN11G2OTestNodeC2Ev[_ZN11G2OTestNodeC5Ev]+0x3c1): undefined reference to `g2o::EdgeSE3::EdgeSE3()'
[14.636s] /usr/bin/ld: test_g2o.cpp:(.text._ZN11G2OTestNodeC2Ev[_ZN11G2OTestNodeC5Ev]+0x3dc): undefined reference to `g2o::HyperGraph::Edge::setId(int)'
[14.637s] /usr/bin/ld: test_g2o.cpp:(.text._ZN11G2OTestNodeC2Ev[_ZN11G2OTestNodeC5Ev]+0x410): undefined reference to `g2o::OptimizableGraph::addEdge(g2o::OptimizableGraph::Edge*)'
[14.638s] /usr/bin/ld: test_g2o.cpp:(.text._ZN11G2OTestNodeC2Ev[_ZN11G2OTestNodeC5Ev]+0x424): undefined reference to `g2o::SparseOptimizer::initializeOptimization(int)'
[14.639s] /usr/bin/ld: test_g2o.cpp:(.text._ZN11G2OTestNodeC2Ev[_ZN11G2OTestNodeC5Ev]+0x43d): undefined reference to `g2o::SparseOptimizer::optimize(int, bool)'
[14.640s] /usr/bin/ld: test_g2o.cpp:(.text._ZN11G2OTestNodeC2Ev[_ZN11G2OTestNodeC5Ev]+0x5d5): undefined reference to `g2o::SparseOptimizer::~SparseOptimizer()'
[14.641s] /usr/bin/ld: test_g2o.cpp:(.text._ZN11G2OTestNodeC2Ev[_ZN11G2OTestNodeC5Ev]+0x745): undefined reference to `g2o::SparseOptimizer::~SparseOptimizer()'
[14.644s] /usr/bin/ld: CMakeFiles/test_g2o.dir/src/test_g2o.cpp.o: in function `g2o::BlockSolverBase::BlockSolverBase()':
[14.644s] test_g2o.cpp:(.text._ZN3g2o15BlockSolverBaseC2Ev[_ZN3g2o15BlockSolverBaseC5Ev]+0x18): undefined reference to `g2o::Solver::Solver()'
[14.652s] /usr/bin/ld: CMakeFiles/test_g2o.dir/src/test_g2o.cpp.o:(.data.rel.ro._ZTIN3g2o15BlockSolverBaseE[_ZTIN3g2o15BlockSolverBaseE]+0x10): undefined reference to `typeinfo for g2o::Solver'
[14.654s] /usr/bin/ld: CMakeFiles/test_g2o.dir/src/test_g2o.cpp.o: in function `g2o::BlockSolver<g2o::BlockSolverTraits<6, 3> >::updateStructure(std::vector<g2o::HyperGraph::Vertex*, std::allocator<g2o::HyperGraph::Vertex*> > const&, std::set<g2o::HyperGraph::Edge*, std::less<g2o::HyperGraph::Edge*>, std::allocator<g2o::HyperGraph::Edge*> > const&)':
[14.654s] test_g2o.cpp:(.text._ZN3g2o11BlockSolverINS_17BlockSolverTraitsILi6ELi3EEEE15updateStructureERKSt6vectorIPNS_10HyperGraph6VertexESaIS7_EERKSt3setIPNS5_4EdgeESt4lessISE_ESaISE_EE[_ZN3g2o11BlockSolverINS_17BlockSolverTraitsILi6ELi3EEEE15updateStructureERKSt6vectorIPNS_10HyperGraph6VertexESaIS7_EERKSt3setIPNS5_4EdgeESt4lessISE_ESaISE_EE]+0x30a): undefined reference to `g2o::Solver::resizeVector(unsigned long)'
[14.655s] /usr/bin/ld: CMakeFiles/test_g2o.dir/src/test_g2o.cpp.o: in function `g2o::BlockSolver<g2o::BlockSolverTraits<6, 3> >::solve()':
[14.655s] test_g2o.cpp:(.text._ZN3g2o11BlockSolverINS_17BlockSolverTraitsILi6ELi3EEEE5solveEv[_ZN3g2o11BlockSolverINS_17BlockSolverTraitsILi6ELi3EEEE5solveEv]+0x46): undefined reference to `g2o::get_monotonic_time()'
[14.656s] /usr/bin/ld: test_g2o.cpp:(.text._ZN3g2o11BlockSolverINS_17BlockSolverTraitsILi6ELi3EEEE5solveEv[_ZN3g2o11BlockSolverINS_17BlockSolverTraitsILi6ELi3EEEE5solveEv]+0xcb): undefined reference to `g2o::get_monotonic_time()'
[14.657s] /usr/bin/ld: test_g2o.cpp:(.text._ZN3g2o11BlockSolverINS_17BlockSolverTraitsILi6ELi3EEEE5solveEv[_ZN3g2o11BlockSolverINS_17BlockSolverTraitsILi6ELi3EEEE5solveEv]+0x142): undefined reference to `g2o::get_monotonic_time()'
[14.658s] /usr/bin/ld: test_g2o.cpp:(.text._ZN3g2o11BlockSolverINS_17BlockSolverTraitsILi6ELi3EEEE5solveEv[_ZN3g2o11BlockSolverINS_17BlockSolverTraitsILi6ELi3EEEE5solveEv]+0xb97): undefined reference to `g2o::get_monotonic_time()'
[14.659s] /usr/bin/ld: test_g2o.cpp:(.text._ZN3g2o11BlockSolverINS_17BlockSolverTraitsILi6ELi3EEEE5solveEv[_ZN3g2o11BlockSolverINS_17BlockSolverTraitsILi6ELi3EEEE5solveEv]+0xbba): undefined reference to `g2o::get_monotonic_time()'
[14.660s] /usr/bin/ld: CMakeFiles/test_g2o.dir/src/test_g2o.cpp.o:test_g2o.cpp:(.text._ZN3g2o11BlockSolverINS_17BlockSolverTraitsILi6ELi3EEEE5solveEv[_ZN3g2o11BlockSolverINS_17BlockSolverTraitsILi6ELi3EEEE5solveEv]+0xc44): more undefined references to `g2o::get_monotonic_time()' follow
[14.661s] /usr/bin/ld: CMakeFiles/test_g2o.dir/src/test_g2o.cpp.o: in function `g2o::BlockSolver<g2o::BlockSolverTraits<6, 3> >::resize(int*, int, int*, int, int)':
[14.662s] test_g2o.cpp:(.text._ZN3g2o11BlockSolverINS_17BlockSolverTraitsILi6ELi3EEEE6resizeEPiiS4_ii[_ZN3g2o11BlockSolverINS_17BlockSolverTraitsILi6ELi3EEEE6resizeEPiiS4_ii]+0x50): undefined reference to `g2o::Solver::resizeVector(unsigned long)'
[14.663s] /usr/bin/ld: CMakeFiles/test_g2o.dir/src/test_g2o.cpp.o: in function `std::_MakeUniq<g2o::internal::LoggerInterface>::__single_object std::make_unique<g2o::internal::LoggerInterface>()':
[14.663s] test_g2o.cpp:(.text._ZSt11make_uniqueIN3g2o8internal15LoggerInterfaceEJEENSt9_MakeUniqIT_E15__single_objectEDpOT0_[_ZSt11make_uniqueIN3g2o8internal15LoggerInterfaceEJEENSt9_MakeUniqIT_E15__single_objectEDpOT0_]+0x26): undefined reference to `g2o::internal::LoggerInterface::LoggerInterface()'
[14.665s] /usr/bin/ld: CMakeFiles/test_g2o.dir/src/test_g2o.cpp.o: in function `std::default_delete<g2o::internal::LoggerInterface>::operator()(g2o::internal::LoggerInterface*) const':
[14.665s] test_g2o.cpp:(.text._ZNKSt14default_deleteIN3g2o8internal15LoggerInterfaceEEclEPS2_[_ZNKSt14default_deleteIN3g2o8internal15LoggerInterfaceEEclEPS2_]+0x22): undefined reference to `g2o::internal::LoggerInterface::~LoggerInterface()'
[14.703s] /usr/bin/ld: warning: creating DT_TEXTREL in a PIE
[14.711s] collect2: error: ld returned 1 exit status
[14.714s] gmake[2]: *** [CMakeFiles/test_g2o.dir/build.make:152: test_g2o] Error 1
[14.715s] gmake[1]: *** [CMakeFiles/Makefile2:137: CMakeFiles/test_g2o.dir/all] Error 2
[14.716s] gmake: *** [Makefile:146: all] Error 2
[14.720s] Invoked command in '/home/kvothe/ros/build/solver' returned '2': CMAKE_PREFIX_PATH=${CMAKE_PREFIX_PATH}:/home/kvothe/ros/install/soma:/home/kvothe/ros/install/sensor_management:/home/kvothe/ros/install/robot_control:/opt/ros/humble /usr/bin/cmake --build /home/kvothe/ros/build/solver -- -j12 -l12
