[0.037s] Invoking command in '/home/kvothe/ros/build/ros_gazebo': CMAKE_PREFIX_PATH=/home/kvothe/ros/install/robot_description:/home/kvothe/ros/install/ros_bringup:/home/kvothe/ros/install/ros_gazebo:/home/kvothe/ros/install/cppp:/home/kvothe/ros/install/messages:/home/kvothe/ros/install/soma:/home/kvothe/ros/install/sensor_management:/home/kvothe/ros/install/robot_control:/opt/ros/humble IGN_GAZEBO_RESOURCE_PATH=/home/kvothe/ros/install/robot_description/share/robot_description/models:${IGN_GAZEBO_RESOURCE_PATH} /usr/bin/cmake --build /home/kvothe/ros/build/ros_gazebo -- -j12 -l12
[0.227s] [ 25%] [32mBuilding CXX object CMakeFiles/FullSystem.dir/src/FullSystem.cc.o[0m
[0.229s] [ 50%] [32mBuilding CXX object CMakeFiles/BasicSystem.dir/src/BasicSystem.cc.o[0m
[6.252s] [ 75%] [32m[1mLinking CXX shared library libBasicSystem.so[0m
[6.311s] [100%] [32m[1mLinking CXX shared library libFullSystem.so[0m
[6.575s] [100%] Built target BasicSystem
[6.600s] [100%] Built target FullSystem
[6.623s] Invoked command in '/home/kvothe/ros/build/ros_gazebo' returned '0': CMAKE_PREFIX_PATH=/home/kvothe/ros/install/robot_description:/home/kvothe/ros/install/ros_bringup:/home/kvothe/ros/install/ros_gazebo:/home/kvothe/ros/install/cppp:/home/kvothe/ros/install/messages:/home/kvothe/ros/install/soma:/home/kvothe/ros/install/sensor_management:/home/kvothe/ros/install/robot_control:/opt/ros/humble IGN_GAZEBO_RESOURCE_PATH=/home/kvothe/ros/install/robot_description/share/robot_description/models:${IGN_GAZEBO_RESOURCE_PATH} /usr/bin/cmake --build /home/kvothe/ros/build/ros_gazebo -- -j12 -l12
[6.626s] Invoking command in '/home/kvothe/ros/build/ros_gazebo': CMAKE_PREFIX_PATH=/home/kvothe/ros/install/robot_description:/home/kvothe/ros/install/ros_bringup:/home/kvothe/ros/install/ros_gazebo:/home/kvothe/ros/install/cppp:/home/kvothe/ros/install/messages:/home/kvothe/ros/install/soma:/home/kvothe/ros/install/sensor_management:/home/kvothe/ros/install/robot_control:/opt/ros/humble IGN_GAZEBO_RESOURCE_PATH=/home/kvothe/ros/install/robot_description/share/robot_description/models:${IGN_GAZEBO_RESOURCE_PATH} /usr/bin/cmake --install /home/kvothe/ros/build/ros_gazebo
[6.643s] -- Install configuration: ""
[6.645s] -- Execute custom install script
[6.646s] -- Up-to-date symlink: /home/kvothe/ros/install/ros_gazebo/lib/ros_gazebo/libBasicSystem.so
[6.646s] -- Up-to-date symlink: /home/kvothe/ros/install/ros_gazebo/lib/ros_gazebo/libFullSystem.so
[6.647s] -- Up-to-date symlink: /home/kvothe/ros/install/ros_gazebo/share/ros_gazebo/worlds/Crawler.sdf
[6.647s] -- Up-to-date symlink: /home/kvothe/ros/install/ros_gazebo/share/ros_gazebo/worlds/Damn.sdf
[6.647s] -- Up-to-date symlink: /home/kvothe/ros/install/ros_gazebo/share/ros_gazebo/environment/ros_gazebo.dsv
[6.648s] -- Up-to-date symlink: /home/kvothe/ros/install/ros_gazebo/share/ros_gazebo/environment/ros_gazebo.sh
[6.648s] -- Up-to-date symlink: /home/kvothe/ros/install/ros_gazebo/share/ament_index/resource_index/package_run_dependencies/ros_gazebo
[6.651s] -- Up-to-date symlink: /home/kvothe/ros/install/ros_gazebo/share/ament_index/resource_index/parent_prefix_path/ros_gazebo
[6.651s] -- Up-to-date symlink: /home/kvothe/ros/install/ros_gazebo/share/ros_gazebo/environment/ament_prefix_path.sh
[6.651s] -- Up-to-date symlink: /home/kvothe/ros/install/ros_gazebo/share/ros_gazebo/environment/ament_prefix_path.dsv
[6.651s] -- Up-to-date symlink: /home/kvothe/ros/install/ros_gazebo/share/ros_gazebo/environment/path.sh
[6.652s] -- Up-to-date symlink: /home/kvothe/ros/install/ros_gazebo/share/ros_gazebo/environment/path.dsv
[6.652s] -- Up-to-date symlink: /home/kvothe/ros/install/ros_gazebo/share/ros_gazebo/local_setup.bash
[6.653s] -- Up-to-date symlink: /home/kvothe/ros/install/ros_gazebo/share/ros_gazebo/local_setup.sh
[6.653s] -- Up-to-date symlink: /home/kvothe/ros/install/ros_gazebo/share/ros_gazebo/local_setup.zsh
[6.653s] -- Up-to-date symlink: /home/kvothe/ros/install/ros_gazebo/share/ros_gazebo/local_setup.dsv
[6.653s] -- Symlinking: /home/kvothe/ros/install/ros_gazebo/share/ros_gazebo/package.dsv
[6.666s] -- Up-to-date symlink: /home/kvothe/ros/install/ros_gazebo/share/ament_index/resource_index/packages/ros_gazebo
[6.666s] -- Up-to-date symlink: /home/kvothe/ros/install/ros_gazebo/share/ros_gazebo/cmake/ros_gazeboConfig.cmake
[6.666s] -- Up-to-date symlink: /home/kvothe/ros/install/ros_gazebo/share/ros_gazebo/cmake/ros_gazeboConfig-version.cmake
[6.666s] -- Up-to-date symlink: /home/kvothe/ros/install/ros_gazebo/share/ros_gazebo/package.xml
[6.669s] Invoked command in '/home/kvothe/ros/build/ros_gazebo' returned '0': CMAKE_PREFIX_PATH=/home/kvothe/ros/install/robot_description:/home/kvothe/ros/install/ros_bringup:/home/kvothe/ros/install/ros_gazebo:/home/kvothe/ros/install/cppp:/home/kvothe/ros/install/messages:/home/kvothe/ros/install/soma:/home/kvothe/ros/install/sensor_management:/home/kvothe/ros/install/robot_control:/opt/ros/humble IGN_GAZEBO_RESOURCE_PATH=/home/kvothe/ros/install/robot_description/share/robot_description/models:${IGN_GAZEBO_RESOURCE_PATH} /usr/bin/cmake --install /home/kvothe/ros/build/ros_gazebo
