[33mCMake Warning (dev) at /usr/share/cmake-3.22/Modules/FindOpenGL.cmake:315 (message):
  Policy CMP0072 is not set: FindOpenGL prefers GLVND by default when
  available.  Run "cmake --help-policy CMP0072" for policy details.  Use the
  cmake_policy command to set the policy and suppress this warning.

  FindOpenGL found both a legacy GL library:

    OPENGL_gl_LIBRARY: /usr/lib/x86_64-linux-gnu/libGL.so

  and GLVND libraries for OpenGL and GLX:

    OPENGL_opengl_LIBRARY: /usr/lib/x86_64-linux-gnu/libOpenGL.so
    OPENGL_glx_LIBRARY: /usr/lib/x86_64-linux-gnu/libGLX.so

  OpenGL_GL_PREFERENCE has not been set to "GLVND" or "LEGACY", so for
  compatibility with CMake 3.10 and below the legacy GL library will be used.
Call Stack (most recent call first):
  /usr/share/cmake-3.22/Modules/CMakeFindDependencyMacro.cmake:47 (find_package)
  /opt/ros/humble/lib/cmake/g2o/g2oConfig.cmake:4 (find_dependency)
  CMakeLists.txt:11 (find_package)
This warning is for project developers.  Use -Wno-dev to suppress it.
[0m
In file included from [01m[K/usr/local/include/g2o/core/optimizable_graph.h:38[m[K,
                 from [01m[K/usr/local/include/g2o/core/sparse_optimizer.h:33[m[K,
                 from [01m[K/home/kvothe/ros/src/solver/src/test_g2o.cpp:2[m[K:
[01m[K/usr/local/include/g2o/core/io_helper.h:30:10:[m[K [01;31m[Kfatal error: [m[KEigen/Core: No such file or directory
   30 | #include [01;31m[K<Eigen/Core>[m[K
      |          [01;31m[K^~~~~~~~~~~~[m[K
compilation terminated.
gmake[2]: *** [CMakeFiles/test_g2o.dir/build.make:76: CMakeFiles/test_g2o.dir/src/test_g2o.cpp.o] Error 1
gmake[1]: *** [CMakeFiles/Makefile2:137: CMakeFiles/test_g2o.dir/all] Error 2
gmake: *** [Makefile:146: all] Error 2
