[0.020s] Invoking command in '/home/kvothe/ros/build/cppp': CMAKE_PREFIX_PATH=/home/kvothe/ros/install/messages:/home/kvothe/ros/install/ros_bringup:/home/kvothe/ros/install/ros_gazebo:/home/kvothe/ros/install/robot_description:/home/kvothe/ros/install/cppp:/home/kvothe/ros/install/soma:/home/kvothe/ros/install/sensor_management:/home/kvothe/ros/install/robot_control:/opt/ros/humble /usr/bin/cmake --build /home/kvothe/ros/build/cppp -- -j12 -l12
[0.293s] [35m[1mConsolidate compiler generated dependencies of target PoseGraphOptimizer[0m
[0.293s] [ 10%] Built target PreprocessNode
[0.293s] [ 20%] Built target LandmarkTransformermapNode
[0.294s] [ 30%] Built target LandmarkGraphNode
[0.294s] [ 40%] Built target LandmarkTransformerNode
[0.294s] [ 50%] Built target ScanTransformer
[0.294s] [ 70%] Built target RansacLineExtractionNode
[0.294s] [ 70%] Built target IncrementalLineFittingNode
[0.294s] [ 85%] Built target HoughLineFittingNode
[0.294s] [ 90%] Built target ScanAccumulator
[0.295s] [ 95%] [32mBuilding CXX object CMakeFiles/PoseGraphOptimizer.dir/src/PoseGraphOptimizer.cpp.o[0m
[3.164s] In file included from [01m[K/opt/ros/humble/include/rclcpp/rclcpp/client.hpp:40[m[K,
[3.165s]                  from [01m[K/opt/ros/humble/include/rclcpp/rclcpp/callback_group.hpp:24[m[K,
[3.165s]                  from [01m[K/opt/ros/humble/include/rclcpp/rclcpp/any_executable.hpp:20[m[K,
[3.165s]                  from [01m[K/opt/ros/humble/include/rclcpp/rclcpp/memory_strategy.hpp:25[m[K,
[3.165s]                  from [01m[K/opt/ros/humble/include/rclcpp/rclcpp/memory_strategies.hpp:18[m[K,
[3.165s]                  from [01m[K/opt/ros/humble/include/rclcpp/rclcpp/executor_options.hpp:20[m[K,
[3.165s]                  from [01m[K/opt/ros/humble/include/rclcpp/rclcpp/executor.hpp:37[m[K,
[3.165s]                  from [01m[K/opt/ros/humble/include/rclcpp/rclcpp/executors/multi_threaded_executor.hpp:25[m[K,
[3.165s]                  from [01m[K/opt/ros/humble/include/rclcpp/rclcpp/executors.hpp:21[m[K,
[3.165s]                  from [01m[K/opt/ros/humble/include/rclcpp/rclcpp/rclcpp.hpp:155[m[K,
[3.166s]                  from [01m[K/home/kvothe/ros/src/cppp/src/PoseGraphOptimizer.cpp:1[m[K:
[3.166s] [01m[K/home/kvothe/ros/src/cppp/src/PoseGraphOptimizer.cpp:[m[K In member function ‘[01m[Kvoid PoseGraphOptimizer::optimizeGraph()[m[K’:
[3.166s] [01m[K/home/kvothe/ros/src/cppp/src/PoseGraphOptimizer.cpp:143:21:[m[K [01;31m[Kerror: [m[K‘[01m[Knode[m[K’ was not declared in this scope; did you mean ‘[01m[KNode[m[K’?
[3.166s]   143 |         RCLCPP_INFO([01;31m[Knode[m[K->get_logger(), "Initial Pose Graph:");
[3.166s]       |                     [01;31m[K^~~~[m[K
[3.166s] [01m[K/home/kvothe/ros/src/cppp/src/PoseGraphOptimizer.cpp:143:9:[m[K [01;31m[Kerror: [m[Ktemplate argument 1 is invalid
[3.166s]   143 |         [01;31m[KRCLCPP_INFO[m[K(node->get_logger(), "Initial Pose Graph:");
[3.166s]       |         [01;31m[K^~~~~~~~~~~[m[K
[3.166s] [01m[K/home/kvothe/ros/src/cppp/src/PoseGraphOptimizer.cpp:143:9:[m[K [01;31m[Kerror: [m[Ktemplate argument 1 is invalid
[3.166s]   143 |         [01;31m[KRCLCPP_INFO[m[K(node->get_logger(), "Initial Pose Graph:");
[3.167s]       |         [01;31m[K^~~~~~~~~~~[m[K
[3.167s] [01m[K/home/kvothe/ros/src/cppp/src/PoseGraphOptimizer.cpp:143:9:[m[K [01;31m[Kerror: [m[Ktemplate argument 1 is invalid
[3.167s]   143 |         [01;31m[KRCLCPP_INFO[m[K(node->get_logger(), "Initial Pose Graph:");
[3.167s]       |         [01;31m[K^~~~~~~~~~~[m[K
[3.175s] [01m[K/home/kvothe/ros/src/cppp/src/PoseGraphOptimizer.cpp:144:32:[m[K [01;31m[Kerror: [m[K‘[01m[Kpose_variables[m[K’ was not declared in this scope
[3.175s]   144 |         for (size_t i = 0; i < [01;31m[Kpose_variables[m[K.size(); ++i) {
[3.175s]       |                                [01;31m[K^~~~~~~~~~~~~~[m[K
[3.180s] In file included from [01m[K/opt/ros/humble/include/rclcpp/rclcpp/client.hpp:40[m[K,
[3.180s]                  from [01m[K/opt/ros/humble/include/rclcpp/rclcpp/callback_group.hpp:24[m[K,
[3.180s]                  from [01m[K/opt/ros/humble/include/rclcpp/rclcpp/any_executable.hpp:20[m[K,
[3.180s]                  from [01m[K/opt/ros/humble/include/rclcpp/rclcpp/memory_strategy.hpp:25[m[K,
[3.180s]                  from [01m[K/opt/ros/humble/include/rclcpp/rclcpp/memory_strategies.hpp:18[m[K,
[3.180s]                  from [01m[K/opt/ros/humble/include/rclcpp/rclcpp/executor_options.hpp:20[m[K,
[3.180s]                  from [01m[K/opt/ros/humble/include/rclcpp/rclcpp/executor.hpp:37[m[K,
[3.180s]                  from [01m[K/opt/ros/humble/include/rclcpp/rclcpp/executors/multi_threaded_executor.hpp:25[m[K,
[3.180s]                  from [01m[K/opt/ros/humble/include/rclcpp/rclcpp/executors.hpp:21[m[K,
[3.180s]                  from [01m[K/opt/ros/humble/include/rclcpp/rclcpp/rclcpp.hpp:155[m[K,
[3.180s]                  from [01m[K/home/kvothe/ros/src/cppp/src/PoseGraphOptimizer.cpp:1[m[K:
[3.180s] [01m[K/home/kvothe/ros/src/cppp/src/PoseGraphOptimizer.cpp:145:25:[m[K [01;31m[Kerror: [m[K‘[01m[Knode[m[K’ was not declared in this scope; did you mean ‘[01m[KNode[m[K’?
[3.180s]   145 |             RCLCPP_INFO([01;31m[Knode[m[K->get_logger(), "Pose %zu: (%.3f, %.3f, %.3f)", i,
[3.181s]       |                         [01;31m[K^~~~[m[K
[3.181s] [01m[K/home/kvothe/ros/src/cppp/src/PoseGraphOptimizer.cpp:145:13:[m[K [01;31m[Kerror: [m[Ktemplate argument 1 is invalid
[3.181s]   145 |             [01;31m[KRCLCPP_INFO[m[K(node->get_logger(), "Pose %zu: (%.3f, %.3f, %.3f)", i,
[3.181s]       |             [01;31m[K^~~~~~~~~~~[m[K
[3.181s] [01m[K/home/kvothe/ros/src/cppp/src/PoseGraphOptimizer.cpp:145:13:[m[K [01;31m[Kerror: [m[Ktemplate argument 1 is invalid
[3.181s]   145 |             [01;31m[KRCLCPP_INFO[m[K(node->get_logger(), "Pose %zu: (%.3f, %.3f, %.3f)", i,
[3.181s]       |             [01;31m[K^~~~~~~~~~~[m[K
[3.181s] [01m[K/home/kvothe/ros/src/cppp/src/PoseGraphOptimizer.cpp:145:13:[m[K [01;31m[Kerror: [m[Ktemplate argument 1 is invalid
[3.181s]   145 |             [01;31m[KRCLCPP_INFO[m[K(node->get_logger(), "Pose %zu: (%.3f, %.3f, %.3f)", i,
[3.181s]       |             [01;31m[K^~~~~~~~~~~[m[K
[3.185s] [01m[K/home/kvothe/ros/src/cppp/src/PoseGraphOptimizer.cpp:148:21:[m[K [01;31m[Kerror: [m[K‘[01m[Knode[m[K’ was not declared in this scope; did you mean ‘[01m[KNode[m[K’?
[3.185s]   148 |         RCLCPP_INFO([01;31m[Knode[m[K->get_logger(), "Initial Landmarks:");
[3.185s]       |                     [01;31m[K^~~~[m[K
[3.185s] [01m[K/home/kvothe/ros/src/cppp/src/PoseGraphOptimizer.cpp:148:9:[m[K [01;31m[Kerror: [m[Ktemplate argument 1 is invalid
[3.185s]   148 |         [01;31m[KRCLCPP_INFO[m[K(node->get_logger(), "Initial Landmarks:");
[3.185s]       |         [01;31m[K^~~~~~~~~~~[m[K
[3.185s] [01m[K/home/kvothe/ros/src/cppp/src/PoseGraphOptimizer.cpp:148:9:[m[K [01;31m[Kerror: [m[Ktemplate argument 1 is invalid
[3.185s]   148 |         [01;31m[KRCLCPP_INFO[m[K(node->get_logger(), "Initial Landmarks:");
[3.185s]       |         [01;31m[K^~~~~~~~~~~[m[K
[3.185s] [01m[K/home/kvothe/ros/src/cppp/src/PoseGraphOptimizer.cpp:148:9:[m[K [01;31m[Kerror: [m[Ktemplate argument 1 is invalid
[3.185s]   148 |         [01;31m[KRCLCPP_INFO[m[K(node->get_logger(), "Initial Landmarks:");
[3.186s]       |         [01;31m[K^~~~~~~~~~~[m[K
[3.195s] [01m[K/home/kvothe/ros/src/cppp/src/PoseGraphOptimizer.cpp:149:32:[m[K [01;31m[Kerror: [m[K‘[01m[Klandmark_variables[m[K’ was not declared in this scope
[3.195s]   149 |         for (size_t i = 0; i < [01;31m[Klandmark_variables[m[K.size(); ++i) {
[3.196s]       |                                [01;31m[K^~~~~~~~~~~~~~~~~~[m[K
[3.200s] In file included from [01m[K/opt/ros/humble/include/rclcpp/rclcpp/client.hpp:40[m[K,
[3.200s]                  from [01m[K/opt/ros/humble/include/rclcpp/rclcpp/callback_group.hpp:24[m[K,
[3.200s]                  from [01m[K/opt/ros/humble/include/rclcpp/rclcpp/any_executable.hpp:20[m[K,
[3.200s]                  from [01m[K/opt/ros/humble/include/rclcpp/rclcpp/memory_strategy.hpp:25[m[K,
[3.200s]                  from [01m[K/opt/ros/humble/include/rclcpp/rclcpp/memory_strategies.hpp:18[m[K,
[3.200s]                  from [01m[K/opt/ros/humble/include/rclcpp/rclcpp/executor_options.hpp:20[m[K,
[3.200s]                  from [01m[K/opt/ros/humble/include/rclcpp/rclcpp/executor.hpp:37[m[K,
[3.201s]                  from [01m[K/opt/ros/humble/include/rclcpp/rclcpp/executors/multi_threaded_executor.hpp:25[m[K,
[3.201s]                  from [01m[K/opt/ros/humble/include/rclcpp/rclcpp/executors.hpp:21[m[K,
[3.201s]                  from [01m[K/opt/ros/humble/include/rclcpp/rclcpp/rclcpp.hpp:155[m[K,
[3.201s]                  from [01m[K/home/kvothe/ros/src/cppp/src/PoseGraphOptimizer.cpp:1[m[K:
[3.201s] [01m[K/home/kvothe/ros/src/cppp/src/PoseGraphOptimizer.cpp:150:25:[m[K [01;31m[Kerror: [m[K‘[01m[Knode[m[K’ was not declared in this scope; did you mean ‘[01m[KNode[m[K’?
[3.201s]   150 |             RCLCPP_INFO([01;31m[Knode[m[K->get_logger(), "Landmark %zu: (%.3f, %.3f)", i,
[3.201s]       |                         [01;31m[K^~~~[m[K
[3.201s] [01m[K/home/kvothe/ros/src/cppp/src/PoseGraphOptimizer.cpp:150:13:[m[K [01;31m[Kerror: [m[Ktemplate argument 1 is invalid
[3.201s]   150 |             [01;31m[KRCLCPP_INFO[m[K(node->get_logger(), "Landmark %zu: (%.3f, %.3f)", i,
[3.201s]       |             [01;31m[K^~~~~~~~~~~[m[K
[3.201s] [01m[K/home/kvothe/ros/src/cppp/src/PoseGraphOptimizer.cpp:150:13:[m[K [01;31m[Kerror: [m[Ktemplate argument 1 is invalid
[3.201s]   150 |             [01;31m[KRCLCPP_INFO[m[K(node->get_logger(), "Landmark %zu: (%.3f, %.3f)", i,
[3.201s]       |             [01;31m[K^~~~~~~~~~~[m[K
[3.202s] [01m[K/home/kvothe/ros/src/cppp/src/PoseGraphOptimizer.cpp:150:13:[m[K [01;31m[Kerror: [m[Ktemplate argument 1 is invalid
[3.202s]   150 |             [01;31m[KRCLCPP_INFO[m[K(node->get_logger(), "Landmark %zu: (%.3f, %.3f)", i,
[3.202s]       |             [01;31m[K^~~~~~~~~~~[m[K
[3.259s] [01m[K/home/kvothe/ros/src/cppp/src/PoseGraphOptimizer.cpp:225:21:[m[K [01;31m[Kerror: [m[K‘[01m[Knode[m[K’ was not declared in this scope; did you mean ‘[01m[KNode[m[K’?
[3.260s]   225 |         RCLCPP_INFO([01;31m[Knode[m[K->get_logger(), "Optimized Pose Graph:");
[3.260s]       |                     [01;31m[K^~~~[m[K
[3.260s] [01m[K/home/kvothe/ros/src/cppp/src/PoseGraphOptimizer.cpp:225:9:[m[K [01;31m[Kerror: [m[Ktemplate argument 1 is invalid
[3.260s]   225 |         [01;31m[KRCLCPP_INFO[m[K(node->get_logger(), "Optimized Pose Graph:");
[3.260s]       |         [01;31m[K^~~~~~~~~~~[m[K
[3.260s] [01m[K/home/kvothe/ros/src/cppp/src/PoseGraphOptimizer.cpp:225:9:[m[K [01;31m[Kerror: [m[Ktemplate argument 1 is invalid
[3.260s]   225 |         [01;31m[KRCLCPP_INFO[m[K(node->get_logger(), "Optimized Pose Graph:");
[3.260s]       |         [01;31m[K^~~~~~~~~~~[m[K
[3.260s] [01m[K/home/kvothe/ros/src/cppp/src/PoseGraphOptimizer.cpp:225:9:[m[K [01;31m[Kerror: [m[Ktemplate argument 1 is invalid
[3.260s]   225 |         [01;31m[KRCLCPP_INFO[m[K(node->get_logger(), "Optimized Pose Graph:");
[3.260s]       |         [01;31m[K^~~~~~~~~~~[m[K
[3.265s] [01m[K/home/kvothe/ros/src/cppp/src/PoseGraphOptimizer.cpp:227:25:[m[K [01;31m[Kerror: [m[K‘[01m[Knode[m[K’ was not declared in this scope; did you mean ‘[01m[KNode[m[K’?
[3.265s]   227 |             RCLCPP_INFO([01;31m[Knode[m[K->get_logger(), "Pose %zu: (%.3f, %.3f, %.3f)", i,
[3.265s]       |                         [01;31m[K^~~~[m[K
[3.266s] [01m[K/home/kvothe/ros/src/cppp/src/PoseGraphOptimizer.cpp:227:13:[m[K [01;31m[Kerror: [m[Ktemplate argument 1 is invalid
[3.266s]   227 |             [01;31m[KRCLCPP_INFO[m[K(node->get_logger(), "Pose %zu: (%.3f, %.3f, %.3f)", i,
[3.266s]       |             [01;31m[K^~~~~~~~~~~[m[K
[3.266s] [01m[K/home/kvothe/ros/src/cppp/src/PoseGraphOptimizer.cpp:227:13:[m[K [01;31m[Kerror: [m[Ktemplate argument 1 is invalid
[3.266s]   227 |             [01;31m[KRCLCPP_INFO[m[K(node->get_logger(), "Pose %zu: (%.3f, %.3f, %.3f)", i,
[3.266s]       |             [01;31m[K^~~~~~~~~~~[m[K
[3.266s] [01m[K/home/kvothe/ros/src/cppp/src/PoseGraphOptimizer.cpp:227:13:[m[K [01;31m[Kerror: [m[Ktemplate argument 1 is invalid
[3.266s]   227 |             [01;31m[KRCLCPP_INFO[m[K(node->get_logger(), "Pose %zu: (%.3f, %.3f, %.3f)", i,
[3.266s]       |             [01;31m[K^~~~~~~~~~~[m[K
[3.272s] [01m[K/home/kvothe/ros/src/cppp/src/PoseGraphOptimizer.cpp:230:21:[m[K [01;31m[Kerror: [m[K‘[01m[Knode[m[K’ was not declared in this scope; did you mean ‘[01m[KNode[m[K’?
[3.272s]   230 |         RCLCPP_INFO([01;31m[Knode[m[K->get_logger(), "Optimized Landmarks:");
[3.272s]       |                     [01;31m[K^~~~[m[K
[3.272s] [01m[K/home/kvothe/ros/src/cppp/src/PoseGraphOptimizer.cpp:230:9:[m[K [01;31m[Kerror: [m[Ktemplate argument 1 is invalid
[3.272s]   230 |         [01;31m[KRCLCPP_INFO[m[K(node->get_logger(), "Optimized Landmarks:");
[3.272s]       |         [01;31m[K^~~~~~~~~~~[m[K
[3.272s] [01m[K/home/kvothe/ros/src/cppp/src/PoseGraphOptimizer.cpp:230:9:[m[K [01;31m[Kerror: [m[Ktemplate argument 1 is invalid
[3.272s]   230 |         [01;31m[KRCLCPP_INFO[m[K(node->get_logger(), "Optimized Landmarks:");
[3.272s]       |         [01;31m[K^~~~~~~~~~~[m[K
[3.272s] [01m[K/home/kvothe/ros/src/cppp/src/PoseGraphOptimizer.cpp:230:9:[m[K [01;31m[Kerror: [m[Ktemplate argument 1 is invalid
[3.272s]   230 |         [01;31m[KRCLCPP_INFO[m[K(node->get_logger(), "Optimized Landmarks:");
[3.272s]       |         [01;31m[K^~~~~~~~~~~[m[K
[3.277s] [01m[K/home/kvothe/ros/src/cppp/src/PoseGraphOptimizer.cpp:232:25:[m[K [01;31m[Kerror: [m[K‘[01m[Knode[m[K’ was not declared in this scope; did you mean ‘[01m[KNode[m[K’?
[3.277s]   232 |             RCLCPP_INFO([01;31m[Knode[m[K->get_logger(), "Landmark %zu: (%.3f, %.3f)", i,
[3.277s]       |                         [01;31m[K^~~~[m[K
[3.277s] [01m[K/home/kvothe/ros/src/cppp/src/PoseGraphOptimizer.cpp:232:13:[m[K [01;31m[Kerror: [m[Ktemplate argument 1 is invalid
[3.277s]   232 |             [01;31m[KRCLCPP_INFO[m[K(node->get_logger(), "Landmark %zu: (%.3f, %.3f)", i,
[3.277s]       |             [01;31m[K^~~~~~~~~~~[m[K
[3.277s] [01m[K/home/kvothe/ros/src/cppp/src/PoseGraphOptimizer.cpp:232:13:[m[K [01;31m[Kerror: [m[Ktemplate argument 1 is invalid
[3.277s]   232 |             [01;31m[KRCLCPP_INFO[m[K(node->get_logger(), "Landmark %zu: (%.3f, %.3f)", i,
[3.277s]       |             [01;31m[K^~~~~~~~~~~[m[K
[3.277s] [01m[K/home/kvothe/ros/src/cppp/src/PoseGraphOptimizer.cpp:232:13:[m[K [01;31m[Kerror: [m[Ktemplate argument 1 is invalid
[3.277s]   232 |             [01;31m[KRCLCPP_INFO[m[K(node->get_logger(), "Landmark %zu: (%.3f, %.3f)", i,
[3.277s]       |             [01;31m[K^~~~~~~~~~~[m[K
[8.849s] gmake[2]: *** [CMakeFiles/PoseGraphOptimizer.dir/build.make:76: CMakeFiles/PoseGraphOptimizer.dir/src/PoseGraphOptimizer.cpp.o] Error 1
[8.849s] gmake[1]: *** [CMakeFiles/Makefile2:389: CMakeFiles/PoseGraphOptimizer.dir/all] Error 2
[8.849s] gmake: *** [Makefile:146: all] Error 2
[8.855s] Invoked command in '/home/kvothe/ros/build/cppp' returned '2': CMAKE_PREFIX_PATH=/home/kvothe/ros/install/messages:/home/kvothe/ros/install/ros_bringup:/home/kvothe/ros/install/ros_gazebo:/home/kvothe/ros/install/robot_description:/home/kvothe/ros/install/cppp:/home/kvothe/ros/install/soma:/home/kvothe/ros/install/sensor_management:/home/kvothe/ros/install/robot_control:/opt/ros/humble /usr/bin/cmake --build /home/kvothe/ros/build/cppp -- -j12 -l12
