[0.021s] Invoking command in '/home/kvothe/ros/build/cppp': CMAKE_PREFIX_PATH=/home/kvothe/ros/install/messages:/home/kvothe/ros/install/ros_bringup:/home/kvothe/ros/install/ros_gazebo:/home/kvothe/ros/install/robot_description:/home/kvothe/ros/install/cppp:/home/kvothe/ros/install/soma:/home/kvothe/ros/install/sensor_management:/home/kvothe/ros/install/robot_control:/opt/ros/humble /usr/bin/cmake --build /home/kvothe/ros/build/cppp -- -j12 -l12
[0.311s] [35m[1mConsolidate compiler generated dependencies of target PoseGraphOptimizer[0m
[0.311s] [ 10%] Built target PreprocessNode
[0.312s] [ 30%] Built target ScanTransformer
[0.312s] [ 30%] Built target LandmarkGraphNode
[0.312s] [ 40%] Built target LandmarkTransformerNode
[0.313s] [ 60%] Built target RansacLineExtractionNode
[0.313s] [ 60%] Built target LandmarkTransformermapNode
[0.313s] [ 70%] Built target ScanAccumulator
[0.313s] [ 90%] Built target IncrementalLineFittingNode
[0.313s] [ 90%] Built target HoughLineFittingNode
[0.314s] [ 95%] [32mBuilding CXX object CMakeFiles/PoseGraphOptimizer.dir/src/PoseGraphOptimizer.cpp.o[0m
[14.399s] [100%] [32m[1mLinking CXX executable PoseGraphOptimizer[0m
[15.454s] [100%] Built target PoseGraphOptimizer
[15.472s] Invoked command in '/home/kvothe/ros/build/cppp' returned '0': CMAKE_PREFIX_PATH=/home/kvothe/ros/install/messages:/home/kvothe/ros/install/ros_bringup:/home/kvothe/ros/install/ros_gazebo:/home/kvothe/ros/install/robot_description:/home/kvothe/ros/install/cppp:/home/kvothe/ros/install/soma:/home/kvothe/ros/install/sensor_management:/home/kvothe/ros/install/robot_control:/opt/ros/humble /usr/bin/cmake --build /home/kvothe/ros/build/cppp -- -j12 -l12
[15.474s] Invoking command in '/home/kvothe/ros/build/cppp': CMAKE_PREFIX_PATH=/home/kvothe/ros/install/messages:/home/kvothe/ros/install/ros_bringup:/home/kvothe/ros/install/ros_gazebo:/home/kvothe/ros/install/robot_description:/home/kvothe/ros/install/cppp:/home/kvothe/ros/install/soma:/home/kvothe/ros/install/sensor_management:/home/kvothe/ros/install/robot_control:/opt/ros/humble /usr/bin/cmake --install /home/kvothe/ros/build/cppp
[15.492s] -- Install configuration: ""
[15.492s] -- Up-to-date: /home/kvothe/ros/install/cppp/lib/cppp/LandmarkTransformerNode
[15.492s] -- Up-to-date: /home/kvothe/ros/install/cppp/lib/cppp/ScanAccumulator
[15.493s] -- Up-to-date: /home/kvothe/ros/install/cppp/lib/cppp/PreprocessNode
[15.493s] -- Up-to-date: /home/kvothe/ros/install/cppp/lib/cppp/LandmarkGraphNode
[15.493s] -- Up-to-date: /home/kvothe/ros/install/cppp/lib/cppp/IncrementalLineFittingNode
[15.493s] -- Up-to-date: /home/kvothe/ros/install/cppp/lib/cppp/LandmarkTransformermapNode
[15.494s] -- Up-to-date: /home/kvothe/ros/install/cppp/lib/cppp/HoughLineFittingNode
[15.494s] -- Up-to-date: /home/kvothe/ros/install/cppp/lib/cppp/RansacLineExtractionNode
[15.494s] -- Up-to-date: /home/kvothe/ros/install/cppp/lib/cppp/ScanTransformer
[15.494s] -- Installing: /home/kvothe/ros/install/cppp/lib/cppp/PoseGraphOptimizer
[15.505s] -- Set runtime path of "/home/kvothe/ros/install/cppp/lib/cppp/PoseGraphOptimizer" to ""
[15.506s] -- Up-to-date: /home/kvothe/ros/install/cppp/share/ament_index/resource_index/package_run_dependencies/cppp
[15.506s] -- Up-to-date: /home/kvothe/ros/install/cppp/share/ament_index/resource_index/parent_prefix_path/cppp
[15.506s] -- Up-to-date: /home/kvothe/ros/install/cppp/share/cppp/environment/ament_prefix_path.sh
[15.506s] -- Up-to-date: /home/kvothe/ros/install/cppp/share/cppp/environment/ament_prefix_path.dsv
[15.506s] -- Up-to-date: /home/kvothe/ros/install/cppp/share/cppp/environment/path.sh
[15.507s] -- Up-to-date: /home/kvothe/ros/install/cppp/share/cppp/environment/path.dsv
[15.507s] -- Up-to-date: /home/kvothe/ros/install/cppp/share/cppp/local_setup.bash
[15.507s] -- Up-to-date: /home/kvothe/ros/install/cppp/share/cppp/local_setup.sh
[15.507s] -- Up-to-date: /home/kvothe/ros/install/cppp/share/cppp/local_setup.zsh
[15.507s] -- Up-to-date: /home/kvothe/ros/install/cppp/share/cppp/local_setup.dsv
[15.507s] -- Installing: /home/kvothe/ros/install/cppp/share/cppp/package.dsv
[15.508s] -- Up-to-date: /home/kvothe/ros/install/cppp/share/ament_index/resource_index/packages/cppp
[15.508s] -- Up-to-date: /home/kvothe/ros/install/cppp/share/cppp/cmake/cpppConfig.cmake
[15.508s] -- Up-to-date: /home/kvothe/ros/install/cppp/share/cppp/cmake/cpppConfig-version.cmake
[15.508s] -- Up-to-date: /home/kvothe/ros/install/cppp/share/cppp/package.xml
[15.510s] Invoked command in '/home/kvothe/ros/build/cppp' returned '0': CMAKE_PREFIX_PATH=/home/kvothe/ros/install/messages:/home/kvothe/ros/install/ros_bringup:/home/kvothe/ros/install/ros_gazebo:/home/kvothe/ros/install/robot_description:/home/kvothe/ros/install/cppp:/home/kvothe/ros/install/soma:/home/kvothe/ros/install/sensor_management:/home/kvothe/ros/install/robot_control:/opt/ros/humble /usr/bin/cmake --install /home/kvothe/ros/build/cppp
