[0.168s] DEBUG:colcon:Command line arguments: ['/usr/bin/colcon', 'build']
[0.168s] DEBUG:colcon:Parsed command line arguments: Namespace(log_base=None, log_level=None, verb_name='build', build_base='build', install_base='install', merge_install=False, symlink_install=False, test_result_base=None, continue_on_error=False, executor='parallel', parallel_workers=16, event_handlers=None, ignore_user_meta=False, metas=['./colcon.meta'], base_paths=['.'], packages_ignore=None, packages_ignore_regex=None, paths=None, packages_up_to=None, packages_up_to_regex=None, packages_above=None, packages_above_and_dependencies=None, packages_above_depth=None, packages_select_by_dep=None, packages_skip_by_dep=None, packages_skip_up_to=None, packages_select_build_failed=False, packages_skip_build_finished=False, packages_select_test_failures=False, packages_skip_test_passed=False, packages_select=None, packages_skip=None, packages_select_regex=None, packages_skip_regex=None, packages_start=None, packages_end=None, allow_overriding=[], cmake_args=None, cmake_target=None, cmake_target_skip_unavailable=False, cmake_clean_cache=False, cmake_clean_first=False, cmake_force_configure=False, ament_cmake_args=None, catkin_cmake_args=None, catkin_skip_building_tests=False, verb_parser=<colcon_defaults.argument_parser.defaults.DefaultArgumentsDecorator object at 0x7fed92c7cfa0>, verb_extension=<colcon_core.verb.build.BuildVerb object at 0x7fed92c7ca60>, main=<bound method BuildVerb.main of <colcon_core.verb.build.BuildVerb object at 0x7fed92c7ca60>>)
[0.373s] Level 1:colcon.colcon_core.package_discovery:discover_packages(colcon_meta) check parameters
[0.373s] Level 1:colcon.colcon_core.package_discovery:discover_packages(recursive) check parameters
[0.373s] Level 1:colcon.colcon_core.package_discovery:discover_packages(ignore) check parameters
[0.373s] Level 1:colcon.colcon_core.package_discovery:discover_packages(path) check parameters
[0.373s] Level 1:colcon.colcon_core.package_discovery:discover_packages(colcon_meta) discover
[0.373s] Level 1:colcon.colcon_core.package_discovery:discover_packages(recursive) discover
[0.373s] INFO:colcon.colcon_core.package_discovery:Crawling recursively for packages in '/home/kvothe/ros'
[0.374s] Level 1:colcon.colcon_core.package_identification:_identify(.) by extensions ['ignore', 'ignore_ament_install']
[0.374s] Level 1:colcon.colcon_core.package_identification:_identify(.) by extension 'ignore'
[0.374s] Level 1:colcon.colcon_core.package_identification:_identify(.) by extension 'ignore_ament_install'
[0.374s] Level 1:colcon.colcon_core.package_identification:_identify(.) by extensions ['colcon_pkg']
[0.374s] Level 1:colcon.colcon_core.package_identification:_identify(.) by extension 'colcon_pkg'
[0.374s] Level 1:colcon.colcon_core.package_identification:_identify(.) by extensions ['colcon_meta']
[0.374s] Level 1:colcon.colcon_core.package_identification:_identify(.) by extension 'colcon_meta'
[0.374s] Level 1:colcon.colcon_core.package_identification:_identify(.) by extensions ['ros']
[0.374s] Level 1:colcon.colcon_core.package_identification:_identify(.) by extension 'ros'
[0.382s] Level 1:colcon.colcon_core.package_identification:_identify(.) by extensions ['cmake', 'python']
[0.383s] Level 1:colcon.colcon_core.package_identification:_identify(.) by extension 'cmake'
[0.383s] Level 1:colcon.colcon_core.package_identification:_identify(.) by extension 'python'
[0.383s] Level 1:colcon.colcon_core.package_identification:_identify(.) by extensions ['python_setup_py']
[0.383s] Level 1:colcon.colcon_core.package_identification:_identify(.) by extension 'python_setup_py'
[0.383s] Level 1:colcon.colcon_core.package_identification:_identify(CMakeFiles) by extensions ['ignore', 'ignore_ament_install']
[0.383s] Level 1:colcon.colcon_core.package_identification:_identify(CMakeFiles) by extension 'ignore'
[0.383s] Level 1:colcon.colcon_core.package_identification:_identify(CMakeFiles) by extension 'ignore_ament_install'
[0.383s] Level 1:colcon.colcon_core.package_identification:_identify(CMakeFiles) by extensions ['colcon_pkg']
[0.384s] Level 1:colcon.colcon_core.package_identification:_identify(CMakeFiles) by extension 'colcon_pkg'
[0.384s] Level 1:colcon.colcon_core.package_identification:_identify(CMakeFiles) by extensions ['colcon_meta']
[0.384s] Level 1:colcon.colcon_core.package_identification:_identify(CMakeFiles) by extension 'colcon_meta'
[0.384s] Level 1:colcon.colcon_core.package_identification:_identify(CMakeFiles) by extensions ['ros']
[0.384s] Level 1:colcon.colcon_core.package_identification:_identify(CMakeFiles) by extension 'ros'
[0.384s] Level 1:colcon.colcon_core.package_identification:_identify(CMakeFiles) by extensions ['cmake', 'python']
[0.384s] Level 1:colcon.colcon_core.package_identification:_identify(CMakeFiles) by extension 'cmake'
[0.384s] Level 1:colcon.colcon_core.package_identification:_identify(CMakeFiles) by extension 'python'
[0.384s] Level 1:colcon.colcon_core.package_identification:_identify(CMakeFiles) by extensions ['python_setup_py']
[0.384s] Level 1:colcon.colcon_core.package_identification:_identify(CMakeFiles) by extension 'python_setup_py'
[0.384s] Level 1:colcon.colcon_core.package_identification:_identify(build) by extensions ['ignore', 'ignore_ament_install']
[0.384s] Level 1:colcon.colcon_core.package_identification:_identify(build) by extension 'ignore'
[0.384s] Level 1:colcon.colcon_core.package_identification:_identify(build) ignored
[0.384s] Level 1:colcon.colcon_core.package_identification:_identify(install) by extensions ['ignore', 'ignore_ament_install']
[0.384s] Level 1:colcon.colcon_core.package_identification:_identify(install) by extension 'ignore'
[0.384s] Level 1:colcon.colcon_core.package_identification:_identify(install) ignored
[0.386s] Level 1:colcon.colcon_core.package_identification:_identify(log) by extensions ['ignore', 'ignore_ament_install']
[0.386s] Level 1:colcon.colcon_core.package_identification:_identify(log) by extension 'ignore'
[0.386s] Level 1:colcon.colcon_core.package_identification:_identify(log) ignored
[0.386s] Level 1:colcon.colcon_core.package_identification:_identify(src) by extensions ['ignore', 'ignore_ament_install']
[0.386s] Level 1:colcon.colcon_core.package_identification:_identify(src) by extension 'ignore'
[0.386s] Level 1:colcon.colcon_core.package_identification:_identify(src) by extension 'ignore_ament_install'
[0.387s] Level 1:colcon.colcon_core.package_identification:_identify(src) by extensions ['colcon_pkg']
[0.387s] Level 1:colcon.colcon_core.package_identification:_identify(src) by extension 'colcon_pkg'
[0.387s] Level 1:colcon.colcon_core.package_identification:_identify(src) by extensions ['colcon_meta']
[0.387s] Level 1:colcon.colcon_core.package_identification:_identify(src) by extension 'colcon_meta'
[0.387s] Level 1:colcon.colcon_core.package_identification:_identify(src) by extensions ['ros']
[0.387s] Level 1:colcon.colcon_core.package_identification:_identify(src) by extension 'ros'
[0.387s] Level 1:colcon.colcon_core.package_identification:_identify(src) by extensions ['cmake', 'python']
[0.387s] Level 1:colcon.colcon_core.package_identification:_identify(src) by extension 'cmake'
[0.387s] Level 1:colcon.colcon_core.package_identification:_identify(src) by extension 'python'
[0.387s] Level 1:colcon.colcon_core.package_identification:_identify(src) by extensions ['python_setup_py']
[0.387s] Level 1:colcon.colcon_core.package_identification:_identify(src) by extension 'python_setup_py'
[0.387s] Level 1:colcon.colcon_core.package_identification:_identify(src/cppp) by extensions ['ignore', 'ignore_ament_install']
[0.387s] Level 1:colcon.colcon_core.package_identification:_identify(src/cppp) by extension 'ignore'
[0.387s] Level 1:colcon.colcon_core.package_identification:_identify(src/cppp) by extension 'ignore_ament_install'
[0.387s] Level 1:colcon.colcon_core.package_identification:_identify(src/cppp) by extensions ['colcon_pkg']
[0.387s] Level 1:colcon.colcon_core.package_identification:_identify(src/cppp) by extension 'colcon_pkg'
[0.387s] Level 1:colcon.colcon_core.package_identification:_identify(src/cppp) by extensions ['colcon_meta']
[0.387s] Level 1:colcon.colcon_core.package_identification:_identify(src/cppp) by extension 'colcon_meta'
[0.387s] Level 1:colcon.colcon_core.package_identification:_identify(src/cppp) by extensions ['ros']
[0.387s] Level 1:colcon.colcon_core.package_identification:_identify(src/cppp) by extension 'ros'
[0.390s] DEBUG:colcon.colcon_core.package_identification:Package 'src/cppp' with type 'ros.ament_cmake' and name 'cppp'
[0.390s] Level 1:colcon.colcon_core.package_identification:_identify(src/messages) by extensions ['ignore', 'ignore_ament_install']
[0.390s] Level 1:colcon.colcon_core.package_identification:_identify(src/messages) by extension 'ignore'
[0.390s] Level 1:colcon.colcon_core.package_identification:_identify(src/messages) by extension 'ignore_ament_install'
[0.390s] Level 1:colcon.colcon_core.package_identification:_identify(src/messages) by extensions ['colcon_pkg']
[0.390s] Level 1:colcon.colcon_core.package_identification:_identify(src/messages) by extension 'colcon_pkg'
[0.390s] Level 1:colcon.colcon_core.package_identification:_identify(src/messages) by extensions ['colcon_meta']
[0.390s] Level 1:colcon.colcon_core.package_identification:_identify(src/messages) by extension 'colcon_meta'
[0.390s] Level 1:colcon.colcon_core.package_identification:_identify(src/messages) by extensions ['ros']
[0.390s] Level 1:colcon.colcon_core.package_identification:_identify(src/messages) by extension 'ros'
[0.391s] DEBUG:colcon.colcon_core.package_identification:Package 'src/messages' with type 'ros.ament_cmake' and name 'messages'
[0.391s] Level 1:colcon.colcon_core.package_identification:_identify(src/robot_control) by extensions ['ignore', 'ignore_ament_install']
[0.391s] Level 1:colcon.colcon_core.package_identification:_identify(src/robot_control) by extension 'ignore'
[0.391s] Level 1:colcon.colcon_core.package_identification:_identify(src/robot_control) by extension 'ignore_ament_install'
[0.391s] Level 1:colcon.colcon_core.package_identification:_identify(src/robot_control) by extensions ['colcon_pkg']
[0.391s] Level 1:colcon.colcon_core.package_identification:_identify(src/robot_control) by extension 'colcon_pkg'
[0.391s] Level 1:colcon.colcon_core.package_identification:_identify(src/robot_control) by extensions ['colcon_meta']
[0.391s] Level 1:colcon.colcon_core.package_identification:_identify(src/robot_control) by extension 'colcon_meta'
[0.391s] Level 1:colcon.colcon_core.package_identification:_identify(src/robot_control) by extensions ['ros']
[0.391s] Level 1:colcon.colcon_core.package_identification:_identify(src/robot_control) by extension 'ros'
[0.392s] DEBUG:colcon.colcon_core.package_identification:Package 'src/robot_control' with type 'ros.ament_python' and name 'robot_control'
[0.392s] Level 1:colcon.colcon_core.package_identification:_identify(src/robot_description) by extensions ['ignore', 'ignore_ament_install']
[0.392s] Level 1:colcon.colcon_core.package_identification:_identify(src/robot_description) by extension 'ignore'
[0.392s] Level 1:colcon.colcon_core.package_identification:_identify(src/robot_description) by extension 'ignore_ament_install'
[0.392s] Level 1:colcon.colcon_core.package_identification:_identify(src/robot_description) by extensions ['colcon_pkg']
[0.392s] Level 1:colcon.colcon_core.package_identification:_identify(src/robot_description) by extension 'colcon_pkg'
[0.392s] Level 1:colcon.colcon_core.package_identification:_identify(src/robot_description) by extensions ['colcon_meta']
[0.393s] Level 1:colcon.colcon_core.package_identification:_identify(src/robot_description) by extension 'colcon_meta'
[0.393s] Level 1:colcon.colcon_core.package_identification:_identify(src/robot_description) by extensions ['ros']
[0.393s] Level 1:colcon.colcon_core.package_identification:_identify(src/robot_description) by extension 'ros'
[0.393s] DEBUG:colcon.colcon_core.package_identification:Package 'src/robot_description' with type 'ros.ament_cmake' and name 'robot_description'
[0.393s] Level 1:colcon.colcon_core.package_identification:_identify(src/ros_bringup) by extensions ['ignore', 'ignore_ament_install']
[0.393s] Level 1:colcon.colcon_core.package_identification:_identify(src/ros_bringup) by extension 'ignore'
[0.393s] Level 1:colcon.colcon_core.package_identification:_identify(src/ros_bringup) by extension 'ignore_ament_install'
[0.393s] Level 1:colcon.colcon_core.package_identification:_identify(src/ros_bringup) by extensions ['colcon_pkg']
[0.393s] Level 1:colcon.colcon_core.package_identification:_identify(src/ros_bringup) by extension 'colcon_pkg'
[0.393s] Level 1:colcon.colcon_core.package_identification:_identify(src/ros_bringup) by extensions ['colcon_meta']
[0.393s] Level 1:colcon.colcon_core.package_identification:_identify(src/ros_bringup) by extension 'colcon_meta'
[0.393s] Level 1:colcon.colcon_core.package_identification:_identify(src/ros_bringup) by extensions ['ros']
[0.393s] Level 1:colcon.colcon_core.package_identification:_identify(src/ros_bringup) by extension 'ros'
[0.394s] DEBUG:colcon.colcon_core.package_identification:Package 'src/ros_bringup' with type 'ros.ament_cmake' and name 'ros_bringup'
[0.394s] Level 1:colcon.colcon_core.package_identification:_identify(src/ros_gazebo) by extensions ['ignore', 'ignore_ament_install']
[0.394s] Level 1:colcon.colcon_core.package_identification:_identify(src/ros_gazebo) by extension 'ignore'
[0.394s] Level 1:colcon.colcon_core.package_identification:_identify(src/ros_gazebo) by extension 'ignore_ament_install'
[0.394s] Level 1:colcon.colcon_core.package_identification:_identify(src/ros_gazebo) by extensions ['colcon_pkg']
[0.394s] Level 1:colcon.colcon_core.package_identification:_identify(src/ros_gazebo) by extension 'colcon_pkg'
[0.394s] Level 1:colcon.colcon_core.package_identification:_identify(src/ros_gazebo) by extensions ['colcon_meta']
[0.394s] Level 1:colcon.colcon_core.package_identification:_identify(src/ros_gazebo) by extension 'colcon_meta'
[0.395s] Level 1:colcon.colcon_core.package_identification:_identify(src/ros_gazebo) by extensions ['ros']
[0.395s] Level 1:colcon.colcon_core.package_identification:_identify(src/ros_gazebo) by extension 'ros'
[0.395s] DEBUG:colcon.colcon_core.package_identification:Package 'src/ros_gazebo' with type 'ros.ament_cmake' and name 'ros_gazebo'
[0.395s] Level 1:colcon.colcon_core.package_identification:_identify(src/sensor_management) by extensions ['ignore', 'ignore_ament_install']
[0.395s] Level 1:colcon.colcon_core.package_identification:_identify(src/sensor_management) by extension 'ignore'
[0.395s] Level 1:colcon.colcon_core.package_identification:_identify(src/sensor_management) by extension 'ignore_ament_install'
[0.395s] Level 1:colcon.colcon_core.package_identification:_identify(src/sensor_management) by extensions ['colcon_pkg']
[0.395s] Level 1:colcon.colcon_core.package_identification:_identify(src/sensor_management) by extension 'colcon_pkg'
[0.395s] Level 1:colcon.colcon_core.package_identification:_identify(src/sensor_management) by extensions ['colcon_meta']
[0.395s] Level 1:colcon.colcon_core.package_identification:_identify(src/sensor_management) by extension 'colcon_meta'
[0.395s] Level 1:colcon.colcon_core.package_identification:_identify(src/sensor_management) by extensions ['ros']
[0.395s] Level 1:colcon.colcon_core.package_identification:_identify(src/sensor_management) by extension 'ros'
[0.397s] DEBUG:colcon.colcon_core.package_identification:Package 'src/sensor_management' with type 'ros.ament_python' and name 'sensor_management'
[0.397s] Level 1:colcon.colcon_core.package_identification:_identify(src/soma) by extensions ['ignore', 'ignore_ament_install']
[0.397s] Level 1:colcon.colcon_core.package_identification:_identify(src/soma) by extension 'ignore'
[0.397s] Level 1:colcon.colcon_core.package_identification:_identify(src/soma) by extension 'ignore_ament_install'
[0.397s] Level 1:colcon.colcon_core.package_identification:_identify(src/soma) by extensions ['colcon_pkg']
[0.397s] Level 1:colcon.colcon_core.package_identification:_identify(src/soma) by extension 'colcon_pkg'
[0.397s] Level 1:colcon.colcon_core.package_identification:_identify(src/soma) by extensions ['colcon_meta']
[0.397s] Level 1:colcon.colcon_core.package_identification:_identify(src/soma) by extension 'colcon_meta'
[0.397s] Level 1:colcon.colcon_core.package_identification:_identify(src/soma) by extensions ['ros']
[0.397s] Level 1:colcon.colcon_core.package_identification:_identify(src/soma) by extension 'ros'
[0.398s] DEBUG:colcon.colcon_core.package_identification:Package 'src/soma' with type 'ros.ament_python' and name 'soma'
[0.398s] Level 1:colcon.colcon_core.package_discovery:discover_packages(recursive) using defaults
[0.398s] Level 1:colcon.colcon_core.package_discovery:discover_packages(ignore) discover
[0.398s] Level 1:colcon.colcon_core.package_discovery:discover_packages(ignore) using defaults
[0.398s] Level 1:colcon.colcon_core.package_discovery:discover_packages(path) discover
[0.398s] Level 1:colcon.colcon_core.package_discovery:discover_packages(path) using defaults
[0.432s] Level 1:colcon.colcon_core.package_discovery:discover_packages(prefix_path) check parameters
[0.432s] Level 1:colcon.colcon_core.package_discovery:discover_packages(prefix_path) discover
[0.437s] DEBUG:colcon.colcon_installed_package_information.package_discovery:Found 8 installed packages in /home/kvothe/ros/install
[0.438s] DEBUG:colcon.colcon_installed_package_information.package_discovery:Found 326 installed packages in /opt/ros/humble
[0.439s] Level 1:colcon.colcon_core.package_discovery:discover_packages(prefix_path) using defaults
[0.472s] Level 5:colcon.colcon_core.verb:set package 'messages' build argument 'cmake_args' from command line to 'None'
[0.472s] Level 5:colcon.colcon_core.verb:set package 'messages' build argument 'cmake_target' from command line to 'None'
[0.472s] Level 5:colcon.colcon_core.verb:set package 'messages' build argument 'cmake_target_skip_unavailable' from command line to 'False'
[0.472s] Level 5:colcon.colcon_core.verb:set package 'messages' build argument 'cmake_clean_cache' from command line to 'False'
[0.472s] Level 5:colcon.colcon_core.verb:set package 'messages' build argument 'cmake_clean_first' from command line to 'False'
[0.472s] Level 5:colcon.colcon_core.verb:set package 'messages' build argument 'cmake_force_configure' from command line to 'False'
[0.472s] Level 5:colcon.colcon_core.verb:set package 'messages' build argument 'ament_cmake_args' from command line to 'None'
[0.472s] Level 5:colcon.colcon_core.verb:set package 'messages' build argument 'catkin_cmake_args' from command line to 'None'
[0.472s] Level 5:colcon.colcon_core.verb:set package 'messages' build argument 'catkin_skip_building_tests' from command line to 'False'
[0.472s] DEBUG:colcon.colcon_core.verb:Building package 'messages' with the following arguments: {'ament_cmake_args': None, 'build_base': '/home/kvothe/ros/build/messages', 'catkin_cmake_args': None, 'catkin_skip_building_tests': False, 'cmake_args': None, 'cmake_clean_cache': False, 'cmake_clean_first': False, 'cmake_force_configure': False, 'cmake_target': None, 'cmake_target_skip_unavailable': False, 'install_base': '/home/kvothe/ros/install/messages', 'merge_install': False, 'path': '/home/kvothe/ros/src/messages', 'symlink_install': False, 'test_result_base': None}
[0.472s] Level 5:colcon.colcon_core.verb:set package 'robot_control' build argument 'cmake_args' from command line to 'None'
[0.472s] Level 5:colcon.colcon_core.verb:set package 'robot_control' build argument 'cmake_target' from command line to 'None'
[0.472s] Level 5:colcon.colcon_core.verb:set package 'robot_control' build argument 'cmake_target_skip_unavailable' from command line to 'False'
[0.472s] Level 5:colcon.colcon_core.verb:set package 'robot_control' build argument 'cmake_clean_cache' from command line to 'False'
[0.472s] Level 5:colcon.colcon_core.verb:set package 'robot_control' build argument 'cmake_clean_first' from command line to 'False'
[0.472s] Level 5:colcon.colcon_core.verb:set package 'robot_control' build argument 'cmake_force_configure' from command line to 'False'
[0.472s] Level 5:colcon.colcon_core.verb:set package 'robot_control' build argument 'ament_cmake_args' from command line to 'None'
[0.472s] Level 5:colcon.colcon_core.verb:set package 'robot_control' build argument 'catkin_cmake_args' from command line to 'None'
[0.472s] Level 5:colcon.colcon_core.verb:set package 'robot_control' build argument 'catkin_skip_building_tests' from command line to 'False'
[0.473s] DEBUG:colcon.colcon_core.verb:Building package 'robot_control' with the following arguments: {'ament_cmake_args': None, 'build_base': '/home/kvothe/ros/build/robot_control', 'catkin_cmake_args': None, 'catkin_skip_building_tests': False, 'cmake_args': None, 'cmake_clean_cache': False, 'cmake_clean_first': False, 'cmake_force_configure': False, 'cmake_target': None, 'cmake_target_skip_unavailable': False, 'install_base': '/home/kvothe/ros/install/robot_control', 'merge_install': False, 'path': '/home/kvothe/ros/src/robot_control', 'symlink_install': False, 'test_result_base': None}
[0.473s] Level 5:colcon.colcon_core.verb:set package 'robot_description' build argument 'cmake_args' from command line to 'None'
[0.473s] Level 5:colcon.colcon_core.verb:set package 'robot_description' build argument 'cmake_target' from command line to 'None'
[0.473s] Level 5:colcon.colcon_core.verb:set package 'robot_description' build argument 'cmake_target_skip_unavailable' from command line to 'False'
[0.473s] Level 5:colcon.colcon_core.verb:set package 'robot_description' build argument 'cmake_clean_cache' from command line to 'False'
[0.473s] Level 5:colcon.colcon_core.verb:set package 'robot_description' build argument 'cmake_clean_first' from command line to 'False'
[0.473s] Level 5:colcon.colcon_core.verb:set package 'robot_description' build argument 'cmake_force_configure' from command line to 'False'
[0.473s] Level 5:colcon.colcon_core.verb:set package 'robot_description' build argument 'ament_cmake_args' from command line to 'None'
[0.473s] Level 5:colcon.colcon_core.verb:set package 'robot_description' build argument 'catkin_cmake_args' from command line to 'None'
[0.473s] Level 5:colcon.colcon_core.verb:set package 'robot_description' build argument 'catkin_skip_building_tests' from command line to 'False'
[0.473s] DEBUG:colcon.colcon_core.verb:Building package 'robot_description' with the following arguments: {'ament_cmake_args': None, 'build_base': '/home/kvothe/ros/build/robot_description', 'catkin_cmake_args': None, 'catkin_skip_building_tests': False, 'cmake_args': None, 'cmake_clean_cache': False, 'cmake_clean_first': False, 'cmake_force_configure': False, 'cmake_target': None, 'cmake_target_skip_unavailable': False, 'install_base': '/home/kvothe/ros/install/robot_description', 'merge_install': False, 'path': '/home/kvothe/ros/src/robot_description', 'symlink_install': False, 'test_result_base': None}
[0.473s] Level 5:colcon.colcon_core.verb:set package 'cppp' build argument 'cmake_args' from command line to 'None'
[0.473s] Level 5:colcon.colcon_core.verb:set package 'cppp' build argument 'cmake_target' from command line to 'None'
[0.473s] Level 5:colcon.colcon_core.verb:set package 'cppp' build argument 'cmake_target_skip_unavailable' from command line to 'False'
[0.473s] Level 5:colcon.colcon_core.verb:set package 'cppp' build argument 'cmake_clean_cache' from command line to 'False'
[0.473s] Level 5:colcon.colcon_core.verb:set package 'cppp' build argument 'cmake_clean_first' from command line to 'False'
[0.473s] Level 5:colcon.colcon_core.verb:set package 'cppp' build argument 'cmake_force_configure' from command line to 'False'
[0.473s] Level 5:colcon.colcon_core.verb:set package 'cppp' build argument 'ament_cmake_args' from command line to 'None'
[0.473s] Level 5:colcon.colcon_core.verb:set package 'cppp' build argument 'catkin_cmake_args' from command line to 'None'
[0.473s] Level 5:colcon.colcon_core.verb:set package 'cppp' build argument 'catkin_skip_building_tests' from command line to 'False'
[0.473s] DEBUG:colcon.colcon_core.verb:Building package 'cppp' with the following arguments: {'ament_cmake_args': None, 'build_base': '/home/kvothe/ros/build/cppp', 'catkin_cmake_args': None, 'catkin_skip_building_tests': False, 'cmake_args': None, 'cmake_clean_cache': False, 'cmake_clean_first': False, 'cmake_force_configure': False, 'cmake_target': None, 'cmake_target_skip_unavailable': False, 'install_base': '/home/kvothe/ros/install/cppp', 'merge_install': False, 'path': '/home/kvothe/ros/src/cppp', 'symlink_install': False, 'test_result_base': None}
[0.474s] Level 5:colcon.colcon_core.verb:set package 'ros_gazebo' build argument 'cmake_args' from command line to 'None'
[0.474s] Level 5:colcon.colcon_core.verb:set package 'ros_gazebo' build argument 'cmake_target' from command line to 'None'
[0.474s] Level 5:colcon.colcon_core.verb:set package 'ros_gazebo' build argument 'cmake_target_skip_unavailable' from command line to 'False'
[0.474s] Level 5:colcon.colcon_core.verb:set package 'ros_gazebo' build argument 'cmake_clean_cache' from command line to 'False'
[0.474s] Level 5:colcon.colcon_core.verb:set package 'ros_gazebo' build argument 'cmake_clean_first' from command line to 'False'
[0.474s] Level 5:colcon.colcon_core.verb:set package 'ros_gazebo' build argument 'cmake_force_configure' from command line to 'False'
[0.474s] Level 5:colcon.colcon_core.verb:set package 'ros_gazebo' build argument 'ament_cmake_args' from command line to 'None'
[0.474s] Level 5:colcon.colcon_core.verb:set package 'ros_gazebo' build argument 'catkin_cmake_args' from command line to 'None'
[0.474s] Level 5:colcon.colcon_core.verb:set package 'ros_gazebo' build argument 'catkin_skip_building_tests' from command line to 'False'
[0.474s] DEBUG:colcon.colcon_core.verb:Building package 'ros_gazebo' with the following arguments: {'ament_cmake_args': None, 'build_base': '/home/kvothe/ros/build/ros_gazebo', 'catkin_cmake_args': None, 'catkin_skip_building_tests': False, 'cmake_args': None, 'cmake_clean_cache': False, 'cmake_clean_first': False, 'cmake_force_configure': False, 'cmake_target': None, 'cmake_target_skip_unavailable': False, 'install_base': '/home/kvothe/ros/install/ros_gazebo', 'merge_install': False, 'path': '/home/kvothe/ros/src/ros_gazebo', 'symlink_install': False, 'test_result_base': None}
[0.474s] Level 5:colcon.colcon_core.verb:set package 'sensor_management' build argument 'cmake_args' from command line to 'None'
[0.474s] Level 5:colcon.colcon_core.verb:set package 'sensor_management' build argument 'cmake_target' from command line to 'None'
[0.474s] Level 5:colcon.colcon_core.verb:set package 'sensor_management' build argument 'cmake_target_skip_unavailable' from command line to 'False'
[0.474s] Level 5:colcon.colcon_core.verb:set package 'sensor_management' build argument 'cmake_clean_cache' from command line to 'False'
[0.474s] Level 5:colcon.colcon_core.verb:set package 'sensor_management' build argument 'cmake_clean_first' from command line to 'False'
[0.474s] Level 5:colcon.colcon_core.verb:set package 'sensor_management' build argument 'cmake_force_configure' from command line to 'False'
[0.474s] Level 5:colcon.colcon_core.verb:set package 'sensor_management' build argument 'ament_cmake_args' from command line to 'None'
[0.474s] Level 5:colcon.colcon_core.verb:set package 'sensor_management' build argument 'catkin_cmake_args' from command line to 'None'
[0.474s] Level 5:colcon.colcon_core.verb:set package 'sensor_management' build argument 'catkin_skip_building_tests' from command line to 'False'
[0.474s] DEBUG:colcon.colcon_core.verb:Building package 'sensor_management' with the following arguments: {'ament_cmake_args': None, 'build_base': '/home/kvothe/ros/build/sensor_management', 'catkin_cmake_args': None, 'catkin_skip_building_tests': False, 'cmake_args': None, 'cmake_clean_cache': False, 'cmake_clean_first': False, 'cmake_force_configure': False, 'cmake_target': None, 'cmake_target_skip_unavailable': False, 'install_base': '/home/kvothe/ros/install/sensor_management', 'merge_install': False, 'path': '/home/kvothe/ros/src/sensor_management', 'symlink_install': False, 'test_result_base': None}
[0.474s] Level 5:colcon.colcon_core.verb:set package 'soma' build argument 'cmake_args' from command line to 'None'
[0.474s] Level 5:colcon.colcon_core.verb:set package 'soma' build argument 'cmake_target' from command line to 'None'
[0.474s] Level 5:colcon.colcon_core.verb:set package 'soma' build argument 'cmake_target_skip_unavailable' from command line to 'False'
[0.474s] Level 5:colcon.colcon_core.verb:set package 'soma' build argument 'cmake_clean_cache' from command line to 'False'
[0.474s] Level 5:colcon.colcon_core.verb:set package 'soma' build argument 'cmake_clean_first' from command line to 'False'
[0.474s] Level 5:colcon.colcon_core.verb:set package 'soma' build argument 'cmake_force_configure' from command line to 'False'
[0.474s] Level 5:colcon.colcon_core.verb:set package 'soma' build argument 'ament_cmake_args' from command line to 'None'
[0.474s] Level 5:colcon.colcon_core.verb:set package 'soma' build argument 'catkin_cmake_args' from command line to 'None'
[0.474s] Level 5:colcon.colcon_core.verb:set package 'soma' build argument 'catkin_skip_building_tests' from command line to 'False'
[0.474s] DEBUG:colcon.colcon_core.verb:Building package 'soma' with the following arguments: {'ament_cmake_args': None, 'build_base': '/home/kvothe/ros/build/soma', 'catkin_cmake_args': None, 'catkin_skip_building_tests': False, 'cmake_args': None, 'cmake_clean_cache': False, 'cmake_clean_first': False, 'cmake_force_configure': False, 'cmake_target': None, 'cmake_target_skip_unavailable': False, 'install_base': '/home/kvothe/ros/install/soma', 'merge_install': False, 'path': '/home/kvothe/ros/src/soma', 'symlink_install': False, 'test_result_base': None}
[0.475s] Level 5:colcon.colcon_core.verb:set package 'ros_bringup' build argument 'cmake_args' from command line to 'None'
[0.475s] Level 5:colcon.colcon_core.verb:set package 'ros_bringup' build argument 'cmake_target' from command line to 'None'
[0.475s] Level 5:colcon.colcon_core.verb:set package 'ros_bringup' build argument 'cmake_target_skip_unavailable' from command line to 'False'
[0.475s] Level 5:colcon.colcon_core.verb:set package 'ros_bringup' build argument 'cmake_clean_cache' from command line to 'False'
[0.475s] Level 5:colcon.colcon_core.verb:set package 'ros_bringup' build argument 'cmake_clean_first' from command line to 'False'
[0.475s] Level 5:colcon.colcon_core.verb:set package 'ros_bringup' build argument 'cmake_force_configure' from command line to 'False'
[0.475s] Level 5:colcon.colcon_core.verb:set package 'ros_bringup' build argument 'ament_cmake_args' from command line to 'None'
[0.475s] Level 5:colcon.colcon_core.verb:set package 'ros_bringup' build argument 'catkin_cmake_args' from command line to 'None'
[0.475s] Level 5:colcon.colcon_core.verb:set package 'ros_bringup' build argument 'catkin_skip_building_tests' from command line to 'False'
[0.475s] DEBUG:colcon.colcon_core.verb:Building package 'ros_bringup' with the following arguments: {'ament_cmake_args': None, 'build_base': '/home/kvothe/ros/build/ros_bringup', 'catkin_cmake_args': None, 'catkin_skip_building_tests': False, 'cmake_args': None, 'cmake_clean_cache': False, 'cmake_clean_first': False, 'cmake_force_configure': False, 'cmake_target': None, 'cmake_target_skip_unavailable': False, 'install_base': '/home/kvothe/ros/install/ros_bringup', 'merge_install': False, 'path': '/home/kvothe/ros/src/ros_bringup', 'symlink_install': False, 'test_result_base': None}
[0.475s] INFO:colcon.colcon_core.executor:Executing jobs using 'parallel' executor
[0.476s] DEBUG:colcon.colcon_parallel_executor.executor.parallel:run_until_complete
[0.476s] INFO:colcon.colcon_ros.task.ament_cmake.build:Building ROS package in '/home/kvothe/ros/src/messages' with build type 'ament_cmake'
[0.477s] INFO:colcon.colcon_cmake.task.cmake.build:Building CMake package in '/home/kvothe/ros/src/messages'
[0.480s] INFO:colcon.colcon_core.plugin_system:Skipping extension 'colcon_core.shell.bat': Not used on non-Windows systems
[0.481s] INFO:colcon.colcon_core.shell:Skip shell extension 'powershell' for command environment: Not usable outside of PowerShell
[0.481s] DEBUG:colcon.colcon_core.shell:Skip shell extension 'dsv' for command environment
[0.484s] INFO:colcon.colcon_ros.task.ament_cmake.build:Building ROS package in '/home/kvothe/ros/src/robot_description' with build type 'ament_cmake'
[0.484s] INFO:colcon.colcon_cmake.task.cmake.build:Building CMake package in '/home/kvothe/ros/src/robot_description'
[0.484s] INFO:colcon.colcon_core.shell:Skip shell extension 'powershell' for command environment: Not usable outside of PowerShell
[0.484s] DEBUG:colcon.colcon_core.shell:Skip shell extension 'dsv' for command environment
[0.487s] INFO:colcon.colcon_ros.task.ament_python.build:Building ROS package in '/home/kvothe/ros/src/robot_control' with build type 'ament_python'
[0.487s] Level 1:colcon.colcon_core.shell:create_environment_hook('robot_control', 'ament_prefix_path')
[0.487s] INFO:colcon.colcon_core.shell:Creating environment hook '/home/kvothe/ros/install/robot_control/share/robot_control/hook/ament_prefix_path.ps1'
[0.488s] INFO:colcon.colcon_core.shell:Creating environment descriptor '/home/kvothe/ros/install/robot_control/share/robot_control/hook/ament_prefix_path.dsv'
[0.489s] INFO:colcon.colcon_core.shell:Creating environment hook '/home/kvothe/ros/install/robot_control/share/robot_control/hook/ament_prefix_path.sh'
[0.490s] INFO:colcon.colcon_core.shell:Skip shell extension 'powershell' for command environment: Not usable outside of PowerShell
[0.490s] DEBUG:colcon.colcon_core.shell:Skip shell extension 'dsv' for command environment
[0.499s] DEBUG:colcon.colcon_core.event_handler.log_command:Invoking command in '/home/kvothe/ros/build/messages': CMAKE_PREFIX_PATH=${CMAKE_PREFIX_PATH}:/home/kvothe/ros/install/soma:/home/kvothe/ros/install/sensor_management:/home/kvothe/ros/install/robot_control:/opt/ros/humble /usr/bin/cmake --build /home/kvothe/ros/build/messages -- -j16 -l16
[0.501s] DEBUG:colcon.colcon_core.event_handler.log_command:Invoking command in '/home/kvothe/ros/build/robot_description': CMAKE_PREFIX_PATH=${CMAKE_PREFIX_PATH}:/home/kvothe/ros/install/soma:/home/kvothe/ros/install/sensor_management:/home/kvothe/ros/install/robot_control:/opt/ros/humble /usr/bin/cmake --build /home/kvothe/ros/build/robot_description -- -j16 -l16
[0.733s] INFO:colcon.colcon_core.task.python.build:Building Python package in '/home/kvothe/ros/src/robot_control'
[0.734s] INFO:colcon.colcon_core.shell:Skip shell extension 'powershell' for command environment: Not usable outside of PowerShell
[0.734s] DEBUG:colcon.colcon_core.shell:Skip shell extension 'dsv' for command environment
[0.738s] DEBUG:colcon.colcon_core.event_handler.log_command:Invoked command in '/home/kvothe/ros/build/robot_description' returned '0': CMAKE_PREFIX_PATH=${CMAKE_PREFIX_PATH}:/home/kvothe/ros/install/soma:/home/kvothe/ros/install/sensor_management:/home/kvothe/ros/install/robot_control:/opt/ros/humble /usr/bin/cmake --build /home/kvothe/ros/build/robot_description -- -j16 -l16
[0.747s] DEBUG:colcon.colcon_core.event_handler.log_command:Invoking command in '/home/kvothe/ros/build/robot_description': CMAKE_PREFIX_PATH=${CMAKE_PREFIX_PATH}:/home/kvothe/ros/install/soma:/home/kvothe/ros/install/sensor_management:/home/kvothe/ros/install/robot_control:/opt/ros/humble /usr/bin/cmake --install /home/kvothe/ros/build/robot_description
[0.769s] Level 1:colcon.colcon_core.environment:create_environment_scripts_only(robot_description)
[0.769s] DEBUG:colcon.colcon_core.event_handler.log_command:Invoked command in '/home/kvothe/ros/build/robot_description' returned '0': CMAKE_PREFIX_PATH=${CMAKE_PREFIX_PATH}:/home/kvothe/ros/install/soma:/home/kvothe/ros/install/sensor_management:/home/kvothe/ros/install/robot_control:/opt/ros/humble /usr/bin/cmake --install /home/kvothe/ros/build/robot_description
[0.774s] Level 1:colcon.colcon_core.environment:checking '/home/kvothe/ros/install/robot_description' for CMake module files
[0.774s] Level 1:colcon.colcon_core.environment:checking '/home/kvothe/ros/install/robot_description' for CMake config files
[0.776s] Level 1:colcon.colcon_core.shell:create_environment_hook('robot_description', 'cmake_prefix_path')
[0.776s] INFO:colcon.colcon_core.shell:Creating environment hook '/home/kvothe/ros/install/robot_description/share/robot_description/hook/cmake_prefix_path.ps1'
[0.777s] INFO:colcon.colcon_core.shell:Creating environment descriptor '/home/kvothe/ros/install/robot_description/share/robot_description/hook/cmake_prefix_path.dsv'
[0.777s] INFO:colcon.colcon_core.shell:Creating environment hook '/home/kvothe/ros/install/robot_description/share/robot_description/hook/cmake_prefix_path.sh'
[0.778s] Level 1:colcon.colcon_core.environment:checking '/home/kvothe/ros/install/robot_description/bin'
[0.778s] Level 1:colcon.colcon_core.environment:checking '/home/kvothe/ros/install/robot_description/lib/pkgconfig/robot_description.pc'
[0.778s] Level 1:colcon.colcon_core.environment:checking '/home/kvothe/ros/install/robot_description/lib/python3.10/site-packages'
[0.778s] Level 1:colcon.colcon_core.environment:checking '/home/kvothe/ros/install/robot_description/bin'
[0.779s] INFO:colcon.colcon_core.shell:Creating package script '/home/kvothe/ros/install/robot_description/share/robot_description/package.ps1'
[0.780s] INFO:colcon.colcon_core.shell:Creating package descriptor '/home/kvothe/ros/install/robot_description/share/robot_description/package.dsv'
[0.780s] INFO:colcon.colcon_core.shell:Creating package script '/home/kvothe/ros/install/robot_description/share/robot_description/package.sh'
[0.781s] INFO:colcon.colcon_core.shell:Creating package script '/home/kvothe/ros/install/robot_description/share/robot_description/package.bash'
[0.782s] INFO:colcon.colcon_core.shell:Creating package script '/home/kvothe/ros/install/robot_description/share/robot_description/package.zsh'
[0.783s] Level 1:colcon.colcon_core.environment:create_file_with_runtime_dependencies(/home/kvothe/ros/install/robot_description/share/colcon-core/packages/robot_description)
[0.783s] Level 1:colcon.colcon_core.environment:create_environment_scripts_only(robot_description)
[0.784s] Level 1:colcon.colcon_core.environment:checking '/home/kvothe/ros/install/robot_description' for CMake module files
[0.784s] Level 1:colcon.colcon_core.environment:checking '/home/kvothe/ros/install/robot_description' for CMake config files
[0.784s] Level 1:colcon.colcon_core.shell:create_environment_hook('robot_description', 'cmake_prefix_path')
[0.784s] INFO:colcon.colcon_core.shell:Creating environment hook '/home/kvothe/ros/install/robot_description/share/robot_description/hook/cmake_prefix_path.ps1'
[0.785s] INFO:colcon.colcon_core.shell:Creating environment descriptor '/home/kvothe/ros/install/robot_description/share/robot_description/hook/cmake_prefix_path.dsv'
[0.785s] INFO:colcon.colcon_core.shell:Creating environment hook '/home/kvothe/ros/install/robot_description/share/robot_description/hook/cmake_prefix_path.sh'
[0.785s] Level 1:colcon.colcon_core.environment:checking '/home/kvothe/ros/install/robot_description/bin'
[0.785s] Level 1:colcon.colcon_core.environment:checking '/home/kvothe/ros/install/robot_description/lib/pkgconfig/robot_description.pc'
[0.785s] Level 1:colcon.colcon_core.environment:checking '/home/kvothe/ros/install/robot_description/lib/python3.10/site-packages'
[0.786s] Level 1:colcon.colcon_core.environment:checking '/home/kvothe/ros/install/robot_description/bin'
[0.786s] INFO:colcon.colcon_core.shell:Creating package script '/home/kvothe/ros/install/robot_description/share/robot_description/package.ps1'
[0.786s] INFO:colcon.colcon_core.shell:Creating package descriptor '/home/kvothe/ros/install/robot_description/share/robot_description/package.dsv'
[0.787s] INFO:colcon.colcon_core.shell:Creating package script '/home/kvothe/ros/install/robot_description/share/robot_description/package.sh'
[0.787s] INFO:colcon.colcon_core.shell:Creating package script '/home/kvothe/ros/install/robot_description/share/robot_description/package.bash'
[0.787s] INFO:colcon.colcon_core.shell:Creating package script '/home/kvothe/ros/install/robot_description/share/robot_description/package.zsh'
[0.787s] Level 1:colcon.colcon_core.environment:create_file_with_runtime_dependencies(/home/kvothe/ros/install/robot_description/share/colcon-core/packages/robot_description)
[0.788s] INFO:colcon.colcon_ros.task.ament_cmake.build:Building ROS package in '/home/kvothe/ros/src/ros_gazebo' with build type 'ament_cmake'
[0.788s] INFO:colcon.colcon_cmake.task.cmake.build:Building CMake package in '/home/kvothe/ros/src/ros_gazebo'
[0.788s] INFO:colcon.colcon_core.shell:Skip shell extension 'powershell' for command environment: Not usable outside of PowerShell
[0.788s] DEBUG:colcon.colcon_core.shell:Skip shell extension 'dsv' for command environment
[0.828s] DEBUG:colcon.colcon_core.event_handler.log_command:Invoked command in '/home/kvothe/ros/build/messages' returned '0': CMAKE_PREFIX_PATH=${CMAKE_PREFIX_PATH}:/home/kvothe/ros/install/soma:/home/kvothe/ros/install/sensor_management:/home/kvothe/ros/install/robot_control:/opt/ros/humble /usr/bin/cmake --build /home/kvothe/ros/build/messages -- -j16 -l16
[0.830s] DEBUG:colcon.colcon_core.event_handler.log_command:Invoking command in '/home/kvothe/ros/build/messages': CMAKE_PREFIX_PATH=${CMAKE_PREFIX_PATH}:/home/kvothe/ros/install/soma:/home/kvothe/ros/install/sensor_management:/home/kvothe/ros/install/robot_control:/opt/ros/humble /usr/bin/cmake --install /home/kvothe/ros/build/messages
[0.846s] DEBUG:colcon.colcon_core.event_handler.log_command:Invoking command in '/home/kvothe/ros/build/ros_gazebo': CMAKE_PREFIX_PATH=/home/kvothe/ros/install/robot_description:/home/kvothe/ros/install/ros_bringup:/home/kvothe/ros/install/ros_gazebo:/home/kvothe/ros/install/cppp:/home/kvothe/ros/install/messages:/home/kvothe/ros/install/soma:/home/kvothe/ros/install/sensor_management:/home/kvothe/ros/install/robot_control:/opt/ros/humble IGN_GAZEBO_RESOURCE_PATH=/home/kvothe/ros/install/robot_description/share/robot_description/models:${IGN_GAZEBO_RESOURCE_PATH} /usr/bin/cmake --build /home/kvothe/ros/build/ros_gazebo -- -j16 -l16
[0.899s] DEBUG:colcon.colcon_core.event_handler.log_command:Invoked command in '/home/kvothe/ros/build/ros_gazebo' returned '0': CMAKE_PREFIX_PATH=/home/kvothe/ros/install/robot_description:/home/kvothe/ros/install/ros_bringup:/home/kvothe/ros/install/ros_gazebo:/home/kvothe/ros/install/cppp:/home/kvothe/ros/install/messages:/home/kvothe/ros/install/soma:/home/kvothe/ros/install/sensor_management:/home/kvothe/ros/install/robot_control:/opt/ros/humble IGN_GAZEBO_RESOURCE_PATH=/home/kvothe/ros/install/robot_description/share/robot_description/models:${IGN_GAZEBO_RESOURCE_PATH} /usr/bin/cmake --build /home/kvothe/ros/build/ros_gazebo -- -j16 -l16
[0.901s] DEBUG:colcon.colcon_core.event_handler.log_command:Invoking command in '/home/kvothe/ros/build/ros_gazebo': CMAKE_PREFIX_PATH=/home/kvothe/ros/install/robot_description:/home/kvothe/ros/install/ros_bringup:/home/kvothe/ros/install/ros_gazebo:/home/kvothe/ros/install/cppp:/home/kvothe/ros/install/messages:/home/kvothe/ros/install/soma:/home/kvothe/ros/install/sensor_management:/home/kvothe/ros/install/robot_control:/opt/ros/humble IGN_GAZEBO_RESOURCE_PATH=/home/kvothe/ros/install/robot_description/share/robot_description/models:${IGN_GAZEBO_RESOURCE_PATH} /usr/bin/cmake --install /home/kvothe/ros/build/ros_gazebo
[0.920s] Level 1:colcon.colcon_core.environment:create_environment_scripts_only(ros_gazebo)
[0.921s] Level 1:colcon.colcon_core.environment:checking '/home/kvothe/ros/install/ros_gazebo' for CMake module files
[0.921s] DEBUG:colcon.colcon_core.event_handler.log_command:Invoked command in '/home/kvothe/ros/build/ros_gazebo' returned '0': CMAKE_PREFIX_PATH=/home/kvothe/ros/install/robot_description:/home/kvothe/ros/install/ros_bringup:/home/kvothe/ros/install/ros_gazebo:/home/kvothe/ros/install/cppp:/home/kvothe/ros/install/messages:/home/kvothe/ros/install/soma:/home/kvothe/ros/install/sensor_management:/home/kvothe/ros/install/robot_control:/opt/ros/humble IGN_GAZEBO_RESOURCE_PATH=/home/kvothe/ros/install/robot_description/share/robot_description/models:${IGN_GAZEBO_RESOURCE_PATH} /usr/bin/cmake --install /home/kvothe/ros/build/ros_gazebo
[0.922s] Level 1:colcon.colcon_core.environment:checking '/home/kvothe/ros/install/ros_gazebo' for CMake config files
[0.925s] Level 1:colcon.colcon_core.shell:create_environment_hook('ros_gazebo', 'cmake_prefix_path')
[0.925s] INFO:colcon.colcon_core.shell:Creating environment hook '/home/kvothe/ros/install/ros_gazebo/share/ros_gazebo/hook/cmake_prefix_path.ps1'
[0.926s] INFO:colcon.colcon_core.shell:Creating environment descriptor '/home/kvothe/ros/install/ros_gazebo/share/ros_gazebo/hook/cmake_prefix_path.dsv'
[0.926s] INFO:colcon.colcon_core.shell:Creating environment hook '/home/kvothe/ros/install/ros_gazebo/share/ros_gazebo/hook/cmake_prefix_path.sh'
[0.927s] Level 1:colcon.colcon_core.environment:checking '/home/kvothe/ros/install/ros_gazebo/lib'
[0.927s] Level 1:colcon.colcon_core.environment:checking '/home/kvothe/ros/install/ros_gazebo/bin'
[0.927s] Level 1:colcon.colcon_core.environment:checking '/home/kvothe/ros/install/ros_gazebo/lib/pkgconfig/ros_gazebo.pc'
[0.927s] Level 1:colcon.colcon_core.environment:checking '/home/kvothe/ros/install/ros_gazebo/lib/python3.10/site-packages'
[0.928s] Level 1:colcon.colcon_core.environment:checking '/home/kvothe/ros/install/ros_gazebo/bin'
[0.928s] INFO:colcon.colcon_core.shell:Creating package script '/home/kvothe/ros/install/ros_gazebo/share/ros_gazebo/package.ps1'
[0.928s] INFO:colcon.colcon_core.shell:Creating package descriptor '/home/kvothe/ros/install/ros_gazebo/share/ros_gazebo/package.dsv'
[0.929s] INFO:colcon.colcon_core.shell:Creating package script '/home/kvothe/ros/install/ros_gazebo/share/ros_gazebo/package.sh'
[0.929s] INFO:colcon.colcon_core.shell:Creating package script '/home/kvothe/ros/install/ros_gazebo/share/ros_gazebo/package.bash'
[0.930s] INFO:colcon.colcon_core.shell:Creating package script '/home/kvothe/ros/install/ros_gazebo/share/ros_gazebo/package.zsh'
[0.930s] Level 1:colcon.colcon_core.environment:create_file_with_runtime_dependencies(/home/kvothe/ros/install/ros_gazebo/share/colcon-core/packages/ros_gazebo)
[0.930s] Level 1:colcon.colcon_core.environment:create_environment_scripts_only(ros_gazebo)
[0.931s] Level 1:colcon.colcon_core.environment:checking '/home/kvothe/ros/install/ros_gazebo' for CMake module files
[0.931s] Level 1:colcon.colcon_core.environment:checking '/home/kvothe/ros/install/ros_gazebo' for CMake config files
[0.931s] Level 1:colcon.colcon_core.shell:create_environment_hook('ros_gazebo', 'cmake_prefix_path')
[0.931s] INFO:colcon.colcon_core.shell:Creating environment hook '/home/kvothe/ros/install/ros_gazebo/share/ros_gazebo/hook/cmake_prefix_path.ps1'
[0.932s] INFO:colcon.colcon_core.shell:Creating environment descriptor '/home/kvothe/ros/install/ros_gazebo/share/ros_gazebo/hook/cmake_prefix_path.dsv'
[0.932s] INFO:colcon.colcon_core.shell:Creating environment hook '/home/kvothe/ros/install/ros_gazebo/share/ros_gazebo/hook/cmake_prefix_path.sh'
[0.933s] Level 1:colcon.colcon_core.environment:checking '/home/kvothe/ros/install/ros_gazebo/lib'
[0.933s] Level 1:colcon.colcon_core.environment:checking '/home/kvothe/ros/install/ros_gazebo/bin'
[0.933s] Level 1:colcon.colcon_core.environment:checking '/home/kvothe/ros/install/ros_gazebo/lib/pkgconfig/ros_gazebo.pc'
[0.933s] Level 1:colcon.colcon_core.environment:checking '/home/kvothe/ros/install/ros_gazebo/lib/python3.10/site-packages'
[0.933s] Level 1:colcon.colcon_core.environment:checking '/home/kvothe/ros/install/ros_gazebo/bin'
[0.934s] INFO:colcon.colcon_core.shell:Creating package script '/home/kvothe/ros/install/ros_gazebo/share/ros_gazebo/package.ps1'
[0.934s] INFO:colcon.colcon_core.shell:Creating package descriptor '/home/kvothe/ros/install/ros_gazebo/share/ros_gazebo/package.dsv'
[0.935s] INFO:colcon.colcon_core.shell:Creating package script '/home/kvothe/ros/install/ros_gazebo/share/ros_gazebo/package.sh'
[0.935s] INFO:colcon.colcon_core.shell:Creating package script '/home/kvothe/ros/install/ros_gazebo/share/ros_gazebo/package.bash'
[0.935s] INFO:colcon.colcon_core.shell:Creating package script '/home/kvothe/ros/install/ros_gazebo/share/ros_gazebo/package.zsh'
[0.936s] Level 1:colcon.colcon_core.environment:create_file_with_runtime_dependencies(/home/kvothe/ros/install/ros_gazebo/share/colcon-core/packages/ros_gazebo)
[0.947s] Level 1:colcon.colcon_core.environment:create_environment_scripts_only(messages)
[0.947s] Level 1:colcon.colcon_core.environment:checking '/home/kvothe/ros/install/messages' for CMake module files
[0.948s] DEBUG:colcon.colcon_core.event_handler.log_command:Invoked command in '/home/kvothe/ros/build/messages' returned '0': CMAKE_PREFIX_PATH=${CMAKE_PREFIX_PATH}:/home/kvothe/ros/install/soma:/home/kvothe/ros/install/sensor_management:/home/kvothe/ros/install/robot_control:/opt/ros/humble /usr/bin/cmake --install /home/kvothe/ros/build/messages
[0.949s] Level 1:colcon.colcon_core.environment:checking '/home/kvothe/ros/install/messages' for CMake config files
[0.951s] Level 1:colcon.colcon_core.shell:create_environment_hook('messages', 'cmake_prefix_path')
[0.952s] INFO:colcon.colcon_core.shell:Creating environment hook '/home/kvothe/ros/install/messages/share/messages/hook/cmake_prefix_path.ps1'
[0.952s] INFO:colcon.colcon_core.shell:Creating environment descriptor '/home/kvothe/ros/install/messages/share/messages/hook/cmake_prefix_path.dsv'
[0.953s] INFO:colcon.colcon_core.shell:Creating environment hook '/home/kvothe/ros/install/messages/share/messages/hook/cmake_prefix_path.sh'
[0.953s] Level 1:colcon.colcon_core.environment:checking '/home/kvothe/ros/install/messages/lib'
[0.953s] Level 1:colcon.colcon_core.shell:create_environment_hook('messages', 'ld_library_path_lib')
[0.954s] INFO:colcon.colcon_core.shell:Creating environment hook '/home/kvothe/ros/install/messages/share/messages/hook/ld_library_path_lib.ps1'
[0.954s] INFO:colcon.colcon_core.shell:Creating environment descriptor '/home/kvothe/ros/install/messages/share/messages/hook/ld_library_path_lib.dsv'
[0.954s] INFO:colcon.colcon_core.shell:Creating environment hook '/home/kvothe/ros/install/messages/share/messages/hook/ld_library_path_lib.sh'
[0.955s] Level 1:colcon.colcon_core.environment:checking '/home/kvothe/ros/install/messages/bin'
[0.955s] Level 1:colcon.colcon_core.environment:checking '/home/kvothe/ros/install/messages/lib/pkgconfig/messages.pc'
[0.955s] Level 1:colcon.colcon_core.environment:checking '/home/kvothe/ros/install/messages/lib/python3.10/site-packages'
[0.955s] Level 1:colcon.colcon_core.environment:checking '/home/kvothe/ros/install/messages/bin'
[0.955s] INFO:colcon.colcon_core.shell:Creating package script '/home/kvothe/ros/install/messages/share/messages/package.ps1'
[0.956s] INFO:colcon.colcon_core.shell:Creating package descriptor '/home/kvothe/ros/install/messages/share/messages/package.dsv'
[0.956s] INFO:colcon.colcon_core.shell:Creating package script '/home/kvothe/ros/install/messages/share/messages/package.sh'
[0.957s] INFO:colcon.colcon_core.shell:Creating package script '/home/kvothe/ros/install/messages/share/messages/package.bash'
[0.957s] INFO:colcon.colcon_core.shell:Creating package script '/home/kvothe/ros/install/messages/share/messages/package.zsh'
[0.957s] Level 1:colcon.colcon_core.environment:create_file_with_runtime_dependencies(/home/kvothe/ros/install/messages/share/colcon-core/packages/messages)
[0.958s] Level 1:colcon.colcon_core.environment:create_environment_scripts_only(messages)
[0.958s] Level 1:colcon.colcon_core.environment:checking '/home/kvothe/ros/install/messages' for CMake module files
[0.958s] Level 1:colcon.colcon_core.environment:checking '/home/kvothe/ros/install/messages' for CMake config files
[0.959s] Level 1:colcon.colcon_core.shell:create_environment_hook('messages', 'cmake_prefix_path')
[0.959s] INFO:colcon.colcon_core.shell:Creating environment hook '/home/kvothe/ros/install/messages/share/messages/hook/cmake_prefix_path.ps1'
[0.959s] INFO:colcon.colcon_core.shell:Creating environment descriptor '/home/kvothe/ros/install/messages/share/messages/hook/cmake_prefix_path.dsv'
[0.960s] INFO:colcon.colcon_core.shell:Creating environment hook '/home/kvothe/ros/install/messages/share/messages/hook/cmake_prefix_path.sh'
[0.960s] Level 1:colcon.colcon_core.environment:checking '/home/kvothe/ros/install/messages/lib'
[0.960s] Level 1:colcon.colcon_core.shell:create_environment_hook('messages', 'ld_library_path_lib')
[0.961s] INFO:colcon.colcon_core.shell:Creating environment hook '/home/kvothe/ros/install/messages/share/messages/hook/ld_library_path_lib.ps1'
[0.961s] INFO:colcon.colcon_core.shell:Creating environment descriptor '/home/kvothe/ros/install/messages/share/messages/hook/ld_library_path_lib.dsv'
[0.961s] INFO:colcon.colcon_core.shell:Creating environment hook '/home/kvothe/ros/install/messages/share/messages/hook/ld_library_path_lib.sh'
[0.962s] Level 1:colcon.colcon_core.environment:checking '/home/kvothe/ros/install/messages/bin'
[0.962s] Level 1:colcon.colcon_core.environment:checking '/home/kvothe/ros/install/messages/lib/pkgconfig/messages.pc'
[0.962s] Level 1:colcon.colcon_core.environment:checking '/home/kvothe/ros/install/messages/lib/python3.10/site-packages'
[0.962s] Level 1:colcon.colcon_core.environment:checking '/home/kvothe/ros/install/messages/bin'
[0.962s] INFO:colcon.colcon_core.shell:Creating package script '/home/kvothe/ros/install/messages/share/messages/package.ps1'
[0.963s] INFO:colcon.colcon_core.shell:Creating package descriptor '/home/kvothe/ros/install/messages/share/messages/package.dsv'
[0.963s] INFO:colcon.colcon_core.shell:Creating package script '/home/kvothe/ros/install/messages/share/messages/package.sh'
[0.964s] INFO:colcon.colcon_core.shell:Creating package script '/home/kvothe/ros/install/messages/share/messages/package.bash'
[0.964s] INFO:colcon.colcon_core.shell:Creating package script '/home/kvothe/ros/install/messages/share/messages/package.zsh'
[0.964s] Level 1:colcon.colcon_core.environment:create_file_with_runtime_dependencies(/home/kvothe/ros/install/messages/share/colcon-core/packages/messages)
[0.965s] INFO:colcon.colcon_ros.task.ament_cmake.build:Building ROS package in '/home/kvothe/ros/src/cppp' with build type 'ament_cmake'
[0.965s] INFO:colcon.colcon_cmake.task.cmake.build:Building CMake package in '/home/kvothe/ros/src/cppp'
[0.965s] INFO:colcon.colcon_core.shell:Skip shell extension 'powershell' for command environment: Not usable outside of PowerShell
[0.965s] DEBUG:colcon.colcon_core.shell:Skip shell extension 'dsv' for command environment
[0.969s] INFO:colcon.colcon_ros.task.ament_python.build:Building ROS package in '/home/kvothe/ros/src/sensor_management' with build type 'ament_python'
[0.969s] Level 1:colcon.colcon_core.shell:create_environment_hook('sensor_management', 'ament_prefix_path')
[0.969s] INFO:colcon.colcon_core.shell:Creating environment hook '/home/kvothe/ros/install/sensor_management/share/sensor_management/hook/ament_prefix_path.ps1'
[0.970s] INFO:colcon.colcon_core.shell:Creating environment descriptor '/home/kvothe/ros/install/sensor_management/share/sensor_management/hook/ament_prefix_path.dsv'
[0.970s] INFO:colcon.colcon_core.shell:Creating environment hook '/home/kvothe/ros/install/sensor_management/share/sensor_management/hook/ament_prefix_path.sh'
[0.971s] INFO:colcon.colcon_core.shell:Skip shell extension 'powershell' for command environment: Not usable outside of PowerShell
[0.971s] DEBUG:colcon.colcon_core.shell:Skip shell extension 'dsv' for command environment
[0.974s] INFO:colcon.colcon_ros.task.ament_python.build:Building ROS package in '/home/kvothe/ros/src/soma' with build type 'ament_python'
[0.975s] Level 1:colcon.colcon_core.shell:create_environment_hook('soma', 'ament_prefix_path')
[0.975s] INFO:colcon.colcon_core.shell:Creating environment hook '/home/kvothe/ros/install/soma/share/soma/hook/ament_prefix_path.ps1'
[0.975s] INFO:colcon.colcon_core.shell:Creating environment descriptor '/home/kvothe/ros/install/soma/share/soma/hook/ament_prefix_path.dsv'
[0.976s] INFO:colcon.colcon_core.shell:Creating environment hook '/home/kvothe/ros/install/soma/share/soma/hook/ament_prefix_path.sh'
[0.976s] INFO:colcon.colcon_core.shell:Skip shell extension 'powershell' for command environment: Not usable outside of PowerShell
[0.976s] DEBUG:colcon.colcon_core.shell:Skip shell extension 'dsv' for command environment
[1.267s] INFO:colcon.colcon_core.task.python.build:Building Python package in '/home/kvothe/ros/src/sensor_management'
[1.267s] INFO:colcon.colcon_core.shell:Skip shell extension 'powershell' for command environment: Not usable outside of PowerShell
[1.267s] DEBUG:colcon.colcon_core.shell:Skip shell extension 'dsv' for command environment
[1.276s] DEBUG:colcon.colcon_core.event_handler.log_command:Invoking command in '/home/kvothe/ros/build/cppp': CMAKE_PREFIX_PATH=/home/kvothe/ros/install/messages:/home/kvothe/ros/install/ros_bringup:/home/kvothe/ros/install/ros_gazebo:/home/kvothe/ros/install/robot_description:/home/kvothe/ros/install/cppp:/home/kvothe/ros/install/soma:/home/kvothe/ros/install/sensor_management:/home/kvothe/ros/install/robot_control:/opt/ros/humble /usr/bin/cmake --build /home/kvothe/ros/build/cppp -- -j16 -l16
[1.496s] INFO:colcon.colcon_core.task.python.build:Building Python package in '/home/kvothe/ros/src/soma'
[1.496s] INFO:colcon.colcon_core.shell:Skip shell extension 'powershell' for command environment: Not usable outside of PowerShell
[1.496s] DEBUG:colcon.colcon_core.shell:Skip shell extension 'dsv' for command environment
[1.504s] DEBUG:colcon.colcon_core.event_handler.log_command:Invoking command in '/home/kvothe/ros/src/robot_control': PYTHONPATH=/home/kvothe/ros/build/robot_control/prefix_override:/usr/lib/python3/dist-packages/colcon_core/task/python/colcon_distutils_commands:/home/kvothe/ros/install/robot_control/lib/python3.10/site-packages:${PYTHONPATH} /usr/bin/python3 -W ignore:setup.py install is deprecated -W ignore:easy_install command is deprecated setup.py egg_info --egg-base ../../build/robot_control build --build-base /home/kvothe/ros/build/robot_control/build install --record /home/kvothe/ros/build/robot_control/install.log --single-version-externally-managed install_data
[1.507s] DEBUG:colcon.colcon_core.event_handler.log_command:Invoked command in '/home/kvothe/ros/build/cppp' returned '0': CMAKE_PREFIX_PATH=/home/kvothe/ros/install/messages:/home/kvothe/ros/install/ros_bringup:/home/kvothe/ros/install/ros_gazebo:/home/kvothe/ros/install/robot_description:/home/kvothe/ros/install/cppp:/home/kvothe/ros/install/soma:/home/kvothe/ros/install/sensor_management:/home/kvothe/ros/install/robot_control:/opt/ros/humble /usr/bin/cmake --build /home/kvothe/ros/build/cppp -- -j16 -l16
[1.511s] DEBUG:colcon.colcon_core.event_handler.log_command:Invoking command in '/home/kvothe/ros/build/cppp': CMAKE_PREFIX_PATH=/home/kvothe/ros/install/messages:/home/kvothe/ros/install/ros_bringup:/home/kvothe/ros/install/ros_gazebo:/home/kvothe/ros/install/robot_description:/home/kvothe/ros/install/cppp:/home/kvothe/ros/install/soma:/home/kvothe/ros/install/sensor_management:/home/kvothe/ros/install/robot_control:/opt/ros/humble /usr/bin/cmake --install /home/kvothe/ros/build/cppp
[1.527s] Level 1:colcon.colcon_core.environment:create_environment_scripts_only(cppp)
[1.527s] Level 1:colcon.colcon_core.environment:checking '/home/kvothe/ros/install/cppp' for CMake module files
[1.528s] DEBUG:colcon.colcon_core.event_handler.log_command:Invoked command in '/home/kvothe/ros/build/cppp' returned '0': CMAKE_PREFIX_PATH=/home/kvothe/ros/install/messages:/home/kvothe/ros/install/ros_bringup:/home/kvothe/ros/install/ros_gazebo:/home/kvothe/ros/install/robot_description:/home/kvothe/ros/install/cppp:/home/kvothe/ros/install/soma:/home/kvothe/ros/install/sensor_management:/home/kvothe/ros/install/robot_control:/opt/ros/humble /usr/bin/cmake --install /home/kvothe/ros/build/cppp
[1.529s] Level 1:colcon.colcon_core.environment:checking '/home/kvothe/ros/install/cppp' for CMake config files
[1.530s] Level 1:colcon.colcon_core.shell:create_environment_hook('cppp', 'cmake_prefix_path')
[1.531s] INFO:colcon.colcon_core.shell:Creating environment hook '/home/kvothe/ros/install/cppp/share/cppp/hook/cmake_prefix_path.ps1'
[1.531s] INFO:colcon.colcon_core.shell:Creating environment descriptor '/home/kvothe/ros/install/cppp/share/cppp/hook/cmake_prefix_path.dsv'
[1.531s] INFO:colcon.colcon_core.shell:Creating environment hook '/home/kvothe/ros/install/cppp/share/cppp/hook/cmake_prefix_path.sh'
[1.532s] Level 1:colcon.colcon_core.environment:checking '/home/kvothe/ros/install/cppp/lib'
[1.532s] Level 1:colcon.colcon_core.environment:checking '/home/kvothe/ros/install/cppp/bin'
[1.533s] Level 1:colcon.colcon_core.environment:checking '/home/kvothe/ros/install/cppp/lib/pkgconfig/cppp.pc'
[1.533s] Level 1:colcon.colcon_core.environment:checking '/home/kvothe/ros/install/cppp/lib/python3.10/site-packages'
[1.533s] Level 1:colcon.colcon_core.environment:checking '/home/kvothe/ros/install/cppp/bin'
[1.533s] INFO:colcon.colcon_core.shell:Creating package script '/home/kvothe/ros/install/cppp/share/cppp/package.ps1'
[1.534s] INFO:colcon.colcon_core.shell:Creating package descriptor '/home/kvothe/ros/install/cppp/share/cppp/package.dsv'
[1.534s] INFO:colcon.colcon_core.shell:Creating package script '/home/kvothe/ros/install/cppp/share/cppp/package.sh'
[1.534s] INFO:colcon.colcon_core.shell:Creating package script '/home/kvothe/ros/install/cppp/share/cppp/package.bash'
[1.534s] INFO:colcon.colcon_core.shell:Creating package script '/home/kvothe/ros/install/cppp/share/cppp/package.zsh'
[1.535s] Level 1:colcon.colcon_core.environment:create_file_with_runtime_dependencies(/home/kvothe/ros/install/cppp/share/colcon-core/packages/cppp)
[1.535s] Level 1:colcon.colcon_core.environment:create_environment_scripts_only(cppp)
[1.535s] Level 1:colcon.colcon_core.environment:checking '/home/kvothe/ros/install/cppp' for CMake module files
[1.535s] Level 1:colcon.colcon_core.environment:checking '/home/kvothe/ros/install/cppp' for CMake config files
[1.536s] Level 1:colcon.colcon_core.shell:create_environment_hook('cppp', 'cmake_prefix_path')
[1.536s] INFO:colcon.colcon_core.shell:Creating environment hook '/home/kvothe/ros/install/cppp/share/cppp/hook/cmake_prefix_path.ps1'
[1.536s] INFO:colcon.colcon_core.shell:Creating environment descriptor '/home/kvothe/ros/install/cppp/share/cppp/hook/cmake_prefix_path.dsv'
[1.537s] INFO:colcon.colcon_core.shell:Creating environment hook '/home/kvothe/ros/install/cppp/share/cppp/hook/cmake_prefix_path.sh'
[1.537s] Level 1:colcon.colcon_core.environment:checking '/home/kvothe/ros/install/cppp/lib'
[1.537s] Level 1:colcon.colcon_core.environment:checking '/home/kvothe/ros/install/cppp/bin'
[1.538s] Level 1:colcon.colcon_core.environment:checking '/home/kvothe/ros/install/cppp/lib/pkgconfig/cppp.pc'
[1.538s] Level 1:colcon.colcon_core.environment:checking '/home/kvothe/ros/install/cppp/lib/python3.10/site-packages'
[1.538s] Level 1:colcon.colcon_core.environment:checking '/home/kvothe/ros/install/cppp/bin'
[1.538s] INFO:colcon.colcon_core.shell:Creating package script '/home/kvothe/ros/install/cppp/share/cppp/package.ps1'
[1.538s] INFO:colcon.colcon_core.shell:Creating package descriptor '/home/kvothe/ros/install/cppp/share/cppp/package.dsv'
[1.539s] INFO:colcon.colcon_core.shell:Creating package script '/home/kvothe/ros/install/cppp/share/cppp/package.sh'
[1.540s] INFO:colcon.colcon_core.shell:Creating package script '/home/kvothe/ros/install/cppp/share/cppp/package.bash'
[1.541s] INFO:colcon.colcon_core.shell:Creating package script '/home/kvothe/ros/install/cppp/share/cppp/package.zsh'
[1.542s] Level 1:colcon.colcon_core.environment:create_file_with_runtime_dependencies(/home/kvothe/ros/install/cppp/share/colcon-core/packages/cppp)
[1.744s] Level 1:colcon.colcon_core.environment:checking '/home/kvothe/ros/install/robot_control' for CMake module files
[1.744s] DEBUG:colcon.colcon_core.event_handler.log_command:Invoked command in '/home/kvothe/ros/src/robot_control' returned '0': PYTHONPATH=/home/kvothe/ros/build/robot_control/prefix_override:/usr/lib/python3/dist-packages/colcon_core/task/python/colcon_distutils_commands:/home/kvothe/ros/install/robot_control/lib/python3.10/site-packages:${PYTHONPATH} /usr/bin/python3 -W ignore:setup.py install is deprecated -W ignore:easy_install command is deprecated setup.py egg_info --egg-base ../../build/robot_control build --build-base /home/kvothe/ros/build/robot_control/build install --record /home/kvothe/ros/build/robot_control/install.log --single-version-externally-managed install_data
[1.745s] Level 1:colcon.colcon_core.environment:checking '/home/kvothe/ros/install/robot_control' for CMake config files
[1.747s] Level 1:colcon.colcon_core.environment:checking '/home/kvothe/ros/install/robot_control/lib'
[1.747s] Level 1:colcon.colcon_core.environment:checking '/home/kvothe/ros/install/robot_control/bin'
[1.747s] Level 1:colcon.colcon_core.environment:checking '/home/kvothe/ros/install/robot_control/lib/pkgconfig/robot_control.pc'
[1.748s] Level 1:colcon.colcon_core.environment:checking '/home/kvothe/ros/install/robot_control/lib/python3.10/site-packages'
[1.748s] Level 1:colcon.colcon_core.shell:create_environment_hook('robot_control', 'pythonpath')
[1.748s] INFO:colcon.colcon_core.shell:Creating environment hook '/home/kvothe/ros/install/robot_control/share/robot_control/hook/pythonpath.ps1'
[1.748s] INFO:colcon.colcon_core.shell:Creating environment descriptor '/home/kvothe/ros/install/robot_control/share/robot_control/hook/pythonpath.dsv'
[1.749s] INFO:colcon.colcon_core.shell:Creating environment hook '/home/kvothe/ros/install/robot_control/share/robot_control/hook/pythonpath.sh'
[1.749s] Level 1:colcon.colcon_core.environment:checking '/home/kvothe/ros/install/robot_control/bin'
[1.749s] Level 1:colcon.colcon_core.environment:create_environment_scripts_only(robot_control)
[1.749s] INFO:colcon.colcon_core.shell:Creating package script '/home/kvothe/ros/install/robot_control/share/robot_control/package.ps1'
[1.750s] INFO:colcon.colcon_core.shell:Creating package descriptor '/home/kvothe/ros/install/robot_control/share/robot_control/package.dsv'
[1.750s] INFO:colcon.colcon_core.shell:Creating package script '/home/kvothe/ros/install/robot_control/share/robot_control/package.sh'
[1.750s] INFO:colcon.colcon_core.shell:Creating package script '/home/kvothe/ros/install/robot_control/share/robot_control/package.bash'
[1.751s] INFO:colcon.colcon_core.shell:Creating package script '/home/kvothe/ros/install/robot_control/share/robot_control/package.zsh'
[1.751s] Level 1:colcon.colcon_core.environment:create_file_with_runtime_dependencies(/home/kvothe/ros/install/robot_control/share/colcon-core/packages/robot_control)
[1.802s] DEBUG:colcon.colcon_core.event_handler.log_command:Invoking command in '/home/kvothe/ros/src/sensor_management': CMAKE_PREFIX_PATH=/home/kvothe/ros/install/messages:/home/kvothe/ros/install/ros_bringup:/home/kvothe/ros/install/ros_gazebo:/home/kvothe/ros/install/robot_description:/home/kvothe/ros/install/cppp PYTHONPATH=/home/kvothe/ros/build/sensor_management/prefix_override:/usr/lib/python3/dist-packages/colcon_core/task/python/colcon_distutils_commands:/home/kvothe/ros/install/sensor_management/lib/python3.10/site-packages:${PYTHONPATH} /usr/bin/python3 -W ignore:setup.py install is deprecated -W ignore:easy_install command is deprecated setup.py egg_info --egg-base ../../build/sensor_management build --build-base /home/kvothe/ros/build/sensor_management/build install --record /home/kvothe/ros/build/sensor_management/install.log --single-version-externally-managed install_data
[1.901s] DEBUG:colcon.colcon_core.event_handler.log_command:Invoking command in '/home/kvothe/ros/src/soma': CMAKE_PREFIX_PATH=/home/kvothe/ros/install/messages:/home/kvothe/ros/install/ros_bringup:/home/kvothe/ros/install/ros_gazebo:/home/kvothe/ros/install/robot_description:/home/kvothe/ros/install/cppp PYTHONPATH=/home/kvothe/ros/build/soma/prefix_override:/usr/lib/python3/dist-packages/colcon_core/task/python/colcon_distutils_commands:/home/kvothe/ros/install/soma/lib/python3.10/site-packages:${PYTHONPATH} /usr/bin/python3 -W ignore:setup.py install is deprecated -W ignore:easy_install command is deprecated setup.py egg_info --egg-base ../../build/soma build --build-base /home/kvothe/ros/build/soma/build install --record /home/kvothe/ros/build/soma/install.log --single-version-externally-managed install_data
[2.049s] Level 1:colcon.colcon_core.environment:checking '/home/kvothe/ros/install/sensor_management' for CMake module files
[2.049s] DEBUG:colcon.colcon_core.event_handler.log_command:Invoked command in '/home/kvothe/ros/src/sensor_management' returned '0': CMAKE_PREFIX_PATH=/home/kvothe/ros/install/messages:/home/kvothe/ros/install/ros_bringup:/home/kvothe/ros/install/ros_gazebo:/home/kvothe/ros/install/robot_description:/home/kvothe/ros/install/cppp PYTHONPATH=/home/kvothe/ros/build/sensor_management/prefix_override:/usr/lib/python3/dist-packages/colcon_core/task/python/colcon_distutils_commands:/home/kvothe/ros/install/sensor_management/lib/python3.10/site-packages:${PYTHONPATH} /usr/bin/python3 -W ignore:setup.py install is deprecated -W ignore:easy_install command is deprecated setup.py egg_info --egg-base ../../build/sensor_management build --build-base /home/kvothe/ros/build/sensor_management/build install --record /home/kvothe/ros/build/sensor_management/install.log --single-version-externally-managed install_data
[2.051s] Level 1:colcon.colcon_core.environment:checking '/home/kvothe/ros/install/sensor_management' for CMake config files
[2.053s] Level 1:colcon.colcon_core.environment:checking '/home/kvothe/ros/install/sensor_management/lib'
[2.053s] Level 1:colcon.colcon_core.environment:checking '/home/kvothe/ros/install/sensor_management/bin'
[2.053s] Level 1:colcon.colcon_core.environment:checking '/home/kvothe/ros/install/sensor_management/lib/pkgconfig/sensor_management.pc'
[2.054s] Level 1:colcon.colcon_core.environment:checking '/home/kvothe/ros/install/sensor_management/lib/python3.10/site-packages'
[2.054s] Level 1:colcon.colcon_core.shell:create_environment_hook('sensor_management', 'pythonpath')
[2.054s] INFO:colcon.colcon_core.shell:Creating environment hook '/home/kvothe/ros/install/sensor_management/share/sensor_management/hook/pythonpath.ps1'
[2.054s] INFO:colcon.colcon_core.shell:Creating environment descriptor '/home/kvothe/ros/install/sensor_management/share/sensor_management/hook/pythonpath.dsv'
[2.055s] INFO:colcon.colcon_core.shell:Creating environment hook '/home/kvothe/ros/install/sensor_management/share/sensor_management/hook/pythonpath.sh'
[2.055s] Level 1:colcon.colcon_core.environment:checking '/home/kvothe/ros/install/sensor_management/bin'
[2.055s] Level 1:colcon.colcon_core.environment:create_environment_scripts_only(sensor_management)
[2.055s] INFO:colcon.colcon_core.shell:Creating package script '/home/kvothe/ros/install/sensor_management/share/sensor_management/package.ps1'
[2.056s] INFO:colcon.colcon_core.shell:Creating package descriptor '/home/kvothe/ros/install/sensor_management/share/sensor_management/package.dsv'
[2.056s] INFO:colcon.colcon_core.shell:Creating package script '/home/kvothe/ros/install/sensor_management/share/sensor_management/package.sh'
[2.057s] INFO:colcon.colcon_core.shell:Creating package script '/home/kvothe/ros/install/sensor_management/share/sensor_management/package.bash'
[2.057s] INFO:colcon.colcon_core.shell:Creating package script '/home/kvothe/ros/install/sensor_management/share/sensor_management/package.zsh'
[2.057s] Level 1:colcon.colcon_core.environment:create_file_with_runtime_dependencies(/home/kvothe/ros/install/sensor_management/share/colcon-core/packages/sensor_management)
[2.144s] Level 1:colcon.colcon_core.environment:checking '/home/kvothe/ros/install/soma' for CMake module files
[2.145s] DEBUG:colcon.colcon_core.event_handler.log_command:Invoked command in '/home/kvothe/ros/src/soma' returned '0': CMAKE_PREFIX_PATH=/home/kvothe/ros/install/messages:/home/kvothe/ros/install/ros_bringup:/home/kvothe/ros/install/ros_gazebo:/home/kvothe/ros/install/robot_description:/home/kvothe/ros/install/cppp PYTHONPATH=/home/kvothe/ros/build/soma/prefix_override:/usr/lib/python3/dist-packages/colcon_core/task/python/colcon_distutils_commands:/home/kvothe/ros/install/soma/lib/python3.10/site-packages:${PYTHONPATH} /usr/bin/python3 -W ignore:setup.py install is deprecated -W ignore:easy_install command is deprecated setup.py egg_info --egg-base ../../build/soma build --build-base /home/kvothe/ros/build/soma/build install --record /home/kvothe/ros/build/soma/install.log --single-version-externally-managed install_data
[2.146s] Level 1:colcon.colcon_core.environment:checking '/home/kvothe/ros/install/soma' for CMake config files
[2.148s] Level 1:colcon.colcon_core.environment:checking '/home/kvothe/ros/install/soma/lib'
[2.148s] Level 1:colcon.colcon_core.environment:checking '/home/kvothe/ros/install/soma/bin'
[2.148s] Level 1:colcon.colcon_core.environment:checking '/home/kvothe/ros/install/soma/lib/pkgconfig/soma.pc'
[2.149s] Level 1:colcon.colcon_core.environment:checking '/home/kvothe/ros/install/soma/lib/python3.10/site-packages'
[2.149s] Level 1:colcon.colcon_core.shell:create_environment_hook('soma', 'pythonpath')
[2.149s] INFO:colcon.colcon_core.shell:Creating environment hook '/home/kvothe/ros/install/soma/share/soma/hook/pythonpath.ps1'
[2.149s] INFO:colcon.colcon_core.shell:Creating environment descriptor '/home/kvothe/ros/install/soma/share/soma/hook/pythonpath.dsv'
[2.150s] INFO:colcon.colcon_core.shell:Creating environment hook '/home/kvothe/ros/install/soma/share/soma/hook/pythonpath.sh'
[2.150s] Level 1:colcon.colcon_core.environment:checking '/home/kvothe/ros/install/soma/bin'
[2.150s] Level 1:colcon.colcon_core.environment:create_environment_scripts_only(soma)
[2.150s] INFO:colcon.colcon_core.shell:Creating package script '/home/kvothe/ros/install/soma/share/soma/package.ps1'
[2.151s] INFO:colcon.colcon_core.shell:Creating package descriptor '/home/kvothe/ros/install/soma/share/soma/package.dsv'
[2.151s] INFO:colcon.colcon_core.shell:Creating package script '/home/kvothe/ros/install/soma/share/soma/package.sh'
[2.151s] INFO:colcon.colcon_core.shell:Creating package script '/home/kvothe/ros/install/soma/share/soma/package.bash'
[2.152s] INFO:colcon.colcon_core.shell:Creating package script '/home/kvothe/ros/install/soma/share/soma/package.zsh'
[2.152s] Level 1:colcon.colcon_core.environment:create_file_with_runtime_dependencies(/home/kvothe/ros/install/soma/share/colcon-core/packages/soma)
[2.152s] INFO:colcon.colcon_ros.task.ament_cmake.build:Building ROS package in '/home/kvothe/ros/src/ros_bringup' with build type 'ament_cmake'
[2.153s] INFO:colcon.colcon_cmake.task.cmake.build:Building CMake package in '/home/kvothe/ros/src/ros_bringup'
[2.153s] INFO:colcon.colcon_core.shell:Skip shell extension 'powershell' for command environment: Not usable outside of PowerShell
[2.153s] DEBUG:colcon.colcon_core.shell:Skip shell extension 'dsv' for command environment
[2.539s] DEBUG:colcon.colcon_core.event_handler.log_command:Invoking command in '/home/kvothe/ros/build/ros_bringup': AMENT_PREFIX_PATH=/home/kvothe/ros/install/soma:/home/kvothe/ros/install/sensor_management:/home/kvothe/ros/install/robot_control:/home/kvothe/ros/install/ros_bringup:/home/kvothe/ros/install/ros_gazebo:/home/kvothe/ros/install/robot_description:/home/kvothe/ros/install/cppp:/home/kvothe/ros/install/messages:/opt/ros/humble CMAKE_PREFIX_PATH=/home/kvothe/ros/install/ros_gazebo:/home/kvothe/ros/install/cppp:/home/kvothe/ros/install/robot_description:/home/kvothe/ros/install/messages:/home/kvothe/ros/install/ros_bringup:/home/kvothe/ros/install/soma:/home/kvothe/ros/install/sensor_management:/home/kvothe/ros/install/robot_control:/opt/ros/humble IGN_GAZEBO_PLUGIN_PATH=/home/kvothe/ros/install/ros_gazebo/lib/ros_gazebo IGN_GAZEBO_RESOURCE_PATH=/home/kvothe/ros/install/robot_description/share/robot_description/models:${IGN_GAZEBO_RESOURCE_PATH} /usr/bin/cmake --build /home/kvothe/ros/build/ros_bringup -- -j16 -l16
[2.567s] DEBUG:colcon.colcon_core.event_handler.log_command:Invoked command in '/home/kvothe/ros/build/ros_bringup' returned '0': AMENT_PREFIX_PATH=/home/kvothe/ros/install/soma:/home/kvothe/ros/install/sensor_management:/home/kvothe/ros/install/robot_control:/home/kvothe/ros/install/ros_bringup:/home/kvothe/ros/install/ros_gazebo:/home/kvothe/ros/install/robot_description:/home/kvothe/ros/install/cppp:/home/kvothe/ros/install/messages:/opt/ros/humble CMAKE_PREFIX_PATH=/home/kvothe/ros/install/ros_gazebo:/home/kvothe/ros/install/cppp:/home/kvothe/ros/install/robot_description:/home/kvothe/ros/install/messages:/home/kvothe/ros/install/ros_bringup:/home/kvothe/ros/install/soma:/home/kvothe/ros/install/sensor_management:/home/kvothe/ros/install/robot_control:/opt/ros/humble IGN_GAZEBO_PLUGIN_PATH=/home/kvothe/ros/install/ros_gazebo/lib/ros_gazebo IGN_GAZEBO_RESOURCE_PATH=/home/kvothe/ros/install/robot_description/share/robot_description/models:${IGN_GAZEBO_RESOURCE_PATH} /usr/bin/cmake --build /home/kvothe/ros/build/ros_bringup -- -j16 -l16
[2.570s] DEBUG:colcon.colcon_core.event_handler.log_command:Invoking command in '/home/kvothe/ros/build/ros_bringup': AMENT_PREFIX_PATH=/home/kvothe/ros/install/soma:/home/kvothe/ros/install/sensor_management:/home/kvothe/ros/install/robot_control:/home/kvothe/ros/install/ros_bringup:/home/kvothe/ros/install/ros_gazebo:/home/kvothe/ros/install/robot_description:/home/kvothe/ros/install/cppp:/home/kvothe/ros/install/messages:/opt/ros/humble CMAKE_PREFIX_PATH=/home/kvothe/ros/install/ros_gazebo:/home/kvothe/ros/install/cppp:/home/kvothe/ros/install/robot_description:/home/kvothe/ros/install/messages:/home/kvothe/ros/install/ros_bringup:/home/kvothe/ros/install/soma:/home/kvothe/ros/install/sensor_management:/home/kvothe/ros/install/robot_control:/opt/ros/humble IGN_GAZEBO_PLUGIN_PATH=/home/kvothe/ros/install/ros_gazebo/lib/ros_gazebo IGN_GAZEBO_RESOURCE_PATH=/home/kvothe/ros/install/robot_description/share/robot_description/models:${IGN_GAZEBO_RESOURCE_PATH} /usr/bin/cmake --install /home/kvothe/ros/build/ros_bringup
[2.585s] Level 1:colcon.colcon_core.environment:create_environment_scripts_only(ros_bringup)
[2.586s] Level 1:colcon.colcon_core.environment:checking '/home/kvothe/ros/install/ros_bringup' for CMake module files
[2.586s] DEBUG:colcon.colcon_core.event_handler.log_command:Invoked command in '/home/kvothe/ros/build/ros_bringup' returned '0': AMENT_PREFIX_PATH=/home/kvothe/ros/install/soma:/home/kvothe/ros/install/sensor_management:/home/kvothe/ros/install/robot_control:/home/kvothe/ros/install/ros_bringup:/home/kvothe/ros/install/ros_gazebo:/home/kvothe/ros/install/robot_description:/home/kvothe/ros/install/cppp:/home/kvothe/ros/install/messages:/opt/ros/humble CMAKE_PREFIX_PATH=/home/kvothe/ros/install/ros_gazebo:/home/kvothe/ros/install/cppp:/home/kvothe/ros/install/robot_description:/home/kvothe/ros/install/messages:/home/kvothe/ros/install/ros_bringup:/home/kvothe/ros/install/soma:/home/kvothe/ros/install/sensor_management:/home/kvothe/ros/install/robot_control:/opt/ros/humble IGN_GAZEBO_PLUGIN_PATH=/home/kvothe/ros/install/ros_gazebo/lib/ros_gazebo IGN_GAZEBO_RESOURCE_PATH=/home/kvothe/ros/install/robot_description/share/robot_description/models:${IGN_GAZEBO_RESOURCE_PATH} /usr/bin/cmake --install /home/kvothe/ros/build/ros_bringup
[2.586s] Level 1:colcon.colcon_core.environment:checking '/home/kvothe/ros/install/ros_bringup' for CMake config files
[2.588s] Level 1:colcon.colcon_core.shell:create_environment_hook('ros_bringup', 'cmake_prefix_path')
[2.588s] INFO:colcon.colcon_core.shell:Creating environment hook '/home/kvothe/ros/install/ros_bringup/share/ros_bringup/hook/cmake_prefix_path.ps1'
[2.588s] INFO:colcon.colcon_core.shell:Creating environment descriptor '/home/kvothe/ros/install/ros_bringup/share/ros_bringup/hook/cmake_prefix_path.dsv'
[2.588s] INFO:colcon.colcon_core.shell:Creating environment hook '/home/kvothe/ros/install/ros_bringup/share/ros_bringup/hook/cmake_prefix_path.sh'
[2.589s] Level 1:colcon.colcon_core.environment:checking '/home/kvothe/ros/install/ros_bringup/bin'
[2.589s] Level 1:colcon.colcon_core.environment:checking '/home/kvothe/ros/install/ros_bringup/lib/pkgconfig/ros_bringup.pc'
[2.589s] Level 1:colcon.colcon_core.environment:checking '/home/kvothe/ros/install/ros_bringup/lib/python3.10/site-packages'
[2.589s] Level 1:colcon.colcon_core.environment:checking '/home/kvothe/ros/install/ros_bringup/bin'
[2.590s] INFO:colcon.colcon_core.shell:Creating package script '/home/kvothe/ros/install/ros_bringup/share/ros_bringup/package.ps1'
[2.590s] INFO:colcon.colcon_core.shell:Creating package descriptor '/home/kvothe/ros/install/ros_bringup/share/ros_bringup/package.dsv'
[2.590s] INFO:colcon.colcon_core.shell:Creating package script '/home/kvothe/ros/install/ros_bringup/share/ros_bringup/package.sh'
[2.591s] INFO:colcon.colcon_core.shell:Creating package script '/home/kvothe/ros/install/ros_bringup/share/ros_bringup/package.bash'
[2.591s] INFO:colcon.colcon_core.shell:Creating package script '/home/kvothe/ros/install/ros_bringup/share/ros_bringup/package.zsh'
[2.591s] Level 1:colcon.colcon_core.environment:create_file_with_runtime_dependencies(/home/kvothe/ros/install/ros_bringup/share/colcon-core/packages/ros_bringup)
[2.592s] Level 1:colcon.colcon_core.environment:create_environment_scripts_only(ros_bringup)
[2.592s] Level 1:colcon.colcon_core.environment:checking '/home/kvothe/ros/install/ros_bringup' for CMake module files
[2.592s] Level 1:colcon.colcon_core.environment:checking '/home/kvothe/ros/install/ros_bringup' for CMake config files
[2.593s] Level 1:colcon.colcon_core.shell:create_environment_hook('ros_bringup', 'cmake_prefix_path')
[2.593s] INFO:colcon.colcon_core.shell:Creating environment hook '/home/kvothe/ros/install/ros_bringup/share/ros_bringup/hook/cmake_prefix_path.ps1'
[2.593s] INFO:colcon.colcon_core.shell:Creating environment descriptor '/home/kvothe/ros/install/ros_bringup/share/ros_bringup/hook/cmake_prefix_path.dsv'
[2.593s] INFO:colcon.colcon_core.shell:Creating environment hook '/home/kvothe/ros/install/ros_bringup/share/ros_bringup/hook/cmake_prefix_path.sh'
[2.594s] Level 1:colcon.colcon_core.environment:checking '/home/kvothe/ros/install/ros_bringup/bin'
[2.594s] Level 1:colcon.colcon_core.environment:checking '/home/kvothe/ros/install/ros_bringup/lib/pkgconfig/ros_bringup.pc'
[2.594s] Level 1:colcon.colcon_core.environment:checking '/home/kvothe/ros/install/ros_bringup/lib/python3.10/site-packages'
[2.594s] Level 1:colcon.colcon_core.environment:checking '/home/kvothe/ros/install/ros_bringup/bin'
[2.594s] INFO:colcon.colcon_core.shell:Creating package script '/home/kvothe/ros/install/ros_bringup/share/ros_bringup/package.ps1'
[2.595s] INFO:colcon.colcon_core.shell:Creating package descriptor '/home/kvothe/ros/install/ros_bringup/share/ros_bringup/package.dsv'
[2.595s] INFO:colcon.colcon_core.shell:Creating package script '/home/kvothe/ros/install/ros_bringup/share/ros_bringup/package.sh'
[2.596s] INFO:colcon.colcon_core.shell:Creating package script '/home/kvothe/ros/install/ros_bringup/share/ros_bringup/package.bash'
[2.596s] INFO:colcon.colcon_core.shell:Creating package script '/home/kvothe/ros/install/ros_bringup/share/ros_bringup/package.zsh'
[2.596s] Level 1:colcon.colcon_core.environment:create_file_with_runtime_dependencies(/home/kvothe/ros/install/ros_bringup/share/colcon-core/packages/ros_bringup)
[2.596s] DEBUG:colcon.colcon_parallel_executor.executor.parallel:closing loop
[2.597s] DEBUG:colcon.colcon_parallel_executor.executor.parallel:loop closed
[2.597s] DEBUG:colcon.colcon_parallel_executor.executor.parallel:run_until_complete finished with '0'
[2.597s] DEBUG:colcon.colcon_core.event_reactor:joining thread
[2.606s] INFO:colcon.colcon_core.plugin_system:Skipping extension 'colcon_notification.desktop_notification.terminal_notifier': Not used on non-Darwin systems
[2.606s] INFO:colcon.colcon_core.plugin_system:Skipping extension 'colcon_notification.desktop_notification.win32': Not used on non-Windows systems
[2.607s] INFO:colcon.colcon_notification.desktop_notification:Sending desktop notification using 'notify2'
[2.615s] DEBUG:colcon.colcon_core.event_reactor:joined thread
[2.615s] INFO:colcon.colcon_core.shell:Creating prefix script '/home/kvothe/ros/install/local_setup.ps1'
[2.616s] INFO:colcon.colcon_core.shell:Creating prefix util module '/home/kvothe/ros/install/_local_setup_util_ps1.py'
[2.618s] INFO:colcon.colcon_core.shell:Creating prefix chain script '/home/kvothe/ros/install/setup.ps1'
[2.619s] INFO:colcon.colcon_core.shell:Creating prefix script '/home/kvothe/ros/install/local_setup.sh'
[2.620s] INFO:colcon.colcon_core.shell:Creating prefix util module '/home/kvothe/ros/install/_local_setup_util_sh.py'
[2.621s] INFO:colcon.colcon_core.shell:Creating prefix chain script '/home/kvothe/ros/install/setup.sh'
[2.622s] INFO:colcon.colcon_core.shell:Creating prefix script '/home/kvothe/ros/install/local_setup.bash'
[2.623s] INFO:colcon.colcon_core.shell:Creating prefix chain script '/home/kvothe/ros/install/setup.bash'
[2.624s] INFO:colcon.colcon_core.shell:Creating prefix script '/home/kvothe/ros/install/local_setup.zsh'
[2.626s] INFO:colcon.colcon_core.shell:Creating prefix chain script '/home/kvothe/ros/install/setup.zsh'
