[0.032s] Invoking command in '/home/kvothe/ros/build/cppp': CMAKE_PREFIX_PATH=/home/kvothe/ros/install/messages:/home/kvothe/ros/install/ros_bringup:/home/kvothe/ros/install/ros_gazebo:/home/kvothe/ros/install/robot_description:/home/kvothe/ros/install/cppp:/home/kvothe/ros/install/soma:/home/kvothe/ros/install/sensor_management:/home/kvothe/ros/install/robot_control:/opt/ros/humble /usr/bin/cmake --build /home/kvothe/ros/build/cppp -- -j12 -l12
[0.403s] [35m[1mConsolidate compiler generated dependencies of target HoughLineFittingNode[0m
[0.404s] [ 12%] Built target PreprocessNode
[0.404s] [ 25%] Built target LandmarkGraphNode
[0.404s] [ 37%] Built target IncrementalLineFittingNode
[0.404s] [ 50%] Built target LandmarkTransformerNode
[0.404s] [ 62%] Built target LandmarkTransformermapNode
[0.404s] [ 75%] Built target RansacLineExtractionNode
[0.405s] [ 87%] Built target ScanAccumulator
[0.405s] [ 93%] [32mBuilding CXX object CMakeFiles/HoughLineFittingNode.dir/src/HoughLineFittingNode.cpp.o[0m
[14.547s] [100%] [32m[1mLinking CXX executable HoughLineFittingNode[0m
[16.040s] [100%] Built target HoughLineFittingNode
[16.056s] Invoked command in '/home/kvothe/ros/build/cppp' returned '0': CMAKE_PREFIX_PATH=/home/kvothe/ros/install/messages:/home/kvothe/ros/install/ros_bringup:/home/kvothe/ros/install/ros_gazebo:/home/kvothe/ros/install/robot_description:/home/kvothe/ros/install/cppp:/home/kvothe/ros/install/soma:/home/kvothe/ros/install/sensor_management:/home/kvothe/ros/install/robot_control:/opt/ros/humble /usr/bin/cmake --build /home/kvothe/ros/build/cppp -- -j12 -l12
[16.058s] Invoking command in '/home/kvothe/ros/build/cppp': CMAKE_PREFIX_PATH=/home/kvothe/ros/install/messages:/home/kvothe/ros/install/ros_bringup:/home/kvothe/ros/install/ros_gazebo:/home/kvothe/ros/install/robot_description:/home/kvothe/ros/install/cppp:/home/kvothe/ros/install/soma:/home/kvothe/ros/install/sensor_management:/home/kvothe/ros/install/robot_control:/opt/ros/humble /usr/bin/cmake --install /home/kvothe/ros/build/cppp
[16.074s] -- Install configuration: ""
[16.075s] -- Up-to-date: /home/kvothe/ros/install/cppp/lib/cppp/LandmarkTransformerNode
[16.075s] -- Up-to-date: /home/kvothe/ros/install/cppp/lib/cppp/ScanAccumulator
[16.075s] -- Up-to-date: /home/kvothe/ros/install/cppp/lib/cppp/PreprocessNode
[16.075s] -- Up-to-date: /home/kvothe/ros/install/cppp/lib/cppp/LandmarkGraphNode
[16.076s] -- Up-to-date: /home/kvothe/ros/install/cppp/lib/cppp/IncrementalLineFittingNode
[16.076s] -- Up-to-date: /home/kvothe/ros/install/cppp/lib/cppp/LandmarkTransformermapNode
[16.076s] -- Installing: /home/kvothe/ros/install/cppp/lib/cppp/HoughLineFittingNode
[16.084s] -- Set runtime path of "/home/kvothe/ros/install/cppp/lib/cppp/HoughLineFittingNode" to ""
[16.084s] -- Up-to-date: /home/kvothe/ros/install/cppp/lib/cppp/RansacLineExtractionNode
[16.084s] -- Up-to-date: /home/kvothe/ros/install/cppp/share/ament_index/resource_index/package_run_dependencies/cppp
[16.084s] -- Up-to-date: /home/kvothe/ros/install/cppp/share/ament_index/resource_index/parent_prefix_path/cppp
[16.085s] -- Up-to-date: /home/kvothe/ros/install/cppp/share/cppp/environment/ament_prefix_path.sh
[16.085s] -- Up-to-date: /home/kvothe/ros/install/cppp/share/cppp/environment/ament_prefix_path.dsv
[16.085s] -- Up-to-date: /home/kvothe/ros/install/cppp/share/cppp/environment/path.sh
[16.085s] -- Up-to-date: /home/kvothe/ros/install/cppp/share/cppp/environment/path.dsv
[16.086s] -- Up-to-date: /home/kvothe/ros/install/cppp/share/cppp/local_setup.bash
[16.086s] -- Up-to-date: /home/kvothe/ros/install/cppp/share/cppp/local_setup.sh
[16.086s] -- Up-to-date: /home/kvothe/ros/install/cppp/share/cppp/local_setup.zsh
[16.086s] -- Up-to-date: /home/kvothe/ros/install/cppp/share/cppp/local_setup.dsv
[16.086s] -- Installing: /home/kvothe/ros/install/cppp/share/cppp/package.dsv
[16.086s] -- Up-to-date: /home/kvothe/ros/install/cppp/share/ament_index/resource_index/packages/cppp
[16.086s] -- Up-to-date: /home/kvothe/ros/install/cppp/share/cppp/cmake/cpppConfig.cmake
[16.087s] -- Up-to-date: /home/kvothe/ros/install/cppp/share/cppp/cmake/cpppConfig-version.cmake
[16.087s] -- Up-to-date: /home/kvothe/ros/install/cppp/share/cppp/package.xml
[16.088s] Invoked command in '/home/kvothe/ros/build/cppp' returned '0': CMAKE_PREFIX_PATH=/home/kvothe/ros/install/messages:/home/kvothe/ros/install/ros_bringup:/home/kvothe/ros/install/ros_gazebo:/home/kvothe/ros/install/robot_description:/home/kvothe/ros/install/cppp:/home/kvothe/ros/install/soma:/home/kvothe/ros/install/sensor_management:/home/kvothe/ros/install/robot_control:/opt/ros/humble /usr/bin/cmake --install /home/kvothe/ros/build/cppp
