[0.019s] Invoking command in '/home/kvothe/ros/build/cppp': CMAKE_PREFIX_PATH=/home/kvothe/ros/install/messages:/home/kvothe/ros/install/ros_bringup:/home/kvothe/ros/install/ros_gazebo:/home/kvothe/ros/install/robot_description:/home/kvothe/ros/install/cppp:/home/kvothe/ros/install/soma:/home/kvothe/ros/install/sensor_management:/home/kvothe/ros/install/robot_control:/opt/ros/humble /usr/bin/cmake --build /home/kvothe/ros/build/cppp -- -j12 -l12
[0.089s] [35m[1mConsolidate compiler generated dependencies of target PoseGraphOptimizer[0m
[0.105s] [ 10%] Built target PreprocessNode
[0.110s] [ 30%] Built target LandmarkTransformermapNode
[0.111s] [ 30%] Built target LandmarkGraphNode
[0.111s] [ 40%] Built target LandmarkTransformerNode
[0.116s] [ 50%] Built target IncrementalLineFittingNode
[0.116s] [ 60%] Built target ScanTransformer
[0.116s] [ 80%] Built target RansacLineExtractionNode
[0.116s] [ 80%] Built target HoughLineFittingNode
[0.119s] [ 85%] [32mBuilding CXX object CMakeFiles/PoseGraphOptimizer.dir/src/PoseGraphOptimizer.cpp.o[0m
[0.121s] [ 95%] Built target ScanAccumulator
[14.396s] [100%] [32m[1mLinking CXX executable PoseGraphOptimizer[0m
[15.482s] [100%] Built target PoseGraphOptimizer
[15.498s] Invoked command in '/home/kvothe/ros/build/cppp' returned '0': CMAKE_PREFIX_PATH=/home/kvothe/ros/install/messages:/home/kvothe/ros/install/ros_bringup:/home/kvothe/ros/install/ros_gazebo:/home/kvothe/ros/install/robot_description:/home/kvothe/ros/install/cppp:/home/kvothe/ros/install/soma:/home/kvothe/ros/install/sensor_management:/home/kvothe/ros/install/robot_control:/opt/ros/humble /usr/bin/cmake --build /home/kvothe/ros/build/cppp -- -j12 -l12
[15.502s] Invoking command in '/home/kvothe/ros/build/cppp': CMAKE_PREFIX_PATH=/home/kvothe/ros/install/messages:/home/kvothe/ros/install/ros_bringup:/home/kvothe/ros/install/ros_gazebo:/home/kvothe/ros/install/robot_description:/home/kvothe/ros/install/cppp:/home/kvothe/ros/install/soma:/home/kvothe/ros/install/sensor_management:/home/kvothe/ros/install/robot_control:/opt/ros/humble /usr/bin/cmake --install /home/kvothe/ros/build/cppp
[15.519s] -- Install configuration: ""
[15.520s] -- Up-to-date: /home/kvothe/ros/install/cppp/lib/cppp/LandmarkTransformerNode
[15.521s] -- Up-to-date: /home/kvothe/ros/install/cppp/lib/cppp/ScanAccumulator
[15.521s] -- Up-to-date: /home/kvothe/ros/install/cppp/lib/cppp/PreprocessNode
[15.523s] -- Up-to-date: /home/kvothe/ros/install/cppp/lib/cppp/LandmarkGraphNode
[15.523s] -- Up-to-date: /home/kvothe/ros/install/cppp/lib/cppp/IncrementalLineFittingNode
[15.524s] -- Up-to-date: /home/kvothe/ros/install/cppp/lib/cppp/LandmarkTransformermapNode
[15.524s] -- Up-to-date: /home/kvothe/ros/install/cppp/lib/cppp/HoughLineFittingNode
[15.525s] -- Up-to-date: /home/kvothe/ros/install/cppp/lib/cppp/RansacLineExtractionNode
[15.526s] -- Up-to-date: /home/kvothe/ros/install/cppp/lib/cppp/ScanTransformer
[15.526s] -- Installing: /home/kvothe/ros/install/cppp/lib/cppp/PoseGraphOptimizer
[15.536s] -- Set runtime path of "/home/kvothe/ros/install/cppp/lib/cppp/PoseGraphOptimizer" to ""
[15.536s] -- Up-to-date: /home/kvothe/ros/install/cppp/share/ament_index/resource_index/package_run_dependencies/cppp
[15.537s] -- Up-to-date: /home/kvothe/ros/install/cppp/share/ament_index/resource_index/parent_prefix_path/cppp
[15.537s] -- Up-to-date: /home/kvothe/ros/install/cppp/share/cppp/environment/ament_prefix_path.sh
[15.537s] -- Up-to-date: /home/kvothe/ros/install/cppp/share/cppp/environment/ament_prefix_path.dsv
[15.537s] -- Up-to-date: /home/kvothe/ros/install/cppp/share/cppp/environment/path.sh
[15.537s] -- Up-to-date: /home/kvothe/ros/install/cppp/share/cppp/environment/path.dsv
[15.537s] -- Up-to-date: /home/kvothe/ros/install/cppp/share/cppp/local_setup.bash
[15.537s] -- Up-to-date: /home/kvothe/ros/install/cppp/share/cppp/local_setup.sh
[15.537s] -- Up-to-date: /home/kvothe/ros/install/cppp/share/cppp/local_setup.zsh
[15.537s] -- Up-to-date: /home/kvothe/ros/install/cppp/share/cppp/local_setup.dsv
[15.537s] -- Installing: /home/kvothe/ros/install/cppp/share/cppp/package.dsv
[15.538s] -- Up-to-date: /home/kvothe/ros/install/cppp/share/ament_index/resource_index/packages/cppp
[15.538s] -- Up-to-date: /home/kvothe/ros/install/cppp/share/cppp/cmake/cpppConfig.cmake
[15.538s] -- Up-to-date: /home/kvothe/ros/install/cppp/share/cppp/cmake/cpppConfig-version.cmake
[15.538s] -- Up-to-date: /home/kvothe/ros/install/cppp/share/cppp/package.xml
[15.541s] Invoked command in '/home/kvothe/ros/build/cppp' returned '0': CMAKE_PREFIX_PATH=/home/kvothe/ros/install/messages:/home/kvothe/ros/install/ros_bringup:/home/kvothe/ros/install/ros_gazebo:/home/kvothe/ros/install/robot_description:/home/kvothe/ros/install/cppp:/home/kvothe/ros/install/soma:/home/kvothe/ros/install/sensor_management:/home/kvothe/ros/install/robot_control:/opt/ros/humble /usr/bin/cmake --install /home/kvothe/ros/build/cppp
