[0.771s] Invoking command in '/home/kvothe/ros/src/soma': CMAKE_PREFIX_PATH=/home/kvothe/ros/install/messages:/home/kvothe/ros/install/ros_bringup:/home/kvothe/ros/install/ros_gazebo:/home/kvothe/ros/install/robot_description:/home/kvothe/ros/install/cppp PYTHONPATH=/home/kvothe/ros/build/soma/prefix_override:/usr/lib/python3/dist-packages/colcon_core/task/python/colcon_distutils_commands:/home/kvothe/ros/install/soma/lib/python3.10/site-packages:${PYTHONPATH} /usr/bin/python3 -W ignore:setup.py install is deprecated -W ignore:easy_install command is deprecated setup.py egg_info --egg-base ../../build/soma build --build-base /home/kvothe/ros/build/soma/build install --record /home/kvothe/ros/build/soma/install.log --single-version-externally-managed install_data
[0.936s] running egg_info
[0.936s] writing ../../build/soma/soma.egg-info/PKG-INFO
[0.936s] writing dependency_links to ../../build/soma/soma.egg-info/dependency_links.txt
[0.936s] writing entry points to ../../build/soma/soma.egg-info/entry_points.txt
[0.937s] writing requirements to ../../build/soma/soma.egg-info/requires.txt
[0.937s] writing top-level names to ../../build/soma/soma.egg-info/top_level.txt
[0.938s] reading manifest file '../../build/soma/soma.egg-info/SOURCES.txt'
[0.939s] writing manifest file '../../build/soma/soma.egg-info/SOURCES.txt'
[0.939s] running build
[0.939s] running build_py
[0.939s] copying soma/GraphNode.py -> /home/kvothe/ros/build/soma/build/lib/soma
[0.940s] running install
[0.940s] running install_lib
[0.940s] copying /home/kvothe/ros/build/soma/build/lib/soma/GraphNode.py -> /home/kvothe/ros/install/soma/lib/python3.10/site-packages/soma
[0.941s] byte-compiling /home/kvothe/ros/install/soma/lib/python3.10/site-packages/soma/GraphNode.py to GraphNode.cpython-310.pyc
[0.944s] running install_data
[0.945s] running install_egg_info
[0.946s] removing '/home/kvothe/ros/install/soma/lib/python3.10/site-packages/soma-0.0.0-py3.10.egg-info' (and everything under it)
[0.946s] Copying ../../build/soma/soma.egg-info to /home/kvothe/ros/install/soma/lib/python3.10/site-packages/soma-0.0.0-py3.10.egg-info
[0.947s] running install_scripts
[0.964s] Installing BayesianLandmarkConstraintNode script to /home/kvothe/ros/install/soma/lib/soma
[0.964s] Installing EuclidsLandmarkLandmarkGraphNode script to /home/kvothe/ros/install/soma/lib/soma
[0.965s] Installing GraphNode script to /home/kvothe/ros/install/soma/lib/soma
[0.965s] Installing LandmarkConstraintVisualizer script to /home/kvothe/ros/install/soma/lib/soma
[0.965s] Installing LineSegmentAssociation script to /home/kvothe/ros/install/soma/lib/soma
[0.965s] Installing PoseGraphNode script to /home/kvothe/ros/install/soma/lib/soma
[0.965s] Installing PostProcessingNode script to /home/kvothe/ros/install/soma/lib/soma
[0.965s] Installing SWMANode script to /home/kvothe/ros/install/soma/lib/soma
[0.965s] writing list of installed files to '/home/kvothe/ros/build/soma/install.log'
[0.985s] Invoked command in '/home/kvothe/ros/src/soma' returned '0': CMAKE_PREFIX_PATH=/home/kvothe/ros/install/messages:/home/kvothe/ros/install/ros_bringup:/home/kvothe/ros/install/ros_gazebo:/home/kvothe/ros/install/robot_description:/home/kvothe/ros/install/cppp PYTHONPATH=/home/kvothe/ros/build/soma/prefix_override:/usr/lib/python3/dist-packages/colcon_core/task/python/colcon_distutils_commands:/home/kvothe/ros/install/soma/lib/python3.10/site-packages:${PYTHONPATH} /usr/bin/python3 -W ignore:setup.py install is deprecated -W ignore:easy_install command is deprecated setup.py egg_info --egg-base ../../build/soma build --build-base /home/kvothe/ros/build/soma/build install --record /home/kvothe/ros/build/soma/install.log --single-version-externally-managed install_data
