[0.025s] Invoking command in '/home/kvothe/ros/build/cppp': CMAKE_PREFIX_PATH=/home/kvothe/ros/install/messages:/home/kvothe/ros/install/ros_bringup:/home/kvothe/ros/install/ros_gazebo:/home/kvothe/ros/install/robot_description:/home/kvothe/ros/install/cppp:/home/kvothe/ros/install/soma:/home/kvothe/ros/install/sensor_management:/home/kvothe/ros/install/robot_control:/opt/ros/humble /usr/bin/cmake --build /home/kvothe/ros/build/cppp -- -j12 -l12
[0.148s] [35m[1mConsolidate compiler generated dependencies of target PoseGraphOptimizer[0m
[0.184s] [ 10%] Built target PreprocessNode
[0.190s] [ 20%] Built target LandmarkGraphNode
[0.191s] [ 50%] Built target ScanTransformer
[0.191s] [ 50%] Built target LandmarkTransformerNode
[0.191s] [ 50%] Built target LandmarkTransformermapNode
[0.193s] [ 60%] Built target PoseGraphOptimizer
[0.209s] [ 80%] Built target IncrementalLineFittingNode
[0.209s] [ 80%] Built target HoughLineFittingNode
[0.209s] [ 90%] Built target RansacLineExtractionNode
[0.214s] [100%] Built target ScanAccumulator
[0.228s] Invoked command in '/home/kvothe/ros/build/cppp' returned '0': CMAKE_PREFIX_PATH=/home/kvothe/ros/install/messages:/home/kvothe/ros/install/ros_bringup:/home/kvothe/ros/install/ros_gazebo:/home/kvothe/ros/install/robot_description:/home/kvothe/ros/install/cppp:/home/kvothe/ros/install/soma:/home/kvothe/ros/install/sensor_management:/home/kvothe/ros/install/robot_control:/opt/ros/humble /usr/bin/cmake --build /home/kvothe/ros/build/cppp -- -j12 -l12
[0.239s] Invoking command in '/home/kvothe/ros/build/cppp': CMAKE_PREFIX_PATH=/home/kvothe/ros/install/messages:/home/kvothe/ros/install/ros_bringup:/home/kvothe/ros/install/ros_gazebo:/home/kvothe/ros/install/robot_description:/home/kvothe/ros/install/cppp:/home/kvothe/ros/install/soma:/home/kvothe/ros/install/sensor_management:/home/kvothe/ros/install/robot_control:/opt/ros/humble /usr/bin/cmake --install /home/kvothe/ros/build/cppp
[0.247s] -- Install configuration: ""
[0.248s] -- Up-to-date: /home/kvothe/ros/install/cppp/lib/cppp/LandmarkTransformerNode
[0.248s] -- Up-to-date: /home/kvothe/ros/install/cppp/lib/cppp/ScanAccumulator
[0.248s] -- Up-to-date: /home/kvothe/ros/install/cppp/lib/cppp/PreprocessNode
[0.249s] -- Up-to-date: /home/kvothe/ros/install/cppp/lib/cppp/LandmarkGraphNode
[0.249s] -- Up-to-date: /home/kvothe/ros/install/cppp/lib/cppp/IncrementalLineFittingNode
[0.250s] -- Up-to-date: /home/kvothe/ros/install/cppp/lib/cppp/LandmarkTransformermapNode
[0.250s] -- Up-to-date: /home/kvothe/ros/install/cppp/lib/cppp/HoughLineFittingNode
[0.250s] -- Up-to-date: /home/kvothe/ros/install/cppp/lib/cppp/RansacLineExtractionNode
[0.251s] -- Up-to-date: /home/kvothe/ros/install/cppp/lib/cppp/ScanTransformer
[0.251s] -- Up-to-date: /home/kvothe/ros/install/cppp/lib/cppp/PoseGraphOptimizer
[0.251s] -- Up-to-date: /home/kvothe/ros/install/cppp/share/ament_index/resource_index/package_run_dependencies/cppp
[0.251s] -- Up-to-date: /home/kvothe/ros/install/cppp/share/ament_index/resource_index/parent_prefix_path/cppp
[0.251s] -- Up-to-date: /home/kvothe/ros/install/cppp/share/cppp/environment/ament_prefix_path.sh
[0.251s] -- Up-to-date: /home/kvothe/ros/install/cppp/share/cppp/environment/ament_prefix_path.dsv
[0.251s] -- Up-to-date: /home/kvothe/ros/install/cppp/share/cppp/environment/path.sh
[0.252s] -- Up-to-date: /home/kvothe/ros/install/cppp/share/cppp/environment/path.dsv
[0.252s] -- Up-to-date: /home/kvothe/ros/install/cppp/share/cppp/local_setup.bash
[0.252s] -- Up-to-date: /home/kvothe/ros/install/cppp/share/cppp/local_setup.sh
[0.252s] -- Up-to-date: /home/kvothe/ros/install/cppp/share/cppp/local_setup.zsh
[0.252s] -- Up-to-date: /home/kvothe/ros/install/cppp/share/cppp/local_setup.dsv
[0.252s] -- Installing: /home/kvothe/ros/install/cppp/share/cppp/package.dsv
[0.252s] -- Up-to-date: /home/kvothe/ros/install/cppp/share/ament_index/resource_index/packages/cppp
[0.252s] -- Up-to-date: /home/kvothe/ros/install/cppp/share/cppp/cmake/cpppConfig.cmake
[0.252s] -- Up-to-date: /home/kvothe/ros/install/cppp/share/cppp/cmake/cpppConfig-version.cmake
[0.252s] -- Up-to-date: /home/kvothe/ros/install/cppp/share/cppp/package.xml
[0.255s] Invoked command in '/home/kvothe/ros/build/cppp' returned '0': CMAKE_PREFIX_PATH=/home/kvothe/ros/install/messages:/home/kvothe/ros/install/ros_bringup:/home/kvothe/ros/install/ros_gazebo:/home/kvothe/ros/install/robot_description:/home/kvothe/ros/install/cppp:/home/kvothe/ros/install/soma:/home/kvothe/ros/install/sensor_management:/home/kvothe/ros/install/robot_control:/opt/ros/humble /usr/bin/cmake --install /home/kvothe/ros/build/cppp
