[35m[1mConsolidate compiler generated dependencies of target PoseGraphOptimizer[0m
[ 10%] Built target PreprocessNode
[ 20%] Built target LandmarkGraphNode
[ 30%] Built target LandmarkTransformermapNode
[ 50%] Built target ScanTransformer
[ 50%] Built target LandmarkTransformerNode
[ 55%] [32mBuilding CXX object CMakeFiles/PoseGraphOptimizer.dir/src/PoseGraphOptimizer.cpp.o[0m
[ 75%] Built target ScanAccumulator
[ 75%] Built target RansacLineExtractionNode
[ 85%] Built target HoughLineFittingNode
[ 95%] Built target IncrementalLineFittingNode
[01m[K/home/kvothe/ros/src/cppp/src/PoseGraphOptimizer.cpp:[m[K In member function ‘[01m[Kvoid PoseGraphOptimizer::optimizeGraph()[m[K’:
[01m[K/home/kvothe/ros/src/cppp/src/PoseGraphOptimizer.cpp:99:9:[m[K [01;31m[Kerror: [m[K‘[01m[Klandmark_parameters_[m[K’ was not declared in this scope; did you mean ‘[01m[Kdeclare_parameters[m[K’?
   99 |         [01;31m[Klandmark_parameters_[m[K.clear();
      |         [01;31m[K^~~~~~~~~~~~~~~~~~~~[m[K
      |         [32m[Kdeclare_parameters[m[K
[01m[K/home/kvothe/ros/src/cppp/src/PoseGraphOptimizer.cpp:131:104:[m[K [01;31m[Kerror: [m[Kno matching function for call to ‘[01m[KPosePoseCost::PosePoseCost(const _dx_type&, const _dy_type&, const _dtheta_type&, const _covariance_type&)[m[K’
  131 |                 new PosePoseCost(constraint.dx, constraint.dy, constraint.dtheta, constraint.covariance[01;31m[K)[m[K);
      |                                                                                                        [01;31m[K^[m[K
[01m[K/home/kvothe/ros/src/cppp/src/PoseGraphOptimizer.cpp:15:5:[m[K [01;36m[Knote: [m[Kcandidate: ‘[01m[KPosePoseCost::PosePoseCost(double, double, double, const std::array<double, 9>&)[m[K’
   15 |     [01;36m[KPosePoseCost[m[K(double dx, double dy, double dtheta, const std::array<double, 9>& covariance)
      |     [01;36m[K^~~~~~~~~~~~[m[K
[01m[K/home/kvothe/ros/src/cppp/src/PoseGraphOptimizer.cpp:15:84:[m[K [01;36m[Knote: [m[K  no known conversion for argument 4 from ‘[01m[Kconst _covariance_type[m[K’ {aka ‘[01m[Kconst std::array<float, 9>[m[K’} to ‘[01m[Kconst std::array<double, 9>&[m[K’
   15 |     PosePoseCost(double dx, double dy, double dtheta, [01;36m[Kconst std::array<double, 9>& covariance[m[K)
      |                                                       [01;36m[K~~~~~~~~~~~~~~~~~~~~~~~~~~~~~^~~~~~~~~~[m[K
[01m[K/home/kvothe/ros/src/cppp/src/PoseGraphOptimizer.cpp:14:8:[m[K [01;36m[Knote: [m[Kcandidate: ‘[01m[Kconstexpr PosePoseCost::PosePoseCost(const PosePoseCost&)[m[K’
   14 | struct [01;36m[KPosePoseCost[m[K {
      |        [01;36m[K^~~~~~~~~~~~[m[K
[01m[K/home/kvothe/ros/src/cppp/src/PoseGraphOptimizer.cpp:14:8:[m[K [01;36m[Knote: [m[K  candidate expects 1 argument, 4 provided
[01m[K/home/kvothe/ros/src/cppp/src/PoseGraphOptimizer.cpp:14:8:[m[K [01;36m[Knote: [m[Kcandidate: ‘[01m[Kconstexpr PosePoseCost::PosePoseCost(PosePoseCost&&)[m[K’
[01m[K/home/kvothe/ros/src/cppp/src/PoseGraphOptimizer.cpp:14:8:[m[K [01;36m[Knote: [m[K  candidate expects 1 argument, 4 provided
[01m[K/home/kvothe/ros/src/cppp/src/PoseGraphOptimizer.cpp:141:93:[m[K [01;31m[Kerror: [m[Kno matching function for call to ‘[01m[KPoseLandmarkCost::PoseLandmarkCost(const _rho_type&, const _alpha_type&, const _covariance_type&)[m[K’
  141 |                 new PoseLandmarkCost(constraint.rho, constraint.alpha, constraint.covariance[01;31m[K)[m[K);
      |                                                                                             [01;31m[K^[m[K
[01m[K/home/kvothe/ros/src/cppp/src/PoseGraphOptimizer.cpp:32:5:[m[K [01;36m[Knote: [m[Kcandidate: ‘[01m[KPoseLandmarkCost::PoseLandmarkCost(double, double, const std::array<double, 4>&)[m[K’
   32 |     [01;36m[KPoseLandmarkCost[m[K(double rho, double alpha, const std::array<double, 4>& covariance)
      |     [01;36m[K^~~~~~~~~~~~~~~~[m[K
[01m[K/home/kvothe/ros/src/cppp/src/PoseGraphOptimizer.cpp:32:77:[m[K [01;36m[Knote: [m[K  no known conversion for argument 3 from ‘[01m[Kconst _covariance_type[m[K’ {aka ‘[01m[Kconst std::array<float, 4>[m[K’} to ‘[01m[Kconst std::array<double, 4>&[m[K’
   32 |     PoseLandmarkCost(double rho, double alpha, [01;36m[Kconst std::array<double, 4>& covariance[m[K)
      |                                                [01;36m[K~~~~~~~~~~~~~~~~~~~~~~~~~~~~~^~~~~~~~~~[m[K
[01m[K/home/kvothe/ros/src/cppp/src/PoseGraphOptimizer.cpp:31:8:[m[K [01;36m[Knote: [m[Kcandidate: ‘[01m[Kconstexpr PoseLandmarkCost::PoseLandmarkCost(const PoseLandmarkCost&)[m[K’
   31 | struct [01;36m[KPoseLandmarkCost[m[K {
      |        [01;36m[K^~~~~~~~~~~~~~~~[m[K
[01m[K/home/kvothe/ros/src/cppp/src/PoseGraphOptimizer.cpp:31:8:[m[K [01;36m[Knote: [m[K  candidate expects 1 argument, 3 provided
[01m[K/home/kvothe/ros/src/cppp/src/PoseGraphOptimizer.cpp:31:8:[m[K [01;36m[Knote: [m[Kcandidate: ‘[01m[Kconstexpr PoseLandmarkCost::PoseLandmarkCost(PoseLandmarkCost&&)[m[K’
[01m[K/home/kvothe/ros/src/cppp/src/PoseGraphOptimizer.cpp:31:8:[m[K [01;36m[Knote: [m[K  candidate expects 1 argument, 3 provided
[01m[K/home/kvothe/ros/src/cppp/src/PoseGraphOptimizer.cpp:[m[K At global scope:
[01m[K/home/kvothe/ros/src/cppp/src/PoseGraphOptimizer.cpp:184:8:[m[K [01;31m[Kerror: [m[Kredefinition of ‘[01m[Kstruct PosePoseCost[m[K’
  184 | struct [01;31m[KPosePoseCost[m[K {
      |        [01;31m[K^~~~~~~~~~~~[m[K
[01m[K/home/kvothe/ros/src/cppp/src/PoseGraphOptimizer.cpp:14:8:[m[K [01;36m[Knote: [m[Kprevious definition of ‘[01m[Kstruct PosePoseCost[m[K’
   14 | struct [01;36m[KPosePoseCost[m[K {
      |        [01;36m[K^~~~~~~~~~~~[m[K
[01m[K/home/kvothe/ros/src/cppp/src/PoseGraphOptimizer.cpp:201:8:[m[K [01;31m[Kerror: [m[Kredefinition of ‘[01m[Kstruct LandmarkLandmarkCost[m[K’
  201 | struct [01;31m[KLandmarkLandmarkCost[m[K {
      |        [01;31m[K^~~~~~~~~~~~~~~~~~~~[m[K
[01m[K/home/kvothe/ros/src/cppp/src/PoseGraphOptimizer.cpp:51:8:[m[K [01;36m[Knote: [m[Kprevious definition of ‘[01m[Kstruct LandmarkLandmarkCost[m[K’
   51 | struct [01;36m[KLandmarkLandmarkCost[m[K {
      |        [01;36m[K^~~~~~~~~~~~~~~~~~~~[m[K
[01m[K/home/kvothe/ros/src/cppp/src/PoseGraphOptimizer.cpp:216:7:[m[K [01;31m[Kerror: [m[Kredefinition of ‘[01m[Kclass PoseGraphOptimizer[m[K’
  216 | class [01;31m[KPoseGraphOptimizer[m[K : public rclcpp::Node {
      |       [01;31m[K^~~~~~~~~~~~~~~~~~[m[K
[01m[K/home/kvothe/ros/src/cppp/src/PoseGraphOptimizer.cpp:68:7:[m[K [01;36m[Knote: [m[Kprevious definition of ‘[01m[Kclass PoseGraphOptimizer[m[K’
   68 | class [01;36m[KPoseGraphOptimizer[m[K : public rclcpp::Node {
      |       [01;36m[K^~~~~~~~~~~~~~~~~~[m[K
[01m[K/home/kvothe/ros/src/cppp/src/PoseGraphOptimizer.cpp:340:2:[m[K [01;31m[Kerror: [m[Kexpected unqualified-id at end of input
  340 | }
      |  [01;31m[K^[m[K
gmake[2]: *** [CMakeFiles/PoseGraphOptimizer.dir/build.make:76: CMakeFiles/PoseGraphOptimizer.dir/src/PoseGraphOptimizer.cpp.o] Error 1
gmake[1]: *** [CMakeFiles/Makefile2:389: CMakeFiles/PoseGraphOptimizer.dir/all] Error 2
gmake: *** [Makefile:146: all] Error 2
