[0.019s] Invoking command in '/home/kvothe/ros/build/robot_description': CMAKE_PREFIX_PATH=${CMAKE_PREFIX_PATH}:/home/kvothe/ros/install/soma:/home/kvothe/ros/install/sensor_management:/home/kvothe/ros/install/robot_control:/opt/ros/humble /usr/bin/cmake --build /home/kvothe/ros/build/robot_description -- -j12 -l12
[0.063s] -- Found ament_cmake: 1.3.11 (/opt/ros/humble/share/ament_cmake/cmake)
[0.191s] -- Override CMake install command with custom implementation using symlinks instead of copying resources
[0.206s] -- Found ament_lint_auto: 0.12.12 (/opt/ros/humble/share/ament_lint_auto/cmake)
[0.301s] -- Added test 'lint_cmake' to check CMake code style
[0.302s] -- Added test 'xmllint' to check XML markup files
[0.304s] -- Configuring done
[0.310s] -- Generating done
[0.312s] -- Build files have been written to: /home/kvothe/ros/build/robot_description
[0.345s] Invoked command in '/home/kvothe/ros/build/robot_description' returned '0': CMAKE_PREFIX_PATH=${CMAKE_PREFIX_PATH}:/home/kvothe/ros/install/soma:/home/kvothe/ros/install/sensor_management:/home/kvothe/ros/install/robot_control:/opt/ros/humble /usr/bin/cmake --build /home/kvothe/ros/build/robot_description -- -j12 -l12
[0.364s] Invoking command in '/home/kvothe/ros/build/robot_description': CMAKE_PREFIX_PATH=${CMAKE_PREFIX_PATH}:/home/kvothe/ros/install/soma:/home/kvothe/ros/install/sensor_management:/home/kvothe/ros/install/robot_control:/opt/ros/humble /usr/bin/cmake --install /home/kvothe/ros/build/robot_description
[0.377s] -- Install configuration: ""
[0.378s] -- Execute custom install script
[0.379s] -- Up-to-date symlink: /home/kvothe/ros/install/robot_description/share/robot_description/models/Crawler/model.config
[0.379s] -- Up-to-date symlink: /home/kvothe/ros/install/robot_description/share/robot_description/models/Crawler/model.sdf
[0.380s] -- Up-to-date symlink: /home/kvothe/ros/install/robot_description/share/robot_description/models/DummySt/model.config
[0.380s] -- Up-to-date symlink: /home/kvothe/ros/install/robot_description/share/robot_description/models/DummySt/model.sdf
[0.380s] -- Up-to-date symlink: /home/kvothe/ros/install/robot_description/share/robot_description/environment/robot_description.dsv
[0.380s] -- Up-to-date symlink: /home/kvothe/ros/install/robot_description/share/robot_description/environment/robot_description.sh
[0.380s] -- Up-to-date symlink: /home/kvothe/ros/install/robot_description/share/ament_index/resource_index/package_run_dependencies/robot_description
[0.380s] -- Up-to-date symlink: /home/kvothe/ros/install/robot_description/share/ament_index/resource_index/parent_prefix_path/robot_description
[0.381s] -- Up-to-date symlink: /home/kvothe/ros/install/robot_description/share/robot_description/environment/ament_prefix_path.sh
[0.381s] -- Up-to-date symlink: /home/kvothe/ros/install/robot_description/share/robot_description/environment/ament_prefix_path.dsv
[0.381s] -- Up-to-date symlink: /home/kvothe/ros/install/robot_description/share/robot_description/environment/path.sh
[0.381s] -- Up-to-date symlink: /home/kvothe/ros/install/robot_description/share/robot_description/environment/path.dsv
[0.381s] -- Up-to-date symlink: /home/kvothe/ros/install/robot_description/share/robot_description/local_setup.bash
[0.382s] -- Up-to-date symlink: /home/kvothe/ros/install/robot_description/share/robot_description/local_setup.sh
[0.382s] -- Up-to-date symlink: /home/kvothe/ros/install/robot_description/share/robot_description/local_setup.zsh
[0.382s] -- Up-to-date symlink: /home/kvothe/ros/install/robot_description/share/robot_description/local_setup.dsv
[0.382s] -- Symlinking: /home/kvothe/ros/install/robot_description/share/robot_description/package.dsv
[0.392s] -- Up-to-date symlink: /home/kvothe/ros/install/robot_description/share/ament_index/resource_index/packages/robot_description
[0.393s] -- Up-to-date symlink: /home/kvothe/ros/install/robot_description/share/robot_description/cmake/robot_descriptionConfig.cmake
[0.393s] -- Up-to-date symlink: /home/kvothe/ros/install/robot_description/share/robot_description/cmake/robot_descriptionConfig-version.cmake
[0.393s] -- Up-to-date symlink: /home/kvothe/ros/install/robot_description/share/robot_description/package.xml
[0.395s] Invoked command in '/home/kvothe/ros/build/robot_description' returned '0': CMAKE_PREFIX_PATH=${CMAKE_PREFIX_PATH}:/home/kvothe/ros/install/soma:/home/kvothe/ros/install/sensor_management:/home/kvothe/ros/install/robot_control:/opt/ros/humble /usr/bin/cmake --install /home/kvothe/ros/build/robot_description
