[0.042s] Invoking command in '/home/kvothe/ros/build/cppp': CMAKE_PREFIX_PATH=/home/kvothe/ros/install/messages:/home/kvothe/ros/install/ros_bringup:/home/kvothe/ros/install/ros_gazebo:/home/kvothe/ros/install/robot_description:/home/kvothe/ros/install/optim:/home/kvothe/ros/install/cppp:/home/kvothe/ros/install/soma:/home/kvothe/ros/install/sensor_management:/home/kvothe/ros/install/robot_control:/opt/ros/humble /usr/bin/cmake --build /home/kvothe/ros/build/cppp -- -j12 -l12
[0.542s] [ 25%] Built target LandmarkGraphNode
[0.542s] [ 25%] Built target PreprocessNode
[0.542s] [ 37%] Built target LandmarkTransformerNode
[0.542s] [ 50%] Built target LandmarkTransformermapNode
[0.542s] [ 62%] Built target IncrementalLineFittingNode
[0.542s] [ 75%] Built target ScanAccumulator
[0.543s] [ 87%] Built target RansacLineExtractionNode
[0.543s] [100%] Built target HoughLineFittingNode
[0.907s] Invoked command in '/home/kvothe/ros/build/cppp' returned '0': CMAKE_PREFIX_PATH=/home/kvothe/ros/install/messages:/home/kvothe/ros/install/ros_bringup:/home/kvothe/ros/install/ros_gazebo:/home/kvothe/ros/install/robot_description:/home/kvothe/ros/install/optim:/home/kvothe/ros/install/cppp:/home/kvothe/ros/install/soma:/home/kvothe/ros/install/sensor_management:/home/kvothe/ros/install/robot_control:/opt/ros/humble /usr/bin/cmake --build /home/kvothe/ros/build/cppp -- -j12 -l12
[0.912s] Invoking command in '/home/kvothe/ros/build/cppp': CMAKE_PREFIX_PATH=/home/kvothe/ros/install/messages:/home/kvothe/ros/install/ros_bringup:/home/kvothe/ros/install/ros_gazebo:/home/kvothe/ros/install/robot_description:/home/kvothe/ros/install/optim:/home/kvothe/ros/install/cppp:/home/kvothe/ros/install/soma:/home/kvothe/ros/install/sensor_management:/home/kvothe/ros/install/robot_control:/opt/ros/humble /usr/bin/cmake --install /home/kvothe/ros/build/cppp
[0.930s] -- Install configuration: ""
[0.931s] -- Up-to-date: /home/kvothe/ros/install/cppp/lib/cppp/LandmarkTransformerNode
[0.931s] -- Up-to-date: /home/kvothe/ros/install/cppp/lib/cppp/ScanAccumulator
[0.933s] -- Up-to-date: /home/kvothe/ros/install/cppp/lib/cppp/PreprocessNode
[0.934s] -- Up-to-date: /home/kvothe/ros/install/cppp/lib/cppp/LandmarkGraphNode
[0.935s] -- Up-to-date: /home/kvothe/ros/install/cppp/lib/cppp/IncrementalLineFittingNode
[0.937s] -- Up-to-date: /home/kvothe/ros/install/cppp/lib/cppp/LandmarkTransformermapNode
[0.938s] -- Up-to-date: /home/kvothe/ros/install/cppp/lib/cppp/HoughLineFittingNode
[0.938s] -- Up-to-date: /home/kvothe/ros/install/cppp/lib/cppp/RansacLineExtractionNode
[0.939s] -- Up-to-date: /home/kvothe/ros/install/cppp/share/ament_index/resource_index/package_run_dependencies/cppp
[0.939s] -- Up-to-date: /home/kvothe/ros/install/cppp/share/ament_index/resource_index/parent_prefix_path/cppp
[0.939s] -- Up-to-date: /home/kvothe/ros/install/cppp/share/cppp/environment/ament_prefix_path.sh
[0.939s] -- Up-to-date: /home/kvothe/ros/install/cppp/share/cppp/environment/ament_prefix_path.dsv
[0.939s] -- Up-to-date: /home/kvothe/ros/install/cppp/share/cppp/environment/path.sh
[0.939s] -- Up-to-date: /home/kvothe/ros/install/cppp/share/cppp/environment/path.dsv
[0.940s] -- Up-to-date: /home/kvothe/ros/install/cppp/share/cppp/local_setup.bash
[0.940s] -- Up-to-date: /home/kvothe/ros/install/cppp/share/cppp/local_setup.sh
[0.940s] -- Up-to-date: /home/kvothe/ros/install/cppp/share/cppp/local_setup.zsh
[0.940s] -- Up-to-date: /home/kvothe/ros/install/cppp/share/cppp/local_setup.dsv
[0.940s] -- Installing: /home/kvothe/ros/install/cppp/share/cppp/package.dsv
[0.940s] -- Up-to-date: /home/kvothe/ros/install/cppp/share/ament_index/resource_index/packages/cppp
[0.941s] -- Up-to-date: /home/kvothe/ros/install/cppp/share/cppp/cmake/cpppConfig.cmake
[0.941s] -- Up-to-date: /home/kvothe/ros/install/cppp/share/cppp/cmake/cpppConfig-version.cmake
[0.941s] -- Up-to-date: /home/kvothe/ros/install/cppp/share/cppp/package.xml
[0.944s] Invoked command in '/home/kvothe/ros/build/cppp' returned '0': CMAKE_PREFIX_PATH=/home/kvothe/ros/install/messages:/home/kvothe/ros/install/ros_bringup:/home/kvothe/ros/install/ros_gazebo:/home/kvothe/ros/install/robot_description:/home/kvothe/ros/install/optim:/home/kvothe/ros/install/cppp:/home/kvothe/ros/install/soma:/home/kvothe/ros/install/sensor_management:/home/kvothe/ros/install/robot_control:/opt/ros/humble /usr/bin/cmake --install /home/kvothe/ros/build/cppp
