[0.021s] Invoking command in '/home/kvothe/ros/build/cppp': CMAKE_PREFIX_PATH=/home/kvothe/ros/install/messages:/home/kvothe/ros/install/ros_bringup:/home/kvothe/ros/install/ros_gazebo:/home/kvothe/ros/install/robot_description:/home/kvothe/ros/install/cppp:/home/kvothe/ros/install/soma:/home/kvothe/ros/install/sensor_management:/home/kvothe/ros/install/robot_control:/opt/ros/humble /usr/bin/cmake --build /home/kvothe/ros/build/cppp -- -j12 -l12
[0.305s] [35m[1mConsolidate compiler generated dependencies of target PoseGraphOptimizer[0m
[0.305s] [ 10%] Built target PreprocessNode
[0.305s] [ 30%] Built target LandmarkGraphNode
[0.305s] [ 30%] Built target LandmarkTransformerNode
[0.305s] [ 40%] Built target LandmarkTransformermapNode
[0.305s] [ 45%] [32mBuilding CXX object CMakeFiles/PoseGraphOptimizer.dir/src/PoseGraphOptimizer.cpp.o[0m
[0.305s] [ 65%] Built target ScanTransformer
[0.305s] [ 65%] Built target HoughLineFittingNode
[0.305s] [ 75%] Built target IncrementalLineFittingNode
[0.306s] [ 95%] Built target RansacLineExtractionNode
[0.306s] [ 95%] Built target ScanAccumulator
[13.294s] [100%] [32m[1mLinking CXX executable PoseGraphOptimizer[0m
[14.174s] [100%] Built target PoseGraphOptimizer
[14.198s] Invoked command in '/home/kvothe/ros/build/cppp' returned '0': CMAKE_PREFIX_PATH=/home/kvothe/ros/install/messages:/home/kvothe/ros/install/ros_bringup:/home/kvothe/ros/install/ros_gazebo:/home/kvothe/ros/install/robot_description:/home/kvothe/ros/install/cppp:/home/kvothe/ros/install/soma:/home/kvothe/ros/install/sensor_management:/home/kvothe/ros/install/robot_control:/opt/ros/humble /usr/bin/cmake --build /home/kvothe/ros/build/cppp -- -j12 -l12
[14.202s] Invoking command in '/home/kvothe/ros/build/cppp': CMAKE_PREFIX_PATH=/home/kvothe/ros/install/messages:/home/kvothe/ros/install/ros_bringup:/home/kvothe/ros/install/ros_gazebo:/home/kvothe/ros/install/robot_description:/home/kvothe/ros/install/cppp:/home/kvothe/ros/install/soma:/home/kvothe/ros/install/sensor_management:/home/kvothe/ros/install/robot_control:/opt/ros/humble /usr/bin/cmake --install /home/kvothe/ros/build/cppp
[14.210s] -- Install configuration: ""
[14.211s] -- Up-to-date: /home/kvothe/ros/install/cppp/lib/cppp/LandmarkTransformerNode
[14.212s] -- Up-to-date: /home/kvothe/ros/install/cppp/lib/cppp/ScanAccumulator
[14.212s] -- Up-to-date: /home/kvothe/ros/install/cppp/lib/cppp/PreprocessNode
[14.214s] -- Up-to-date: /home/kvothe/ros/install/cppp/lib/cppp/LandmarkGraphNode
[14.215s] -- Up-to-date: /home/kvothe/ros/install/cppp/lib/cppp/IncrementalLineFittingNode
[14.215s] -- Up-to-date: /home/kvothe/ros/install/cppp/lib/cppp/LandmarkTransformermapNode
[14.216s] -- Up-to-date: /home/kvothe/ros/install/cppp/lib/cppp/HoughLineFittingNode
[14.217s] -- Up-to-date: /home/kvothe/ros/install/cppp/lib/cppp/RansacLineExtractionNode
[14.218s] -- Up-to-date: /home/kvothe/ros/install/cppp/lib/cppp/ScanTransformer
[14.218s] -- Installing: /home/kvothe/ros/install/cppp/lib/cppp/PoseGraphOptimizer
[14.226s] -- Set runtime path of "/home/kvothe/ros/install/cppp/lib/cppp/PoseGraphOptimizer" to ""
[14.226s] -- Up-to-date: /home/kvothe/ros/install/cppp/share/ament_index/resource_index/package_run_dependencies/cppp
[14.226s] -- Up-to-date: /home/kvothe/ros/install/cppp/share/ament_index/resource_index/parent_prefix_path/cppp
[14.226s] -- Up-to-date: /home/kvothe/ros/install/cppp/share/cppp/environment/ament_prefix_path.sh
[14.227s] -- Up-to-date: /home/kvothe/ros/install/cppp/share/cppp/environment/ament_prefix_path.dsv
[14.227s] -- Up-to-date: /home/kvothe/ros/install/cppp/share/cppp/environment/path.sh
[14.227s] -- Up-to-date: /home/kvothe/ros/install/cppp/share/cppp/environment/path.dsv
[14.227s] -- Up-to-date: /home/kvothe/ros/install/cppp/share/cppp/local_setup.bash
[14.227s] -- Up-to-date: /home/kvothe/ros/install/cppp/share/cppp/local_setup.sh
[14.227s] -- Up-to-date: /home/kvothe/ros/install/cppp/share/cppp/local_setup.zsh
[14.227s] -- Up-to-date: /home/kvothe/ros/install/cppp/share/cppp/local_setup.dsv
[14.227s] -- Installing: /home/kvothe/ros/install/cppp/share/cppp/package.dsv
[14.227s] -- Up-to-date: /home/kvothe/ros/install/cppp/share/ament_index/resource_index/packages/cppp
[14.227s] -- Up-to-date: /home/kvothe/ros/install/cppp/share/cppp/cmake/cpppConfig.cmake
[14.227s] -- Up-to-date: /home/kvothe/ros/install/cppp/share/cppp/cmake/cpppConfig-version.cmake
[14.227s] -- Up-to-date: /home/kvothe/ros/install/cppp/share/cppp/package.xml
[14.230s] Invoked command in '/home/kvothe/ros/build/cppp' returned '0': CMAKE_PREFIX_PATH=/home/kvothe/ros/install/messages:/home/kvothe/ros/install/ros_bringup:/home/kvothe/ros/install/ros_gazebo:/home/kvothe/ros/install/robot_description:/home/kvothe/ros/install/cppp:/home/kvothe/ros/install/soma:/home/kvothe/ros/install/sensor_management:/home/kvothe/ros/install/robot_control:/opt/ros/humble /usr/bin/cmake --install /home/kvothe/ros/build/cppp
