[1.353s] Invoking command in '/home/kvothe/ros/src/sensor_management': CMAKE_PREFIX_PATH=/home/kvothe/ros/install/messages:/home/kvothe/ros/install/ros_bringup:/home/kvothe/ros/install/ros_gazebo:/home/kvothe/ros/install/robot_description:/home/kvothe/ros/install/cppp PYTHONPATH=/home/kvothe/ros/build/sensor_management/prefix_override:/usr/lib/python3/dist-packages/colcon_core/task/python/colcon_distutils_commands:/home/kvothe/ros/install/sensor_management/lib/python3.10/site-packages:${PYTHONPATH} /usr/bin/python3 -W ignore:setup.py install is deprecated -W ignore:easy_install command is deprecated setup.py egg_info --egg-base ../../build/sensor_management build --build-base /home/kvothe/ros/build/sensor_management/build install --record /home/kvothe/ros/build/sensor_management/install.log --single-version-externally-managed install_data
[1.692s] running egg_info
[1.693s] writing ../../build/sensor_management/sensor_management.egg-info/PKG-INFO
[1.694s] writing dependency_links to ../../build/sensor_management/sensor_management.egg-info/dependency_links.txt
[1.694s] writing entry points to ../../build/sensor_management/sensor_management.egg-info/entry_points.txt
[1.694s] writing requirements to ../../build/sensor_management/sensor_management.egg-info/requires.txt
[1.695s] writing top-level names to ../../build/sensor_management/sensor_management.egg-info/top_level.txt
[1.697s] reading manifest file '../../build/sensor_management/sensor_management.egg-info/SOURCES.txt'
[1.699s] writing manifest file '../../build/sensor_management/sensor_management.egg-info/SOURCES.txt'
[1.699s] running build
[1.699s] running build_py
[1.700s] running install
[1.701s] running install_lib
[1.703s] running install_data
[1.704s] running install_egg_info
[1.707s] removing '/home/kvothe/ros/install/sensor_management/lib/python3.10/site-packages/sensor_management-0.0.0-py3.10.egg-info' (and everything under it)
[1.708s] Copying ../../build/sensor_management/sensor_management.egg-info to /home/kvothe/ros/install/sensor_management/lib/python3.10/site-packages/sensor_management-0.0.0-py3.10.egg-info
[1.709s] running install_scripts
[1.742s] Installing LandmarkLandmarkVisualizationNode script to /home/kvothe/ros/install/sensor_management/lib/sensor_management
[1.743s] Installing Linesegviz script to /home/kvothe/ros/install/sensor_management/lib/sensor_management
[1.743s] Installing PoseGraphViz script to /home/kvothe/ros/install/sensor_management/lib/sensor_management
[1.743s] Installing PostPoseGraphViz script to /home/kvothe/ros/install/sensor_management/lib/sensor_management
[1.744s] Installing fusion script to /home/kvothe/ros/install/sensor_management/lib/sensor_management
[1.744s] Installing linesegmentvisualizer script to /home/kvothe/ros/install/sensor_management/lib/sensor_management
[1.744s] Installing sparsesampler script to /home/kvothe/ros/install/sensor_management/lib/sensor_management
[1.744s] writing list of installed files to '/home/kvothe/ros/build/sensor_management/install.log'
[1.786s] Invoked command in '/home/kvothe/ros/src/sensor_management' returned '0': CMAKE_PREFIX_PATH=/home/kvothe/ros/install/messages:/home/kvothe/ros/install/ros_bringup:/home/kvothe/ros/install/ros_gazebo:/home/kvothe/ros/install/robot_description:/home/kvothe/ros/install/cppp PYTHONPATH=/home/kvothe/ros/build/sensor_management/prefix_override:/usr/lib/python3/dist-packages/colcon_core/task/python/colcon_distutils_commands:/home/kvothe/ros/install/sensor_management/lib/python3.10/site-packages:${PYTHONPATH} /usr/bin/python3 -W ignore:setup.py install is deprecated -W ignore:easy_install command is deprecated setup.py egg_info --egg-base ../../build/sensor_management build --build-base /home/kvothe/ros/build/sensor_management/build install --record /home/kvothe/ros/build/sensor_management/install.log --single-version-externally-managed install_data
