[0.277s] Invoking command in '/home/kvothe/ros/build/cppp': CMAKE_PREFIX_PATH=/home/kvothe/ros/install/messages:/home/kvothe/ros/install/ros_bringup:/home/kvothe/ros/install/ros_gazebo:/home/kvothe/ros/install/robot_description:/home/kvothe/ros/install/cppp:/home/kvothe/ros/install/soma:/home/kvothe/ros/install/sensor_management:/home/kvothe/ros/install/robot_control:/opt/ros/humble /usr/bin/cmake --build /home/kvothe/ros/build/cppp -- -j16 -l16
[0.318s] [ 10%] Built target PreprocessNode
[0.344s] [ 20%] Built target PoseGraphOptimizer
[0.364s] [ 30%] Built target ScanTransformer
[0.384s] [ 40%] Built target LandmarkTransformerNode
[0.402s] [ 50%] Built target LandmarkGraphNode
[0.422s] [ 60%] Built target LandmarkTransformermapNode
[0.450s] [ 70%] Built target ScanAccumulator
[0.473s] [ 80%] Built target RansacLineExtractionNode
[0.486s] [35m[1mConsolidate compiler generated dependencies of target HoughLineFittingNode[0m
[0.524s] [ 85%] [32mBuilding CXX object CMakeFiles/HoughLineFittingNode.dir/src/HoughLineFittingNode.cpp.o[0m
[5.748s] [01m[K/home/kvothe/ros/src/cppp/src/HoughLineFittingNode.cpp:[m[K In member function ‘[01m[Kstd::array<double, 4> HoughLineFittingNode::computeSegmentCovariance(const HoughLineFittingNode::Point2D&, const HoughLineFittingNode::Point2D&)[m[K’:
[5.748s] [01m[K/home/kvothe/ros/src/cppp/src/HoughLineFittingNode.cpp:108:67:[m[K [01;35m[Kwarning: [m[Kunused parameter ‘[01m[Kp1[m[K’ [[01;35m[K]8;;https://gcc.gnu.org/onlinedocs/gcc/Warning-Options.html#index-Wunused-parameter-Wunused-parameter]8;;[m[K]
[5.748s]   108 |     std::array<double, 4> computeSegmentCovariance([01;35m[Kconst Point2D& p1[m[K, const Point2D& p2) {
[5.748s]       |                                                    [01;35m[K~~~~~~~~~~~~~~~^~[m[K
[5.748s] [01m[K/home/kvothe/ros/src/cppp/src/HoughLineFittingNode.cpp:108:86:[m[K [01;35m[Kwarning: [m[Kunused parameter ‘[01m[Kp2[m[K’ [[01;35m[K]8;;https://gcc.gnu.org/onlinedocs/gcc/Warning-Options.html#index-Wunused-parameter-Wunused-parameter]8;;[m[K]
[5.748s]   108 |     std::array<double, 4> computeSegmentCovariance(const Point2D& p1, [01;35m[Kconst Point2D& p2[m[K) {
[5.748s]       |                                                                       [01;35m[K~~~~~~~~~~~~~~~^~[m[K
[14.242s] [ 90%] [32m[1mLinking CXX executable HoughLineFittingNode[0m
[15.207s] [ 90%] Built target HoughLineFittingNode
[15.232s] [100%] Built target IncrementalLineFittingNode
[15.242s] Invoked command in '/home/kvothe/ros/build/cppp' returned '0': CMAKE_PREFIX_PATH=/home/kvothe/ros/install/messages:/home/kvothe/ros/install/ros_bringup:/home/kvothe/ros/install/ros_gazebo:/home/kvothe/ros/install/robot_description:/home/kvothe/ros/install/cppp:/home/kvothe/ros/install/soma:/home/kvothe/ros/install/sensor_management:/home/kvothe/ros/install/robot_control:/opt/ros/humble /usr/bin/cmake --build /home/kvothe/ros/build/cppp -- -j16 -l16
[15.244s] Invoking command in '/home/kvothe/ros/build/cppp': CMAKE_PREFIX_PATH=/home/kvothe/ros/install/messages:/home/kvothe/ros/install/ros_bringup:/home/kvothe/ros/install/ros_gazebo:/home/kvothe/ros/install/robot_description:/home/kvothe/ros/install/cppp:/home/kvothe/ros/install/soma:/home/kvothe/ros/install/sensor_management:/home/kvothe/ros/install/robot_control:/opt/ros/humble /usr/bin/cmake --install /home/kvothe/ros/build/cppp
[15.249s] -- Install configuration: ""
[15.250s] -- Up-to-date: /home/kvothe/ros/install/cppp/lib/cppp/LandmarkTransformerNode
[15.250s] -- Up-to-date: /home/kvothe/ros/install/cppp/lib/cppp/ScanAccumulator
[15.250s] -- Up-to-date: /home/kvothe/ros/install/cppp/lib/cppp/PreprocessNode
[15.250s] -- Up-to-date: /home/kvothe/ros/install/cppp/lib/cppp/LandmarkGraphNode
[15.250s] -- Up-to-date: /home/kvothe/ros/install/cppp/lib/cppp/IncrementalLineFittingNode
[15.250s] -- Up-to-date: /home/kvothe/ros/install/cppp/lib/cppp/LandmarkTransformermapNode
[15.251s] -- Installing: /home/kvothe/ros/install/cppp/lib/cppp/HoughLineFittingNode
[15.255s] -- Set runtime path of "/home/kvothe/ros/install/cppp/lib/cppp/HoughLineFittingNode" to ""
[15.255s] -- Up-to-date: /home/kvothe/ros/install/cppp/lib/cppp/RansacLineExtractionNode
[15.255s] -- Up-to-date: /home/kvothe/ros/install/cppp/lib/cppp/ScanTransformer
[15.255s] -- Up-to-date: /home/kvothe/ros/install/cppp/lib/cppp/PoseGraphOptimizer
[15.256s] -- Up-to-date: /home/kvothe/ros/install/cppp/share/ament_index/resource_index/package_run_dependencies/cppp
[15.256s] -- Up-to-date: /home/kvothe/ros/install/cppp/share/ament_index/resource_index/parent_prefix_path/cppp
[15.256s] -- Up-to-date: /home/kvothe/ros/install/cppp/share/cppp/environment/ament_prefix_path.sh
[15.256s] -- Up-to-date: /home/kvothe/ros/install/cppp/share/cppp/environment/ament_prefix_path.dsv
[15.256s] -- Up-to-date: /home/kvothe/ros/install/cppp/share/cppp/environment/path.sh
[15.256s] -- Up-to-date: /home/kvothe/ros/install/cppp/share/cppp/environment/path.dsv
[15.256s] -- Up-to-date: /home/kvothe/ros/install/cppp/share/cppp/local_setup.bash
[15.256s] -- Up-to-date: /home/kvothe/ros/install/cppp/share/cppp/local_setup.sh
[15.256s] -- Up-to-date: /home/kvothe/ros/install/cppp/share/cppp/local_setup.zsh
[15.256s] -- Up-to-date: /home/kvothe/ros/install/cppp/share/cppp/local_setup.dsv
[15.256s] -- Installing: /home/kvothe/ros/install/cppp/share/cppp/package.dsv
[15.256s] -- Up-to-date: /home/kvothe/ros/install/cppp/share/ament_index/resource_index/packages/cppp
[15.256s] -- Up-to-date: /home/kvothe/ros/install/cppp/share/cppp/cmake/cpppConfig.cmake
[15.256s] -- Up-to-date: /home/kvothe/ros/install/cppp/share/cppp/cmake/cpppConfig-version.cmake
[15.256s] -- Up-to-date: /home/kvothe/ros/install/cppp/share/cppp/package.xml
[15.258s] Invoked command in '/home/kvothe/ros/build/cppp' returned '0': CMAKE_PREFIX_PATH=/home/kvothe/ros/install/messages:/home/kvothe/ros/install/ros_bringup:/home/kvothe/ros/install/ros_gazebo:/home/kvothe/ros/install/robot_description:/home/kvothe/ros/install/cppp:/home/kvothe/ros/install/soma:/home/kvothe/ros/install/sensor_management:/home/kvothe/ros/install/robot_control:/opt/ros/humble /usr/bin/cmake --install /home/kvothe/ros/build/cppp
