[0.094s] Invoking command in '/home/kvothe/ros/build/ros_gazebo': CMAKE_PREFIX_PATH=/home/kvothe/ros/install/robot_description:/home/kvothe/ros/install/ros_bringup:/home/kvothe/ros/install/ros_gazebo:/home/kvothe/ros/install/cppp:/home/kvothe/ros/install/messages:/home/kvothe/ros/install/soma:/home/kvothe/ros/install/sensor_management:/home/kvothe/ros/install/robot_control:/opt/ros/humble IGN_GAZEBO_RESOURCE_PATH=/home/kvothe/ros/install/robot_description/share/robot_description/models:${IGN_GAZEBO_RESOURCE_PATH} /usr/bin/cmake --build /home/kvothe/ros/build/ros_gazebo -- -j16 -l16
[0.134s] [100%] Built target BasicSystem
[0.134s] [100%] Built target FullSystem
[0.170s] Invoked command in '/home/kvothe/ros/build/ros_gazebo' returned '0': CMAKE_PREFIX_PATH=/home/kvothe/ros/install/robot_description:/home/kvothe/ros/install/ros_bringup:/home/kvothe/ros/install/ros_gazebo:/home/kvothe/ros/install/cppp:/home/kvothe/ros/install/messages:/home/kvothe/ros/install/soma:/home/kvothe/ros/install/sensor_management:/home/kvothe/ros/install/robot_control:/opt/ros/humble IGN_GAZEBO_RESOURCE_PATH=/home/kvothe/ros/install/robot_description/share/robot_description/models:${IGN_GAZEBO_RESOURCE_PATH} /usr/bin/cmake --build /home/kvothe/ros/build/ros_gazebo -- -j16 -l16
[0.173s] Invoking command in '/home/kvothe/ros/build/ros_gazebo': CMAKE_PREFIX_PATH=/home/kvothe/ros/install/robot_description:/home/kvothe/ros/install/ros_bringup:/home/kvothe/ros/install/ros_gazebo:/home/kvothe/ros/install/cppp:/home/kvothe/ros/install/messages:/home/kvothe/ros/install/soma:/home/kvothe/ros/install/sensor_management:/home/kvothe/ros/install/robot_control:/opt/ros/humble IGN_GAZEBO_RESOURCE_PATH=/home/kvothe/ros/install/robot_description/share/robot_description/models:${IGN_GAZEBO_RESOURCE_PATH} /usr/bin/cmake --install /home/kvothe/ros/build/ros_gazebo
[0.177s] -- Install configuration: ""
[0.178s] -- Execute custom install script
[0.179s] -- Up-to-date symlink: /home/kvothe/ros/install/ros_gazebo/lib/ros_gazebo/libBasicSystem.so
[0.179s] -- Up-to-date symlink: /home/kvothe/ros/install/ros_gazebo/lib/ros_gazebo/libFullSystem.so
[0.179s] [33mCMake Warning (dev) at ament_cmake_symlink_install/ament_cmake_symlink_install.cmake:62 (file):
[0.179s]   Policy CMP0009 is not set: FILE GLOB_RECURSE calls should not follow
[0.179s]   symlinks by default.  Run "cmake --help-policy CMP0009" for policy details.
[0.179s]   Use the cmake_policy command to set the policy and suppress this warning.
[0.179s] Call Stack (most recent call first):
[0.179s]   ament_cmake_symlink_install/ament_cmake_symlink_install.cmake:317 (ament_cmake_symlink_install_directory)
[0.179s]   cmake_install.cmake:46 (include)
[0.180s] This warning is for project developers.  Use -Wno-dev to suppress it.
[0.180s] [0m
[0.180s] -- Up-to-date symlink: /home/kvothe/ros/install/ros_gazebo/share/ros_gazebo/worlds/Crawler.sdf
[0.180s] -- Up-to-date symlink: /home/kvothe/ros/install/ros_gazebo/share/ros_gazebo/worlds/Damn.sdf
[0.180s] -- Symlinking: /home/kvothe/ros/install/ros_gazebo/share/ros_gazebo/worlds/build/.built_by
[0.188s] -- Symlinking: /home/kvothe/ros/install/ros_gazebo/share/ros_gazebo/worlds/build/COLCON_IGNORE
[0.194s] -- Symlinking: /home/kvothe/ros/install/ros_gazebo/share/ros_gazebo/worlds/install/.colcon_install_layout
[0.201s] -- Symlinking: /home/kvothe/ros/install/ros_gazebo/share/ros_gazebo/worlds/install/COLCON_IGNORE
[0.207s] -- Symlinking: /home/kvothe/ros/install/ros_gazebo/share/ros_gazebo/worlds/install/_local_setup_util_ps1.py
[0.212s] -- Symlinking: /home/kvothe/ros/install/ros_gazebo/share/ros_gazebo/worlds/install/_local_setup_util_sh.py
[0.218s] -- Symlinking: /home/kvothe/ros/install/ros_gazebo/share/ros_gazebo/worlds/install/local_setup.bash
[0.224s] -- Symlinking: /home/kvothe/ros/install/ros_gazebo/share/ros_gazebo/worlds/install/local_setup.ps1
[0.230s] -- Symlinking: /home/kvothe/ros/install/ros_gazebo/share/ros_gazebo/worlds/install/local_setup.sh
[0.236s] -- Symlinking: /home/kvothe/ros/install/ros_gazebo/share/ros_gazebo/worlds/install/local_setup.zsh
[0.242s] -- Symlinking: /home/kvothe/ros/install/ros_gazebo/share/ros_gazebo/worlds/install/setup.bash
[0.247s] -- Symlinking: /home/kvothe/ros/install/ros_gazebo/share/ros_gazebo/worlds/install/setup.ps1
[0.253s] -- Symlinking: /home/kvothe/ros/install/ros_gazebo/share/ros_gazebo/worlds/install/setup.sh
[0.259s] -- Symlinking: /home/kvothe/ros/install/ros_gazebo/share/ros_gazebo/worlds/install/setup.zsh
[0.265s] -- Symlinking: /home/kvothe/ros/install/ros_gazebo/share/ros_gazebo/worlds/log/COLCON_IGNORE
[0.270s] -- Symlinking: /home/kvothe/ros/install/ros_gazebo/share/ros_gazebo/worlds/log/build_2025-04-13_19-09-55/events.log
[0.275s] -- Symlinking: /home/kvothe/ros/install/ros_gazebo/share/ros_gazebo/worlds/log/build_2025-04-13_19-09-55/logger_all.log
[0.281s] -- Symlinking: /home/kvothe/ros/install/ros_gazebo/share/ros_gazebo/worlds/log/latest/events.log
[0.288s] -- Symlinking: /home/kvothe/ros/install/ros_gazebo/share/ros_gazebo/worlds/log/latest/logger_all.log
[0.294s] -- Symlinking: /home/kvothe/ros/install/ros_gazebo/share/ros_gazebo/worlds/log/latest_build/events.log
[0.301s] -- Symlinking: /home/kvothe/ros/install/ros_gazebo/share/ros_gazebo/worlds/log/latest_build/logger_all.log
[0.308s] -- Up-to-date symlink: /home/kvothe/ros/install/ros_gazebo/share/ros_gazebo/environment/ros_gazebo.dsv
[0.309s] -- Up-to-date symlink: /home/kvothe/ros/install/ros_gazebo/share/ros_gazebo/environment/ros_gazebo.sh
[0.309s] -- Up-to-date symlink: /home/kvothe/ros/install/ros_gazebo/share/ament_index/resource_index/package_run_dependencies/ros_gazebo
[0.309s] -- Up-to-date symlink: /home/kvothe/ros/install/ros_gazebo/share/ament_index/resource_index/parent_prefix_path/ros_gazebo
[0.309s] -- Up-to-date symlink: /home/kvothe/ros/install/ros_gazebo/share/ros_gazebo/environment/ament_prefix_path.sh
[0.310s] -- Up-to-date symlink: /home/kvothe/ros/install/ros_gazebo/share/ros_gazebo/environment/ament_prefix_path.dsv
[0.310s] -- Up-to-date symlink: /home/kvothe/ros/install/ros_gazebo/share/ros_gazebo/environment/path.sh
[0.311s] -- Up-to-date symlink: /home/kvothe/ros/install/ros_gazebo/share/ros_gazebo/environment/path.dsv
[0.311s] -- Up-to-date symlink: /home/kvothe/ros/install/ros_gazebo/share/ros_gazebo/local_setup.bash
[0.312s] -- Up-to-date symlink: /home/kvothe/ros/install/ros_gazebo/share/ros_gazebo/local_setup.sh
[0.312s] -- Up-to-date symlink: /home/kvothe/ros/install/ros_gazebo/share/ros_gazebo/local_setup.zsh
[0.313s] -- Up-to-date symlink: /home/kvothe/ros/install/ros_gazebo/share/ros_gazebo/local_setup.dsv
[0.313s] -- Symlinking: /home/kvothe/ros/install/ros_gazebo/share/ros_gazebo/package.dsv
[0.320s] -- Up-to-date symlink: /home/kvothe/ros/install/ros_gazebo/share/ament_index/resource_index/packages/ros_gazebo
[0.320s] -- Up-to-date symlink: /home/kvothe/ros/install/ros_gazebo/share/ros_gazebo/cmake/ros_gazeboConfig.cmake
[0.320s] -- Up-to-date symlink: /home/kvothe/ros/install/ros_gazebo/share/ros_gazebo/cmake/ros_gazeboConfig-version.cmake
[0.320s] -- Up-to-date symlink: /home/kvothe/ros/install/ros_gazebo/share/ros_gazebo/package.xml
[0.536s] Invoked command in '/home/kvothe/ros/build/ros_gazebo' returned '0': CMAKE_PREFIX_PATH=/home/kvothe/ros/install/robot_description:/home/kvothe/ros/install/ros_bringup:/home/kvothe/ros/install/ros_gazebo:/home/kvothe/ros/install/cppp:/home/kvothe/ros/install/messages:/home/kvothe/ros/install/soma:/home/kvothe/ros/install/sensor_management:/home/kvothe/ros/install/robot_control:/opt/ros/humble IGN_GAZEBO_RESOURCE_PATH=/home/kvothe/ros/install/robot_description/share/robot_description/models:${IGN_GAZEBO_RESOURCE_PATH} /usr/bin/cmake --install /home/kvothe/ros/build/ros_gazebo
