[1.028s] Invoking command in '/home/kvothe/ros/build/ros_bringup': AMENT_PREFIX_PATH=/home/kvothe/ros/install/soma:/home/kvothe/ros/install/sensor_management:/home/kvothe/ros/install/robot_control:/home/kvothe/ros/install/ros_bringup:/home/kvothe/ros/install/ros_gazebo:/home/kvothe/ros/install/robot_description:/home/kvothe/ros/install/cppp:/home/kvothe/ros/install/messages:/opt/ros/humble CMAKE_PREFIX_PATH=/home/kvothe/ros/install/ros_gazebo:/home/kvothe/ros/install/cppp:/home/kvothe/ros/install/robot_description:/home/kvothe/ros/install/messages:/home/kvothe/ros/install/ros_bringup:/home/kvothe/ros/install/soma:/home/kvothe/ros/install/sensor_management:/home/kvothe/ros/install/robot_control:/opt/ros/humble IGN_GAZEBO_PLUGIN_PATH=/home/kvothe/ros/install/ros_gazebo/lib/ros_gazebo IGN_GAZEBO_RESOURCE_PATH=/home/kvothe/ros/install/robot_description/share/robot_description/models:${IGN_GAZEBO_RESOURCE_PATH} /usr/bin/cmake --build /home/kvothe/ros/build/ros_bringup -- -j16 -l16
[1.059s] Invoked command in '/home/kvothe/ros/build/ros_bringup' returned '0': AMENT_PREFIX_PATH=/home/kvothe/ros/install/soma:/home/kvothe/ros/install/sensor_management:/home/kvothe/ros/install/robot_control:/home/kvothe/ros/install/ros_bringup:/home/kvothe/ros/install/ros_gazebo:/home/kvothe/ros/install/robot_description:/home/kvothe/ros/install/cppp:/home/kvothe/ros/install/messages:/opt/ros/humble CMAKE_PREFIX_PATH=/home/kvothe/ros/install/ros_gazebo:/home/kvothe/ros/install/cppp:/home/kvothe/ros/install/robot_description:/home/kvothe/ros/install/messages:/home/kvothe/ros/install/ros_bringup:/home/kvothe/ros/install/soma:/home/kvothe/ros/install/sensor_management:/home/kvothe/ros/install/robot_control:/opt/ros/humble IGN_GAZEBO_PLUGIN_PATH=/home/kvothe/ros/install/ros_gazebo/lib/ros_gazebo IGN_GAZEBO_RESOURCE_PATH=/home/kvothe/ros/install/robot_description/share/robot_description/models:${IGN_GAZEBO_RESOURCE_PATH} /usr/bin/cmake --build /home/kvothe/ros/build/ros_bringup -- -j16 -l16
[1.059s] Invoking command in '/home/kvothe/ros/build/ros_bringup': AMENT_PREFIX_PATH=/home/kvothe/ros/install/soma:/home/kvothe/ros/install/sensor_management:/home/kvothe/ros/install/robot_control:/home/kvothe/ros/install/ros_bringup:/home/kvothe/ros/install/ros_gazebo:/home/kvothe/ros/install/robot_description:/home/kvothe/ros/install/cppp:/home/kvothe/ros/install/messages:/opt/ros/humble CMAKE_PREFIX_PATH=/home/kvothe/ros/install/ros_gazebo:/home/kvothe/ros/install/cppp:/home/kvothe/ros/install/robot_description:/home/kvothe/ros/install/messages:/home/kvothe/ros/install/ros_bringup:/home/kvothe/ros/install/soma:/home/kvothe/ros/install/sensor_management:/home/kvothe/ros/install/robot_control:/opt/ros/humble IGN_GAZEBO_PLUGIN_PATH=/home/kvothe/ros/install/ros_gazebo/lib/ros_gazebo IGN_GAZEBO_RESOURCE_PATH=/home/kvothe/ros/install/robot_description/share/robot_description/models:${IGN_GAZEBO_RESOURCE_PATH} /usr/bin/cmake --install /home/kvothe/ros/build/ros_bringup
[1.063s] -- Install configuration: ""
[1.064s] -- Execute custom install script
[1.064s] -- Up-to-date symlink: /home/kvothe/ros/install/ros_bringup/share/ros_bringup/launch/Crawler.launch.py
[1.064s] -- Up-to-date symlink: /home/kvothe/ros/install/ros_bringup/share/ros_bringup/config/ros_bridge.yaml
[1.065s] -- Up-to-date symlink: /home/kvothe/ros/install/ros_bringup/share/ament_index/resource_index/package_run_dependencies/ros_bringup
[1.065s] -- Up-to-date symlink: /home/kvothe/ros/install/ros_bringup/share/ament_index/resource_index/parent_prefix_path/ros_bringup
[1.065s] -- Up-to-date symlink: /home/kvothe/ros/install/ros_bringup/share/ros_bringup/environment/ament_prefix_path.sh
[1.065s] -- Up-to-date symlink: /home/kvothe/ros/install/ros_bringup/share/ros_bringup/environment/ament_prefix_path.dsv
[1.065s] -- Up-to-date symlink: /home/kvothe/ros/install/ros_bringup/share/ros_bringup/environment/path.sh
[1.065s] -- Up-to-date symlink: /home/kvothe/ros/install/ros_bringup/share/ros_bringup/environment/path.dsv
[1.066s] -- Up-to-date symlink: /home/kvothe/ros/install/ros_bringup/share/ros_bringup/local_setup.bash
[1.066s] -- Up-to-date symlink: /home/kvothe/ros/install/ros_bringup/share/ros_bringup/local_setup.sh
[1.066s] -- Up-to-date symlink: /home/kvothe/ros/install/ros_bringup/share/ros_bringup/local_setup.zsh
[1.066s] -- Up-to-date symlink: /home/kvothe/ros/install/ros_bringup/share/ros_bringup/local_setup.dsv
[1.066s] -- Symlinking: /home/kvothe/ros/install/ros_bringup/share/ros_bringup/package.dsv
[1.073s] -- Up-to-date symlink: /home/kvothe/ros/install/ros_bringup/share/ament_index/resource_index/packages/ros_bringup
[1.073s] -- Up-to-date symlink: /home/kvothe/ros/install/ros_bringup/share/ros_bringup/cmake/ros_bringupConfig.cmake
[1.073s] -- Up-to-date symlink: /home/kvothe/ros/install/ros_bringup/share/ros_bringup/cmake/ros_bringupConfig-version.cmake
[1.073s] -- Up-to-date symlink: /home/kvothe/ros/install/ros_bringup/share/ros_bringup/package.xml
[1.074s] Invoked command in '/home/kvothe/ros/build/ros_bringup' returned '0': AMENT_PREFIX_PATH=/home/kvothe/ros/install/soma:/home/kvothe/ros/install/sensor_management:/home/kvothe/ros/install/robot_control:/home/kvothe/ros/install/ros_bringup:/home/kvothe/ros/install/ros_gazebo:/home/kvothe/ros/install/robot_description:/home/kvothe/ros/install/cppp:/home/kvothe/ros/install/messages:/opt/ros/humble CMAKE_PREFIX_PATH=/home/kvothe/ros/install/ros_gazebo:/home/kvothe/ros/install/cppp:/home/kvothe/ros/install/robot_description:/home/kvothe/ros/install/messages:/home/kvothe/ros/install/ros_bringup:/home/kvothe/ros/install/soma:/home/kvothe/ros/install/sensor_management:/home/kvothe/ros/install/robot_control:/opt/ros/humble IGN_GAZEBO_PLUGIN_PATH=/home/kvothe/ros/install/ros_gazebo/lib/ros_gazebo IGN_GAZEBO_RESOURCE_PATH=/home/kvothe/ros/install/robot_description/share/robot_description/models:${IGN_GAZEBO_RESOURCE_PATH} /usr/bin/cmake --install /home/kvothe/ros/build/ros_bringup
