[0.256s] DEBUG:colcon:Command line arguments: ['/usr/bin/colcon', 'build']
[0.256s] DEBUG:colcon:Parsed command line arguments: Namespace(log_base=None, log_level=None, verb_name='build', build_base='build', install_base='install', merge_install=False, symlink_install=False, test_result_base=None, continue_on_error=False, executor='parallel', parallel_workers=12, event_handlers=None, ignore_user_meta=False, metas=['./colcon.meta'], base_paths=['.'], packages_ignore=None, packages_ignore_regex=None, paths=None, packages_up_to=None, packages_up_to_regex=None, packages_above=None, packages_above_and_dependencies=None, packages_above_depth=None, packages_select_by_dep=None, packages_skip_by_dep=None, packages_skip_up_to=None, packages_select_build_failed=False, packages_skip_build_finished=False, packages_select_test_failures=False, packages_skip_test_passed=False, packages_select=None, packages_skip=None, packages_select_regex=None, packages_skip_regex=None, packages_start=None, packages_end=None, allow_overriding=[], cmake_args=None, cmake_target=None, cmake_target_skip_unavailable=False, cmake_clean_cache=False, cmake_clean_first=False, cmake_force_configure=False, ament_cmake_args=None, catkin_cmake_args=None, catkin_skip_building_tests=False, verb_parser=<colcon_defaults.argument_parser.defaults.DefaultArgumentsDecorator object at 0x7262b7a20cd0>, verb_extension=<colcon_core.verb.build.BuildVerb object at 0x7262b7bd5360>, main=<bound method BuildVerb.main of <colcon_core.verb.build.BuildVerb object at 0x7262b7bd5360>>)
[0.574s] Level 1:colcon.colcon_core.package_discovery:discover_packages(colcon_meta) check parameters
[0.574s] Level 1:colcon.colcon_core.package_discovery:discover_packages(recursive) check parameters
[0.574s] Level 1:colcon.colcon_core.package_discovery:discover_packages(ignore) check parameters
[0.574s] Level 1:colcon.colcon_core.package_discovery:discover_packages(path) check parameters
[0.574s] Level 1:colcon.colcon_core.package_discovery:discover_packages(colcon_meta) discover
[0.574s] Level 1:colcon.colcon_core.package_discovery:discover_packages(recursive) discover
[0.574s] INFO:colcon.colcon_core.package_discovery:Crawling recursively for packages in '/home/kvothe/ros'
[0.574s] Level 1:colcon.colcon_core.package_identification:_identify(.) by extensions ['ignore', 'ignore_ament_install']
[0.574s] Level 1:colcon.colcon_core.package_identification:_identify(.) by extension 'ignore'
[0.574s] Level 1:colcon.colcon_core.package_identification:_identify(.) by extension 'ignore_ament_install'
[0.574s] Level 1:colcon.colcon_core.package_identification:_identify(.) by extensions ['colcon_pkg']
[0.574s] Level 1:colcon.colcon_core.package_identification:_identify(.) by extension 'colcon_pkg'
[0.574s] Level 1:colcon.colcon_core.package_identification:_identify(.) by extensions ['colcon_meta']
[0.574s] Level 1:colcon.colcon_core.package_identification:_identify(.) by extension 'colcon_meta'
[0.575s] Level 1:colcon.colcon_core.package_identification:_identify(.) by extensions ['ros']
[0.575s] Level 1:colcon.colcon_core.package_identification:_identify(.) by extension 'ros'
[0.592s] Level 1:colcon.colcon_core.package_identification:_identify(.) by extensions ['cmake', 'python']
[0.592s] Level 1:colcon.colcon_core.package_identification:_identify(.) by extension 'cmake'
[0.592s] Level 1:colcon.colcon_core.package_identification:_identify(.) by extension 'python'
[0.592s] Level 1:colcon.colcon_core.package_identification:_identify(.) by extensions ['python_setup_py']
[0.592s] Level 1:colcon.colcon_core.package_identification:_identify(.) by extension 'python_setup_py'
[0.593s] Level 1:colcon.colcon_core.package_identification:_identify(CMakeFiles) by extensions ['ignore', 'ignore_ament_install']
[0.593s] Level 1:colcon.colcon_core.package_identification:_identify(CMakeFiles) by extension 'ignore'
[0.593s] Level 1:colcon.colcon_core.package_identification:_identify(CMakeFiles) by extension 'ignore_ament_install'
[0.593s] Level 1:colcon.colcon_core.package_identification:_identify(CMakeFiles) by extensions ['colcon_pkg']
[0.593s] Level 1:colcon.colcon_core.package_identification:_identify(CMakeFiles) by extension 'colcon_pkg'
[0.593s] Level 1:colcon.colcon_core.package_identification:_identify(CMakeFiles) by extensions ['colcon_meta']
[0.593s] Level 1:colcon.colcon_core.package_identification:_identify(CMakeFiles) by extension 'colcon_meta'
[0.593s] Level 1:colcon.colcon_core.package_identification:_identify(CMakeFiles) by extensions ['ros']
[0.593s] Level 1:colcon.colcon_core.package_identification:_identify(CMakeFiles) by extension 'ros'
[0.593s] Level 1:colcon.colcon_core.package_identification:_identify(CMakeFiles) by extensions ['cmake', 'python']
[0.593s] Level 1:colcon.colcon_core.package_identification:_identify(CMakeFiles) by extension 'cmake'
[0.593s] Level 1:colcon.colcon_core.package_identification:_identify(CMakeFiles) by extension 'python'
[0.594s] Level 1:colcon.colcon_core.package_identification:_identify(CMakeFiles) by extensions ['python_setup_py']
[0.594s] Level 1:colcon.colcon_core.package_identification:_identify(CMakeFiles) by extension 'python_setup_py'
[0.594s] Level 1:colcon.colcon_core.package_identification:_identify(build) by extensions ['ignore', 'ignore_ament_install']
[0.594s] Level 1:colcon.colcon_core.package_identification:_identify(build) by extension 'ignore'
[0.594s] Level 1:colcon.colcon_core.package_identification:_identify(build) ignored
[0.594s] Level 1:colcon.colcon_core.package_identification:_identify(install) by extensions ['ignore', 'ignore_ament_install']
[0.594s] Level 1:colcon.colcon_core.package_identification:_identify(install) by extension 'ignore'
[0.594s] Level 1:colcon.colcon_core.package_identification:_identify(install) ignored
[0.595s] Level 1:colcon.colcon_core.package_identification:_identify(log) by extensions ['ignore', 'ignore_ament_install']
[0.595s] Level 1:colcon.colcon_core.package_identification:_identify(log) by extension 'ignore'
[0.595s] Level 1:colcon.colcon_core.package_identification:_identify(log) ignored
[0.595s] Level 1:colcon.colcon_core.package_identification:_identify(src) by extensions ['ignore', 'ignore_ament_install']
[0.596s] Level 1:colcon.colcon_core.package_identification:_identify(src) by extension 'ignore'
[0.596s] Level 1:colcon.colcon_core.package_identification:_identify(src) by extension 'ignore_ament_install'
[0.596s] Level 1:colcon.colcon_core.package_identification:_identify(src) by extensions ['colcon_pkg']
[0.596s] Level 1:colcon.colcon_core.package_identification:_identify(src) by extension 'colcon_pkg'
[0.596s] Level 1:colcon.colcon_core.package_identification:_identify(src) by extensions ['colcon_meta']
[0.596s] Level 1:colcon.colcon_core.package_identification:_identify(src) by extension 'colcon_meta'
[0.596s] Level 1:colcon.colcon_core.package_identification:_identify(src) by extensions ['ros']
[0.596s] Level 1:colcon.colcon_core.package_identification:_identify(src) by extension 'ros'
[0.596s] Level 1:colcon.colcon_core.package_identification:_identify(src) by extensions ['cmake', 'python']
[0.596s] Level 1:colcon.colcon_core.package_identification:_identify(src) by extension 'cmake'
[0.596s] Level 1:colcon.colcon_core.package_identification:_identify(src) by extension 'python'
[0.596s] Level 1:colcon.colcon_core.package_identification:_identify(src) by extensions ['python_setup_py']
[0.596s] Level 1:colcon.colcon_core.package_identification:_identify(src) by extension 'python_setup_py'
[0.597s] Level 1:colcon.colcon_core.package_identification:_identify(src/cppp) by extensions ['ignore', 'ignore_ament_install']
[0.597s] Level 1:colcon.colcon_core.package_identification:_identify(src/cppp) by extension 'ignore'
[0.597s] Level 1:colcon.colcon_core.package_identification:_identify(src/cppp) by extension 'ignore_ament_install'
[0.597s] Level 1:colcon.colcon_core.package_identification:_identify(src/cppp) by extensions ['colcon_pkg']
[0.597s] Level 1:colcon.colcon_core.package_identification:_identify(src/cppp) by extension 'colcon_pkg'
[0.597s] Level 1:colcon.colcon_core.package_identification:_identify(src/cppp) by extensions ['colcon_meta']
[0.597s] Level 1:colcon.colcon_core.package_identification:_identify(src/cppp) by extension 'colcon_meta'
[0.597s] Level 1:colcon.colcon_core.package_identification:_identify(src/cppp) by extensions ['ros']
[0.597s] Level 1:colcon.colcon_core.package_identification:_identify(src/cppp) by extension 'ros'
[0.603s] DEBUG:colcon.colcon_core.package_identification:Package 'src/cppp' with type 'ros.ament_cmake' and name 'cppp'
[0.603s] Level 1:colcon.colcon_core.package_identification:_identify(src/messages) by extensions ['ignore', 'ignore_ament_install']
[0.603s] Level 1:colcon.colcon_core.package_identification:_identify(src/messages) by extension 'ignore'
[0.603s] Level 1:colcon.colcon_core.package_identification:_identify(src/messages) by extension 'ignore_ament_install'
[0.603s] Level 1:colcon.colcon_core.package_identification:_identify(src/messages) by extensions ['colcon_pkg']
[0.603s] Level 1:colcon.colcon_core.package_identification:_identify(src/messages) by extension 'colcon_pkg'
[0.603s] Level 1:colcon.colcon_core.package_identification:_identify(src/messages) by extensions ['colcon_meta']
[0.603s] Level 1:colcon.colcon_core.package_identification:_identify(src/messages) by extension 'colcon_meta'
[0.603s] Level 1:colcon.colcon_core.package_identification:_identify(src/messages) by extensions ['ros']
[0.603s] Level 1:colcon.colcon_core.package_identification:_identify(src/messages) by extension 'ros'
[0.605s] DEBUG:colcon.colcon_core.package_identification:Package 'src/messages' with type 'ros.ament_cmake' and name 'messages'
[0.605s] Level 1:colcon.colcon_core.package_identification:_identify(src/robot_control) by extensions ['ignore', 'ignore_ament_install']
[0.606s] Level 1:colcon.colcon_core.package_identification:_identify(src/robot_control) by extension 'ignore'
[0.606s] Level 1:colcon.colcon_core.package_identification:_identify(src/robot_control) by extension 'ignore_ament_install'
[0.606s] Level 1:colcon.colcon_core.package_identification:_identify(src/robot_control) by extensions ['colcon_pkg']
[0.606s] Level 1:colcon.colcon_core.package_identification:_identify(src/robot_control) by extension 'colcon_pkg'
[0.606s] Level 1:colcon.colcon_core.package_identification:_identify(src/robot_control) by extensions ['colcon_meta']
[0.606s] Level 1:colcon.colcon_core.package_identification:_identify(src/robot_control) by extension 'colcon_meta'
[0.606s] Level 1:colcon.colcon_core.package_identification:_identify(src/robot_control) by extensions ['ros']
[0.606s] Level 1:colcon.colcon_core.package_identification:_identify(src/robot_control) by extension 'ros'
[0.607s] DEBUG:colcon.colcon_core.package_identification:Package 'src/robot_control' with type 'ros.ament_python' and name 'robot_control'
[0.607s] Level 1:colcon.colcon_core.package_identification:_identify(src/robot_description) by extensions ['ignore', 'ignore_ament_install']
[0.607s] Level 1:colcon.colcon_core.package_identification:_identify(src/robot_description) by extension 'ignore'
[0.608s] Level 1:colcon.colcon_core.package_identification:_identify(src/robot_description) by extension 'ignore_ament_install'
[0.608s] Level 1:colcon.colcon_core.package_identification:_identify(src/robot_description) by extensions ['colcon_pkg']
[0.608s] Level 1:colcon.colcon_core.package_identification:_identify(src/robot_description) by extension 'colcon_pkg'
[0.608s] Level 1:colcon.colcon_core.package_identification:_identify(src/robot_description) by extensions ['colcon_meta']
[0.608s] Level 1:colcon.colcon_core.package_identification:_identify(src/robot_description) by extension 'colcon_meta'
[0.608s] Level 1:colcon.colcon_core.package_identification:_identify(src/robot_description) by extensions ['ros']
[0.608s] Level 1:colcon.colcon_core.package_identification:_identify(src/robot_description) by extension 'ros'
[0.609s] DEBUG:colcon.colcon_core.package_identification:Package 'src/robot_description' with type 'ros.ament_cmake' and name 'robot_description'
[0.609s] Level 1:colcon.colcon_core.package_identification:_identify(src/ros_bringup) by extensions ['ignore', 'ignore_ament_install']
[0.609s] Level 1:colcon.colcon_core.package_identification:_identify(src/ros_bringup) by extension 'ignore'
[0.609s] Level 1:colcon.colcon_core.package_identification:_identify(src/ros_bringup) by extension 'ignore_ament_install'
[0.609s] Level 1:colcon.colcon_core.package_identification:_identify(src/ros_bringup) by extensions ['colcon_pkg']
[0.609s] Level 1:colcon.colcon_core.package_identification:_identify(src/ros_bringup) by extension 'colcon_pkg'
[0.609s] Level 1:colcon.colcon_core.package_identification:_identify(src/ros_bringup) by extensions ['colcon_meta']
[0.609s] Level 1:colcon.colcon_core.package_identification:_identify(src/ros_bringup) by extension 'colcon_meta'
[0.609s] Level 1:colcon.colcon_core.package_identification:_identify(src/ros_bringup) by extensions ['ros']
[0.609s] Level 1:colcon.colcon_core.package_identification:_identify(src/ros_bringup) by extension 'ros'
[0.611s] DEBUG:colcon.colcon_core.package_identification:Package 'src/ros_bringup' with type 'ros.ament_cmake' and name 'ros_bringup'
[0.611s] Level 1:colcon.colcon_core.package_identification:_identify(src/ros_gazebo) by extensions ['ignore', 'ignore_ament_install']
[0.611s] Level 1:colcon.colcon_core.package_identification:_identify(src/ros_gazebo) by extension 'ignore'
[0.612s] Level 1:colcon.colcon_core.package_identification:_identify(src/ros_gazebo) by extension 'ignore_ament_install'
[0.612s] Level 1:colcon.colcon_core.package_identification:_identify(src/ros_gazebo) by extensions ['colcon_pkg']
[0.612s] Level 1:colcon.colcon_core.package_identification:_identify(src/ros_gazebo) by extension 'colcon_pkg'
[0.612s] Level 1:colcon.colcon_core.package_identification:_identify(src/ros_gazebo) by extensions ['colcon_meta']
[0.612s] Level 1:colcon.colcon_core.package_identification:_identify(src/ros_gazebo) by extension 'colcon_meta'
[0.612s] Level 1:colcon.colcon_core.package_identification:_identify(src/ros_gazebo) by extensions ['ros']
[0.612s] Level 1:colcon.colcon_core.package_identification:_identify(src/ros_gazebo) by extension 'ros'
[0.613s] DEBUG:colcon.colcon_core.package_identification:Package 'src/ros_gazebo' with type 'ros.ament_cmake' and name 'ros_gazebo'
[0.613s] Level 1:colcon.colcon_core.package_identification:_identify(src/sensor_management) by extensions ['ignore', 'ignore_ament_install']
[0.613s] Level 1:colcon.colcon_core.package_identification:_identify(src/sensor_management) by extension 'ignore'
[0.613s] Level 1:colcon.colcon_core.package_identification:_identify(src/sensor_management) by extension 'ignore_ament_install'
[0.613s] Level 1:colcon.colcon_core.package_identification:_identify(src/sensor_management) by extensions ['colcon_pkg']
[0.613s] Level 1:colcon.colcon_core.package_identification:_identify(src/sensor_management) by extension 'colcon_pkg'
[0.613s] Level 1:colcon.colcon_core.package_identification:_identify(src/sensor_management) by extensions ['colcon_meta']
[0.613s] Level 1:colcon.colcon_core.package_identification:_identify(src/sensor_management) by extension 'colcon_meta'
[0.613s] Level 1:colcon.colcon_core.package_identification:_identify(src/sensor_management) by extensions ['ros']
[0.613s] Level 1:colcon.colcon_core.package_identification:_identify(src/sensor_management) by extension 'ros'
[0.615s] DEBUG:colcon.colcon_core.package_identification:Package 'src/sensor_management' with type 'ros.ament_python' and name 'sensor_management'
[0.615s] Level 1:colcon.colcon_core.package_identification:_identify(src/soma) by extensions ['ignore', 'ignore_ament_install']
[0.615s] Level 1:colcon.colcon_core.package_identification:_identify(src/soma) by extension 'ignore'
[0.615s] Level 1:colcon.colcon_core.package_identification:_identify(src/soma) by extension 'ignore_ament_install'
[0.615s] Level 1:colcon.colcon_core.package_identification:_identify(src/soma) by extensions ['colcon_pkg']
[0.615s] Level 1:colcon.colcon_core.package_identification:_identify(src/soma) by extension 'colcon_pkg'
[0.616s] Level 1:colcon.colcon_core.package_identification:_identify(src/soma) by extensions ['colcon_meta']
[0.616s] Level 1:colcon.colcon_core.package_identification:_identify(src/soma) by extension 'colcon_meta'
[0.616s] Level 1:colcon.colcon_core.package_identification:_identify(src/soma) by extensions ['ros']
[0.616s] Level 1:colcon.colcon_core.package_identification:_identify(src/soma) by extension 'ros'
[0.618s] DEBUG:colcon.colcon_core.package_identification:Package 'src/soma' with type 'ros.ament_python' and name 'soma'
[0.618s] Level 1:colcon.colcon_core.package_discovery:discover_packages(recursive) using defaults
[0.618s] Level 1:colcon.colcon_core.package_discovery:discover_packages(ignore) discover
[0.618s] Level 1:colcon.colcon_core.package_discovery:discover_packages(ignore) using defaults
[0.618s] Level 1:colcon.colcon_core.package_discovery:discover_packages(path) discover
[0.618s] Level 1:colcon.colcon_core.package_discovery:discover_packages(path) using defaults
[0.668s] Level 1:colcon.colcon_core.package_discovery:discover_packages(prefix_path) check parameters
[0.669s] Level 1:colcon.colcon_core.package_discovery:discover_packages(prefix_path) discover
[0.672s] DEBUG:colcon.colcon_installed_package_information.package_discovery:Found 8 installed packages in /home/kvothe/ros/install
[0.675s] DEBUG:colcon.colcon_installed_package_information.package_discovery:Found 327 installed packages in /opt/ros/humble
[0.677s] Level 1:colcon.colcon_core.package_discovery:discover_packages(prefix_path) using defaults
[0.761s] Level 5:colcon.colcon_core.verb:set package 'messages' build argument 'cmake_args' from command line to 'None'
[0.761s] Level 5:colcon.colcon_core.verb:set package 'messages' build argument 'cmake_target' from command line to 'None'
[0.761s] Level 5:colcon.colcon_core.verb:set package 'messages' build argument 'cmake_target_skip_unavailable' from command line to 'False'
[0.761s] Level 5:colcon.colcon_core.verb:set package 'messages' build argument 'cmake_clean_cache' from command line to 'False'
[0.761s] Level 5:colcon.colcon_core.verb:set package 'messages' build argument 'cmake_clean_first' from command line to 'False'
[0.761s] Level 5:colcon.colcon_core.verb:set package 'messages' build argument 'cmake_force_configure' from command line to 'False'
[0.761s] Level 5:colcon.colcon_core.verb:set package 'messages' build argument 'ament_cmake_args' from command line to 'None'
[0.761s] Level 5:colcon.colcon_core.verb:set package 'messages' build argument 'catkin_cmake_args' from command line to 'None'
[0.761s] Level 5:colcon.colcon_core.verb:set package 'messages' build argument 'catkin_skip_building_tests' from command line to 'False'
[0.761s] DEBUG:colcon.colcon_core.verb:Building package 'messages' with the following arguments: {'ament_cmake_args': None, 'build_base': '/home/kvothe/ros/build/messages', 'catkin_cmake_args': None, 'catkin_skip_building_tests': False, 'cmake_args': None, 'cmake_clean_cache': False, 'cmake_clean_first': False, 'cmake_force_configure': False, 'cmake_target': None, 'cmake_target_skip_unavailable': False, 'install_base': '/home/kvothe/ros/install/messages', 'merge_install': False, 'path': '/home/kvothe/ros/src/messages', 'symlink_install': False, 'test_result_base': None}
[0.761s] Level 5:colcon.colcon_core.verb:set package 'robot_control' build argument 'cmake_args' from command line to 'None'
[0.762s] Level 5:colcon.colcon_core.verb:set package 'robot_control' build argument 'cmake_target' from command line to 'None'
[0.762s] Level 5:colcon.colcon_core.verb:set package 'robot_control' build argument 'cmake_target_skip_unavailable' from command line to 'False'
[0.762s] Level 5:colcon.colcon_core.verb:set package 'robot_control' build argument 'cmake_clean_cache' from command line to 'False'
[0.762s] Level 5:colcon.colcon_core.verb:set package 'robot_control' build argument 'cmake_clean_first' from command line to 'False'
[0.762s] Level 5:colcon.colcon_core.verb:set package 'robot_control' build argument 'cmake_force_configure' from command line to 'False'
[0.762s] Level 5:colcon.colcon_core.verb:set package 'robot_control' build argument 'ament_cmake_args' from command line to 'None'
[0.762s] Level 5:colcon.colcon_core.verb:set package 'robot_control' build argument 'catkin_cmake_args' from command line to 'None'
[0.762s] Level 5:colcon.colcon_core.verb:set package 'robot_control' build argument 'catkin_skip_building_tests' from command line to 'False'
[0.762s] DEBUG:colcon.colcon_core.verb:Building package 'robot_control' with the following arguments: {'ament_cmake_args': None, 'build_base': '/home/kvothe/ros/build/robot_control', 'catkin_cmake_args': None, 'catkin_skip_building_tests': False, 'cmake_args': None, 'cmake_clean_cache': False, 'cmake_clean_first': False, 'cmake_force_configure': False, 'cmake_target': None, 'cmake_target_skip_unavailable': False, 'install_base': '/home/kvothe/ros/install/robot_control', 'merge_install': False, 'path': '/home/kvothe/ros/src/robot_control', 'symlink_install': False, 'test_result_base': None}
[0.762s] Level 5:colcon.colcon_core.verb:set package 'robot_description' build argument 'cmake_args' from command line to 'None'
[0.762s] Level 5:colcon.colcon_core.verb:set package 'robot_description' build argument 'cmake_target' from command line to 'None'
[0.762s] Level 5:colcon.colcon_core.verb:set package 'robot_description' build argument 'cmake_target_skip_unavailable' from command line to 'False'
[0.762s] Level 5:colcon.colcon_core.verb:set package 'robot_description' build argument 'cmake_clean_cache' from command line to 'False'
[0.762s] Level 5:colcon.colcon_core.verb:set package 'robot_description' build argument 'cmake_clean_first' from command line to 'False'
[0.762s] Level 5:colcon.colcon_core.verb:set package 'robot_description' build argument 'cmake_force_configure' from command line to 'False'
[0.762s] Level 5:colcon.colcon_core.verb:set package 'robot_description' build argument 'ament_cmake_args' from command line to 'None'
[0.762s] Level 5:colcon.colcon_core.verb:set package 'robot_description' build argument 'catkin_cmake_args' from command line to 'None'
[0.762s] Level 5:colcon.colcon_core.verb:set package 'robot_description' build argument 'catkin_skip_building_tests' from command line to 'False'
[0.763s] DEBUG:colcon.colcon_core.verb:Building package 'robot_description' with the following arguments: {'ament_cmake_args': None, 'build_base': '/home/kvothe/ros/build/robot_description', 'catkin_cmake_args': None, 'catkin_skip_building_tests': False, 'cmake_args': None, 'cmake_clean_cache': False, 'cmake_clean_first': False, 'cmake_force_configure': False, 'cmake_target': None, 'cmake_target_skip_unavailable': False, 'install_base': '/home/kvothe/ros/install/robot_description', 'merge_install': False, 'path': '/home/kvothe/ros/src/robot_description', 'symlink_install': False, 'test_result_base': None}
[0.763s] Level 5:colcon.colcon_core.verb:set package 'cppp' build argument 'cmake_args' from command line to 'None'
[0.763s] Level 5:colcon.colcon_core.verb:set package 'cppp' build argument 'cmake_target' from command line to 'None'
[0.763s] Level 5:colcon.colcon_core.verb:set package 'cppp' build argument 'cmake_target_skip_unavailable' from command line to 'False'
[0.763s] Level 5:colcon.colcon_core.verb:set package 'cppp' build argument 'cmake_clean_cache' from command line to 'False'
[0.763s] Level 5:colcon.colcon_core.verb:set package 'cppp' build argument 'cmake_clean_first' from command line to 'False'
[0.763s] Level 5:colcon.colcon_core.verb:set package 'cppp' build argument 'cmake_force_configure' from command line to 'False'
[0.763s] Level 5:colcon.colcon_core.verb:set package 'cppp' build argument 'ament_cmake_args' from command line to 'None'
[0.763s] Level 5:colcon.colcon_core.verb:set package 'cppp' build argument 'catkin_cmake_args' from command line to 'None'
[0.763s] Level 5:colcon.colcon_core.verb:set package 'cppp' build argument 'catkin_skip_building_tests' from command line to 'False'
[0.763s] DEBUG:colcon.colcon_core.verb:Building package 'cppp' with the following arguments: {'ament_cmake_args': None, 'build_base': '/home/kvothe/ros/build/cppp', 'catkin_cmake_args': None, 'catkin_skip_building_tests': False, 'cmake_args': None, 'cmake_clean_cache': False, 'cmake_clean_first': False, 'cmake_force_configure': False, 'cmake_target': None, 'cmake_target_skip_unavailable': False, 'install_base': '/home/kvothe/ros/install/cppp', 'merge_install': False, 'path': '/home/kvothe/ros/src/cppp', 'symlink_install': False, 'test_result_base': None}
[0.764s] Level 5:colcon.colcon_core.verb:set package 'ros_gazebo' build argument 'cmake_args' from command line to 'None'
[0.764s] Level 5:colcon.colcon_core.verb:set package 'ros_gazebo' build argument 'cmake_target' from command line to 'None'
[0.764s] Level 5:colcon.colcon_core.verb:set package 'ros_gazebo' build argument 'cmake_target_skip_unavailable' from command line to 'False'
[0.764s] Level 5:colcon.colcon_core.verb:set package 'ros_gazebo' build argument 'cmake_clean_cache' from command line to 'False'
[0.764s] Level 5:colcon.colcon_core.verb:set package 'ros_gazebo' build argument 'cmake_clean_first' from command line to 'False'
[0.764s] Level 5:colcon.colcon_core.verb:set package 'ros_gazebo' build argument 'cmake_force_configure' from command line to 'False'
[0.764s] Level 5:colcon.colcon_core.verb:set package 'ros_gazebo' build argument 'ament_cmake_args' from command line to 'None'
[0.764s] Level 5:colcon.colcon_core.verb:set package 'ros_gazebo' build argument 'catkin_cmake_args' from command line to 'None'
[0.764s] Level 5:colcon.colcon_core.verb:set package 'ros_gazebo' build argument 'catkin_skip_building_tests' from command line to 'False'
[0.764s] DEBUG:colcon.colcon_core.verb:Building package 'ros_gazebo' with the following arguments: {'ament_cmake_args': None, 'build_base': '/home/kvothe/ros/build/ros_gazebo', 'catkin_cmake_args': None, 'catkin_skip_building_tests': False, 'cmake_args': None, 'cmake_clean_cache': False, 'cmake_clean_first': False, 'cmake_force_configure': False, 'cmake_target': None, 'cmake_target_skip_unavailable': False, 'install_base': '/home/kvothe/ros/install/ros_gazebo', 'merge_install': False, 'path': '/home/kvothe/ros/src/ros_gazebo', 'symlink_install': False, 'test_result_base': None}
[0.764s] Level 5:colcon.colcon_core.verb:set package 'sensor_management' build argument 'cmake_args' from command line to 'None'
[0.764s] Level 5:colcon.colcon_core.verb:set package 'sensor_management' build argument 'cmake_target' from command line to 'None'
[0.764s] Level 5:colcon.colcon_core.verb:set package 'sensor_management' build argument 'cmake_target_skip_unavailable' from command line to 'False'
[0.764s] Level 5:colcon.colcon_core.verb:set package 'sensor_management' build argument 'cmake_clean_cache' from command line to 'False'
[0.765s] Level 5:colcon.colcon_core.verb:set package 'sensor_management' build argument 'cmake_clean_first' from command line to 'False'
[0.765s] Level 5:colcon.colcon_core.verb:set package 'sensor_management' build argument 'cmake_force_configure' from command line to 'False'
[0.765s] Level 5:colcon.colcon_core.verb:set package 'sensor_management' build argument 'ament_cmake_args' from command line to 'None'
[0.765s] Level 5:colcon.colcon_core.verb:set package 'sensor_management' build argument 'catkin_cmake_args' from command line to 'None'
[0.765s] Level 5:colcon.colcon_core.verb:set package 'sensor_management' build argument 'catkin_skip_building_tests' from command line to 'False'
[0.765s] DEBUG:colcon.colcon_core.verb:Building package 'sensor_management' with the following arguments: {'ament_cmake_args': None, 'build_base': '/home/kvothe/ros/build/sensor_management', 'catkin_cmake_args': None, 'catkin_skip_building_tests': False, 'cmake_args': None, 'cmake_clean_cache': False, 'cmake_clean_first': False, 'cmake_force_configure': False, 'cmake_target': None, 'cmake_target_skip_unavailable': False, 'install_base': '/home/kvothe/ros/install/sensor_management', 'merge_install': False, 'path': '/home/kvothe/ros/src/sensor_management', 'symlink_install': False, 'test_result_base': None}
[0.765s] Level 5:colcon.colcon_core.verb:set package 'soma' build argument 'cmake_args' from command line to 'None'
[0.765s] Level 5:colcon.colcon_core.verb:set package 'soma' build argument 'cmake_target' from command line to 'None'
[0.765s] Level 5:colcon.colcon_core.verb:set package 'soma' build argument 'cmake_target_skip_unavailable' from command line to 'False'
[0.765s] Level 5:colcon.colcon_core.verb:set package 'soma' build argument 'cmake_clean_cache' from command line to 'False'
[0.765s] Level 5:colcon.colcon_core.verb:set package 'soma' build argument 'cmake_clean_first' from command line to 'False'
[0.765s] Level 5:colcon.colcon_core.verb:set package 'soma' build argument 'cmake_force_configure' from command line to 'False'
[0.765s] Level 5:colcon.colcon_core.verb:set package 'soma' build argument 'ament_cmake_args' from command line to 'None'
[0.765s] Level 5:colcon.colcon_core.verb:set package 'soma' build argument 'catkin_cmake_args' from command line to 'None'
[0.765s] Level 5:colcon.colcon_core.verb:set package 'soma' build argument 'catkin_skip_building_tests' from command line to 'False'
[0.765s] DEBUG:colcon.colcon_core.verb:Building package 'soma' with the following arguments: {'ament_cmake_args': None, 'build_base': '/home/kvothe/ros/build/soma', 'catkin_cmake_args': None, 'catkin_skip_building_tests': False, 'cmake_args': None, 'cmake_clean_cache': False, 'cmake_clean_first': False, 'cmake_force_configure': False, 'cmake_target': None, 'cmake_target_skip_unavailable': False, 'install_base': '/home/kvothe/ros/install/soma', 'merge_install': False, 'path': '/home/kvothe/ros/src/soma', 'symlink_install': False, 'test_result_base': None}
[0.766s] Level 5:colcon.colcon_core.verb:set package 'ros_bringup' build argument 'cmake_args' from command line to 'None'
[0.766s] Level 5:colcon.colcon_core.verb:set package 'ros_bringup' build argument 'cmake_target' from command line to 'None'
[0.766s] Level 5:colcon.colcon_core.verb:set package 'ros_bringup' build argument 'cmake_target_skip_unavailable' from command line to 'False'
[0.766s] Level 5:colcon.colcon_core.verb:set package 'ros_bringup' build argument 'cmake_clean_cache' from command line to 'False'
[0.766s] Level 5:colcon.colcon_core.verb:set package 'ros_bringup' build argument 'cmake_clean_first' from command line to 'False'
[0.766s] Level 5:colcon.colcon_core.verb:set package 'ros_bringup' build argument 'cmake_force_configure' from command line to 'False'
[0.766s] Level 5:colcon.colcon_core.verb:set package 'ros_bringup' build argument 'ament_cmake_args' from command line to 'None'
[0.766s] Level 5:colcon.colcon_core.verb:set package 'ros_bringup' build argument 'catkin_cmake_args' from command line to 'None'
[0.766s] Level 5:colcon.colcon_core.verb:set package 'ros_bringup' build argument 'catkin_skip_building_tests' from command line to 'False'
[0.766s] DEBUG:colcon.colcon_core.verb:Building package 'ros_bringup' with the following arguments: {'ament_cmake_args': None, 'build_base': '/home/kvothe/ros/build/ros_bringup', 'catkin_cmake_args': None, 'catkin_skip_building_tests': False, 'cmake_args': None, 'cmake_clean_cache': False, 'cmake_clean_first': False, 'cmake_force_configure': False, 'cmake_target': None, 'cmake_target_skip_unavailable': False, 'install_base': '/home/kvothe/ros/install/ros_bringup', 'merge_install': False, 'path': '/home/kvothe/ros/src/ros_bringup', 'symlink_install': False, 'test_result_base': None}
[0.766s] INFO:colcon.colcon_core.executor:Executing jobs using 'parallel' executor
[0.768s] DEBUG:colcon.colcon_parallel_executor.executor.parallel:run_until_complete
[0.768s] INFO:colcon.colcon_ros.task.ament_cmake.build:Building ROS package in '/home/kvothe/ros/src/messages' with build type 'ament_cmake'
[0.768s] INFO:colcon.colcon_cmake.task.cmake.build:Building CMake package in '/home/kvothe/ros/src/messages'
[0.774s] INFO:colcon.colcon_core.plugin_system:Skipping extension 'colcon_core.shell.bat': Not used on non-Windows systems
[0.774s] INFO:colcon.colcon_core.shell:Skip shell extension 'powershell' for command environment: Not usable outside of PowerShell
[0.774s] DEBUG:colcon.colcon_core.shell:Skip shell extension 'dsv' for command environment
[0.780s] INFO:colcon.colcon_ros.task.ament_cmake.build:Building ROS package in '/home/kvothe/ros/src/robot_description' with build type 'ament_cmake'
[0.780s] INFO:colcon.colcon_cmake.task.cmake.build:Building CMake package in '/home/kvothe/ros/src/robot_description'
[0.780s] INFO:colcon.colcon_core.shell:Skip shell extension 'powershell' for command environment: Not usable outside of PowerShell
[0.780s] DEBUG:colcon.colcon_core.shell:Skip shell extension 'dsv' for command environment
[0.787s] INFO:colcon.colcon_ros.task.ament_python.build:Building ROS package in '/home/kvothe/ros/src/robot_control' with build type 'ament_python'
[0.787s] Level 1:colcon.colcon_core.shell:create_environment_hook('robot_control', 'ament_prefix_path')
[0.787s] INFO:colcon.colcon_core.shell:Creating environment hook '/home/kvothe/ros/install/robot_control/share/robot_control/hook/ament_prefix_path.ps1'
[0.788s] INFO:colcon.colcon_core.shell:Creating environment descriptor '/home/kvothe/ros/install/robot_control/share/robot_control/hook/ament_prefix_path.dsv'
[0.789s] INFO:colcon.colcon_core.shell:Creating environment hook '/home/kvothe/ros/install/robot_control/share/robot_control/hook/ament_prefix_path.sh'
[0.790s] INFO:colcon.colcon_core.shell:Skip shell extension 'powershell' for command environment: Not usable outside of PowerShell
[0.790s] DEBUG:colcon.colcon_core.shell:Skip shell extension 'dsv' for command environment
[0.802s] DEBUG:colcon.colcon_core.event_handler.log_command:Invoking command in '/home/kvothe/ros/build/messages': CMAKE_PREFIX_PATH=${CMAKE_PREFIX_PATH}:/home/kvothe/ros/install/soma:/home/kvothe/ros/install/sensor_management:/home/kvothe/ros/install/robot_control:/opt/ros/humble /usr/bin/cmake --build /home/kvothe/ros/build/messages -- -j12 -l12
[0.811s] DEBUG:colcon.colcon_core.event_handler.log_command:Invoking command in '/home/kvothe/ros/build/robot_description': CMAKE_PREFIX_PATH=${CMAKE_PREFIX_PATH}:/home/kvothe/ros/install/soma:/home/kvothe/ros/install/sensor_management:/home/kvothe/ros/install/robot_control:/opt/ros/humble /usr/bin/cmake --build /home/kvothe/ros/build/robot_description -- -j12 -l12
[1.189s] INFO:colcon.colcon_core.task.python.build:Building Python package in '/home/kvothe/ros/src/robot_control'
[1.190s] INFO:colcon.colcon_core.shell:Skip shell extension 'powershell' for command environment: Not usable outside of PowerShell
[1.190s] DEBUG:colcon.colcon_core.shell:Skip shell extension 'dsv' for command environment
[1.202s] DEBUG:colcon.colcon_core.event_handler.log_command:Invoked command in '/home/kvothe/ros/build/robot_description' returned '0': CMAKE_PREFIX_PATH=${CMAKE_PREFIX_PATH}:/home/kvothe/ros/install/soma:/home/kvothe/ros/install/sensor_management:/home/kvothe/ros/install/robot_control:/opt/ros/humble /usr/bin/cmake --build /home/kvothe/ros/build/robot_description -- -j12 -l12
[1.225s] DEBUG:colcon.colcon_core.event_handler.log_command:Invoking command in '/home/kvothe/ros/build/robot_description': CMAKE_PREFIX_PATH=${CMAKE_PREFIX_PATH}:/home/kvothe/ros/install/soma:/home/kvothe/ros/install/sensor_management:/home/kvothe/ros/install/robot_control:/opt/ros/humble /usr/bin/cmake --install /home/kvothe/ros/build/robot_description
[1.264s] Level 1:colcon.colcon_core.environment:create_environment_scripts_only(robot_description)
[1.265s] DEBUG:colcon.colcon_core.event_handler.log_command:Invoked command in '/home/kvothe/ros/build/robot_description' returned '0': CMAKE_PREFIX_PATH=${CMAKE_PREFIX_PATH}:/home/kvothe/ros/install/soma:/home/kvothe/ros/install/sensor_management:/home/kvothe/ros/install/robot_control:/opt/ros/humble /usr/bin/cmake --install /home/kvothe/ros/build/robot_description
[1.270s] Level 1:colcon.colcon_core.environment:checking '/home/kvothe/ros/install/robot_description' for CMake module files
[1.271s] Level 1:colcon.colcon_core.environment:checking '/home/kvothe/ros/install/robot_description' for CMake config files
[1.272s] Level 1:colcon.colcon_core.shell:create_environment_hook('robot_description', 'cmake_prefix_path')
[1.272s] INFO:colcon.colcon_core.shell:Creating environment hook '/home/kvothe/ros/install/robot_description/share/robot_description/hook/cmake_prefix_path.ps1'
[1.273s] INFO:colcon.colcon_core.shell:Creating environment descriptor '/home/kvothe/ros/install/robot_description/share/robot_description/hook/cmake_prefix_path.dsv'
[1.273s] INFO:colcon.colcon_core.shell:Creating environment hook '/home/kvothe/ros/install/robot_description/share/robot_description/hook/cmake_prefix_path.sh'
[1.274s] Level 1:colcon.colcon_core.environment:checking '/home/kvothe/ros/install/robot_description/bin'
[1.274s] Level 1:colcon.colcon_core.environment:checking '/home/kvothe/ros/install/robot_description/lib/pkgconfig/robot_description.pc'
[1.274s] Level 1:colcon.colcon_core.environment:checking '/home/kvothe/ros/install/robot_description/lib/python3.10/site-packages'
[1.275s] Level 1:colcon.colcon_core.environment:checking '/home/kvothe/ros/install/robot_description/bin'
[1.275s] INFO:colcon.colcon_core.shell:Creating package script '/home/kvothe/ros/install/robot_description/share/robot_description/package.ps1'
[1.276s] INFO:colcon.colcon_core.shell:Creating package descriptor '/home/kvothe/ros/install/robot_description/share/robot_description/package.dsv'
[1.278s] INFO:colcon.colcon_core.shell:Creating package script '/home/kvothe/ros/install/robot_description/share/robot_description/package.sh'
[1.279s] INFO:colcon.colcon_core.shell:Creating package script '/home/kvothe/ros/install/robot_description/share/robot_description/package.bash'
[1.280s] INFO:colcon.colcon_core.shell:Creating package script '/home/kvothe/ros/install/robot_description/share/robot_description/package.zsh'
[1.281s] Level 1:colcon.colcon_core.environment:create_file_with_runtime_dependencies(/home/kvothe/ros/install/robot_description/share/colcon-core/packages/robot_description)
[1.282s] Level 1:colcon.colcon_core.environment:create_environment_scripts_only(robot_description)
[1.282s] Level 1:colcon.colcon_core.environment:checking '/home/kvothe/ros/install/robot_description' for CMake module files
[1.283s] Level 1:colcon.colcon_core.environment:checking '/home/kvothe/ros/install/robot_description' for CMake config files
[1.284s] Level 1:colcon.colcon_core.shell:create_environment_hook('robot_description', 'cmake_prefix_path')
[1.284s] INFO:colcon.colcon_core.shell:Creating environment hook '/home/kvothe/ros/install/robot_description/share/robot_description/hook/cmake_prefix_path.ps1'
[1.285s] INFO:colcon.colcon_core.shell:Creating environment descriptor '/home/kvothe/ros/install/robot_description/share/robot_description/hook/cmake_prefix_path.dsv'
[1.285s] INFO:colcon.colcon_core.shell:Creating environment hook '/home/kvothe/ros/install/robot_description/share/robot_description/hook/cmake_prefix_path.sh'
[1.286s] Level 1:colcon.colcon_core.environment:checking '/home/kvothe/ros/install/robot_description/bin'
[1.286s] Level 1:colcon.colcon_core.environment:checking '/home/kvothe/ros/install/robot_description/lib/pkgconfig/robot_description.pc'
[1.286s] Level 1:colcon.colcon_core.environment:checking '/home/kvothe/ros/install/robot_description/lib/python3.10/site-packages'
[1.286s] Level 1:colcon.colcon_core.environment:checking '/home/kvothe/ros/install/robot_description/bin'
[1.287s] INFO:colcon.colcon_core.shell:Creating package script '/home/kvothe/ros/install/robot_description/share/robot_description/package.ps1'
[1.287s] INFO:colcon.colcon_core.shell:Creating package descriptor '/home/kvothe/ros/install/robot_description/share/robot_description/package.dsv'
[1.288s] INFO:colcon.colcon_core.shell:Creating package script '/home/kvothe/ros/install/robot_description/share/robot_description/package.sh'
[1.288s] INFO:colcon.colcon_core.shell:Creating package script '/home/kvothe/ros/install/robot_description/share/robot_description/package.bash'
[1.289s] INFO:colcon.colcon_core.shell:Creating package script '/home/kvothe/ros/install/robot_description/share/robot_description/package.zsh'
[1.289s] Level 1:colcon.colcon_core.environment:create_file_with_runtime_dependencies(/home/kvothe/ros/install/robot_description/share/colcon-core/packages/robot_description)
[1.290s] INFO:colcon.colcon_ros.task.ament_cmake.build:Building ROS package in '/home/kvothe/ros/src/ros_gazebo' with build type 'ament_cmake'
[1.290s] INFO:colcon.colcon_cmake.task.cmake.build:Building CMake package in '/home/kvothe/ros/src/ros_gazebo'
[1.290s] INFO:colcon.colcon_core.shell:Skip shell extension 'powershell' for command environment: Not usable outside of PowerShell
[1.290s] DEBUG:colcon.colcon_core.shell:Skip shell extension 'dsv' for command environment
[1.309s] DEBUG:colcon.colcon_core.event_handler.log_command:Invoking command in '/home/kvothe/ros/build/ros_gazebo': CMAKE_PREFIX_PATH=/home/kvothe/ros/install/robot_description:/home/kvothe/ros/install/ros_bringup:/home/kvothe/ros/install/ros_gazebo:/home/kvothe/ros/install/cppp:/home/kvothe/ros/install/messages:/home/kvothe/ros/install/soma:/home/kvothe/ros/install/sensor_management:/home/kvothe/ros/install/robot_control:/opt/ros/humble IGN_GAZEBO_RESOURCE_PATH=/home/kvothe/ros/install/robot_description/share/robot_description/models:${IGN_GAZEBO_RESOURCE_PATH} /usr/bin/cmake --build /home/kvothe/ros/build/ros_gazebo -- -j12 -l12
[1.356s] DEBUG:colcon.colcon_core.event_handler.log_command:Invoked command in '/home/kvothe/ros/build/messages' returned '0': CMAKE_PREFIX_PATH=${CMAKE_PREFIX_PATH}:/home/kvothe/ros/install/soma:/home/kvothe/ros/install/sensor_management:/home/kvothe/ros/install/robot_control:/opt/ros/humble /usr/bin/cmake --build /home/kvothe/ros/build/messages -- -j12 -l12
[1.359s] DEBUG:colcon.colcon_core.event_handler.log_command:Invoking command in '/home/kvothe/ros/build/messages': CMAKE_PREFIX_PATH=${CMAKE_PREFIX_PATH}:/home/kvothe/ros/install/soma:/home/kvothe/ros/install/sensor_management:/home/kvothe/ros/install/robot_control:/opt/ros/humble /usr/bin/cmake --install /home/kvothe/ros/build/messages
[1.426s] DEBUG:colcon.colcon_core.event_handler.log_command:Invoked command in '/home/kvothe/ros/build/ros_gazebo' returned '0': CMAKE_PREFIX_PATH=/home/kvothe/ros/install/robot_description:/home/kvothe/ros/install/ros_bringup:/home/kvothe/ros/install/ros_gazebo:/home/kvothe/ros/install/cppp:/home/kvothe/ros/install/messages:/home/kvothe/ros/install/soma:/home/kvothe/ros/install/sensor_management:/home/kvothe/ros/install/robot_control:/opt/ros/humble IGN_GAZEBO_RESOURCE_PATH=/home/kvothe/ros/install/robot_description/share/robot_description/models:${IGN_GAZEBO_RESOURCE_PATH} /usr/bin/cmake --build /home/kvothe/ros/build/ros_gazebo -- -j12 -l12
[1.430s] DEBUG:colcon.colcon_core.event_handler.log_command:Invoking command in '/home/kvothe/ros/build/ros_gazebo': CMAKE_PREFIX_PATH=/home/kvothe/ros/install/robot_description:/home/kvothe/ros/install/ros_bringup:/home/kvothe/ros/install/ros_gazebo:/home/kvothe/ros/install/cppp:/home/kvothe/ros/install/messages:/home/kvothe/ros/install/soma:/home/kvothe/ros/install/sensor_management:/home/kvothe/ros/install/robot_control:/opt/ros/humble IGN_GAZEBO_RESOURCE_PATH=/home/kvothe/ros/install/robot_description/share/robot_description/models:${IGN_GAZEBO_RESOURCE_PATH} /usr/bin/cmake --install /home/kvothe/ros/build/ros_gazebo
[1.466s] Level 1:colcon.colcon_core.environment:create_environment_scripts_only(ros_gazebo)
[1.466s] Level 1:colcon.colcon_core.environment:checking '/home/kvothe/ros/install/ros_gazebo' for CMake module files
[1.467s] DEBUG:colcon.colcon_core.event_handler.log_command:Invoked command in '/home/kvothe/ros/build/ros_gazebo' returned '0': CMAKE_PREFIX_PATH=/home/kvothe/ros/install/robot_description:/home/kvothe/ros/install/ros_bringup:/home/kvothe/ros/install/ros_gazebo:/home/kvothe/ros/install/cppp:/home/kvothe/ros/install/messages:/home/kvothe/ros/install/soma:/home/kvothe/ros/install/sensor_management:/home/kvothe/ros/install/robot_control:/opt/ros/humble IGN_GAZEBO_RESOURCE_PATH=/home/kvothe/ros/install/robot_description/share/robot_description/models:${IGN_GAZEBO_RESOURCE_PATH} /usr/bin/cmake --install /home/kvothe/ros/build/ros_gazebo
[1.469s] Level 1:colcon.colcon_core.environment:checking '/home/kvothe/ros/install/ros_gazebo' for CMake config files
[1.470s] Level 1:colcon.colcon_core.shell:create_environment_hook('ros_gazebo', 'cmake_prefix_path')
[1.470s] INFO:colcon.colcon_core.shell:Creating environment hook '/home/kvothe/ros/install/ros_gazebo/share/ros_gazebo/hook/cmake_prefix_path.ps1'
[1.471s] INFO:colcon.colcon_core.shell:Creating environment descriptor '/home/kvothe/ros/install/ros_gazebo/share/ros_gazebo/hook/cmake_prefix_path.dsv'
[1.471s] INFO:colcon.colcon_core.shell:Creating environment hook '/home/kvothe/ros/install/ros_gazebo/share/ros_gazebo/hook/cmake_prefix_path.sh'
[1.472s] Level 1:colcon.colcon_core.environment:checking '/home/kvothe/ros/install/ros_gazebo/lib'
[1.472s] Level 1:colcon.colcon_core.environment:checking '/home/kvothe/ros/install/ros_gazebo/bin'
[1.472s] Level 1:colcon.colcon_core.environment:checking '/home/kvothe/ros/install/ros_gazebo/lib/pkgconfig/ros_gazebo.pc'
[1.472s] Level 1:colcon.colcon_core.environment:checking '/home/kvothe/ros/install/ros_gazebo/lib/python3.10/site-packages'
[1.472s] Level 1:colcon.colcon_core.environment:checking '/home/kvothe/ros/install/ros_gazebo/bin'
[1.473s] INFO:colcon.colcon_core.shell:Creating package script '/home/kvothe/ros/install/ros_gazebo/share/ros_gazebo/package.ps1'
[1.473s] INFO:colcon.colcon_core.shell:Creating package descriptor '/home/kvothe/ros/install/ros_gazebo/share/ros_gazebo/package.dsv'
[1.474s] INFO:colcon.colcon_core.shell:Creating package script '/home/kvothe/ros/install/ros_gazebo/share/ros_gazebo/package.sh'
[1.474s] INFO:colcon.colcon_core.shell:Creating package script '/home/kvothe/ros/install/ros_gazebo/share/ros_gazebo/package.bash'
[1.475s] INFO:colcon.colcon_core.shell:Creating package script '/home/kvothe/ros/install/ros_gazebo/share/ros_gazebo/package.zsh'
[1.475s] Level 1:colcon.colcon_core.environment:create_file_with_runtime_dependencies(/home/kvothe/ros/install/ros_gazebo/share/colcon-core/packages/ros_gazebo)
[1.476s] Level 1:colcon.colcon_core.environment:create_environment_scripts_only(ros_gazebo)
[1.476s] Level 1:colcon.colcon_core.environment:checking '/home/kvothe/ros/install/ros_gazebo' for CMake module files
[1.477s] Level 1:colcon.colcon_core.environment:checking '/home/kvothe/ros/install/ros_gazebo' for CMake config files
[1.477s] Level 1:colcon.colcon_core.shell:create_environment_hook('ros_gazebo', 'cmake_prefix_path')
[1.478s] INFO:colcon.colcon_core.shell:Creating environment hook '/home/kvothe/ros/install/ros_gazebo/share/ros_gazebo/hook/cmake_prefix_path.ps1'
[1.478s] INFO:colcon.colcon_core.shell:Creating environment descriptor '/home/kvothe/ros/install/ros_gazebo/share/ros_gazebo/hook/cmake_prefix_path.dsv'
[1.479s] INFO:colcon.colcon_core.shell:Creating environment hook '/home/kvothe/ros/install/ros_gazebo/share/ros_gazebo/hook/cmake_prefix_path.sh'
[1.479s] Level 1:colcon.colcon_core.environment:checking '/home/kvothe/ros/install/ros_gazebo/lib'
[1.479s] Level 1:colcon.colcon_core.environment:checking '/home/kvothe/ros/install/ros_gazebo/bin'
[1.480s] Level 1:colcon.colcon_core.environment:checking '/home/kvothe/ros/install/ros_gazebo/lib/pkgconfig/ros_gazebo.pc'
[1.480s] Level 1:colcon.colcon_core.environment:checking '/home/kvothe/ros/install/ros_gazebo/lib/python3.10/site-packages'
[1.480s] Level 1:colcon.colcon_core.environment:checking '/home/kvothe/ros/install/ros_gazebo/bin'
[1.480s] INFO:colcon.colcon_core.shell:Creating package script '/home/kvothe/ros/install/ros_gazebo/share/ros_gazebo/package.ps1'
[1.481s] INFO:colcon.colcon_core.shell:Creating package descriptor '/home/kvothe/ros/install/ros_gazebo/share/ros_gazebo/package.dsv'
[1.482s] INFO:colcon.colcon_core.shell:Creating package script '/home/kvothe/ros/install/ros_gazebo/share/ros_gazebo/package.sh'
[1.482s] INFO:colcon.colcon_core.shell:Creating package script '/home/kvothe/ros/install/ros_gazebo/share/ros_gazebo/package.bash'
[1.483s] INFO:colcon.colcon_core.shell:Creating package script '/home/kvothe/ros/install/ros_gazebo/share/ros_gazebo/package.zsh'
[1.483s] Level 1:colcon.colcon_core.environment:create_file_with_runtime_dependencies(/home/kvothe/ros/install/ros_gazebo/share/colcon-core/packages/ros_gazebo)
[1.541s] Level 1:colcon.colcon_core.environment:create_environment_scripts_only(messages)
[1.541s] DEBUG:colcon.colcon_core.event_handler.log_command:Invoked command in '/home/kvothe/ros/build/messages' returned '0': CMAKE_PREFIX_PATH=${CMAKE_PREFIX_PATH}:/home/kvothe/ros/install/soma:/home/kvothe/ros/install/sensor_management:/home/kvothe/ros/install/robot_control:/opt/ros/humble /usr/bin/cmake --install /home/kvothe/ros/build/messages
[1.542s] Level 1:colcon.colcon_core.environment:checking '/home/kvothe/ros/install/messages' for CMake module files
[1.544s] Level 1:colcon.colcon_core.environment:checking '/home/kvothe/ros/install/messages' for CMake config files
[1.547s] Level 1:colcon.colcon_core.shell:create_environment_hook('messages', 'cmake_prefix_path')
[1.548s] INFO:colcon.colcon_core.shell:Creating environment hook '/home/kvothe/ros/install/messages/share/messages/hook/cmake_prefix_path.ps1'
[1.548s] INFO:colcon.colcon_core.shell:Creating environment descriptor '/home/kvothe/ros/install/messages/share/messages/hook/cmake_prefix_path.dsv'
[1.549s] INFO:colcon.colcon_core.shell:Creating environment hook '/home/kvothe/ros/install/messages/share/messages/hook/cmake_prefix_path.sh'
[1.550s] Level 1:colcon.colcon_core.environment:checking '/home/kvothe/ros/install/messages/lib'
[1.550s] Level 1:colcon.colcon_core.shell:create_environment_hook('messages', 'ld_library_path_lib')
[1.551s] INFO:colcon.colcon_core.shell:Creating environment hook '/home/kvothe/ros/install/messages/share/messages/hook/ld_library_path_lib.ps1'
[1.552s] INFO:colcon.colcon_core.shell:Creating environment descriptor '/home/kvothe/ros/install/messages/share/messages/hook/ld_library_path_lib.dsv'
[1.552s] INFO:colcon.colcon_core.shell:Creating environment hook '/home/kvothe/ros/install/messages/share/messages/hook/ld_library_path_lib.sh'
[1.553s] Level 1:colcon.colcon_core.environment:checking '/home/kvothe/ros/install/messages/bin'
[1.553s] Level 1:colcon.colcon_core.environment:checking '/home/kvothe/ros/install/messages/lib/pkgconfig/messages.pc'
[1.554s] Level 1:colcon.colcon_core.environment:checking '/home/kvothe/ros/install/messages/lib/python3.10/site-packages'
[1.554s] Level 1:colcon.colcon_core.environment:checking '/home/kvothe/ros/install/messages/bin'
[1.555s] INFO:colcon.colcon_core.shell:Creating package script '/home/kvothe/ros/install/messages/share/messages/package.ps1'
[1.556s] INFO:colcon.colcon_core.shell:Creating package descriptor '/home/kvothe/ros/install/messages/share/messages/package.dsv'
[1.557s] INFO:colcon.colcon_core.shell:Creating package script '/home/kvothe/ros/install/messages/share/messages/package.sh'
[1.558s] INFO:colcon.colcon_core.shell:Creating package script '/home/kvothe/ros/install/messages/share/messages/package.bash'
[1.558s] INFO:colcon.colcon_core.shell:Creating package script '/home/kvothe/ros/install/messages/share/messages/package.zsh'
[1.559s] Level 1:colcon.colcon_core.environment:create_file_with_runtime_dependencies(/home/kvothe/ros/install/messages/share/colcon-core/packages/messages)
[1.560s] Level 1:colcon.colcon_core.environment:create_environment_scripts_only(messages)
[1.561s] Level 1:colcon.colcon_core.environment:checking '/home/kvothe/ros/install/messages' for CMake module files
[1.562s] Level 1:colcon.colcon_core.environment:checking '/home/kvothe/ros/install/messages' for CMake config files
[1.564s] Level 1:colcon.colcon_core.shell:create_environment_hook('messages', 'cmake_prefix_path')
[1.564s] INFO:colcon.colcon_core.shell:Creating environment hook '/home/kvothe/ros/install/messages/share/messages/hook/cmake_prefix_path.ps1'
[1.565s] INFO:colcon.colcon_core.shell:Creating environment descriptor '/home/kvothe/ros/install/messages/share/messages/hook/cmake_prefix_path.dsv'
[1.566s] INFO:colcon.colcon_core.shell:Creating environment hook '/home/kvothe/ros/install/messages/share/messages/hook/cmake_prefix_path.sh'
[1.567s] Level 1:colcon.colcon_core.environment:checking '/home/kvothe/ros/install/messages/lib'
[1.568s] Level 1:colcon.colcon_core.shell:create_environment_hook('messages', 'ld_library_path_lib')
[1.568s] INFO:colcon.colcon_core.shell:Creating environment hook '/home/kvothe/ros/install/messages/share/messages/hook/ld_library_path_lib.ps1'
[1.569s] INFO:colcon.colcon_core.shell:Creating environment descriptor '/home/kvothe/ros/install/messages/share/messages/hook/ld_library_path_lib.dsv'
[1.570s] INFO:colcon.colcon_core.shell:Creating environment hook '/home/kvothe/ros/install/messages/share/messages/hook/ld_library_path_lib.sh'
[1.571s] Level 1:colcon.colcon_core.environment:checking '/home/kvothe/ros/install/messages/bin'
[1.571s] Level 1:colcon.colcon_core.environment:checking '/home/kvothe/ros/install/messages/lib/pkgconfig/messages.pc'
[1.571s] Level 1:colcon.colcon_core.environment:checking '/home/kvothe/ros/install/messages/lib/python3.10/site-packages'
[1.572s] Level 1:colcon.colcon_core.environment:checking '/home/kvothe/ros/install/messages/bin'
[1.573s] INFO:colcon.colcon_core.shell:Creating package script '/home/kvothe/ros/install/messages/share/messages/package.ps1'
[1.574s] INFO:colcon.colcon_core.shell:Creating package descriptor '/home/kvothe/ros/install/messages/share/messages/package.dsv'
[1.575s] INFO:colcon.colcon_core.shell:Creating package script '/home/kvothe/ros/install/messages/share/messages/package.sh'
[1.576s] INFO:colcon.colcon_core.shell:Creating package script '/home/kvothe/ros/install/messages/share/messages/package.bash'
[1.576s] INFO:colcon.colcon_core.shell:Creating package script '/home/kvothe/ros/install/messages/share/messages/package.zsh'
[1.577s] Level 1:colcon.colcon_core.environment:create_file_with_runtime_dependencies(/home/kvothe/ros/install/messages/share/colcon-core/packages/messages)
[1.578s] INFO:colcon.colcon_ros.task.ament_cmake.build:Building ROS package in '/home/kvothe/ros/src/cppp' with build type 'ament_cmake'
[1.578s] INFO:colcon.colcon_cmake.task.cmake.build:Building CMake package in '/home/kvothe/ros/src/cppp'
[1.579s] INFO:colcon.colcon_core.shell:Skip shell extension 'powershell' for command environment: Not usable outside of PowerShell
[1.579s] DEBUG:colcon.colcon_core.shell:Skip shell extension 'dsv' for command environment
[1.589s] INFO:colcon.colcon_ros.task.ament_python.build:Building ROS package in '/home/kvothe/ros/src/sensor_management' with build type 'ament_python'
[1.589s] Level 1:colcon.colcon_core.shell:create_environment_hook('sensor_management', 'ament_prefix_path')
[1.589s] INFO:colcon.colcon_core.shell:Creating environment hook '/home/kvothe/ros/install/sensor_management/share/sensor_management/hook/ament_prefix_path.ps1'
[1.590s] INFO:colcon.colcon_core.shell:Creating environment descriptor '/home/kvothe/ros/install/sensor_management/share/sensor_management/hook/ament_prefix_path.dsv'
[1.591s] INFO:colcon.colcon_core.shell:Creating environment hook '/home/kvothe/ros/install/sensor_management/share/sensor_management/hook/ament_prefix_path.sh'
[1.592s] INFO:colcon.colcon_core.shell:Skip shell extension 'powershell' for command environment: Not usable outside of PowerShell
[1.592s] DEBUG:colcon.colcon_core.shell:Skip shell extension 'dsv' for command environment
[1.597s] INFO:colcon.colcon_ros.task.ament_python.build:Building ROS package in '/home/kvothe/ros/src/soma' with build type 'ament_python'
[1.597s] Level 1:colcon.colcon_core.shell:create_environment_hook('soma', 'ament_prefix_path')
[1.597s] INFO:colcon.colcon_core.shell:Creating environment hook '/home/kvothe/ros/install/soma/share/soma/hook/ament_prefix_path.ps1'
[1.598s] INFO:colcon.colcon_core.shell:Creating environment descriptor '/home/kvothe/ros/install/soma/share/soma/hook/ament_prefix_path.dsv'
[1.599s] INFO:colcon.colcon_core.shell:Creating environment hook '/home/kvothe/ros/install/soma/share/soma/hook/ament_prefix_path.sh'
[1.600s] INFO:colcon.colcon_core.shell:Skip shell extension 'powershell' for command environment: Not usable outside of PowerShell
[1.600s] DEBUG:colcon.colcon_core.shell:Skip shell extension 'dsv' for command environment
[1.613s] DEBUG:colcon.colcon_core.event_handler.log_command:Invoking command in '/home/kvothe/ros/build/cppp': CMAKE_PREFIX_PATH=/home/kvothe/ros/install/messages:/home/kvothe/ros/install/ros_bringup:/home/kvothe/ros/install/ros_gazebo:/home/kvothe/ros/install/robot_description:/home/kvothe/ros/install/cppp:/home/kvothe/ros/install/soma:/home/kvothe/ros/install/sensor_management:/home/kvothe/ros/install/robot_control:/opt/ros/humble /usr/bin/cmake --build /home/kvothe/ros/build/cppp -- -j12 -l12
[1.996s] INFO:colcon.colcon_core.task.python.build:Building Python package in '/home/kvothe/ros/src/sensor_management'
[1.996s] INFO:colcon.colcon_core.shell:Skip shell extension 'powershell' for command environment: Not usable outside of PowerShell
[1.996s] DEBUG:colcon.colcon_core.shell:Skip shell extension 'dsv' for command environment
[2.381s] INFO:colcon.colcon_core.task.python.build:Building Python package in '/home/kvothe/ros/src/soma'
[2.382s] INFO:colcon.colcon_core.shell:Skip shell extension 'powershell' for command environment: Not usable outside of PowerShell
[2.382s] DEBUG:colcon.colcon_core.shell:Skip shell extension 'dsv' for command environment
[2.396s] DEBUG:colcon.colcon_core.event_handler.log_command:Invoking command in '/home/kvothe/ros/src/robot_control': PYTHONPATH=/home/kvothe/ros/build/robot_control/prefix_override:/usr/lib/python3/dist-packages/colcon_core/task/python/colcon_distutils_commands:/home/kvothe/ros/install/robot_control/lib/python3.10/site-packages:${PYTHONPATH} /usr/bin/python3 -W ignore:setup.py install is deprecated -W ignore:easy_install command is deprecated setup.py egg_info --egg-base ../../build/robot_control build --build-base /home/kvothe/ros/build/robot_control/build install --record /home/kvothe/ros/build/robot_control/install.log --single-version-externally-managed install_data
[2.397s] DEBUG:colcon.colcon_core.event_handler.log_command:Invoked command in '/home/kvothe/ros/build/cppp' returned '0': CMAKE_PREFIX_PATH=/home/kvothe/ros/install/messages:/home/kvothe/ros/install/ros_bringup:/home/kvothe/ros/install/ros_gazebo:/home/kvothe/ros/install/robot_description:/home/kvothe/ros/install/cppp:/home/kvothe/ros/install/soma:/home/kvothe/ros/install/sensor_management:/home/kvothe/ros/install/robot_control:/opt/ros/humble /usr/bin/cmake --build /home/kvothe/ros/build/cppp -- -j12 -l12
[2.403s] DEBUG:colcon.colcon_core.event_handler.log_command:Invoking command in '/home/kvothe/ros/build/cppp': CMAKE_PREFIX_PATH=/home/kvothe/ros/install/messages:/home/kvothe/ros/install/ros_bringup:/home/kvothe/ros/install/ros_gazebo:/home/kvothe/ros/install/robot_description:/home/kvothe/ros/install/cppp:/home/kvothe/ros/install/soma:/home/kvothe/ros/install/sensor_management:/home/kvothe/ros/install/robot_control:/opt/ros/humble /usr/bin/cmake --install /home/kvothe/ros/build/cppp
[2.433s] Level 1:colcon.colcon_core.environment:create_environment_scripts_only(cppp)
[2.434s] Level 1:colcon.colcon_core.environment:checking '/home/kvothe/ros/install/cppp' for CMake module files
[2.435s] DEBUG:colcon.colcon_core.event_handler.log_command:Invoked command in '/home/kvothe/ros/build/cppp' returned '0': CMAKE_PREFIX_PATH=/home/kvothe/ros/install/messages:/home/kvothe/ros/install/ros_bringup:/home/kvothe/ros/install/ros_gazebo:/home/kvothe/ros/install/robot_description:/home/kvothe/ros/install/cppp:/home/kvothe/ros/install/soma:/home/kvothe/ros/install/sensor_management:/home/kvothe/ros/install/robot_control:/opt/ros/humble /usr/bin/cmake --install /home/kvothe/ros/build/cppp
[2.436s] Level 1:colcon.colcon_core.environment:checking '/home/kvothe/ros/install/cppp' for CMake config files
[2.436s] Level 1:colcon.colcon_core.shell:create_environment_hook('cppp', 'cmake_prefix_path')
[2.437s] INFO:colcon.colcon_core.shell:Creating environment hook '/home/kvothe/ros/install/cppp/share/cppp/hook/cmake_prefix_path.ps1'
[2.438s] INFO:colcon.colcon_core.shell:Creating environment descriptor '/home/kvothe/ros/install/cppp/share/cppp/hook/cmake_prefix_path.dsv'
[2.438s] INFO:colcon.colcon_core.shell:Creating environment hook '/home/kvothe/ros/install/cppp/share/cppp/hook/cmake_prefix_path.sh'
[2.439s] Level 1:colcon.colcon_core.environment:checking '/home/kvothe/ros/install/cppp/lib'
[2.439s] Level 1:colcon.colcon_core.environment:checking '/home/kvothe/ros/install/cppp/bin'
[2.439s] Level 1:colcon.colcon_core.environment:checking '/home/kvothe/ros/install/cppp/lib/pkgconfig/cppp.pc'
[2.440s] Level 1:colcon.colcon_core.environment:checking '/home/kvothe/ros/install/cppp/lib/python3.10/site-packages'
[2.440s] Level 1:colcon.colcon_core.environment:checking '/home/kvothe/ros/install/cppp/bin'
[2.441s] INFO:colcon.colcon_core.shell:Creating package script '/home/kvothe/ros/install/cppp/share/cppp/package.ps1'
[2.441s] INFO:colcon.colcon_core.shell:Creating package descriptor '/home/kvothe/ros/install/cppp/share/cppp/package.dsv'
[2.442s] INFO:colcon.colcon_core.shell:Creating package script '/home/kvothe/ros/install/cppp/share/cppp/package.sh'
[2.443s] INFO:colcon.colcon_core.shell:Creating package script '/home/kvothe/ros/install/cppp/share/cppp/package.bash'
[2.444s] INFO:colcon.colcon_core.shell:Creating package script '/home/kvothe/ros/install/cppp/share/cppp/package.zsh'
[2.445s] Level 1:colcon.colcon_core.environment:create_file_with_runtime_dependencies(/home/kvothe/ros/install/cppp/share/colcon-core/packages/cppp)
[2.446s] Level 1:colcon.colcon_core.environment:create_environment_scripts_only(cppp)
[2.446s] Level 1:colcon.colcon_core.environment:checking '/home/kvothe/ros/install/cppp' for CMake module files
[2.447s] Level 1:colcon.colcon_core.environment:checking '/home/kvothe/ros/install/cppp' for CMake config files
[2.448s] Level 1:colcon.colcon_core.shell:create_environment_hook('cppp', 'cmake_prefix_path')
[2.448s] INFO:colcon.colcon_core.shell:Creating environment hook '/home/kvothe/ros/install/cppp/share/cppp/hook/cmake_prefix_path.ps1'
[2.449s] INFO:colcon.colcon_core.shell:Creating environment descriptor '/home/kvothe/ros/install/cppp/share/cppp/hook/cmake_prefix_path.dsv'
[2.450s] INFO:colcon.colcon_core.shell:Creating environment hook '/home/kvothe/ros/install/cppp/share/cppp/hook/cmake_prefix_path.sh'
[2.451s] Level 1:colcon.colcon_core.environment:checking '/home/kvothe/ros/install/cppp/lib'
[2.452s] Level 1:colcon.colcon_core.environment:checking '/home/kvothe/ros/install/cppp/bin'
[2.452s] Level 1:colcon.colcon_core.environment:checking '/home/kvothe/ros/install/cppp/lib/pkgconfig/cppp.pc'
[2.452s] Level 1:colcon.colcon_core.environment:checking '/home/kvothe/ros/install/cppp/lib/python3.10/site-packages'
[2.453s] Level 1:colcon.colcon_core.environment:checking '/home/kvothe/ros/install/cppp/bin'
[2.453s] INFO:colcon.colcon_core.shell:Creating package script '/home/kvothe/ros/install/cppp/share/cppp/package.ps1'
[2.454s] INFO:colcon.colcon_core.shell:Creating package descriptor '/home/kvothe/ros/install/cppp/share/cppp/package.dsv'
[2.455s] INFO:colcon.colcon_core.shell:Creating package script '/home/kvothe/ros/install/cppp/share/cppp/package.sh'
[2.457s] INFO:colcon.colcon_core.shell:Creating package script '/home/kvothe/ros/install/cppp/share/cppp/package.bash'
[2.458s] INFO:colcon.colcon_core.shell:Creating package script '/home/kvothe/ros/install/cppp/share/cppp/package.zsh'
[2.459s] Level 1:colcon.colcon_core.environment:create_file_with_runtime_dependencies(/home/kvothe/ros/install/cppp/share/colcon-core/packages/cppp)
[2.817s] Level 1:colcon.colcon_core.environment:checking '/home/kvothe/ros/install/robot_control' for CMake module files
[2.818s] DEBUG:colcon.colcon_core.event_handler.log_command:Invoked command in '/home/kvothe/ros/src/robot_control' returned '0': PYTHONPATH=/home/kvothe/ros/build/robot_control/prefix_override:/usr/lib/python3/dist-packages/colcon_core/task/python/colcon_distutils_commands:/home/kvothe/ros/install/robot_control/lib/python3.10/site-packages:${PYTHONPATH} /usr/bin/python3 -W ignore:setup.py install is deprecated -W ignore:easy_install command is deprecated setup.py egg_info --egg-base ../../build/robot_control build --build-base /home/kvothe/ros/build/robot_control/build install --record /home/kvothe/ros/build/robot_control/install.log --single-version-externally-managed install_data
[2.819s] Level 1:colcon.colcon_core.environment:checking '/home/kvothe/ros/install/robot_control' for CMake config files
[2.822s] Level 1:colcon.colcon_core.environment:checking '/home/kvothe/ros/install/robot_control/lib'
[2.822s] Level 1:colcon.colcon_core.environment:checking '/home/kvothe/ros/install/robot_control/bin'
[2.822s] Level 1:colcon.colcon_core.environment:checking '/home/kvothe/ros/install/robot_control/lib/pkgconfig/robot_control.pc'
[2.823s] Level 1:colcon.colcon_core.environment:checking '/home/kvothe/ros/install/robot_control/lib/python3.10/site-packages'
[2.823s] Level 1:colcon.colcon_core.shell:create_environment_hook('robot_control', 'pythonpath')
[2.823s] INFO:colcon.colcon_core.shell:Creating environment hook '/home/kvothe/ros/install/robot_control/share/robot_control/hook/pythonpath.ps1'
[2.824s] INFO:colcon.colcon_core.shell:Creating environment descriptor '/home/kvothe/ros/install/robot_control/share/robot_control/hook/pythonpath.dsv'
[2.825s] INFO:colcon.colcon_core.shell:Creating environment hook '/home/kvothe/ros/install/robot_control/share/robot_control/hook/pythonpath.sh'
[2.826s] Level 1:colcon.colcon_core.environment:checking '/home/kvothe/ros/install/robot_control/bin'
[2.827s] Level 1:colcon.colcon_core.environment:create_environment_scripts_only(robot_control)
[2.827s] INFO:colcon.colcon_core.shell:Creating package script '/home/kvothe/ros/install/robot_control/share/robot_control/package.ps1'
[2.828s] INFO:colcon.colcon_core.shell:Creating package descriptor '/home/kvothe/ros/install/robot_control/share/robot_control/package.dsv'
[2.829s] INFO:colcon.colcon_core.shell:Creating package script '/home/kvothe/ros/install/robot_control/share/robot_control/package.sh'
[2.830s] INFO:colcon.colcon_core.shell:Creating package script '/home/kvothe/ros/install/robot_control/share/robot_control/package.bash'
[2.831s] INFO:colcon.colcon_core.shell:Creating package script '/home/kvothe/ros/install/robot_control/share/robot_control/package.zsh'
[2.832s] Level 1:colcon.colcon_core.environment:create_file_with_runtime_dependencies(/home/kvothe/ros/install/robot_control/share/colcon-core/packages/robot_control)
[2.891s] DEBUG:colcon.colcon_core.event_handler.log_command:Invoking command in '/home/kvothe/ros/src/sensor_management': CMAKE_PREFIX_PATH=/home/kvothe/ros/install/messages:/home/kvothe/ros/install/ros_bringup:/home/kvothe/ros/install/ros_gazebo:/home/kvothe/ros/install/robot_description:/home/kvothe/ros/install/cppp PYTHONPATH=/home/kvothe/ros/build/sensor_management/prefix_override:/usr/lib/python3/dist-packages/colcon_core/task/python/colcon_distutils_commands:/home/kvothe/ros/install/sensor_management/lib/python3.10/site-packages:${PYTHONPATH} /usr/bin/python3 -W ignore:setup.py install is deprecated -W ignore:easy_install command is deprecated setup.py egg_info --egg-base ../../build/sensor_management build --build-base /home/kvothe/ros/build/sensor_management/build install --record /home/kvothe/ros/build/sensor_management/install.log --single-version-externally-managed install_data
[2.896s] DEBUG:colcon.colcon_core.event_handler.log_command:Invoking command in '/home/kvothe/ros/src/soma': CMAKE_PREFIX_PATH=/home/kvothe/ros/install/messages:/home/kvothe/ros/install/ros_bringup:/home/kvothe/ros/install/ros_gazebo:/home/kvothe/ros/install/robot_description:/home/kvothe/ros/install/cppp PYTHONPATH=/home/kvothe/ros/build/soma/prefix_override:/usr/lib/python3/dist-packages/colcon_core/task/python/colcon_distutils_commands:/home/kvothe/ros/install/soma/lib/python3.10/site-packages:${PYTHONPATH} /usr/bin/python3 -W ignore:setup.py install is deprecated -W ignore:easy_install command is deprecated setup.py egg_info --egg-base ../../build/soma build --build-base /home/kvothe/ros/build/soma/build install --record /home/kvothe/ros/build/soma/install.log --single-version-externally-managed install_data
[3.395s] Level 1:colcon.colcon_core.environment:checking '/home/kvothe/ros/install/soma' for CMake module files
[3.397s] DEBUG:colcon.colcon_core.event_handler.log_command:Invoked command in '/home/kvothe/ros/src/soma' returned '0': CMAKE_PREFIX_PATH=/home/kvothe/ros/install/messages:/home/kvothe/ros/install/ros_bringup:/home/kvothe/ros/install/ros_gazebo:/home/kvothe/ros/install/robot_description:/home/kvothe/ros/install/cppp PYTHONPATH=/home/kvothe/ros/build/soma/prefix_override:/usr/lib/python3/dist-packages/colcon_core/task/python/colcon_distutils_commands:/home/kvothe/ros/install/soma/lib/python3.10/site-packages:${PYTHONPATH} /usr/bin/python3 -W ignore:setup.py install is deprecated -W ignore:easy_install command is deprecated setup.py egg_info --egg-base ../../build/soma build --build-base /home/kvothe/ros/build/soma/build install --record /home/kvothe/ros/build/soma/install.log --single-version-externally-managed install_data
[3.398s] Level 1:colcon.colcon_core.environment:checking '/home/kvothe/ros/install/soma' for CMake config files
[3.399s] Level 1:colcon.colcon_core.environment:checking '/home/kvothe/ros/install/soma/lib'
[3.399s] Level 1:colcon.colcon_core.environment:checking '/home/kvothe/ros/install/soma/bin'
[3.399s] Level 1:colcon.colcon_core.environment:checking '/home/kvothe/ros/install/soma/lib/pkgconfig/soma.pc'
[3.400s] Level 1:colcon.colcon_core.environment:checking '/home/kvothe/ros/install/soma/lib/python3.10/site-packages'
[3.400s] Level 1:colcon.colcon_core.shell:create_environment_hook('soma', 'pythonpath')
[3.400s] INFO:colcon.colcon_core.shell:Creating environment hook '/home/kvothe/ros/install/soma/share/soma/hook/pythonpath.ps1'
[3.401s] INFO:colcon.colcon_core.shell:Creating environment descriptor '/home/kvothe/ros/install/soma/share/soma/hook/pythonpath.dsv'
[3.401s] INFO:colcon.colcon_core.shell:Creating environment hook '/home/kvothe/ros/install/soma/share/soma/hook/pythonpath.sh'
[3.402s] Level 1:colcon.colcon_core.environment:checking '/home/kvothe/ros/install/soma/bin'
[3.402s] Level 1:colcon.colcon_core.environment:create_environment_scripts_only(soma)
[3.403s] INFO:colcon.colcon_core.shell:Creating package script '/home/kvothe/ros/install/soma/share/soma/package.ps1'
[3.404s] INFO:colcon.colcon_core.shell:Creating package descriptor '/home/kvothe/ros/install/soma/share/soma/package.dsv'
[3.404s] INFO:colcon.colcon_core.shell:Creating package script '/home/kvothe/ros/install/soma/share/soma/package.sh'
[3.405s] INFO:colcon.colcon_core.shell:Creating package script '/home/kvothe/ros/install/soma/share/soma/package.bash'
[3.406s] INFO:colcon.colcon_core.shell:Creating package script '/home/kvothe/ros/install/soma/share/soma/package.zsh'
[3.408s] Level 1:colcon.colcon_core.environment:create_file_with_runtime_dependencies(/home/kvothe/ros/install/soma/share/colcon-core/packages/soma)
[3.410s] Level 1:colcon.colcon_core.environment:checking '/home/kvothe/ros/install/sensor_management' for CMake module files
[3.412s] DEBUG:colcon.colcon_core.event_handler.log_command:Invoked command in '/home/kvothe/ros/src/sensor_management' returned '0': CMAKE_PREFIX_PATH=/home/kvothe/ros/install/messages:/home/kvothe/ros/install/ros_bringup:/home/kvothe/ros/install/ros_gazebo:/home/kvothe/ros/install/robot_description:/home/kvothe/ros/install/cppp PYTHONPATH=/home/kvothe/ros/build/sensor_management/prefix_override:/usr/lib/python3/dist-packages/colcon_core/task/python/colcon_distutils_commands:/home/kvothe/ros/install/sensor_management/lib/python3.10/site-packages:${PYTHONPATH} /usr/bin/python3 -W ignore:setup.py install is deprecated -W ignore:easy_install command is deprecated setup.py egg_info --egg-base ../../build/sensor_management build --build-base /home/kvothe/ros/build/sensor_management/build install --record /home/kvothe/ros/build/sensor_management/install.log --single-version-externally-managed install_data
[3.412s] Level 1:colcon.colcon_core.environment:checking '/home/kvothe/ros/install/sensor_management' for CMake config files
[3.414s] Level 1:colcon.colcon_core.environment:checking '/home/kvothe/ros/install/sensor_management/lib'
[3.414s] Level 1:colcon.colcon_core.environment:checking '/home/kvothe/ros/install/sensor_management/bin'
[3.414s] Level 1:colcon.colcon_core.environment:checking '/home/kvothe/ros/install/sensor_management/lib/pkgconfig/sensor_management.pc'
[3.414s] Level 1:colcon.colcon_core.environment:checking '/home/kvothe/ros/install/sensor_management/lib/python3.10/site-packages'
[3.415s] Level 1:colcon.colcon_core.shell:create_environment_hook('sensor_management', 'pythonpath')
[3.415s] INFO:colcon.colcon_core.shell:Creating environment hook '/home/kvothe/ros/install/sensor_management/share/sensor_management/hook/pythonpath.ps1'
[3.415s] INFO:colcon.colcon_core.shell:Creating environment descriptor '/home/kvothe/ros/install/sensor_management/share/sensor_management/hook/pythonpath.dsv'
[3.416s] INFO:colcon.colcon_core.shell:Creating environment hook '/home/kvothe/ros/install/sensor_management/share/sensor_management/hook/pythonpath.sh'
[3.417s] Level 1:colcon.colcon_core.environment:checking '/home/kvothe/ros/install/sensor_management/bin'
[3.417s] Level 1:colcon.colcon_core.environment:create_environment_scripts_only(sensor_management)
[3.417s] INFO:colcon.colcon_core.shell:Creating package script '/home/kvothe/ros/install/sensor_management/share/sensor_management/package.ps1'
[3.418s] INFO:colcon.colcon_core.shell:Creating package descriptor '/home/kvothe/ros/install/sensor_management/share/sensor_management/package.dsv'
[3.418s] INFO:colcon.colcon_core.shell:Creating package script '/home/kvothe/ros/install/sensor_management/share/sensor_management/package.sh'
[3.419s] INFO:colcon.colcon_core.shell:Creating package script '/home/kvothe/ros/install/sensor_management/share/sensor_management/package.bash'
[3.419s] INFO:colcon.colcon_core.shell:Creating package script '/home/kvothe/ros/install/sensor_management/share/sensor_management/package.zsh'
[3.420s] Level 1:colcon.colcon_core.environment:create_file_with_runtime_dependencies(/home/kvothe/ros/install/sensor_management/share/colcon-core/packages/sensor_management)
[3.420s] INFO:colcon.colcon_ros.task.ament_cmake.build:Building ROS package in '/home/kvothe/ros/src/ros_bringup' with build type 'ament_cmake'
[3.420s] INFO:colcon.colcon_cmake.task.cmake.build:Building CMake package in '/home/kvothe/ros/src/ros_bringup'
[3.420s] INFO:colcon.colcon_core.shell:Skip shell extension 'powershell' for command environment: Not usable outside of PowerShell
[3.420s] DEBUG:colcon.colcon_core.shell:Skip shell extension 'dsv' for command environment
[3.451s] DEBUG:colcon.colcon_core.event_handler.log_command:Invoking command in '/home/kvothe/ros/build/ros_bringup': AMENT_PREFIX_PATH=/home/kvothe/ros/install/soma:/home/kvothe/ros/install/sensor_management:/home/kvothe/ros/install/robot_control:/home/kvothe/ros/install/ros_bringup:/home/kvothe/ros/install/ros_gazebo:/home/kvothe/ros/install/robot_description:/home/kvothe/ros/install/cppp:/home/kvothe/ros/install/messages:/opt/ros/humble CMAKE_PREFIX_PATH=/home/kvothe/ros/install/ros_gazebo:/home/kvothe/ros/install/cppp:/home/kvothe/ros/install/robot_description:/home/kvothe/ros/install/messages:/home/kvothe/ros/install/ros_bringup:/home/kvothe/ros/install/soma:/home/kvothe/ros/install/sensor_management:/home/kvothe/ros/install/robot_control:/opt/ros/humble IGN_GAZEBO_PLUGIN_PATH=/home/kvothe/ros/install/ros_gazebo/lib/ros_gazebo IGN_GAZEBO_RESOURCE_PATH=/home/kvothe/ros/install/robot_description/share/robot_description/models:${IGN_GAZEBO_RESOURCE_PATH} /usr/bin/cmake --build /home/kvothe/ros/build/ros_bringup -- -j12 -l12
[3.519s] DEBUG:colcon.colcon_core.event_handler.log_command:Invoked command in '/home/kvothe/ros/build/ros_bringup' returned '0': AMENT_PREFIX_PATH=/home/kvothe/ros/install/soma:/home/kvothe/ros/install/sensor_management:/home/kvothe/ros/install/robot_control:/home/kvothe/ros/install/ros_bringup:/home/kvothe/ros/install/ros_gazebo:/home/kvothe/ros/install/robot_description:/home/kvothe/ros/install/cppp:/home/kvothe/ros/install/messages:/opt/ros/humble CMAKE_PREFIX_PATH=/home/kvothe/ros/install/ros_gazebo:/home/kvothe/ros/install/cppp:/home/kvothe/ros/install/robot_description:/home/kvothe/ros/install/messages:/home/kvothe/ros/install/ros_bringup:/home/kvothe/ros/install/soma:/home/kvothe/ros/install/sensor_management:/home/kvothe/ros/install/robot_control:/opt/ros/humble IGN_GAZEBO_PLUGIN_PATH=/home/kvothe/ros/install/ros_gazebo/lib/ros_gazebo IGN_GAZEBO_RESOURCE_PATH=/home/kvothe/ros/install/robot_description/share/robot_description/models:${IGN_GAZEBO_RESOURCE_PATH} /usr/bin/cmake --build /home/kvothe/ros/build/ros_bringup -- -j12 -l12
[3.522s] DEBUG:colcon.colcon_core.event_handler.log_command:Invoking command in '/home/kvothe/ros/build/ros_bringup': AMENT_PREFIX_PATH=/home/kvothe/ros/install/soma:/home/kvothe/ros/install/sensor_management:/home/kvothe/ros/install/robot_control:/home/kvothe/ros/install/ros_bringup:/home/kvothe/ros/install/ros_gazebo:/home/kvothe/ros/install/robot_description:/home/kvothe/ros/install/cppp:/home/kvothe/ros/install/messages:/opt/ros/humble CMAKE_PREFIX_PATH=/home/kvothe/ros/install/ros_gazebo:/home/kvothe/ros/install/cppp:/home/kvothe/ros/install/robot_description:/home/kvothe/ros/install/messages:/home/kvothe/ros/install/ros_bringup:/home/kvothe/ros/install/soma:/home/kvothe/ros/install/sensor_management:/home/kvothe/ros/install/robot_control:/opt/ros/humble IGN_GAZEBO_PLUGIN_PATH=/home/kvothe/ros/install/ros_gazebo/lib/ros_gazebo IGN_GAZEBO_RESOURCE_PATH=/home/kvothe/ros/install/robot_description/share/robot_description/models:${IGN_GAZEBO_RESOURCE_PATH} /usr/bin/cmake --install /home/kvothe/ros/build/ros_bringup
[3.565s] Level 1:colcon.colcon_core.environment:create_environment_scripts_only(ros_bringup)
[3.566s] Level 1:colcon.colcon_core.environment:checking '/home/kvothe/ros/install/ros_bringup' for CMake module files
[3.567s] DEBUG:colcon.colcon_core.event_handler.log_command:Invoked command in '/home/kvothe/ros/build/ros_bringup' returned '0': AMENT_PREFIX_PATH=/home/kvothe/ros/install/soma:/home/kvothe/ros/install/sensor_management:/home/kvothe/ros/install/robot_control:/home/kvothe/ros/install/ros_bringup:/home/kvothe/ros/install/ros_gazebo:/home/kvothe/ros/install/robot_description:/home/kvothe/ros/install/cppp:/home/kvothe/ros/install/messages:/opt/ros/humble CMAKE_PREFIX_PATH=/home/kvothe/ros/install/ros_gazebo:/home/kvothe/ros/install/cppp:/home/kvothe/ros/install/robot_description:/home/kvothe/ros/install/messages:/home/kvothe/ros/install/ros_bringup:/home/kvothe/ros/install/soma:/home/kvothe/ros/install/sensor_management:/home/kvothe/ros/install/robot_control:/opt/ros/humble IGN_GAZEBO_PLUGIN_PATH=/home/kvothe/ros/install/ros_gazebo/lib/ros_gazebo IGN_GAZEBO_RESOURCE_PATH=/home/kvothe/ros/install/robot_description/share/robot_description/models:${IGN_GAZEBO_RESOURCE_PATH} /usr/bin/cmake --install /home/kvothe/ros/build/ros_bringup
[3.567s] Level 1:colcon.colcon_core.environment:checking '/home/kvothe/ros/install/ros_bringup' for CMake config files
[3.568s] Level 1:colcon.colcon_core.shell:create_environment_hook('ros_bringup', 'cmake_prefix_path')
[3.568s] INFO:colcon.colcon_core.shell:Creating environment hook '/home/kvothe/ros/install/ros_bringup/share/ros_bringup/hook/cmake_prefix_path.ps1'
[3.569s] INFO:colcon.colcon_core.shell:Creating environment descriptor '/home/kvothe/ros/install/ros_bringup/share/ros_bringup/hook/cmake_prefix_path.dsv'
[3.569s] INFO:colcon.colcon_core.shell:Creating environment hook '/home/kvothe/ros/install/ros_bringup/share/ros_bringup/hook/cmake_prefix_path.sh'
[3.570s] Level 1:colcon.colcon_core.environment:checking '/home/kvothe/ros/install/ros_bringup/bin'
[3.570s] Level 1:colcon.colcon_core.environment:checking '/home/kvothe/ros/install/ros_bringup/lib/pkgconfig/ros_bringup.pc'
[3.570s] Level 1:colcon.colcon_core.environment:checking '/home/kvothe/ros/install/ros_bringup/lib/python3.10/site-packages'
[3.570s] Level 1:colcon.colcon_core.environment:checking '/home/kvothe/ros/install/ros_bringup/bin'
[3.571s] INFO:colcon.colcon_core.shell:Creating package script '/home/kvothe/ros/install/ros_bringup/share/ros_bringup/package.ps1'
[3.571s] INFO:colcon.colcon_core.shell:Creating package descriptor '/home/kvothe/ros/install/ros_bringup/share/ros_bringup/package.dsv'
[3.572s] INFO:colcon.colcon_core.shell:Creating package script '/home/kvothe/ros/install/ros_bringup/share/ros_bringup/package.sh'
[3.572s] INFO:colcon.colcon_core.shell:Creating package script '/home/kvothe/ros/install/ros_bringup/share/ros_bringup/package.bash'
[3.573s] INFO:colcon.colcon_core.shell:Creating package script '/home/kvothe/ros/install/ros_bringup/share/ros_bringup/package.zsh'
[3.573s] Level 1:colcon.colcon_core.environment:create_file_with_runtime_dependencies(/home/kvothe/ros/install/ros_bringup/share/colcon-core/packages/ros_bringup)
[3.574s] Level 1:colcon.colcon_core.environment:create_environment_scripts_only(ros_bringup)
[3.574s] Level 1:colcon.colcon_core.environment:checking '/home/kvothe/ros/install/ros_bringup' for CMake module files
[3.575s] Level 1:colcon.colcon_core.environment:checking '/home/kvothe/ros/install/ros_bringup' for CMake config files
[3.575s] Level 1:colcon.colcon_core.shell:create_environment_hook('ros_bringup', 'cmake_prefix_path')
[3.576s] INFO:colcon.colcon_core.shell:Creating environment hook '/home/kvothe/ros/install/ros_bringup/share/ros_bringup/hook/cmake_prefix_path.ps1'
[3.576s] INFO:colcon.colcon_core.shell:Creating environment descriptor '/home/kvothe/ros/install/ros_bringup/share/ros_bringup/hook/cmake_prefix_path.dsv'
[3.577s] INFO:colcon.colcon_core.shell:Creating environment hook '/home/kvothe/ros/install/ros_bringup/share/ros_bringup/hook/cmake_prefix_path.sh'
[3.577s] Level 1:colcon.colcon_core.environment:checking '/home/kvothe/ros/install/ros_bringup/bin'
[3.578s] Level 1:colcon.colcon_core.environment:checking '/home/kvothe/ros/install/ros_bringup/lib/pkgconfig/ros_bringup.pc'
[3.578s] Level 1:colcon.colcon_core.environment:checking '/home/kvothe/ros/install/ros_bringup/lib/python3.10/site-packages'
[3.578s] Level 1:colcon.colcon_core.environment:checking '/home/kvothe/ros/install/ros_bringup/bin'
[3.578s] INFO:colcon.colcon_core.shell:Creating package script '/home/kvothe/ros/install/ros_bringup/share/ros_bringup/package.ps1'
[3.579s] INFO:colcon.colcon_core.shell:Creating package descriptor '/home/kvothe/ros/install/ros_bringup/share/ros_bringup/package.dsv'
[3.580s] INFO:colcon.colcon_core.shell:Creating package script '/home/kvothe/ros/install/ros_bringup/share/ros_bringup/package.sh'
[3.580s] INFO:colcon.colcon_core.shell:Creating package script '/home/kvothe/ros/install/ros_bringup/share/ros_bringup/package.bash'
[3.581s] INFO:colcon.colcon_core.shell:Creating package script '/home/kvothe/ros/install/ros_bringup/share/ros_bringup/package.zsh'
[3.581s] Level 1:colcon.colcon_core.environment:create_file_with_runtime_dependencies(/home/kvothe/ros/install/ros_bringup/share/colcon-core/packages/ros_bringup)
[3.581s] DEBUG:colcon.colcon_parallel_executor.executor.parallel:closing loop
[3.582s] DEBUG:colcon.colcon_parallel_executor.executor.parallel:loop closed
[3.582s] DEBUG:colcon.colcon_parallel_executor.executor.parallel:run_until_complete finished with '0'
[3.582s] DEBUG:colcon.colcon_core.event_reactor:joining thread
[3.594s] INFO:colcon.colcon_core.plugin_system:Skipping extension 'colcon_notification.desktop_notification.terminal_notifier': Not used on non-Darwin systems
[3.595s] INFO:colcon.colcon_core.plugin_system:Skipping extension 'colcon_notification.desktop_notification.win32': Not used on non-Windows systems
[3.595s] INFO:colcon.colcon_notification.desktop_notification:Sending desktop notification using 'notify2'
[3.620s] DEBUG:colcon.colcon_core.event_reactor:joined thread
[3.621s] INFO:colcon.colcon_core.shell:Creating prefix script '/home/kvothe/ros/install/local_setup.ps1'
[3.623s] INFO:colcon.colcon_core.shell:Creating prefix util module '/home/kvothe/ros/install/_local_setup_util_ps1.py'
[3.626s] INFO:colcon.colcon_core.shell:Creating prefix chain script '/home/kvothe/ros/install/setup.ps1'
[3.630s] INFO:colcon.colcon_core.shell:Creating prefix script '/home/kvothe/ros/install/local_setup.sh'
[3.631s] INFO:colcon.colcon_core.shell:Creating prefix util module '/home/kvothe/ros/install/_local_setup_util_sh.py'
[3.632s] INFO:colcon.colcon_core.shell:Creating prefix chain script '/home/kvothe/ros/install/setup.sh'
[3.635s] INFO:colcon.colcon_core.shell:Creating prefix script '/home/kvothe/ros/install/local_setup.bash'
[3.636s] INFO:colcon.colcon_core.shell:Creating prefix chain script '/home/kvothe/ros/install/setup.bash'
[3.639s] INFO:colcon.colcon_core.shell:Creating prefix script '/home/kvothe/ros/install/local_setup.zsh'
[3.640s] INFO:colcon.colcon_core.shell:Creating prefix chain script '/home/kvothe/ros/install/setup.zsh'
