[0.016s] Invoking command in '/home/kvothe/ros/build/cppp': CMAKE_PREFIX_PATH=/home/kvothe/ros/install/messages:/home/kvothe/ros/install/ros_bringup:/home/kvothe/ros/install/ros_gazebo:/home/kvothe/ros/install/robot_description:/home/kvothe/ros/install/cppp:/home/kvothe/ros/install/soma:/home/kvothe/ros/install/sensor_management:/home/kvothe/ros/install/robot_control:/opt/ros/humble /usr/bin/cmake --build /home/kvothe/ros/build/cppp -- -j12 -l12
[0.083s] [35m[1mConsolidate compiler generated dependencies of target PoseGraphOptimizer[0m
[0.100s] [ 10%] Built target PreprocessNode
[0.104s] [ 40%] Built target LandmarkTransformerNode
[0.104s] [ 40%] Built target LandmarkGraphNode
[0.104s] [ 40%] Built target LandmarkTransformermapNode
[0.109s] [ 50%] Built target IncrementalLineFittingNode
[0.110s] [ 55%] [32mBuilding CXX object CMakeFiles/PoseGraphOptimizer.dir/src/PoseGraphOptimizer.cpp.o[0m
[0.112s] [ 65%] Built target ScanTransformer
[0.115s] [ 75%] Built target HoughLineFittingNode
[0.117s] [ 85%] Built target RansacLineExtractionNode
[0.119s] [ 95%] Built target ScanAccumulator
[3.342s] [01m[K/home/kvothe/ros/src/cppp/src/PoseGraphOptimizer.cpp:[m[K In member function ‘[01m[Kvoid PoseGraphOptimizer::optimizeGraph()[m[K’:
[3.343s] [01m[K/home/kvothe/ros/src/cppp/src/PoseGraphOptimizer.cpp:219:66:[m[K [01;31m[Kerror: [m[Kconversion from ‘[01m[Karray<[01;32m[Kfloat[m[K,[...]>[m[K’ to non-scalar type ‘[01m[Karray<[01;32m[Kdouble[m[K,[...]>[m[K’ requested
[3.343s]   219 |             std::array<double, 9> scaled_covariance = [01;31m[Kconstraint.covariance[m[K;
[3.343s]       |                                                       [01;31m[K~~~~~~~~~~~^~~~~~~~~~[m[K
[3.343s] [01m[K/home/kvothe/ros/src/cppp/src/PoseGraphOptimizer.cpp:225:112:[m[K [01;31m[Kerror: [m[Kinvalid initialization of reference of type ‘[01m[Kconst std::array<float, 9>&[m[K’ from expression of type ‘[01m[Kstd::array<double, 9>[m[K’
[3.343s]   225 |                 new PosePoseCost(constraint.dx, constraint.dy, constraint.dtheta, convertCovariance<double, 9>([01;31m[Kscaled_covariance[m[K)));
[3.343s]       |                                                                                                                [01;31m[K^~~~~~~~~~~~~~~~~[m[K
[3.343s] [01m[K/home/kvothe/ros/src/cppp/src/PoseGraphOptimizer.cpp:121:64:[m[K [01;36m[Knote: [m[Kin passing argument 1 of ‘[01m[Kstd::array<_Tp, _Nm> convertCovariance(const std::array<float, N>&) [with T = double; long unsigned int N = 9][m[K’
[3.343s]   121 | std::array<T, N> convertCovariance([01;36m[Kconst std::array<float, N> &covariance[m[K) {
[3.344s]       |                                    [01;36m[K~~~~~~~~~~~~~~~~~~~~~~~~~~~~^~~~~~~~~~[m[K
[10.138s] gmake[2]: *** [CMakeFiles/PoseGraphOptimizer.dir/build.make:76: CMakeFiles/PoseGraphOptimizer.dir/src/PoseGraphOptimizer.cpp.o] Error 1
[10.139s] gmake[1]: *** [CMakeFiles/Makefile2:389: CMakeFiles/PoseGraphOptimizer.dir/all] Error 2
[10.139s] gmake: *** [Makefile:146: all] Error 2
[10.144s] Invoked command in '/home/kvothe/ros/build/cppp' returned '2': CMAKE_PREFIX_PATH=/home/kvothe/ros/install/messages:/home/kvothe/ros/install/ros_bringup:/home/kvothe/ros/install/ros_gazebo:/home/kvothe/ros/install/robot_description:/home/kvothe/ros/install/cppp:/home/kvothe/ros/install/soma:/home/kvothe/ros/install/sensor_management:/home/kvothe/ros/install/robot_control:/opt/ros/humble /usr/bin/cmake --build /home/kvothe/ros/build/cppp -- -j12 -l12
