[0.020s] Invoking command in '/home/kvothe/ros/build/cppp': CMAKE_PREFIX_PATH=/home/kvothe/ros/install/messages:/home/kvothe/ros/install/ros_bringup:/home/kvothe/ros/install/ros_gazebo:/home/kvothe/ros/install/robot_description:/home/kvothe/ros/install/cppp:/home/kvothe/ros/install/soma:/home/kvothe/ros/install/sensor_management:/home/kvothe/ros/install/robot_control:/opt/ros/humble /usr/bin/cmake --build /home/kvothe/ros/build/cppp -- -j12 -l12
[0.271s] [ 12%] Built target PreprocessNode
[0.271s] [ 25%] Built target LandmarkGraphNode
[0.271s] [ 50%] Built target LandmarkTransformermapNode
[0.271s] [ 50%] Built target LandmarkTransformerNode
[0.272s] [ 62%] Built target IncrementalLineFittingNode
[0.272s] [ 75%] [32mBuilding CXX object CMakeFiles/RansacLineExtractionNode.dir/src/RansacLineExtractionNode.cpp.o[0m
[0.272s] [ 81%] Built target HoughLineFittingNode
[0.272s] [ 93%] Built target ScanAccumulator
[13.325s] [100%] [32m[1mLinking CXX executable RansacLineExtractionNode[0m
[15.255s] [100%] Built target RansacLineExtractionNode
[15.281s] Invoked command in '/home/kvothe/ros/build/cppp' returned '0': CMAKE_PREFIX_PATH=/home/kvothe/ros/install/messages:/home/kvothe/ros/install/ros_bringup:/home/kvothe/ros/install/ros_gazebo:/home/kvothe/ros/install/robot_description:/home/kvothe/ros/install/cppp:/home/kvothe/ros/install/soma:/home/kvothe/ros/install/sensor_management:/home/kvothe/ros/install/robot_control:/opt/ros/humble /usr/bin/cmake --build /home/kvothe/ros/build/cppp -- -j12 -l12
[15.284s] Invoking command in '/home/kvothe/ros/build/cppp': CMAKE_PREFIX_PATH=/home/kvothe/ros/install/messages:/home/kvothe/ros/install/ros_bringup:/home/kvothe/ros/install/ros_gazebo:/home/kvothe/ros/install/robot_description:/home/kvothe/ros/install/cppp:/home/kvothe/ros/install/soma:/home/kvothe/ros/install/sensor_management:/home/kvothe/ros/install/robot_control:/opt/ros/humble /usr/bin/cmake --install /home/kvothe/ros/build/cppp
[15.293s] -- Install configuration: ""
[15.293s] -- Up-to-date: /home/kvothe/ros/install/cppp/lib/cppp/LandmarkTransformerNode
[15.293s] -- Up-to-date: /home/kvothe/ros/install/cppp/lib/cppp/ScanAccumulator
[15.293s] -- Up-to-date: /home/kvothe/ros/install/cppp/lib/cppp/PreprocessNode
[15.293s] -- Up-to-date: /home/kvothe/ros/install/cppp/lib/cppp/LandmarkGraphNode
[15.294s] -- Up-to-date: /home/kvothe/ros/install/cppp/lib/cppp/IncrementalLineFittingNode
[15.294s] -- Up-to-date: /home/kvothe/ros/install/cppp/lib/cppp/LandmarkTransformermapNode
[15.294s] -- Up-to-date: /home/kvothe/ros/install/cppp/lib/cppp/HoughLineFittingNode
[15.295s] -- Installing: /home/kvothe/ros/install/cppp/lib/cppp/RansacLineExtractionNode
[15.302s] -- Set runtime path of "/home/kvothe/ros/install/cppp/lib/cppp/RansacLineExtractionNode" to ""
[15.302s] -- Up-to-date: /home/kvothe/ros/install/cppp/share/ament_index/resource_index/package_run_dependencies/cppp
[15.302s] -- Up-to-date: /home/kvothe/ros/install/cppp/share/ament_index/resource_index/parent_prefix_path/cppp
[15.302s] -- Up-to-date: /home/kvothe/ros/install/cppp/share/cppp/environment/ament_prefix_path.sh
[15.302s] -- Up-to-date: /home/kvothe/ros/install/cppp/share/cppp/environment/ament_prefix_path.dsv
[15.303s] -- Up-to-date: /home/kvothe/ros/install/cppp/share/cppp/environment/path.sh
[15.303s] -- Up-to-date: /home/kvothe/ros/install/cppp/share/cppp/environment/path.dsv
[15.303s] -- Up-to-date: /home/kvothe/ros/install/cppp/share/cppp/local_setup.bash
[15.303s] -- Up-to-date: /home/kvothe/ros/install/cppp/share/cppp/local_setup.sh
[15.303s] -- Up-to-date: /home/kvothe/ros/install/cppp/share/cppp/local_setup.zsh
[15.303s] -- Up-to-date: /home/kvothe/ros/install/cppp/share/cppp/local_setup.dsv
[15.303s] -- Installing: /home/kvothe/ros/install/cppp/share/cppp/package.dsv
[15.303s] -- Up-to-date: /home/kvothe/ros/install/cppp/share/ament_index/resource_index/packages/cppp
[15.304s] -- Up-to-date: /home/kvothe/ros/install/cppp/share/cppp/cmake/cpppConfig.cmake
[15.304s] -- Up-to-date: /home/kvothe/ros/install/cppp/share/cppp/cmake/cpppConfig-version.cmake
[15.304s] -- Up-to-date: /home/kvothe/ros/install/cppp/share/cppp/package.xml
[15.305s] Invoked command in '/home/kvothe/ros/build/cppp' returned '0': CMAKE_PREFIX_PATH=/home/kvothe/ros/install/messages:/home/kvothe/ros/install/ros_bringup:/home/kvothe/ros/install/ros_gazebo:/home/kvothe/ros/install/robot_description:/home/kvothe/ros/install/cppp:/home/kvothe/ros/install/soma:/home/kvothe/ros/install/sensor_management:/home/kvothe/ros/install/robot_control:/opt/ros/humble /usr/bin/cmake --install /home/kvothe/ros/build/cppp
