[01m[K/home/kvothe/ros/src/cppp/src/PoseGraphOptimizer.cpp:[m[K In member function ‘[01m[Kvoid PoseGraphOptimizer::optimizeGraph()[m[K’:
[01m[K/home/kvothe/ros/src/cppp/src/PoseGraphOptimizer.cpp:130:112:[m[K [01;31m[Kerror: [m[Kinvalid initialization of reference of type ‘[01m[Kconst std::array<float, 9>&[m[K’ from expression of type ‘[01m[Kconst _covariance_type[m[K’ {aka ‘[01m[Kconst std::array<float, 4>[m[K’}
  130 |                 new PoseLandmarkCost(constraint.rho, constraint.alpha, convertCovariance<double, 9>([01;31m[Kconstraint.covariance[m[K)));
      |                                                                                                     [01;31m[K~~~~~~~~~~~^~~~~~~~~~[m[K
[01m[K/home/kvothe/ros/src/cppp/src/PoseGraphOptimizer.cpp:61:64:[m[K [01;36m[Knote: [m[Kin passing argument 1 of ‘[01m[Kstd::array<_Tp, _Nm> convertCovariance(const std::array<float, N>&) [with T = double; long unsigned int N = 9][m[K’
   61 | std::array<T, N> convertCovariance([01;36m[Kconst std::array<float, N> &covariance[m[K) {
      |                                    [01;36m[K~~~~~~~~~~~~~~~~~~~~~~~~~~~~^~~~~~~~~~[m[K
[01m[K/home/kvothe/ros/src/cppp/src/PoseGraphOptimizer.cpp:137:93:[m[K [01;31m[Kerror: [m[Kno matching function for call to ‘[01m[KLandmarkLandmarkCost::LandmarkLandmarkCost(const _dx_type&, const _dy_type&, const _covariance_type&)[m[K’
  137 |                 new LandmarkLandmarkCost(constraint.dx, constraint.dy, constraint.covariance[01;31m[K)[m[K);
      |                                                                                             [01;31m[K^[m[K
[01m[K/home/kvothe/ros/src/cppp/src/PoseGraphOptimizer.cpp:46:5:[m[K [01;36m[Knote: [m[Kcandidate: ‘[01m[KLandmarkLandmarkCost::LandmarkLandmarkCost(double, double, const std::array<double, 4>&)[m[K’
   46 |     [01;36m[KLandmarkLandmarkCost[m[K(double dx, double dy, const std::array<double, 4> &covariance)
      |     [01;36m[K^~~~~~~~~~~~~~~~~~~~[m[K
[01m[K/home/kvothe/ros/src/cppp/src/PoseGraphOptimizer.cpp:46:77:[m[K [01;36m[Knote: [m[K  no known conversion for argument 3 from ‘[01m[Kconst _covariance_type[m[K’ {aka ‘[01m[Kconst std::array<float, 4>[m[K’} to ‘[01m[Kconst std::array<double, 4>&[m[K’
   46 |     LandmarkLandmarkCost(double dx, double dy, [01;36m[Kconst std::array<double, 4> &covariance[m[K)
      |                                                [01;36m[K~~~~~~~~~~~~~~~~~~~~~~~~~~~~~^~~~~~~~~~[m[K
[01m[K/home/kvothe/ros/src/cppp/src/PoseGraphOptimizer.cpp:45:8:[m[K [01;36m[Knote: [m[Kcandidate: ‘[01m[Kconstexpr LandmarkLandmarkCost::LandmarkLandmarkCost(const LandmarkLandmarkCost&)[m[K’
   45 | struct [01;36m[KLandmarkLandmarkCost[m[K {
      |        [01;36m[K^~~~~~~~~~~~~~~~~~~~[m[K
[01m[K/home/kvothe/ros/src/cppp/src/PoseGraphOptimizer.cpp:45:8:[m[K [01;36m[Knote: [m[K  candidate expects 1 argument, 3 provided
[01m[K/home/kvothe/ros/src/cppp/src/PoseGraphOptimizer.cpp:45:8:[m[K [01;36m[Knote: [m[Kcandidate: ‘[01m[Kconstexpr LandmarkLandmarkCost::LandmarkLandmarkCost(LandmarkLandmarkCost&&)[m[K’
[01m[K/home/kvothe/ros/src/cppp/src/PoseGraphOptimizer.cpp:45:8:[m[K [01;36m[Knote: [m[K  candidate expects 1 argument, 3 provided
gmake[2]: *** [CMakeFiles/PoseGraphOptimizer.dir/build.make:76: CMakeFiles/PoseGraphOptimizer.dir/src/PoseGraphOptimizer.cpp.o] Error 1
gmake[1]: *** [CMakeFiles/Makefile2:389: CMakeFiles/PoseGraphOptimizer.dir/all] Error 2
gmake: *** [Makefile:146: all] Error 2
