[0.253s] Invoking command in '/home/kvothe/ros/build/optim': CMAKE_PREFIX_PATH=${CMAKE_PREFIX_PATH}:/home/kvothe/ros/install/soma:/home/kvothe/ros/install/sensor_management:/home/kvothe/ros/install/robot_control:/opt/ros/humble /usr/bin/cmake --build /home/kvothe/ros/build/optim -- -j12 -l12
[0.294s] -- Found ament_cmake: 1.3.11 (/opt/ros/humble/share/ament_cmake/cmake)
[0.442s] -- Found required Ceres dependency: Eigen version 3.4.0 in /usr/include/eigen3
[0.445s] -- Found required Ceres dependency: glog
[0.445s] -- Found required Ceres dependency: gflags
[0.447s] -- Found Ceres version: 2.0.0 installed in: /usr with components: [EigenSparse, SparseLinearAlgebraLibrary, LAPACK, SuiteSparse, CXSparse, SchurSpecializations, Multithreading]
[0.448s] -- Found rclcpp: 16.0.11 (/opt/ros/humble/share/rclcpp/cmake)
[0.491s] -- Found rosidl_generator_c: 3.1.6 (/opt/ros/humble/share/rosidl_generator_c/cmake)
[0.494s] -- Found rosidl_adapter: 3.1.6 (/opt/ros/humble/share/rosidl_adapter/cmake)
[0.501s] -- Found rosidl_generator_cpp: 3.1.6 (/opt/ros/humble/share/rosidl_generator_cpp/cmake)
[0.515s] -- Using all available rosidl_typesupport_c: rosidl_typesupport_fastrtps_c;rosidl_typesupport_introspection_c
[0.531s] -- Using all available rosidl_typesupport_cpp: rosidl_typesupport_fastrtps_cpp;rosidl_typesupport_introspection_cpp
[0.576s] -- Found rmw_implementation_cmake: 6.1.2 (/opt/ros/humble/share/rmw_implementation_cmake/cmake)
[0.579s] -- Found rmw_fastrtps_cpp: 6.2.7 (/opt/ros/humble/share/rmw_fastrtps_cpp/cmake)
[0.720s] -- Using RMW implementation 'rmw_fastrtps_cpp' as default
[0.803s] -- Found messages: 0.0.0 (/home/kvothe/ros/install/messages/share/messages/cmake)
[0.922s] -- Configuring done
[0.938s] -- Generating done
[0.943s] -- Build files have been written to: /home/kvothe/ros/build/optim
[0.973s] [35m[1mConsolidate compiler generated dependencies of target test_ceres[0m
[0.983s] [ 25%] [32mBuilding CXX object CMakeFiles/SlamOptimizer.dir/src/SlamOptimizer.cpp.o[0m
[0.994s] [ 75%] Built target test_ceres
[8.756s] [100%] [32m[1mLinking CXX executable SlamOptimizer[0m
[9.325s] [100%] Built target SlamOptimizer
[9.350s] Invoked command in '/home/kvothe/ros/build/optim' returned '0': CMAKE_PREFIX_PATH=${CMAKE_PREFIX_PATH}:/home/kvothe/ros/install/soma:/home/kvothe/ros/install/sensor_management:/home/kvothe/ros/install/robot_control:/opt/ros/humble /usr/bin/cmake --build /home/kvothe/ros/build/optim -- -j12 -l12
[9.352s] Invoking command in '/home/kvothe/ros/build/optim': CMAKE_PREFIX_PATH=${CMAKE_PREFIX_PATH}:/home/kvothe/ros/install/soma:/home/kvothe/ros/install/sensor_management:/home/kvothe/ros/install/robot_control:/opt/ros/humble /usr/bin/cmake --install /home/kvothe/ros/build/optim
[9.370s] -- Install configuration: ""
[9.370s] -- Up-to-date: /home/kvothe/ros/install/optim/lib/optim/test_ceres
[9.370s] -- Installing: /home/kvothe/ros/install/optim/lib/optim/SlamOptimizer
[9.374s] -- Set runtime path of "/home/kvothe/ros/install/optim/lib/optim/SlamOptimizer" to ""
[9.375s] -- Up-to-date: /home/kvothe/ros/install/optim/share/ament_index/resource_index/package_run_dependencies/optim
[9.375s] -- Installing: /home/kvothe/ros/install/optim/share/ament_index/resource_index/parent_prefix_path/optim
[9.375s] -- Up-to-date: /home/kvothe/ros/install/optim/share/optim/environment/ament_prefix_path.sh
[9.375s] -- Installing: /home/kvothe/ros/install/optim/share/optim/environment/ament_prefix_path.dsv
[9.375s] -- Up-to-date: /home/kvothe/ros/install/optim/share/optim/environment/path.sh
[9.375s] -- Installing: /home/kvothe/ros/install/optim/share/optim/environment/path.dsv
[9.375s] -- Up-to-date: /home/kvothe/ros/install/optim/share/optim/local_setup.bash
[9.376s] -- Up-to-date: /home/kvothe/ros/install/optim/share/optim/local_setup.sh
[9.376s] -- Up-to-date: /home/kvothe/ros/install/optim/share/optim/local_setup.zsh
[9.376s] -- Installing: /home/kvothe/ros/install/optim/share/optim/local_setup.dsv
[9.376s] -- Installing: /home/kvothe/ros/install/optim/share/optim/package.dsv
[9.376s] -- Up-to-date: /home/kvothe/ros/install/optim/share/ament_index/resource_index/packages/optim
[9.376s] -- Up-to-date: /home/kvothe/ros/install/optim/share/optim/cmake/optimConfig.cmake
[9.376s] -- Up-to-date: /home/kvothe/ros/install/optim/share/optim/cmake/optimConfig-version.cmake
[9.376s] -- Up-to-date: /home/kvothe/ros/install/optim/share/optim/package.xml
[9.378s] Invoked command in '/home/kvothe/ros/build/optim' returned '0': CMAKE_PREFIX_PATH=${CMAKE_PREFIX_PATH}:/home/kvothe/ros/install/soma:/home/kvothe/ros/install/sensor_management:/home/kvothe/ros/install/robot_control:/opt/ros/humble /usr/bin/cmake --install /home/kvothe/ros/build/optim
