[0.028s] Invoking command in '/home/kvothe/ros/build/cppp': CMAKE_PREFIX_PATH=/home/kvothe/ros/install/messages:/home/kvothe/ros/install/ros_bringup:/home/kvothe/ros/install/ros_gazebo:/home/kvothe/ros/install/robot_description:/home/kvothe/ros/install/cppp:/home/kvothe/ros/install/soma:/home/kvothe/ros/install/sensor_management:/home/kvothe/ros/install/robot_control:/opt/ros/humble /usr/bin/cmake --build /home/kvothe/ros/build/cppp -- -j12 -l12
[0.439s] [ 10%] Built target PreprocessNode
[0.440s] [ 20%] Built target LandmarkGraphNode
[0.440s] [ 30%] [32mBuilding CXX object CMakeFiles/PoseGraphOptimizer.dir/src/PoseGraphOptimizer.cpp.o[0m
[0.440s] [ 35%] Built target ScanTransformer
[0.441s] [ 45%] Built target LandmarkTransformerNode
[0.441s] [ 55%] Built target IncrementalLineFittingNode
[0.441s] [ 65%] Built target LandmarkTransformermapNode
[0.441s] [ 80%] Built target HoughLineFittingNode
[0.441s] [ 85%] Built target RansacLineExtractionNode
[0.441s] [ 95%] Built target ScanAccumulator
[19.772s] [100%] [32m[1mLinking CXX executable PoseGraphOptimizer[0m
[21.010s] [100%] Built target PoseGraphOptimizer
[21.027s] Invoked command in '/home/kvothe/ros/build/cppp' returned '0': CMAKE_PREFIX_PATH=/home/kvothe/ros/install/messages:/home/kvothe/ros/install/ros_bringup:/home/kvothe/ros/install/ros_gazebo:/home/kvothe/ros/install/robot_description:/home/kvothe/ros/install/cppp:/home/kvothe/ros/install/soma:/home/kvothe/ros/install/sensor_management:/home/kvothe/ros/install/robot_control:/opt/ros/humble /usr/bin/cmake --build /home/kvothe/ros/build/cppp -- -j12 -l12
[21.029s] Invoking command in '/home/kvothe/ros/build/cppp': CMAKE_PREFIX_PATH=/home/kvothe/ros/install/messages:/home/kvothe/ros/install/ros_bringup:/home/kvothe/ros/install/ros_gazebo:/home/kvothe/ros/install/robot_description:/home/kvothe/ros/install/cppp:/home/kvothe/ros/install/soma:/home/kvothe/ros/install/sensor_management:/home/kvothe/ros/install/robot_control:/opt/ros/humble /usr/bin/cmake --install /home/kvothe/ros/build/cppp
[21.045s] -- Install configuration: ""
[21.046s] -- Up-to-date: /home/kvothe/ros/install/cppp/lib/cppp/LandmarkTransformerNode
[21.046s] -- Up-to-date: /home/kvothe/ros/install/cppp/lib/cppp/ScanAccumulator
[21.046s] -- Up-to-date: /home/kvothe/ros/install/cppp/lib/cppp/PreprocessNode
[21.046s] -- Up-to-date: /home/kvothe/ros/install/cppp/lib/cppp/LandmarkGraphNode
[21.047s] -- Up-to-date: /home/kvothe/ros/install/cppp/lib/cppp/IncrementalLineFittingNode
[21.047s] -- Up-to-date: /home/kvothe/ros/install/cppp/lib/cppp/LandmarkTransformermapNode
[21.047s] -- Up-to-date: /home/kvothe/ros/install/cppp/lib/cppp/HoughLineFittingNode
[21.048s] -- Up-to-date: /home/kvothe/ros/install/cppp/lib/cppp/RansacLineExtractionNode
[21.048s] -- Up-to-date: /home/kvothe/ros/install/cppp/lib/cppp/ScanTransformer
[21.048s] -- Installing: /home/kvothe/ros/install/cppp/lib/cppp/PoseGraphOptimizer
[21.060s] -- Set runtime path of "/home/kvothe/ros/install/cppp/lib/cppp/PoseGraphOptimizer" to ""
[21.060s] -- Up-to-date: /home/kvothe/ros/install/cppp/share/ament_index/resource_index/package_run_dependencies/cppp
[21.060s] -- Up-to-date: /home/kvothe/ros/install/cppp/share/ament_index/resource_index/parent_prefix_path/cppp
[21.060s] -- Up-to-date: /home/kvothe/ros/install/cppp/share/cppp/environment/ament_prefix_path.sh
[21.060s] -- Up-to-date: /home/kvothe/ros/install/cppp/share/cppp/environment/ament_prefix_path.dsv
[21.060s] -- Up-to-date: /home/kvothe/ros/install/cppp/share/cppp/environment/path.sh
[21.061s] -- Up-to-date: /home/kvothe/ros/install/cppp/share/cppp/environment/path.dsv
[21.061s] -- Up-to-date: /home/kvothe/ros/install/cppp/share/cppp/local_setup.bash
[21.061s] -- Up-to-date: /home/kvothe/ros/install/cppp/share/cppp/local_setup.sh
[21.061s] -- Up-to-date: /home/kvothe/ros/install/cppp/share/cppp/local_setup.zsh
[21.061s] -- Up-to-date: /home/kvothe/ros/install/cppp/share/cppp/local_setup.dsv
[21.061s] -- Installing: /home/kvothe/ros/install/cppp/share/cppp/package.dsv
[21.061s] -- Up-to-date: /home/kvothe/ros/install/cppp/share/ament_index/resource_index/packages/cppp
[21.062s] -- Up-to-date: /home/kvothe/ros/install/cppp/share/cppp/cmake/cpppConfig.cmake
[21.062s] -- Up-to-date: /home/kvothe/ros/install/cppp/share/cppp/cmake/cpppConfig-version.cmake
[21.062s] -- Up-to-date: /home/kvothe/ros/install/cppp/share/cppp/package.xml
[21.063s] Invoked command in '/home/kvothe/ros/build/cppp' returned '0': CMAKE_PREFIX_PATH=/home/kvothe/ros/install/messages:/home/kvothe/ros/install/ros_bringup:/home/kvothe/ros/install/ros_gazebo:/home/kvothe/ros/install/robot_description:/home/kvothe/ros/install/cppp:/home/kvothe/ros/install/soma:/home/kvothe/ros/install/sensor_management:/home/kvothe/ros/install/robot_control:/opt/ros/humble /usr/bin/cmake --install /home/kvothe/ros/build/cppp
