[1.079s] Invoking command in '/home/kvothe/ros/src/soma': CMAKE_PREFIX_PATH=/home/kvothe/ros/install/messages:/home/kvothe/ros/install/ros_bringup:/home/kvothe/ros/install/ros_gazebo:/home/kvothe/ros/install/robot_description:/home/kvothe/ros/install/cppp PYTHONPATH=/home/kvothe/ros/build/soma/prefix_override:/usr/lib/python3/dist-packages/colcon_core/task/python/colcon_distutils_commands:/home/kvothe/ros/install/soma/lib/python3.10/site-packages:${PYTHONPATH} /usr/bin/python3 -W ignore:setup.py install is deprecated -W ignore:easy_install command is deprecated setup.py egg_info --egg-base ../../build/soma build --build-base /home/kvothe/ros/build/soma/build install --record /home/kvothe/ros/build/soma/install.log --single-version-externally-managed install_data
[1.281s] running egg_info
[1.281s] writing ../../build/soma/soma.egg-info/PKG-INFO
[1.281s] writing dependency_links to ../../build/soma/soma.egg-info/dependency_links.txt
[1.282s] writing entry points to ../../build/soma/soma.egg-info/entry_points.txt
[1.282s] writing requirements to ../../build/soma/soma.egg-info/requires.txt
[1.282s] writing top-level names to ../../build/soma/soma.egg-info/top_level.txt
[1.284s] reading manifest file '../../build/soma/soma.egg-info/SOURCES.txt'
[1.285s] writing manifest file '../../build/soma/soma.egg-info/SOURCES.txt'
[1.285s] running build
[1.285s] running build_py
[1.285s] copying soma/GraphNode.py -> /home/kvothe/ros/build/soma/build/lib/soma
[1.286s] running install
[1.286s] running install_lib
[1.287s] copying /home/kvothe/ros/build/soma/build/lib/soma/GraphNode.py -> /home/kvothe/ros/install/soma/lib/python3.10/site-packages/soma
[1.288s] byte-compiling /home/kvothe/ros/install/soma/lib/python3.10/site-packages/soma/GraphNode.py to GraphNode.cpython-310.pyc
[1.293s] running install_data
[1.293s] running install_egg_info
[1.294s] removing '/home/kvothe/ros/install/soma/lib/python3.10/site-packages/soma-0.0.0-py3.10.egg-info' (and everything under it)
[1.295s] Copying ../../build/soma/soma.egg-info to /home/kvothe/ros/install/soma/lib/python3.10/site-packages/soma-0.0.0-py3.10.egg-info
[1.296s] running install_scripts
[1.313s] Installing BayesianLandmarkConstraintNode script to /home/kvothe/ros/install/soma/lib/soma
[1.314s] Installing EuclidsLandmarkLandmarkGraphNode script to /home/kvothe/ros/install/soma/lib/soma
[1.314s] Installing GraphNode script to /home/kvothe/ros/install/soma/lib/soma
[1.314s] Installing LandmarkConstraintVisualizer script to /home/kvothe/ros/install/soma/lib/soma
[1.314s] Installing LineSegmentAssociation script to /home/kvothe/ros/install/soma/lib/soma
[1.314s] Installing PoseGraphNode script to /home/kvothe/ros/install/soma/lib/soma
[1.314s] Installing PostProcessingNode script to /home/kvothe/ros/install/soma/lib/soma
[1.314s] Installing SWMANode script to /home/kvothe/ros/install/soma/lib/soma
[1.315s] writing list of installed files to '/home/kvothe/ros/build/soma/install.log'
[1.346s] Invoked command in '/home/kvothe/ros/src/soma' returned '0': CMAKE_PREFIX_PATH=/home/kvothe/ros/install/messages:/home/kvothe/ros/install/ros_bringup:/home/kvothe/ros/install/ros_gazebo:/home/kvothe/ros/install/robot_description:/home/kvothe/ros/install/cppp PYTHONPATH=/home/kvothe/ros/build/soma/prefix_override:/usr/lib/python3/dist-packages/colcon_core/task/python/colcon_distutils_commands:/home/kvothe/ros/install/soma/lib/python3.10/site-packages:${PYTHONPATH} /usr/bin/python3 -W ignore:setup.py install is deprecated -W ignore:easy_install command is deprecated setup.py egg_info --egg-base ../../build/soma build --build-base /home/kvothe/ros/build/soma/build install --record /home/kvothe/ros/build/soma/install.log --single-version-externally-managed install_data
