[35m[1mConsolidate compiler generated dependencies of target PoseGraphOptimizer[0m
[ 20%] Built target PreprocessNode
[ 20%] Built target ScanTransformer
[ 30%] Built target LandmarkGraphNode
[ 40%] Built target LandmarkTransformermapNode
[ 50%] Built target LandmarkTransformerNode
[ 55%] [32mBuilding CXX object CMakeFiles/PoseGraphOptimizer.dir/src/PoseGraphOptimizer.cpp.o[0m
[ 75%] Built target IncrementalLineFittingNode
[ 75%] Built target HoughLineFittingNode
[ 85%] Built target RansacLineExtractionNode
[ 95%] Built target ScanAccumulator
In file included from [01m[K/opt/ros/humble/include/rclcpp/rclcpp/client.hpp:40[m[K,
                 from [01m[K/opt/ros/humble/include/rclcpp/rclcpp/callback_group.hpp:24[m[K,
                 from [01m[K/opt/ros/humble/include/rclcpp/rclcpp/any_executable.hpp:20[m[K,
                 from [01m[K/opt/ros/humble/include/rclcpp/rclcpp/memory_strategy.hpp:25[m[K,
                 from [01m[K/opt/ros/humble/include/rclcpp/rclcpp/memory_strategies.hpp:18[m[K,
                 from [01m[K/opt/ros/humble/include/rclcpp/rclcpp/executor_options.hpp:20[m[K,
                 from [01m[K/opt/ros/humble/include/rclcpp/rclcpp/executor.hpp:37[m[K,
                 from [01m[K/opt/ros/humble/include/rclcpp/rclcpp/executors/multi_threaded_executor.hpp:25[m[K,
                 from [01m[K/opt/ros/humble/include/rclcpp/rclcpp/executors.hpp:21[m[K,
                 from [01m[K/opt/ros/humble/include/rclcpp/rclcpp/rclcpp.hpp:155[m[K,
                 from [01m[K/home/kvothe/ros/src/cppp/src/PoseGraphOptimizer.cpp:1[m[K:
[01m[K/home/kvothe/ros/src/cppp/src/PoseGraphOptimizer.cpp:302:5:[m[K [01;31m[Kerror: [m[Kexpected unqualified-id before ‘[01m[Kdo[m[K’
  302 |     [01;31m[KRCLCPP_INFO[m[K(this->get_logger(), "Optimized Landmarks:");
      |     [01;31m[K^~~~~~~~~~~[m[K
[01m[K/home/kvothe/ros/src/cppp/src/PoseGraphOptimizer.cpp:302:5:[m[K [01;31m[Kerror: [m[Kexpected unqualified-id before ‘[01m[Kwhile[m[K’
  302 |     [01;31m[KRCLCPP_INFO[m[K(this->get_logger(), "Optimized Landmarks:");
      |     [01;31m[K^~~~~~~~~~~[m[K
[01m[K/home/kvothe/ros/src/cppp/src/PoseGraphOptimizer.cpp:303:5:[m[K [01;31m[Kerror: [m[Kexpected unqualified-id before ‘[01m[Kfor[m[K’
  303 |     [01;31m[Kfor[m[K (size_t i = 0; i < landmark_variables.size(); ++i) {
      |     [01;31m[K^~~[m[K
[01m[K/home/kvothe/ros/src/cppp/src/PoseGraphOptimizer.cpp:303:24:[m[K [01;31m[Kerror: [m[K‘[01m[Ki[m[K’ does not name a type
  303 |     for (size_t i = 0; [01;31m[Ki[m[K < landmark_variables.size(); ++i) {
      |                        [01;31m[K^[m[K
[01m[K/home/kvothe/ros/src/cppp/src/PoseGraphOptimizer.cpp:303:55:[m[K [01;31m[Kerror: [m[Kexpected unqualified-id before ‘[01m[K++[m[K’ token
  303 |     for (size_t i = 0; i < landmark_variables.size(); [01;31m[K++[m[Ki) {
      |                                                       [01;31m[K^~[m[K
gmake[2]: *** [CMakeFiles/PoseGraphOptimizer.dir/build.make:76: CMakeFiles/PoseGraphOptimizer.dir/src/PoseGraphOptimizer.cpp.o] Error 1
gmake[1]: *** [CMakeFiles/Makefile2:389: CMakeFiles/PoseGraphOptimizer.dir/all] Error 2
gmake: *** [Makefile:146: all] Error 2
