[0.048s] Invoking command in '/home/kvothe/ros/build/cppp': CMAKE_PREFIX_PATH=/home/kvothe/ros/install/messages:/home/kvothe/ros/install/ros_bringup:/home/kvothe/ros/install/ros_gazebo:/home/kvothe/ros/install/robot_description:/home/kvothe/ros/install/cppp:/home/kvothe/ros/install/soma:/home/kvothe/ros/install/sensor_management:/home/kvothe/ros/install/robot_control:/opt/ros/humble /usr/bin/cmake --build /home/kvothe/ros/build/cppp -- -j12 -l12
[0.737s] [ 10%] Built target PreprocessNode
[0.738s] [ 20%] Built target LandmarkGraphNode
[0.738s] [ 30%] Built target LandmarkTransformermapNode
[0.738s] [ 40%] Built target ScanTransformer
[0.738s] [ 70%] Built target IncrementalLineFittingNode
[0.738s] [ 70%] Built target RansacLineExtractionNode
[0.739s] [ 70%] Built target LandmarkTransformerNode
[0.739s] [ 80%] Built target HoughLineFittingNode
[0.739s] [ 90%] Built target PoseGraphOptimizer
[0.739s] [100%] Built target ScanAccumulator
[1.205s] Invoked command in '/home/kvothe/ros/build/cppp' returned '0': CMAKE_PREFIX_PATH=/home/kvothe/ros/install/messages:/home/kvothe/ros/install/ros_bringup:/home/kvothe/ros/install/ros_gazebo:/home/kvothe/ros/install/robot_description:/home/kvothe/ros/install/cppp:/home/kvothe/ros/install/soma:/home/kvothe/ros/install/sensor_management:/home/kvothe/ros/install/robot_control:/opt/ros/humble /usr/bin/cmake --build /home/kvothe/ros/build/cppp -- -j12 -l12
[1.208s] Invoking command in '/home/kvothe/ros/build/cppp': CMAKE_PREFIX_PATH=/home/kvothe/ros/install/messages:/home/kvothe/ros/install/ros_bringup:/home/kvothe/ros/install/ros_gazebo:/home/kvothe/ros/install/robot_description:/home/kvothe/ros/install/cppp:/home/kvothe/ros/install/soma:/home/kvothe/ros/install/sensor_management:/home/kvothe/ros/install/robot_control:/opt/ros/humble /usr/bin/cmake --install /home/kvothe/ros/build/cppp
[1.230s] -- Install configuration: ""
[1.231s] -- Up-to-date: /home/kvothe/ros/install/cppp/lib/cppp/LandmarkTransformerNode
[1.232s] -- Up-to-date: /home/kvothe/ros/install/cppp/lib/cppp/ScanAccumulator
[1.233s] -- Up-to-date: /home/kvothe/ros/install/cppp/lib/cppp/PreprocessNode
[1.234s] -- Up-to-date: /home/kvothe/ros/install/cppp/lib/cppp/LandmarkGraphNode
[1.235s] -- Up-to-date: /home/kvothe/ros/install/cppp/lib/cppp/IncrementalLineFittingNode
[1.237s] -- Up-to-date: /home/kvothe/ros/install/cppp/lib/cppp/LandmarkTransformermapNode
[1.238s] -- Up-to-date: /home/kvothe/ros/install/cppp/lib/cppp/HoughLineFittingNode
[1.239s] -- Up-to-date: /home/kvothe/ros/install/cppp/lib/cppp/RansacLineExtractionNode
[1.240s] -- Up-to-date: /home/kvothe/ros/install/cppp/lib/cppp/ScanTransformer
[1.242s] -- Up-to-date: /home/kvothe/ros/install/cppp/lib/cppp/PoseGraphOptimizer
[1.242s] -- Up-to-date: /home/kvothe/ros/install/cppp/share/ament_index/resource_index/package_run_dependencies/cppp
[1.242s] -- Up-to-date: /home/kvothe/ros/install/cppp/share/ament_index/resource_index/parent_prefix_path/cppp
[1.243s] -- Up-to-date: /home/kvothe/ros/install/cppp/share/cppp/environment/ament_prefix_path.sh
[1.243s] -- Up-to-date: /home/kvothe/ros/install/cppp/share/cppp/environment/ament_prefix_path.dsv
[1.243s] -- Up-to-date: /home/kvothe/ros/install/cppp/share/cppp/environment/path.sh
[1.243s] -- Up-to-date: /home/kvothe/ros/install/cppp/share/cppp/environment/path.dsv
[1.244s] -- Up-to-date: /home/kvothe/ros/install/cppp/share/cppp/local_setup.bash
[1.244s] -- Up-to-date: /home/kvothe/ros/install/cppp/share/cppp/local_setup.sh
[1.244s] -- Up-to-date: /home/kvothe/ros/install/cppp/share/cppp/local_setup.zsh
[1.244s] -- Up-to-date: /home/kvothe/ros/install/cppp/share/cppp/local_setup.dsv
[1.244s] -- Installing: /home/kvothe/ros/install/cppp/share/cppp/package.dsv
[1.244s] -- Up-to-date: /home/kvothe/ros/install/cppp/share/ament_index/resource_index/packages/cppp
[1.245s] -- Up-to-date: /home/kvothe/ros/install/cppp/share/cppp/cmake/cpppConfig.cmake
[1.245s] -- Up-to-date: /home/kvothe/ros/install/cppp/share/cppp/cmake/cpppConfig-version.cmake
[1.245s] -- Up-to-date: /home/kvothe/ros/install/cppp/share/cppp/package.xml
[1.251s] Invoked command in '/home/kvothe/ros/build/cppp' returned '0': CMAKE_PREFIX_PATH=/home/kvothe/ros/install/messages:/home/kvothe/ros/install/ros_bringup:/home/kvothe/ros/install/ros_gazebo:/home/kvothe/ros/install/robot_description:/home/kvothe/ros/install/cppp:/home/kvothe/ros/install/soma:/home/kvothe/ros/install/sensor_management:/home/kvothe/ros/install/robot_control:/opt/ros/humble /usr/bin/cmake --install /home/kvothe/ros/build/cppp
