[0.803s] Invoking command in '/home/kvothe/ros/src/sensor_management': CMAKE_PREFIX_PATH=/home/kvothe/ros/install/messages:/home/kvothe/ros/install/ros_bringup:/home/kvothe/ros/install/ros_gazebo:/home/kvothe/ros/install/robot_description:/home/kvothe/ros/install/cppp LD_LIBRARY_PATH=/home/kvothe/ros/install/messages/lib:/path/to/copied/gtsam/lib:/opt/ros/humble/opt/rviz_ogre_vendor/lib:/opt/ros/humble/lib/x86_64-linux-gnu:/opt/ros/humble/lib PYTHONPATH=/home/kvothe/ros/build/sensor_management/prefix_override:/usr/lib/python3/dist-packages/colcon_core/task/python/colcon_distutils_commands:/home/kvothe/ros/install/sensor_management/lib/python3.10/site-packages:${PYTHONPATH} /usr/bin/python3 -W ignore:setup.py install is deprecated -W ignore:easy_install command is deprecated setup.py egg_info --egg-base ../../build/sensor_management build --build-base /home/kvothe/ros/build/sensor_management/build install --record /home/kvothe/ros/build/sensor_management/install.log --single-version-externally-managed install_data
[0.982s] running egg_info
[0.983s] writing ../../build/sensor_management/sensor_management.egg-info/PKG-INFO
[0.983s] writing dependency_links to ../../build/sensor_management/sensor_management.egg-info/dependency_links.txt
[0.983s] writing entry points to ../../build/sensor_management/sensor_management.egg-info/entry_points.txt
[0.983s] writing requirements to ../../build/sensor_management/sensor_management.egg-info/requires.txt
[0.984s] writing top-level names to ../../build/sensor_management/sensor_management.egg-info/top_level.txt
[0.985s] reading manifest file '../../build/sensor_management/sensor_management.egg-info/SOURCES.txt'
[0.986s] writing manifest file '../../build/sensor_management/sensor_management.egg-info/SOURCES.txt'
[0.986s] running build
[0.986s] running build_py
[0.986s] running install
[0.986s] running install_lib
[0.987s] running install_data
[0.988s] running install_egg_info
[0.990s] removing '/home/kvothe/ros/install/sensor_management/lib/python3.10/site-packages/sensor_management-0.0.0-py3.10.egg-info' (and everything under it)
[0.990s] Copying ../../build/sensor_management/sensor_management.egg-info to /home/kvothe/ros/install/sensor_management/lib/python3.10/site-packages/sensor_management-0.0.0-py3.10.egg-info
[0.991s] running install_scripts
[1.008s] Installing LandmarkLandmarkVisualizationNode script to /home/kvothe/ros/install/sensor_management/lib/sensor_management
[1.008s] Installing Linesegviz script to /home/kvothe/ros/install/sensor_management/lib/sensor_management
[1.008s] Installing PoseGraphViz script to /home/kvothe/ros/install/sensor_management/lib/sensor_management
[1.009s] Installing PostPoseGraphViz script to /home/kvothe/ros/install/sensor_management/lib/sensor_management
[1.009s] Installing fusion script to /home/kvothe/ros/install/sensor_management/lib/sensor_management
[1.009s] Installing linesegmentvisualizer script to /home/kvothe/ros/install/sensor_management/lib/sensor_management
[1.009s] Installing sparsesampler script to /home/kvothe/ros/install/sensor_management/lib/sensor_management
[1.009s] writing list of installed files to '/home/kvothe/ros/build/sensor_management/install.log'
[1.030s] Invoked command in '/home/kvothe/ros/src/sensor_management' returned '0': CMAKE_PREFIX_PATH=/home/kvothe/ros/install/messages:/home/kvothe/ros/install/ros_bringup:/home/kvothe/ros/install/ros_gazebo:/home/kvothe/ros/install/robot_description:/home/kvothe/ros/install/cppp LD_LIBRARY_PATH=/home/kvothe/ros/install/messages/lib:/path/to/copied/gtsam/lib:/opt/ros/humble/opt/rviz_ogre_vendor/lib:/opt/ros/humble/lib/x86_64-linux-gnu:/opt/ros/humble/lib PYTHONPATH=/home/kvothe/ros/build/sensor_management/prefix_override:/usr/lib/python3/dist-packages/colcon_core/task/python/colcon_distutils_commands:/home/kvothe/ros/install/sensor_management/lib/python3.10/site-packages:${PYTHONPATH} /usr/bin/python3 -W ignore:setup.py install is deprecated -W ignore:easy_install command is deprecated setup.py egg_info --egg-base ../../build/sensor_management build --build-base /home/kvothe/ros/build/sensor_management/build install --record /home/kvothe/ros/build/sensor_management/install.log --single-version-externally-managed install_data
