[0.033s] Invoking command in '/home/kvothe/ros/build/messages': CMAKE_PREFIX_PATH=${CMAKE_PREFIX_PATH}:/home/kvothe/ros/install/soma:/home/kvothe/ros/install/sensor_management:/home/kvothe/ros/install/robot_control:/opt/ros/humble /usr/bin/cmake --build /home/kvothe/ros/build/messages -- -j12 -l12
[0.121s] [  1%] Built target messages__cpp
[0.168s] [  1%] Built target ament_cmake_python_symlink_messages
[0.212s] [ 12%] Built target messages__rosidl_typesupport_introspection_cpp
[0.549s] running egg_info
[0.550s] writing messages.egg-info/PKG-INFO
[0.550s] writing dependency_links to messages.egg-info/dependency_links.txt
[0.550s] writing top-level names to messages.egg-info/top_level.txt
[0.554s] reading manifest file 'messages.egg-info/SOURCES.txt'
[0.554s] writing manifest file 'messages.egg-info/SOURCES.txt'
[0.596s] [ 12%] Built target ament_cmake_python_build_messages_egg
[0.640s] [ 24%] Built target messages__rosidl_typesupport_fastrtps_cpp
[0.679s] [ 35%] Built target messages__rosidl_typesupport_cpp
[0.719s] [ 47%] Built target messages__rosidl_generator_c
[0.765s] [ 58%] Built target messages__rosidl_typesupport_fastrtps_c
[0.816s] [ 70%] Built target messages__rosidl_typesupport_c
[0.860s] [ 82%] Built target messages__rosidl_typesupport_introspection_c
[0.897s] [ 82%] Built target messages
[0.935s] [ 83%] Built target messages__py
[0.983s] [ 93%] Built target messages__rosidl_generator_py
[1.028s] [ 95%] Built target messages__rosidl_typesupport_fastrtps_c__pyext
[1.068s] [ 97%] Built target messages__rosidl_typesupport_c__pyext
[1.110s] [100%] Built target messages__rosidl_typesupport_introspection_c__pyext
[1.133s] Invoked command in '/home/kvothe/ros/build/messages' returned '0': CMAKE_PREFIX_PATH=${CMAKE_PREFIX_PATH}:/home/kvothe/ros/install/soma:/home/kvothe/ros/install/sensor_management:/home/kvothe/ros/install/robot_control:/opt/ros/humble /usr/bin/cmake --build /home/kvothe/ros/build/messages -- -j12 -l12
[1.135s] Invoking command in '/home/kvothe/ros/build/messages': CMAKE_PREFIX_PATH=${CMAKE_PREFIX_PATH}:/home/kvothe/ros/install/soma:/home/kvothe/ros/install/sensor_management:/home/kvothe/ros/install/robot_control:/opt/ros/humble /usr/bin/cmake --install /home/kvothe/ros/build/messages
[1.147s] -- Install configuration: ""
[1.148s] -- Execute custom install script
[1.149s] -- Up-to-date symlink: /home/kvothe/ros/install/messages/share/ament_index/resource_index/rosidl_interfaces/messages
[1.150s] -- Up-to-date symlink: /home/kvothe/ros/install/messages/include/messages/messages/msg/detail/landmark_constraint__functions.h
[1.151s] -- Up-to-date symlink: /home/kvothe/ros/install/messages/include/messages/messages/msg/detail/landmark_constraint__struct.h
[1.151s] -- Up-to-date symlink: /home/kvothe/ros/install/messages/include/messages/messages/msg/detail/landmark_constraint__type_support.h
[1.151s] -- Up-to-date symlink: /home/kvothe/ros/install/messages/include/messages/messages/msg/detail/landmark_constraint_list__functions.h
[1.151s] -- Up-to-date symlink: /home/kvothe/ros/install/messages/include/messages/messages/msg/detail/landmark_constraint_list__struct.h
[1.151s] -- Up-to-date symlink: /home/kvothe/ros/install/messages/include/messages/messages/msg/detail/landmark_constraint_list__type_support.h
[1.152s] -- Up-to-date symlink: /home/kvothe/ros/install/messages/include/messages/messages/msg/detail/landmark_landmark_constraint__functions.h
[1.152s] -- Up-to-date symlink: /home/kvothe/ros/install/messages/include/messages/messages/msg/detail/landmark_landmark_constraint__struct.h
[1.152s] -- Up-to-date symlink: /home/kvothe/ros/install/messages/include/messages/messages/msg/detail/landmark_landmark_constraint__type_support.h
[1.152s] -- Up-to-date symlink: /home/kvothe/ros/install/messages/include/messages/messages/msg/detail/landmark_landmark_constraint_list__functions.h
[1.152s] -- Up-to-date symlink: /home/kvothe/ros/install/messages/include/messages/messages/msg/detail/landmark_landmark_constraint_list__struct.h
[1.152s] -- Up-to-date symlink: /home/kvothe/ros/install/messages/include/messages/messages/msg/detail/landmark_landmark_constraint_list__type_support.h
[1.153s] -- Up-to-date symlink: /home/kvothe/ros/install/messages/include/messages/messages/msg/detail/line_segment__functions.h
[1.153s] -- Up-to-date symlink: /home/kvothe/ros/install/messages/include/messages/messages/msg/detail/line_segment__struct.h
[1.153s] -- Up-to-date symlink: /home/kvothe/ros/install/messages/include/messages/messages/msg/detail/line_segment__type_support.h
[1.153s] -- Up-to-date symlink: /home/kvothe/ros/install/messages/include/messages/messages/msg/detail/line_segment_list__functions.h
[1.153s] -- Up-to-date symlink: /home/kvothe/ros/install/messages/include/messages/messages/msg/detail/line_segment_list__struct.h
[1.154s] -- Up-to-date symlink: /home/kvothe/ros/install/messages/include/messages/messages/msg/detail/line_segment_list__type_support.h
[1.154s] -- Up-to-date symlink: /home/kvothe/ros/install/messages/include/messages/messages/msg/detail/pose_constraint__functions.h
[1.154s] -- Up-to-date symlink: /home/kvothe/ros/install/messages/include/messages/messages/msg/detail/pose_constraint__struct.h
[1.154s] -- Up-to-date symlink: /home/kvothe/ros/install/messages/include/messages/messages/msg/detail/pose_constraint__type_support.h
[1.154s] -- Up-to-date symlink: /home/kvothe/ros/install/messages/include/messages/messages/msg/detail/pose_graph__functions.h
[1.154s] -- Up-to-date symlink: /home/kvothe/ros/install/messages/include/messages/messages/msg/detail/pose_graph__struct.h
[1.155s] -- Up-to-date symlink: /home/kvothe/ros/install/messages/include/messages/messages/msg/detail/pose_graph__type_support.h
[1.155s] -- Up-to-date symlink: /home/kvothe/ros/install/messages/include/messages/messages/msg/detail/pose_node__functions.h
[1.155s] -- Up-to-date symlink: /home/kvothe/ros/install/messages/include/messages/messages/msg/detail/pose_node__struct.h
[1.155s] -- Up-to-date symlink: /home/kvothe/ros/install/messages/include/messages/messages/msg/detail/pose_node__type_support.h
[1.155s] -- Up-to-date symlink: /home/kvothe/ros/install/messages/include/messages/messages/msg/landmark_constraint.h
[1.156s] -- Up-to-date symlink: /home/kvothe/ros/install/messages/include/messages/messages/msg/landmark_constraint_list.h
[1.156s] -- Up-to-date symlink: /home/kvothe/ros/install/messages/include/messages/messages/msg/landmark_landmark_constraint.h
[1.156s] -- Up-to-date symlink: /home/kvothe/ros/install/messages/include/messages/messages/msg/landmark_landmark_constraint_list.h
[1.156s] -- Up-to-date symlink: /home/kvothe/ros/install/messages/include/messages/messages/msg/line_segment.h
[1.156s] -- Up-to-date symlink: /home/kvothe/ros/install/messages/include/messages/messages/msg/line_segment_list.h
[1.157s] -- Up-to-date symlink: /home/kvothe/ros/install/messages/include/messages/messages/msg/pose_constraint.h
[1.157s] -- Up-to-date symlink: /home/kvothe/ros/install/messages/include/messages/messages/msg/pose_graph.h
[1.157s] -- Up-to-date symlink: /home/kvothe/ros/install/messages/include/messages/messages/msg/pose_node.h
[1.157s] -- Up-to-date symlink: /home/kvothe/ros/install/messages/include/messages/messages/msg/rosidl_generator_c__visibility_control.h
[1.157s] -- Up-to-date symlink: /home/kvothe/ros/install/messages/share/messages/environment/library_path.sh
[1.158s] -- Up-to-date symlink: /home/kvothe/ros/install/messages/share/messages/environment/library_path.dsv
[1.159s] -- Up-to-date symlink: /home/kvothe/ros/install/messages/include/messages/messages/msg/detail/landmark_constraint__rosidl_typesupport_fastrtps_c.h
[1.159s] -- Up-to-date symlink: /home/kvothe/ros/install/messages/include/messages/messages/msg/detail/landmark_constraint_list__rosidl_typesupport_fastrtps_c.h
[1.159s] -- Up-to-date symlink: /home/kvothe/ros/install/messages/include/messages/messages/msg/detail/landmark_landmark_constraint__rosidl_typesupport_fastrtps_c.h
[1.159s] -- Up-to-date symlink: /home/kvothe/ros/install/messages/include/messages/messages/msg/detail/landmark_landmark_constraint_list__rosidl_typesupport_fastrtps_c.h
[1.160s] -- Up-to-date symlink: /home/kvothe/ros/install/messages/include/messages/messages/msg/detail/line_segment__rosidl_typesupport_fastrtps_c.h
[1.160s] -- Up-to-date symlink: /home/kvothe/ros/install/messages/include/messages/messages/msg/detail/line_segment_list__rosidl_typesupport_fastrtps_c.h
[1.160s] -- Up-to-date symlink: /home/kvothe/ros/install/messages/include/messages/messages/msg/detail/pose_constraint__rosidl_typesupport_fastrtps_c.h
[1.160s] -- Up-to-date symlink: /home/kvothe/ros/install/messages/include/messages/messages/msg/detail/pose_graph__rosidl_typesupport_fastrtps_c.h
[1.161s] -- Up-to-date symlink: /home/kvothe/ros/install/messages/include/messages/messages/msg/detail/pose_node__rosidl_typesupport_fastrtps_c.h
[1.161s] -- Up-to-date symlink: /home/kvothe/ros/install/messages/include/messages/messages/msg/rosidl_typesupport_fastrtps_c__visibility_control.h
[1.162s] -- Up-to-date symlink: /home/kvothe/ros/install/messages/include/messages/messages/msg/detail/landmark_constraint__rosidl_typesupport_introspection_c.h
[1.162s] -- Up-to-date symlink: /home/kvothe/ros/install/messages/include/messages/messages/msg/detail/landmark_constraint_list__rosidl_typesupport_introspection_c.h
[1.163s] -- Up-to-date symlink: /home/kvothe/ros/install/messages/include/messages/messages/msg/detail/landmark_landmark_constraint__rosidl_typesupport_introspection_c.h
[1.163s] -- Up-to-date symlink: /home/kvothe/ros/install/messages/include/messages/messages/msg/detail/landmark_landmark_constraint_list__rosidl_typesupport_introspection_c.h
[1.163s] -- Up-to-date symlink: /home/kvothe/ros/install/messages/include/messages/messages/msg/detail/line_segment__rosidl_typesupport_introspection_c.h
[1.163s] -- Up-to-date symlink: /home/kvothe/ros/install/messages/include/messages/messages/msg/detail/line_segment_list__rosidl_typesupport_introspection_c.h
[1.163s] -- Up-to-date symlink: /home/kvothe/ros/install/messages/include/messages/messages/msg/detail/pose_constraint__rosidl_typesupport_introspection_c.h
[1.164s] -- Up-to-date symlink: /home/kvothe/ros/install/messages/include/messages/messages/msg/detail/pose_graph__rosidl_typesupport_introspection_c.h
[1.164s] -- Up-to-date symlink: /home/kvothe/ros/install/messages/include/messages/messages/msg/detail/pose_node__rosidl_typesupport_introspection_c.h
[1.164s] -- Up-to-date symlink: /home/kvothe/ros/install/messages/include/messages/messages/msg/rosidl_typesupport_introspection_c__visibility_control.h
[1.165s] -- Up-to-date symlink: /home/kvothe/ros/install/messages/include/messages/messages/msg/detail/landmark_constraint__builder.hpp
[1.166s] -- Up-to-date symlink: /home/kvothe/ros/install/messages/include/messages/messages/msg/detail/landmark_constraint__struct.hpp
[1.166s] -- Up-to-date symlink: /home/kvothe/ros/install/messages/include/messages/messages/msg/detail/landmark_constraint__traits.hpp
[1.166s] -- Up-to-date symlink: /home/kvothe/ros/install/messages/include/messages/messages/msg/detail/landmark_constraint__type_support.hpp
[1.166s] -- Up-to-date symlink: /home/kvothe/ros/install/messages/include/messages/messages/msg/detail/landmark_constraint_list__builder.hpp
[1.166s] -- Up-to-date symlink: /home/kvothe/ros/install/messages/include/messages/messages/msg/detail/landmark_constraint_list__struct.hpp
[1.166s] -- Up-to-date symlink: /home/kvothe/ros/install/messages/include/messages/messages/msg/detail/landmark_constraint_list__traits.hpp
[1.167s] -- Up-to-date symlink: /home/kvothe/ros/install/messages/include/messages/messages/msg/detail/landmark_constraint_list__type_support.hpp
[1.167s] -- Up-to-date symlink: /home/kvothe/ros/install/messages/include/messages/messages/msg/detail/landmark_landmark_constraint__builder.hpp
[1.167s] -- Up-to-date symlink: /home/kvothe/ros/install/messages/include/messages/messages/msg/detail/landmark_landmark_constraint__struct.hpp
[1.167s] -- Up-to-date symlink: /home/kvothe/ros/install/messages/include/messages/messages/msg/detail/landmark_landmark_constraint__traits.hpp
[1.167s] -- Up-to-date symlink: /home/kvothe/ros/install/messages/include/messages/messages/msg/detail/landmark_landmark_constraint__type_support.hpp
[1.168s] -- Up-to-date symlink: /home/kvothe/ros/install/messages/include/messages/messages/msg/detail/landmark_landmark_constraint_list__builder.hpp
[1.168s] -- Up-to-date symlink: /home/kvothe/ros/install/messages/include/messages/messages/msg/detail/landmark_landmark_constraint_list__struct.hpp
[1.168s] -- Up-to-date symlink: /home/kvothe/ros/install/messages/include/messages/messages/msg/detail/landmark_landmark_constraint_list__traits.hpp
[1.168s] -- Up-to-date symlink: /home/kvothe/ros/install/messages/include/messages/messages/msg/detail/landmark_landmark_constraint_list__type_support.hpp
[1.168s] -- Up-to-date symlink: /home/kvothe/ros/install/messages/include/messages/messages/msg/detail/line_segment__builder.hpp
[1.169s] -- Up-to-date symlink: /home/kvothe/ros/install/messages/include/messages/messages/msg/detail/line_segment__struct.hpp
[1.169s] -- Up-to-date symlink: /home/kvothe/ros/install/messages/include/messages/messages/msg/detail/line_segment__traits.hpp
[1.169s] -- Up-to-date symlink: /home/kvothe/ros/install/messages/include/messages/messages/msg/detail/line_segment__type_support.hpp
[1.169s] -- Up-to-date symlink: /home/kvothe/ros/install/messages/include/messages/messages/msg/detail/line_segment_list__builder.hpp
[1.169s] -- Up-to-date symlink: /home/kvothe/ros/install/messages/include/messages/messages/msg/detail/line_segment_list__struct.hpp
[1.170s] -- Up-to-date symlink: /home/kvothe/ros/install/messages/include/messages/messages/msg/detail/line_segment_list__traits.hpp
[1.170s] -- Up-to-date symlink: /home/kvothe/ros/install/messages/include/messages/messages/msg/detail/line_segment_list__type_support.hpp
[1.170s] -- Up-to-date symlink: /home/kvothe/ros/install/messages/include/messages/messages/msg/detail/pose_constraint__builder.hpp
[1.170s] -- Up-to-date symlink: /home/kvothe/ros/install/messages/include/messages/messages/msg/detail/pose_constraint__struct.hpp
[1.170s] -- Up-to-date symlink: /home/kvothe/ros/install/messages/include/messages/messages/msg/detail/pose_constraint__traits.hpp
[1.170s] -- Up-to-date symlink: /home/kvothe/ros/install/messages/include/messages/messages/msg/detail/pose_constraint__type_support.hpp
[1.171s] -- Up-to-date symlink: /home/kvothe/ros/install/messages/include/messages/messages/msg/detail/pose_graph__builder.hpp
[1.171s] -- Up-to-date symlink: /home/kvothe/ros/install/messages/include/messages/messages/msg/detail/pose_graph__struct.hpp
[1.171s] -- Up-to-date symlink: /home/kvothe/ros/install/messages/include/messages/messages/msg/detail/pose_graph__traits.hpp
[1.171s] -- Up-to-date symlink: /home/kvothe/ros/install/messages/include/messages/messages/msg/detail/pose_graph__type_support.hpp
[1.171s] -- Up-to-date symlink: /home/kvothe/ros/install/messages/include/messages/messages/msg/detail/pose_node__builder.hpp
[1.172s] -- Up-to-date symlink: /home/kvothe/ros/install/messages/include/messages/messages/msg/detail/pose_node__struct.hpp
[1.172s] -- Up-to-date symlink: /home/kvothe/ros/install/messages/include/messages/messages/msg/detail/pose_node__traits.hpp
[1.172s] -- Up-to-date symlink: /home/kvothe/ros/install/messages/include/messages/messages/msg/detail/pose_node__type_support.hpp
[1.172s] -- Up-to-date symlink: /home/kvothe/ros/install/messages/include/messages/messages/msg/landmark_constraint.hpp
[1.173s] -- Up-to-date symlink: /home/kvothe/ros/install/messages/include/messages/messages/msg/landmark_constraint_list.hpp
[1.173s] -- Up-to-date symlink: /home/kvothe/ros/install/messages/include/messages/messages/msg/landmark_landmark_constraint.hpp
[1.173s] -- Up-to-date symlink: /home/kvothe/ros/install/messages/include/messages/messages/msg/landmark_landmark_constraint_list.hpp
[1.173s] -- Up-to-date symlink: /home/kvothe/ros/install/messages/include/messages/messages/msg/line_segment.hpp
[1.173s] -- Up-to-date symlink: /home/kvothe/ros/install/messages/include/messages/messages/msg/line_segment_list.hpp
[1.174s] -- Up-to-date symlink: /home/kvothe/ros/install/messages/include/messages/messages/msg/pose_constraint.hpp
[1.174s] -- Up-to-date symlink: /home/kvothe/ros/install/messages/include/messages/messages/msg/pose_graph.hpp
[1.174s] -- Up-to-date symlink: /home/kvothe/ros/install/messages/include/messages/messages/msg/pose_node.hpp
[1.174s] -- Up-to-date symlink: /home/kvothe/ros/install/messages/include/messages/messages/msg/rosidl_generator_cpp__visibility_control.hpp
[1.175s] -- Up-to-date symlink: /home/kvothe/ros/install/messages/include/messages/messages/msg/detail/landmark_constraint__rosidl_typesupport_fastrtps_cpp.hpp
[1.175s] -- Up-to-date symlink: /home/kvothe/ros/install/messages/include/messages/messages/msg/detail/landmark_constraint_list__rosidl_typesupport_fastrtps_cpp.hpp
[1.175s] -- Up-to-date symlink: /home/kvothe/ros/install/messages/include/messages/messages/msg/detail/landmark_landmark_constraint__rosidl_typesupport_fastrtps_cpp.hpp
[1.175s] -- Up-to-date symlink: /home/kvothe/ros/install/messages/include/messages/messages/msg/detail/landmark_landmark_constraint_list__rosidl_typesupport_fastrtps_cpp.hpp
[1.175s] -- Up-to-date symlink: /home/kvothe/ros/install/messages/include/messages/messages/msg/detail/line_segment__rosidl_typesupport_fastrtps_cpp.hpp
[1.176s] -- Up-to-date symlink: /home/kvothe/ros/install/messages/include/messages/messages/msg/detail/line_segment_list__rosidl_typesupport_fastrtps_cpp.hpp
[1.176s] -- Up-to-date symlink: /home/kvothe/ros/install/messages/include/messages/messages/msg/detail/pose_constraint__rosidl_typesupport_fastrtps_cpp.hpp
[1.176s] -- Up-to-date symlink: /home/kvothe/ros/install/messages/include/messages/messages/msg/detail/pose_graph__rosidl_typesupport_fastrtps_cpp.hpp
[1.176s] -- Up-to-date symlink: /home/kvothe/ros/install/messages/include/messages/messages/msg/detail/pose_node__rosidl_typesupport_fastrtps_cpp.hpp
[1.176s] -- Up-to-date symlink: /home/kvothe/ros/install/messages/include/messages/messages/msg/rosidl_typesupport_fastrtps_cpp__visibility_control.h
[1.177s] -- Up-to-date symlink: /home/kvothe/ros/install/messages/include/messages/messages/msg/detail/landmark_constraint__rosidl_typesupport_introspection_cpp.hpp
[1.178s] -- Up-to-date symlink: /home/kvothe/ros/install/messages/include/messages/messages/msg/detail/landmark_constraint_list__rosidl_typesupport_introspection_cpp.hpp
[1.178s] -- Up-to-date symlink: /home/kvothe/ros/install/messages/include/messages/messages/msg/detail/landmark_landmark_constraint__rosidl_typesupport_introspection_cpp.hpp
[1.178s] -- Up-to-date symlink: /home/kvothe/ros/install/messages/include/messages/messages/msg/detail/landmark_landmark_constraint_list__rosidl_typesupport_introspection_cpp.hpp
[1.178s] -- Up-to-date symlink: /home/kvothe/ros/install/messages/include/messages/messages/msg/detail/line_segment__rosidl_typesupport_introspection_cpp.hpp
[1.178s] -- Up-to-date symlink: /home/kvothe/ros/install/messages/include/messages/messages/msg/detail/line_segment_list__rosidl_typesupport_introspection_cpp.hpp
[1.179s] -- Up-to-date symlink: /home/kvothe/ros/install/messages/include/messages/messages/msg/detail/pose_constraint__rosidl_typesupport_introspection_cpp.hpp
[1.179s] -- Up-to-date symlink: /home/kvothe/ros/install/messages/include/messages/messages/msg/detail/pose_graph__rosidl_typesupport_introspection_cpp.hpp
[1.179s] -- Up-to-date symlink: /home/kvothe/ros/install/messages/include/messages/messages/msg/detail/pose_node__rosidl_typesupport_introspection_cpp.hpp
[1.179s] -- Up-to-date symlink: /home/kvothe/ros/install/messages/share/messages/environment/pythonpath.sh
[1.179s] -- Up-to-date symlink: /home/kvothe/ros/install/messages/share/messages/environment/pythonpath.dsv
[1.180s] -- Up-to-date symlink: /home/kvothe/ros/install/messages/local/lib/python3.10/dist-packages/messages-0.0.0-py3.10.egg-info/PKG-INFO
[1.180s] -- Up-to-date symlink: /home/kvothe/ros/install/messages/local/lib/python3.10/dist-packages/messages-0.0.0-py3.10.egg-info/SOURCES.txt
[1.180s] -- Up-to-date symlink: /home/kvothe/ros/install/messages/local/lib/python3.10/dist-packages/messages-0.0.0-py3.10.egg-info/dependency_links.txt
[1.180s] -- Up-to-date symlink: /home/kvothe/ros/install/messages/local/lib/python3.10/dist-packages/messages-0.0.0-py3.10.egg-info/top_level.txt
[1.182s] -- Up-to-date symlink: /home/kvothe/ros/install/messages/local/lib/python3.10/dist-packages/messages/__init__.py
[1.182s] -- Up-to-date symlink: /home/kvothe/ros/install/messages/local/lib/python3.10/dist-packages/messages/_messages_s.ep.rosidl_typesupport_c.c
[1.182s] -- Up-to-date symlink: /home/kvothe/ros/install/messages/local/lib/python3.10/dist-packages/messages/_messages_s.ep.rosidl_typesupport_fastrtps_c.c
[1.182s] -- Up-to-date symlink: /home/kvothe/ros/install/messages/local/lib/python3.10/dist-packages/messages/_messages_s.ep.rosidl_typesupport_introspection_c.c
[1.183s] -- Up-to-date symlink: /home/kvothe/ros/install/messages/local/lib/python3.10/dist-packages/messages/libmessages__rosidl_generator_py.so
[1.183s] -- Up-to-date symlink: /home/kvothe/ros/install/messages/local/lib/python3.10/dist-packages/messages/messages_s__rosidl_typesupport_c.cpython-310-x86_64-linux-gnu.so
[1.183s] -- Up-to-date symlink: /home/kvothe/ros/install/messages/local/lib/python3.10/dist-packages/messages/messages_s__rosidl_typesupport_fastrtps_c.cpython-310-x86_64-linux-gnu.so
[1.183s] -- Up-to-date symlink: /home/kvothe/ros/install/messages/local/lib/python3.10/dist-packages/messages/messages_s__rosidl_typesupport_introspection_c.cpython-310-x86_64-linux-gnu.so
[1.183s] -- Up-to-date symlink: /home/kvothe/ros/install/messages/local/lib/python3.10/dist-packages/messages/msg/__init__.py
[1.183s] -- Up-to-date symlink: /home/kvothe/ros/install/messages/local/lib/python3.10/dist-packages/messages/msg/_landmark_constraint.py
[1.184s] -- Up-to-date symlink: /home/kvothe/ros/install/messages/local/lib/python3.10/dist-packages/messages/msg/_landmark_constraint_list.py
[1.184s] -- Up-to-date symlink: /home/kvothe/ros/install/messages/local/lib/python3.10/dist-packages/messages/msg/_landmark_constraint_list_s.c
[1.184s] -- Up-to-date symlink: /home/kvothe/ros/install/messages/local/lib/python3.10/dist-packages/messages/msg/_landmark_constraint_s.c
[1.184s] -- Up-to-date symlink: /home/kvothe/ros/install/messages/local/lib/python3.10/dist-packages/messages/msg/_landmark_landmark_constraint.py
[1.185s] -- Up-to-date symlink: /home/kvothe/ros/install/messages/local/lib/python3.10/dist-packages/messages/msg/_landmark_landmark_constraint_list.py
[1.185s] -- Up-to-date symlink: /home/kvothe/ros/install/messages/local/lib/python3.10/dist-packages/messages/msg/_landmark_landmark_constraint_list_s.c
[1.185s] -- Up-to-date symlink: /home/kvothe/ros/install/messages/local/lib/python3.10/dist-packages/messages/msg/_landmark_landmark_constraint_s.c
[1.185s] -- Up-to-date symlink: /home/kvothe/ros/install/messages/local/lib/python3.10/dist-packages/messages/msg/_line_segment.py
[1.185s] -- Up-to-date symlink: /home/kvothe/ros/install/messages/local/lib/python3.10/dist-packages/messages/msg/_line_segment_list.py
[1.185s] -- Up-to-date symlink: /home/kvothe/ros/install/messages/local/lib/python3.10/dist-packages/messages/msg/_line_segment_list_s.c
[1.186s] -- Up-to-date symlink: /home/kvothe/ros/install/messages/local/lib/python3.10/dist-packages/messages/msg/_line_segment_s.c
[1.186s] -- Up-to-date symlink: /home/kvothe/ros/install/messages/local/lib/python3.10/dist-packages/messages/msg/_pose_constraint.py
[1.186s] -- Up-to-date symlink: /home/kvothe/ros/install/messages/local/lib/python3.10/dist-packages/messages/msg/_pose_constraint_s.c
[1.186s] -- Up-to-date symlink: /home/kvothe/ros/install/messages/local/lib/python3.10/dist-packages/messages/msg/_pose_graph.py
[1.186s] -- Up-to-date symlink: /home/kvothe/ros/install/messages/local/lib/python3.10/dist-packages/messages/msg/_pose_graph_s.c
[1.186s] -- Up-to-date symlink: /home/kvothe/ros/install/messages/local/lib/python3.10/dist-packages/messages/msg/_pose_node.py
[1.187s] -- Up-to-date symlink: /home/kvothe/ros/install/messages/local/lib/python3.10/dist-packages/messages/msg/_pose_node_s.c
[1.187s] -- Up-to-date symlink: /home/kvothe/ros/install/messages/local/lib/python3.10/dist-packages/messages/messages_s__rosidl_typesupport_fastrtps_c.cpython-310-x86_64-linux-gnu.so
[1.188s] -- Up-to-date symlink: /home/kvothe/ros/install/messages/local/lib/python3.10/dist-packages/messages/messages_s__rosidl_typesupport_introspection_c.cpython-310-x86_64-linux-gnu.so
[1.188s] -- Up-to-date symlink: /home/kvothe/ros/install/messages/local/lib/python3.10/dist-packages/messages/messages_s__rosidl_typesupport_c.cpython-310-x86_64-linux-gnu.so
[1.189s] -- Up-to-date symlink: /home/kvothe/ros/install/messages/share/messages/msg/LineSegment.idl
[1.189s] -- Up-to-date symlink: /home/kvothe/ros/install/messages/share/messages/msg/LineSegmentList.idl
[1.189s] -- Up-to-date symlink: /home/kvothe/ros/install/messages/share/messages/msg/PoseGraph.idl
[1.190s] -- Up-to-date symlink: /home/kvothe/ros/install/messages/share/messages/msg/PoseNode.idl
[1.190s] -- Up-to-date symlink: /home/kvothe/ros/install/messages/share/messages/msg/PoseConstraint.idl
[1.190s] -- Up-to-date symlink: /home/kvothe/ros/install/messages/share/messages/msg/LandmarkConstraint.idl
[1.190s] -- Up-to-date symlink: /home/kvothe/ros/install/messages/share/messages/msg/LandmarkConstraintList.idl
[1.190s] -- Up-to-date symlink: /home/kvothe/ros/install/messages/share/messages/msg/LandmarkLandmarkConstraint.idl
[1.191s] -- Up-to-date symlink: /home/kvothe/ros/install/messages/share/messages/msg/LandmarkLandmarkConstraintList.idl
[1.191s] -- Up-to-date symlink: /home/kvothe/ros/install/messages/share/messages/msg/LineSegment.msg
[1.191s] -- Up-to-date symlink: /home/kvothe/ros/install/messages/share/messages/msg/LineSegmentList.msg
[1.191s] -- Up-to-date symlink: /home/kvothe/ros/install/messages/share/messages/msg/PoseGraph.msg
[1.191s] -- Up-to-date symlink: /home/kvothe/ros/install/messages/share/messages/msg/PoseNode.msg
[1.192s] -- Up-to-date symlink: /home/kvothe/ros/install/messages/share/messages/msg/PoseConstraint.msg
[1.192s] -- Up-to-date symlink: /home/kvothe/ros/install/messages/share/messages/msg/LandmarkConstraint.msg
[1.192s] -- Up-to-date symlink: /home/kvothe/ros/install/messages/share/messages/msg/LandmarkConstraintList.msg
[1.192s] -- Up-to-date symlink: /home/kvothe/ros/install/messages/share/messages/msg/LandmarkLandmarkConstraint.msg
[1.193s] -- Up-to-date symlink: /home/kvothe/ros/install/messages/share/messages/msg/LandmarkLandmarkConstraintList.msg
[1.193s] -- Up-to-date symlink: /home/kvothe/ros/install/messages/share/ament_index/resource_index/package_run_dependencies/messages
[1.193s] -- Up-to-date symlink: /home/kvothe/ros/install/messages/share/ament_index/resource_index/parent_prefix_path/messages
[1.193s] -- Up-to-date symlink: /home/kvothe/ros/install/messages/share/messages/environment/ament_prefix_path.sh
[1.194s] -- Up-to-date symlink: /home/kvothe/ros/install/messages/share/messages/environment/ament_prefix_path.dsv
[1.194s] -- Up-to-date symlink: /home/kvothe/ros/install/messages/share/messages/environment/path.sh
[1.194s] -- Up-to-date symlink: /home/kvothe/ros/install/messages/share/messages/environment/path.dsv
[1.194s] -- Up-to-date symlink: /home/kvothe/ros/install/messages/share/messages/local_setup.bash
[1.195s] -- Up-to-date symlink: /home/kvothe/ros/install/messages/share/messages/local_setup.sh
[1.195s] -- Up-to-date symlink: /home/kvothe/ros/install/messages/share/messages/local_setup.zsh
[1.195s] -- Up-to-date symlink: /home/kvothe/ros/install/messages/share/messages/local_setup.dsv
[1.195s] -- Symlinking: /home/kvothe/ros/install/messages/share/messages/package.dsv
[1.217s] -- Up-to-date symlink: /home/kvothe/ros/install/messages/share/ament_index/resource_index/packages/messages
[1.218s] -- Up-to-date symlink: /home/kvothe/ros/install/messages/share/messages/cmake/rosidl_cmake-extras.cmake
[1.218s] -- Up-to-date symlink: /home/kvothe/ros/install/messages/share/messages/cmake/ament_cmake_export_dependencies-extras.cmake
[1.218s] -- Up-to-date symlink: /home/kvothe/ros/install/messages/share/messages/cmake/ament_cmake_export_include_directories-extras.cmake
[1.218s] -- Up-to-date symlink: /home/kvothe/ros/install/messages/share/messages/cmake/ament_cmake_export_libraries-extras.cmake
[1.218s] -- Up-to-date symlink: /home/kvothe/ros/install/messages/share/messages/cmake/ament_cmake_export_targets-extras.cmake
[1.218s] -- Up-to-date symlink: /home/kvothe/ros/install/messages/share/messages/cmake/rosidl_cmake_export_typesupport_targets-extras.cmake
[1.219s] -- Up-to-date symlink: /home/kvothe/ros/install/messages/share/messages/cmake/rosidl_cmake_export_typesupport_libraries-extras.cmake
[1.219s] -- Up-to-date symlink: /home/kvothe/ros/install/messages/share/messages/cmake/messagesConfig.cmake
[1.219s] -- Up-to-date symlink: /home/kvothe/ros/install/messages/share/messages/cmake/messagesConfig-version.cmake
[1.219s] -- Up-to-date symlink: /home/kvothe/ros/install/messages/share/messages/package.xml
[1.220s] -- Up-to-date: /home/kvothe/ros/install/messages/lib/libmessages__rosidl_generator_c.so
[1.220s] -- Up-to-date: /home/kvothe/ros/install/messages/lib/libmessages__rosidl_typesupport_fastrtps_c.so
[1.221s] -- Up-to-date: /home/kvothe/ros/install/messages/lib/libmessages__rosidl_typesupport_introspection_c.so
[1.221s] -- Up-to-date: /home/kvothe/ros/install/messages/lib/libmessages__rosidl_typesupport_c.so
[1.222s] -- Up-to-date: /home/kvothe/ros/install/messages/lib/libmessages__rosidl_typesupport_fastrtps_cpp.so
[1.222s] -- Up-to-date: /home/kvothe/ros/install/messages/lib/libmessages__rosidl_typesupport_introspection_cpp.so
[1.222s] -- Up-to-date: /home/kvothe/ros/install/messages/lib/libmessages__rosidl_typesupport_cpp.so
[1.277s] Listing '/home/kvothe/ros/install/messages/local/lib/python3.10/dist-packages/messages'...
[1.277s] Listing '/home/kvothe/ros/install/messages/local/lib/python3.10/dist-packages/messages/msg'...
[1.284s] -- Up-to-date: /home/kvothe/ros/install/messages/lib/libmessages__rosidl_generator_py.so
[1.285s] -- Up-to-date: /home/kvothe/ros/install/messages/share/messages/cmake/export_messages__rosidl_generator_cExport.cmake
[1.285s] -- Up-to-date: /home/kvothe/ros/install/messages/share/messages/cmake/export_messages__rosidl_generator_cExport-noconfig.cmake
[1.285s] -- Up-to-date: /home/kvothe/ros/install/messages/share/messages/cmake/export_messages__rosidl_typesupport_fastrtps_cExport.cmake
[1.286s] -- Up-to-date: /home/kvothe/ros/install/messages/share/messages/cmake/export_messages__rosidl_typesupport_fastrtps_cExport-noconfig.cmake
[1.286s] -- Up-to-date: /home/kvothe/ros/install/messages/share/messages/cmake/messages__rosidl_typesupport_introspection_cExport.cmake
[1.286s] -- Up-to-date: /home/kvothe/ros/install/messages/share/messages/cmake/messages__rosidl_typesupport_introspection_cExport-noconfig.cmake
[1.287s] -- Up-to-date: /home/kvothe/ros/install/messages/share/messages/cmake/messages__rosidl_typesupport_cExport.cmake
[1.287s] -- Up-to-date: /home/kvothe/ros/install/messages/share/messages/cmake/messages__rosidl_typesupport_cExport-noconfig.cmake
[1.288s] -- Up-to-date: /home/kvothe/ros/install/messages/share/messages/cmake/export_messages__rosidl_generator_cppExport.cmake
[1.289s] -- Up-to-date: /home/kvothe/ros/install/messages/share/messages/cmake/export_messages__rosidl_typesupport_fastrtps_cppExport.cmake
[1.289s] -- Up-to-date: /home/kvothe/ros/install/messages/share/messages/cmake/export_messages__rosidl_typesupport_fastrtps_cppExport-noconfig.cmake
[1.289s] -- Up-to-date: /home/kvothe/ros/install/messages/share/messages/cmake/messages__rosidl_typesupport_introspection_cppExport.cmake
[1.290s] -- Up-to-date: /home/kvothe/ros/install/messages/share/messages/cmake/messages__rosidl_typesupport_introspection_cppExport-noconfig.cmake
[1.290s] -- Up-to-date: /home/kvothe/ros/install/messages/share/messages/cmake/messages__rosidl_typesupport_cppExport.cmake
[1.290s] -- Up-to-date: /home/kvothe/ros/install/messages/share/messages/cmake/messages__rosidl_typesupport_cppExport-noconfig.cmake
[1.290s] -- Up-to-date: /home/kvothe/ros/install/messages/share/messages/cmake/export_messages__rosidl_generator_pyExport.cmake
[1.290s] -- Up-to-date: /home/kvothe/ros/install/messages/share/messages/cmake/export_messages__rosidl_generator_pyExport-noconfig.cmake
[1.295s] Invoked command in '/home/kvothe/ros/build/messages' returned '0': CMAKE_PREFIX_PATH=${CMAKE_PREFIX_PATH}:/home/kvothe/ros/install/soma:/home/kvothe/ros/install/sensor_management:/home/kvothe/ros/install/robot_control:/opt/ros/humble /usr/bin/cmake --install /home/kvothe/ros/build/messages
