[0.284s] Invoking command in '/home/kvothe/ros/build/cppp': CMAKE_PREFIX_PATH=/home/kvothe/ros/install/messages:/home/kvothe/ros/install/ros_bringup:/home/kvothe/ros/install/ros_gazebo:/home/kvothe/ros/install/robot_description:/home/kvothe/ros/install/cppp:/home/kvothe/ros/install/soma:/home/kvothe/ros/install/sensor_management:/home/kvothe/ros/install/robot_control:/opt/ros/humble /usr/bin/cmake --build /home/kvothe/ros/build/cppp -- -j16 -l16
[0.503s] [ 10%] Built target PreprocessNode
[0.503s] [ 20%] Built target IncrementalLineFittingNode
[0.503s] [ 30%] Built target LandmarkTransformermapNode
[0.503s] [ 40%] Built target LandmarkGraphNode
[0.504s] [ 50%] Built target RansacLineExtractionNode
[0.504s] [ 60%] Built target ScanTransformer
[0.504s] [ 65%] [32mBuilding CXX object CMakeFiles/HoughLineFittingNode.dir/src/HoughLineFittingNode.cpp.o[0m
[0.504s] [ 75%] Built target LandmarkTransformerNode
[0.504s] [ 85%] Built target PoseGraphOptimizer
[0.504s] [ 90%] [32mBuilding CXX object CMakeFiles/ScanAccumulator.dir/src/ScanAccumulator.cpp.o[0m
[5.327s] [01m[K/home/kvothe/ros/src/cppp/src/HoughLineFittingNode.cpp:[m[K In member function ‘[01m[Kstd::array<double, 4> HoughLineFittingNode::computeSegmentCovariance(const HoughLineFittingNode::Point2D&, const HoughLineFittingNode::Point2D&)[m[K’:
[5.327s] [01m[K/home/kvothe/ros/src/cppp/src/HoughLineFittingNode.cpp:108:67:[m[K [01;35m[Kwarning: [m[Kunused parameter ‘[01m[Kp1[m[K’ [[01;35m[K]8;;https://gcc.gnu.org/onlinedocs/gcc/Warning-Options.html#index-Wunused-parameter-Wunused-parameter]8;;[m[K]
[5.327s]   108 |     std::array<double, 4> computeSegmentCovariance([01;35m[Kconst Point2D& p1[m[K, const Point2D& p2) {
[5.327s]       |                                                    [01;35m[K~~~~~~~~~~~~~~~^~[m[K
[5.327s] [01m[K/home/kvothe/ros/src/cppp/src/HoughLineFittingNode.cpp:108:86:[m[K [01;35m[Kwarning: [m[Kunused parameter ‘[01m[Kp2[m[K’ [[01;35m[K]8;;https://gcc.gnu.org/onlinedocs/gcc/Warning-Options.html#index-Wunused-parameter-Wunused-parameter]8;;[m[K]
[5.327s]   108 |     std::array<double, 4> computeSegmentCovariance(const Point2D& p1, [01;35m[Kconst Point2D& p2[m[K) {
[5.327s]       |                                                                       [01;35m[K~~~~~~~~~~~~~~~^~[m[K
[13.746s] [ 95%] [32m[1mLinking CXX executable HoughLineFittingNode[0m
[14.806s] [ 95%] Built target HoughLineFittingNode
[15.386s] [100%] [32m[1mLinking CXX executable ScanAccumulator[0m
[16.407s] [100%] Built target ScanAccumulator
[16.428s] Invoked command in '/home/kvothe/ros/build/cppp' returned '0': CMAKE_PREFIX_PATH=/home/kvothe/ros/install/messages:/home/kvothe/ros/install/ros_bringup:/home/kvothe/ros/install/ros_gazebo:/home/kvothe/ros/install/robot_description:/home/kvothe/ros/install/cppp:/home/kvothe/ros/install/soma:/home/kvothe/ros/install/sensor_management:/home/kvothe/ros/install/robot_control:/opt/ros/humble /usr/bin/cmake --build /home/kvothe/ros/build/cppp -- -j16 -l16
[16.430s] Invoking command in '/home/kvothe/ros/build/cppp': CMAKE_PREFIX_PATH=/home/kvothe/ros/install/messages:/home/kvothe/ros/install/ros_bringup:/home/kvothe/ros/install/ros_gazebo:/home/kvothe/ros/install/robot_description:/home/kvothe/ros/install/cppp:/home/kvothe/ros/install/soma:/home/kvothe/ros/install/sensor_management:/home/kvothe/ros/install/robot_control:/opt/ros/humble /usr/bin/cmake --install /home/kvothe/ros/build/cppp
[16.437s] -- Install configuration: ""
[16.437s] -- Up-to-date: /home/kvothe/ros/install/cppp/lib/cppp/LandmarkTransformerNode
[16.438s] -- Installing: /home/kvothe/ros/install/cppp/lib/cppp/ScanAccumulator
[16.443s] -- Set runtime path of "/home/kvothe/ros/install/cppp/lib/cppp/ScanAccumulator" to ""
[16.444s] -- Up-to-date: /home/kvothe/ros/install/cppp/lib/cppp/PreprocessNode
[16.444s] -- Up-to-date: /home/kvothe/ros/install/cppp/lib/cppp/LandmarkGraphNode
[16.444s] -- Up-to-date: /home/kvothe/ros/install/cppp/lib/cppp/IncrementalLineFittingNode
[16.444s] -- Up-to-date: /home/kvothe/ros/install/cppp/lib/cppp/LandmarkTransformermapNode
[16.444s] -- Installing: /home/kvothe/ros/install/cppp/lib/cppp/HoughLineFittingNode
[16.456s] -- Set runtime path of "/home/kvothe/ros/install/cppp/lib/cppp/HoughLineFittingNode" to ""
[16.456s] -- Up-to-date: /home/kvothe/ros/install/cppp/lib/cppp/RansacLineExtractionNode
[16.456s] -- Up-to-date: /home/kvothe/ros/install/cppp/lib/cppp/ScanTransformer
[16.456s] -- Up-to-date: /home/kvothe/ros/install/cppp/lib/cppp/PoseGraphOptimizer
[16.456s] -- Up-to-date: /home/kvothe/ros/install/cppp/share/ament_index/resource_index/package_run_dependencies/cppp
[16.456s] -- Up-to-date: /home/kvothe/ros/install/cppp/share/ament_index/resource_index/parent_prefix_path/cppp
[16.457s] -- Up-to-date: /home/kvothe/ros/install/cppp/share/cppp/environment/ament_prefix_path.sh
[16.457s] -- Up-to-date: /home/kvothe/ros/install/cppp/share/cppp/environment/ament_prefix_path.dsv
[16.457s] -- Up-to-date: /home/kvothe/ros/install/cppp/share/cppp/environment/path.sh
[16.457s] -- Up-to-date: /home/kvothe/ros/install/cppp/share/cppp/environment/path.dsv
[16.457s] -- Up-to-date: /home/kvothe/ros/install/cppp/share/cppp/local_setup.bash
[16.457s] -- Up-to-date: /home/kvothe/ros/install/cppp/share/cppp/local_setup.sh
[16.457s] -- Up-to-date: /home/kvothe/ros/install/cppp/share/cppp/local_setup.zsh
[16.457s] -- Up-to-date: /home/kvothe/ros/install/cppp/share/cppp/local_setup.dsv
[16.457s] -- Installing: /home/kvothe/ros/install/cppp/share/cppp/package.dsv
[16.457s] -- Up-to-date: /home/kvothe/ros/install/cppp/share/ament_index/resource_index/packages/cppp
[16.457s] -- Up-to-date: /home/kvothe/ros/install/cppp/share/cppp/cmake/cpppConfig.cmake
[16.457s] -- Up-to-date: /home/kvothe/ros/install/cppp/share/cppp/cmake/cpppConfig-version.cmake
[16.457s] -- Up-to-date: /home/kvothe/ros/install/cppp/share/cppp/package.xml
[16.459s] Invoked command in '/home/kvothe/ros/build/cppp' returned '0': CMAKE_PREFIX_PATH=/home/kvothe/ros/install/messages:/home/kvothe/ros/install/ros_bringup:/home/kvothe/ros/install/ros_gazebo:/home/kvothe/ros/install/robot_description:/home/kvothe/ros/install/cppp:/home/kvothe/ros/install/soma:/home/kvothe/ros/install/sensor_management:/home/kvothe/ros/install/robot_control:/opt/ros/humble /usr/bin/cmake --install /home/kvothe/ros/build/cppp
