[1.009s] Invoking command in '/home/kvothe/ros/src/sensor_management': CMAKE_PREFIX_PATH=/home/kvothe/ros/install/messages:/home/kvothe/ros/install/ros_bringup:/home/kvothe/ros/install/ros_gazebo:/home/kvothe/ros/install/robot_description:/home/kvothe/ros/install/cppp PYTHONPATH=/home/kvothe/ros/build/sensor_management/prefix_override:/usr/lib/python3/dist-packages/colcon_core/task/python/colcon_distutils_commands:/home/kvothe/ros/install/sensor_management/lib/python3.10/site-packages:${PYTHONPATH} /usr/bin/python3 -W ignore:setup.py install is deprecated -W ignore:easy_install command is deprecated setup.py egg_info --egg-base ../../build/sensor_management build --build-base /home/kvothe/ros/build/sensor_management/build install --record /home/kvothe/ros/build/sensor_management/install.log --single-version-externally-managed install_data
[1.264s] running egg_info
[1.265s] writing ../../build/sensor_management/sensor_management.egg-info/PKG-INFO
[1.265s] writing dependency_links to ../../build/sensor_management/sensor_management.egg-info/dependency_links.txt
[1.265s] writing entry points to ../../build/sensor_management/sensor_management.egg-info/entry_points.txt
[1.266s] writing requirements to ../../build/sensor_management/sensor_management.egg-info/requires.txt
[1.266s] writing top-level names to ../../build/sensor_management/sensor_management.egg-info/top_level.txt
[1.268s] reading manifest file '../../build/sensor_management/sensor_management.egg-info/SOURCES.txt'
[1.269s] writing manifest file '../../build/sensor_management/sensor_management.egg-info/SOURCES.txt'
[1.269s] running build
[1.269s] running build_py
[1.270s] running install
[1.270s] running install_lib
[1.273s] running install_data
[1.273s] running install_egg_info
[1.276s] removing '/home/kvothe/ros/install/sensor_management/lib/python3.10/site-packages/sensor_management-0.0.0-py3.10.egg-info' (and everything under it)
[1.276s] Copying ../../build/sensor_management/sensor_management.egg-info to /home/kvothe/ros/install/sensor_management/lib/python3.10/site-packages/sensor_management-0.0.0-py3.10.egg-info
[1.277s] running install_scripts
[1.302s] Installing LandmarkLandmarkVisualizationNode script to /home/kvothe/ros/install/sensor_management/lib/sensor_management
[1.303s] Installing Linesegviz script to /home/kvothe/ros/install/sensor_management/lib/sensor_management
[1.303s] Installing PoseGraphViz script to /home/kvothe/ros/install/sensor_management/lib/sensor_management
[1.303s] Installing PostPoseGraphViz script to /home/kvothe/ros/install/sensor_management/lib/sensor_management
[1.303s] Installing fusion script to /home/kvothe/ros/install/sensor_management/lib/sensor_management
[1.303s] Installing linesegmentvisualizer script to /home/kvothe/ros/install/sensor_management/lib/sensor_management
[1.303s] Installing sparsesampler script to /home/kvothe/ros/install/sensor_management/lib/sensor_management
[1.303s] writing list of installed files to '/home/kvothe/ros/build/sensor_management/install.log'
[1.355s] Invoked command in '/home/kvothe/ros/src/sensor_management' returned '0': CMAKE_PREFIX_PATH=/home/kvothe/ros/install/messages:/home/kvothe/ros/install/ros_bringup:/home/kvothe/ros/install/ros_gazebo:/home/kvothe/ros/install/robot_description:/home/kvothe/ros/install/cppp PYTHONPATH=/home/kvothe/ros/build/sensor_management/prefix_override:/usr/lib/python3/dist-packages/colcon_core/task/python/colcon_distutils_commands:/home/kvothe/ros/install/sensor_management/lib/python3.10/site-packages:${PYTHONPATH} /usr/bin/python3 -W ignore:setup.py install is deprecated -W ignore:easy_install command is deprecated setup.py egg_info --egg-base ../../build/sensor_management build --build-base /home/kvothe/ros/build/sensor_management/build install --record /home/kvothe/ros/build/sensor_management/install.log --single-version-externally-managed install_data
