-- Found ament_cmake: 1.3.11 (/opt/ros/humble/share/ament_cmake/cmake)
-- Found required Ceres dependency: Eigen version 3.4.0 in /usr/include/eigen3
-- Found required Ceres dependency: glog
-- Found required Ceres dependency: gflags
-- Found Ceres version: 2.0.0 installed in: /usr with components: [EigenSparse, SparseLinearAlgebraLibrary, LAPACK, SuiteSparse, CXSparse, SchurSpecializations, Multithreading]
-- Found rclcpp: 16.0.11 (/opt/ros/humble/share/rclcpp/cmake)
-- Found rosidl_generator_c: 3.1.6 (/opt/ros/humble/share/rosidl_generator_c/cmake)
-- Found rosidl_adapter: 3.1.6 (/opt/ros/humble/share/rosidl_adapter/cmake)
-- Found rosidl_generator_cpp: 3.1.6 (/opt/ros/humble/share/rosidl_generator_cpp/cmake)
-- Using all available rosidl_typesupport_c: rosidl_typesupport_fastrtps_c;rosidl_typesupport_introspection_c
-- Using all available rosidl_typesupport_cpp: rosidl_typesupport_fastrtps_cpp;rosidl_typesupport_introspection_cpp
-- Found rmw_implementation_cmake: 6.1.2 (/opt/ros/humble/share/rmw_implementation_cmake/cmake)
-- Found rmw_fastrtps_cpp: 6.2.7 (/opt/ros/humble/share/rmw_fastrtps_cpp/cmake)
-- Using RMW implementation 'rmw_fastrtps_cpp' as default
-- Found messages: 0.0.0 (/home/kvothe/ros/install/messages/share/messages/cmake)
-- Configuring done
-- Generating done
-- Build files have been written to: /home/kvothe/ros/build/optim
[35m[1mConsolidate compiler generated dependencies of target test_ceres[0m
[ 50%] Built target test_ceres
[ 75%] [32mBuilding CXX object CMakeFiles/PoseGraphOptimizationNode.dir/src/PoseGraphOptimizationNode.cpp.o[0m
[01m[K/home/kvothe/ros/src/optim/src/PoseGraphOptimizationNode.cpp:[m[K In member function ‘[01m[Kvoid PoseGraphOptimizationNode::poseGraphCallback(messages::msg::PoseGraph_<std::allocator<void> >::SharedPtr)[m[K’:
[01m[K/home/kvothe/ros/src/optim/src/PoseGraphOptimizationNode.cpp:29:50:[m[K [01;31m[Kerror: [m[K‘[01m[KPosePoseCostFunction[m[K’ has not been declared
   29 |             ceres::CostFunction *cost_function = [01;31m[KPosePoseCostFunction[m[K::Create(
      |                                                  [01;31m[K^~~~~~~~~~~~~~~~~~~~[m[K
[01m[K/home/kvothe/ros/src/optim/src/PoseGraphOptimizationNode.cpp:31:37:[m[K [01;31m[Kerror: [m[Kno matching function for call to ‘[01m[Kceres::Problem::AddResidualBlock(ceres::CostFunction*&, ceres::HuberLoss*, messages::msg::PoseNode_<std::allocator<void> >::_x_type&, messages::msg::PoseNode_<std::allocator<void> >::_y_type&, messages::msg::PoseNode_<std::allocator<void> >::_theta_type&, messages::msg::PoseNode_<std::allocator<void> >::_x_type&, messages::msg::PoseNode_<std::allocator<void> >::_y_type&, messages::msg::PoseNode_<std::allocator<void> >::_theta_type&)[m[K’
   31 |             [01;31m[Kproblem.AddResidualBlock(cost_function, new ceres::HuberLoss(1.0),[m[K
      |             [01;31m[K~~~~~~~~~~~~~~~~~~~~~~~~^~~~~~~~~~~~~~~~~~~~~~~~~~~~~~~~~~~~~~~~~~[m[K
   32 | [01;31m[K                                     optimized_nodes[constraint.pose1_id].x,[m[K
      |                                      [01;31m[K~~~~~~~~~~~~~~~~~~~~~~~~~~~~~~~~~~~~~~~[m[K
   33 | [01;31m[K                                     optimized_nodes[constraint.pose1_id].y,[m[K
      |                                      [01;31m[K~~~~~~~~~~~~~~~~~~~~~~~~~~~~~~~~~~~~~~~[m[K
   34 | [01;31m[K                                     optimized_nodes[constraint.pose1_id].theta,[m[K
      |                                      [01;31m[K~~~~~~~~~~~~~~~~~~~~~~~~~~~~~~~~~~~~~~~~~~~[m[K
   35 | [01;31m[K                                     optimized_nodes[constraint.pose2_id].x,[m[K
      |                                      [01;31m[K~~~~~~~~~~~~~~~~~~~~~~~~~~~~~~~~~~~~~~~[m[K
   36 | [01;31m[K                                     optimized_nodes[constraint.pose2_id].y,[m[K
      |                                      [01;31m[K~~~~~~~~~~~~~~~~~~~~~~~~~~~~~~~~~~~~~~~[m[K
   37 | [01;31m[K                                     optimized_nodes[constraint.pose2_id].theta)[m[K;
      |                                      [01;31m[K~~~~~~~~~~~~~~~~~~~~~~~~~~~~~~~~~~~~~~~~~~~[m[K
In file included from [01m[K/usr/include/ceres/ceres.h:60[m[K,
                 from [01m[K/home/kvothe/ros/src/optim/src/PoseGraphOptimizationNode.cpp:2[m[K:
[01m[K/usr/include/ceres/problem.h:240:19:[m[K [01;36m[Knote: [m[Kcandidate: ‘[01m[Ktemplate<class ... Ts> ceres::internal::ResidualBlock* ceres::Problem::AddResidualBlock(ceres::CostFunction*, ceres::LossFunction*, double*, Ts* ...)[m[K’
  240 |   ResidualBlockId [01;36m[KAddResidualBlock[m[K(CostFunction* cost_function,
      |                   [01;36m[K^~~~~~~~~~~~~~~~[m[K
[01m[K/usr/include/ceres/problem.h:240:19:[m[K [01;36m[Knote: [m[K  template argument deduction/substitution failed:
[01m[K/home/kvothe/ros/src/optim/src/PoseGraphOptimizationNode.cpp:31:37:[m[K [01;36m[Knote: [m[K  mismatched types ‘[01m[KTs*[m[K’ and ‘[01m[Kfloat[m[K’
   31 |             [01;36m[Kproblem.AddResidualBlock(cost_function, new ceres::HuberLoss(1.0),[m[K
      |             [01;36m[K~~~~~~~~~~~~~~~~~~~~~~~~^~~~~~~~~~~~~~~~~~~~~~~~~~~~~~~~~~~~~~~~~~[m[K
   32 | [01;36m[K                                     optimized_nodes[constraint.pose1_id].x,[m[K
      |                                      [01;36m[K~~~~~~~~~~~~~~~~~~~~~~~~~~~~~~~~~~~~~~~[m[K
   33 | [01;36m[K                                     optimized_nodes[constraint.pose1_id].y,[m[K
      |                                      [01;36m[K~~~~~~~~~~~~~~~~~~~~~~~~~~~~~~~~~~~~~~~[m[K
   34 | [01;36m[K                                     optimized_nodes[constraint.pose1_id].theta,[m[K
      |                                      [01;36m[K~~~~~~~~~~~~~~~~~~~~~~~~~~~~~~~~~~~~~~~~~~~[m[K
   35 | [01;36m[K                                     optimized_nodes[constraint.pose2_id].x,[m[K
      |                                      [01;36m[K~~~~~~~~~~~~~~~~~~~~~~~~~~~~~~~~~~~~~~~[m[K
   36 | [01;36m[K                                     optimized_nodes[constraint.pose2_id].y,[m[K
      |                                      [01;36m[K~~~~~~~~~~~~~~~~~~~~~~~~~~~~~~~~~~~~~~~[m[K
   37 | [01;36m[K                                     optimized_nodes[constraint.pose2_id].theta)[m[K;
      |                                      [01;36m[K~~~~~~~~~~~~~~~~~~~~~~~~~~~~~~~~~~~~~~~~~~~[m[K
In file included from [01m[K/usr/include/ceres/ceres.h:60[m[K,
                 from [01m[K/home/kvothe/ros/src/optim/src/PoseGraphOptimizationNode.cpp:2[m[K:
[01m[K/usr/include/ceres/problem.h:252:19:[m[K [01;36m[Knote: [m[Kcandidate: ‘[01m[Kceres::internal::ResidualBlock* ceres::Problem::AddResidualBlock(ceres::CostFunction*, ceres::LossFunction*, const std::vector<double*>&)[m[K’
  252 |   ResidualBlockId [01;36m[KAddResidualBlock[m[K(
      |                   [01;36m[K^~~~~~~~~~~~~~~~[m[K
[01m[K/usr/include/ceres/problem.h:252:19:[m[K [01;36m[Knote: [m[K  candidate expects 3 arguments, 8 provided
[01m[K/usr/include/ceres/problem.h:259:19:[m[K [01;36m[Knote: [m[Kcandidate: ‘[01m[Kceres::internal::ResidualBlock* ceres::Problem::AddResidualBlock(ceres::CostFunction*, ceres::LossFunction*, double* const*, int)[m[K’
  259 |   ResidualBlockId [01;36m[KAddResidualBlock[m[K(CostFunction* cost_function,
      |                   [01;36m[K^~~~~~~~~~~~~~~~[m[K
[01m[K/usr/include/ceres/problem.h:259:19:[m[K [01;36m[Knote: [m[K  candidate expects 4 arguments, 8 provided
[01m[K/home/kvothe/ros/src/optim/src/PoseGraphOptimizationNode.cpp:42:50:[m[K [01;31m[Kerror: [m[K‘[01m[KPoseLandmarkCostFunction[m[K’ has not been declared
   42 |             ceres::CostFunction *cost_function = [01;31m[KPoseLandmarkCostFunction[m[K::Create(
      |                                                  [01;31m[K^~~~~~~~~~~~~~~~~~~~~~~~[m[K
[01m[K/home/kvothe/ros/src/optim/src/PoseGraphOptimizationNode.cpp:44:37:[m[K [01;31m[Kerror: [m[Kno matching function for call to ‘[01m[Kceres::Problem::AddResidualBlock(ceres::CostFunction*&, ceres::HuberLoss*, messages::msg::PoseNode_<std::allocator<void> >::_x_type&, messages::msg::PoseNode_<std::allocator<void> >::_y_type&, messages::msg::PoseNode_<std::allocator<void> >::_theta_type&)[m[K’
   44 |             [01;31m[Kproblem.AddResidualBlock(cost_function, new ceres::HuberLoss(1.0),[m[K
      |             [01;31m[K~~~~~~~~~~~~~~~~~~~~~~~~^~~~~~~~~~~~~~~~~~~~~~~~~~~~~~~~~~~~~~~~~~[m[K
   45 | [01;31m[K                                     optimized_nodes[landmark.pose_id].x,[m[K
      |                                      [01;31m[K~~~~~~~~~~~~~~~~~~~~~~~~~~~~~~~~~~~~[m[K
   46 | [01;31m[K                                     optimized_nodes[landmark.pose_id].y,[m[K
      |                                      [01;31m[K~~~~~~~~~~~~~~~~~~~~~~~~~~~~~~~~~~~~[m[K
   47 | [01;31m[K                                     optimized_nodes[landmark.pose_id].theta)[m[K;
      |                                      [01;31m[K~~~~~~~~~~~~~~~~~~~~~~~~~~~~~~~~~~~~~~~~[m[K
In file included from [01m[K/usr/include/ceres/ceres.h:60[m[K,
                 from [01m[K/home/kvothe/ros/src/optim/src/PoseGraphOptimizationNode.cpp:2[m[K:
[01m[K/usr/include/ceres/problem.h:240:19:[m[K [01;36m[Knote: [m[Kcandidate: ‘[01m[Ktemplate<class ... Ts> ceres::internal::ResidualBlock* ceres::Problem::AddResidualBlock(ceres::CostFunction*, ceres::LossFunction*, double*, Ts* ...)[m[K’
  240 |   ResidualBlockId [01;36m[KAddResidualBlock[m[K(CostFunction* cost_function,
      |                   [01;36m[K^~~~~~~~~~~~~~~~[m[K
[01m[K/usr/include/ceres/problem.h:240:19:[m[K [01;36m[Knote: [m[K  template argument deduction/substitution failed:
[01m[K/home/kvothe/ros/src/optim/src/PoseGraphOptimizationNode.cpp:44:37:[m[K [01;36m[Knote: [m[K  mismatched types ‘[01m[KTs*[m[K’ and ‘[01m[Kfloat[m[K’
   44 |             [01;36m[Kproblem.AddResidualBlock(cost_function, new ceres::HuberLoss(1.0),[m[K
      |             [01;36m[K~~~~~~~~~~~~~~~~~~~~~~~~^~~~~~~~~~~~~~~~~~~~~~~~~~~~~~~~~~~~~~~~~~[m[K
   45 | [01;36m[K                                     optimized_nodes[landmark.pose_id].x,[m[K
      |                                      [01;36m[K~~~~~~~~~~~~~~~~~~~~~~~~~~~~~~~~~~~~[m[K
   46 | [01;36m[K                                     optimized_nodes[landmark.pose_id].y,[m[K
      |                                      [01;36m[K~~~~~~~~~~~~~~~~~~~~~~~~~~~~~~~~~~~~[m[K
   47 | [01;36m[K                                     optimized_nodes[landmark.pose_id].theta)[m[K;
      |                                      [01;36m[K~~~~~~~~~~~~~~~~~~~~~~~~~~~~~~~~~~~~~~~~[m[K
In file included from [01m[K/usr/include/ceres/ceres.h:60[m[K,
                 from [01m[K/home/kvothe/ros/src/optim/src/PoseGraphOptimizationNode.cpp:2[m[K:
[01m[K/usr/include/ceres/problem.h:252:19:[m[K [01;36m[Knote: [m[Kcandidate: ‘[01m[Kceres::internal::ResidualBlock* ceres::Problem::AddResidualBlock(ceres::CostFunction*, ceres::LossFunction*, const std::vector<double*>&)[m[K’
  252 |   ResidualBlockId [01;36m[KAddResidualBlock[m[K(
      |                   [01;36m[K^~~~~~~~~~~~~~~~[m[K
[01m[K/usr/include/ceres/problem.h:252:19:[m[K [01;36m[Knote: [m[K  candidate expects 3 arguments, 5 provided
[01m[K/usr/include/ceres/problem.h:259:19:[m[K [01;36m[Knote: [m[Kcandidate: ‘[01m[Kceres::internal::ResidualBlock* ceres::Problem::AddResidualBlock(ceres::CostFunction*, ceres::LossFunction*, double* const*, int)[m[K’
  259 |   ResidualBlockId [01;36m[KAddResidualBlock[m[K(CostFunction* cost_function,
      |                   [01;36m[K^~~~~~~~~~~~~~~~[m[K
[01m[K/usr/include/ceres/problem.h:259:19:[m[K [01;36m[Knote: [m[K  candidate expects 4 arguments, 5 provided
gmake[2]: *** [CMakeFiles/PoseGraphOptimizationNode.dir/build.make:76: CMakeFiles/PoseGraphOptimizationNode.dir/src/PoseGraphOptimizationNode.cpp.o] Error 1
gmake[1]: *** [CMakeFiles/Makefile2:165: CMakeFiles/PoseGraphOptimizationNode.dir/all] Error 2
gmake: *** [Makefile:146: all] Error 2
