[35m[1mConsolidate compiler generated dependencies of target RansacLineExtractionNode[0m
[ 25%] Built target LandmarkTransformermapNode
[ 25%] Built target LandmarkTransformerNode
[ 37%] Built target PreprocessNode
[ 50%] Built target LandmarkGraphNode
[ 68%] Built target HoughLineFittingNode
[ 75%] Built target IncrementalLineFittingNode
[ 87%] Built target ScanAccumulator
[100%] Built target RansacLineExtractionNode
-- Install configuration: ""
-- Up-to-date: /home/kvothe/ros/install/cppp/lib/cppp/LandmarkTransformerNode
-- Installing: /home/kvothe/ros/install/cppp/lib/cppp/ScanAccumulator
-- Set runtime path of "/home/kvothe/ros/install/cppp/lib/cppp/ScanAccumulator" to ""
-- Up-to-date: /home/kvothe/ros/install/cppp/lib/cppp/PreprocessNode
-- Up-to-date: /home/kvothe/ros/install/cppp/lib/cppp/LandmarkGraphNode
-- Up-to-date: /home/kvothe/ros/install/cppp/lib/cppp/IncrementalLineFittingNode
-- Up-to-date: /home/kvothe/ros/install/cppp/lib/cppp/LandmarkTransformermapNode
-- Installing: /home/kvothe/ros/install/cppp/lib/cppp/HoughLineFittingNode
-- Set runtime path of "/home/kvothe/ros/install/cppp/lib/cppp/HoughLineFittingNode" to ""
-- Installing: /home/kvothe/ros/install/cppp/lib/cppp/RansacLineExtractionNode
-- Set runtime path of "/home/kvothe/ros/install/cppp/lib/cppp/RansacLineExtractionNode" to ""
-- Up-to-date: /home/kvothe/ros/install/cppp/share/ament_index/resource_index/package_run_dependencies/cppp
-- Up-to-date: /home/kvothe/ros/install/cppp/share/ament_index/resource_index/parent_prefix_path/cppp
-- Up-to-date: /home/kvothe/ros/install/cppp/share/cppp/environment/ament_prefix_path.sh
-- Up-to-date: /home/kvothe/ros/install/cppp/share/cppp/environment/ament_prefix_path.dsv
-- Up-to-date: /home/kvothe/ros/install/cppp/share/cppp/environment/path.sh
-- Up-to-date: /home/kvothe/ros/install/cppp/share/cppp/environment/path.dsv
-- Up-to-date: /home/kvothe/ros/install/cppp/share/cppp/local_setup.bash
-- Up-to-date: /home/kvothe/ros/install/cppp/share/cppp/local_setup.sh
-- Up-to-date: /home/kvothe/ros/install/cppp/share/cppp/local_setup.zsh
-- Up-to-date: /home/kvothe/ros/install/cppp/share/cppp/local_setup.dsv
-- Installing: /home/kvothe/ros/install/cppp/share/cppp/package.dsv
-- Up-to-date: /home/kvothe/ros/install/cppp/share/ament_index/resource_index/packages/cppp
-- Up-to-date: /home/kvothe/ros/install/cppp/share/cppp/cmake/cpppConfig.cmake
-- Up-to-date: /home/kvothe/ros/install/cppp/share/cppp/cmake/cpppConfig-version.cmake
-- Up-to-date: /home/kvothe/ros/install/cppp/share/cppp/package.xml
