[0.033s] Invoking command in '/home/kvothe/ros/build/cppp': CMAKE_PREFIX_PATH=/home/kvothe/ros/install/messages:/home/kvothe/ros/install/ros_bringup:/home/kvothe/ros/install/ros_gazebo:/home/kvothe/ros/install/robot_description:/home/kvothe/ros/install/cppp:/home/kvothe/ros/install/soma:/home/kvothe/ros/install/sensor_management:/home/kvothe/ros/install/robot_control:/opt/ros/humble /usr/bin/cmake --build /home/kvothe/ros/build/cppp -- -j12 -l12
[0.449s] [ 11%] Built target PreprocessNode
[0.450s] [ 33%] Built target IncrementalLineFittingNode
[0.450s] [ 33%] Built target RansacLineExtractionNode
[0.450s] [ 44%] Built target HoughLineFittingNode
[0.451s] [ 55%] Built target ScanTransformer
[0.451s] [ 77%] Built target LandmarkGraphNode
[0.452s] [ 77%] Built target LandmarkTransformerNode
[0.452s] [ 88%] Built target LandmarkTransformermapNode
[0.452s] [100%] Built target ScanAccumulator
[0.855s] Invoked command in '/home/kvothe/ros/build/cppp' returned '0': CMAKE_PREFIX_PATH=/home/kvothe/ros/install/messages:/home/kvothe/ros/install/ros_bringup:/home/kvothe/ros/install/ros_gazebo:/home/kvothe/ros/install/robot_description:/home/kvothe/ros/install/cppp:/home/kvothe/ros/install/soma:/home/kvothe/ros/install/sensor_management:/home/kvothe/ros/install/robot_control:/opt/ros/humble /usr/bin/cmake --build /home/kvothe/ros/build/cppp -- -j12 -l12
[0.860s] Invoking command in '/home/kvothe/ros/build/cppp': CMAKE_PREFIX_PATH=/home/kvothe/ros/install/messages:/home/kvothe/ros/install/ros_bringup:/home/kvothe/ros/install/ros_gazebo:/home/kvothe/ros/install/robot_description:/home/kvothe/ros/install/cppp:/home/kvothe/ros/install/soma:/home/kvothe/ros/install/sensor_management:/home/kvothe/ros/install/robot_control:/opt/ros/humble /usr/bin/cmake --install /home/kvothe/ros/build/cppp
[0.878s] -- Install configuration: ""
[0.879s] -- Up-to-date: /home/kvothe/ros/install/cppp/lib/cppp/LandmarkTransformerNode
[0.880s] -- Up-to-date: /home/kvothe/ros/install/cppp/lib/cppp/ScanAccumulator
[0.881s] -- Up-to-date: /home/kvothe/ros/install/cppp/lib/cppp/PreprocessNode
[0.881s] -- Up-to-date: /home/kvothe/ros/install/cppp/lib/cppp/LandmarkGraphNode
[0.882s] -- Up-to-date: /home/kvothe/ros/install/cppp/lib/cppp/IncrementalLineFittingNode
[0.883s] -- Up-to-date: /home/kvothe/ros/install/cppp/lib/cppp/LandmarkTransformermapNode
[0.884s] -- Up-to-date: /home/kvothe/ros/install/cppp/lib/cppp/HoughLineFittingNode
[0.885s] -- Up-to-date: /home/kvothe/ros/install/cppp/lib/cppp/RansacLineExtractionNode
[0.886s] -- Up-to-date: /home/kvothe/ros/install/cppp/lib/cppp/ScanTransformer
[0.887s] -- Up-to-date: /home/kvothe/ros/install/cppp/share/ament_index/resource_index/package_run_dependencies/cppp
[0.887s] -- Up-to-date: /home/kvothe/ros/install/cppp/share/ament_index/resource_index/parent_prefix_path/cppp
[0.887s] -- Up-to-date: /home/kvothe/ros/install/cppp/share/cppp/environment/ament_prefix_path.sh
[0.887s] -- Up-to-date: /home/kvothe/ros/install/cppp/share/cppp/environment/ament_prefix_path.dsv
[0.888s] -- Up-to-date: /home/kvothe/ros/install/cppp/share/cppp/environment/path.sh
[0.888s] -- Up-to-date: /home/kvothe/ros/install/cppp/share/cppp/environment/path.dsv
[0.888s] -- Up-to-date: /home/kvothe/ros/install/cppp/share/cppp/local_setup.bash
[0.888s] -- Up-to-date: /home/kvothe/ros/install/cppp/share/cppp/local_setup.sh
[0.888s] -- Up-to-date: /home/kvothe/ros/install/cppp/share/cppp/local_setup.zsh
[0.888s] -- Up-to-date: /home/kvothe/ros/install/cppp/share/cppp/local_setup.dsv
[0.889s] -- Installing: /home/kvothe/ros/install/cppp/share/cppp/package.dsv
[0.889s] -- Up-to-date: /home/kvothe/ros/install/cppp/share/ament_index/resource_index/packages/cppp
[0.889s] -- Up-to-date: /home/kvothe/ros/install/cppp/share/cppp/cmake/cpppConfig.cmake
[0.889s] -- Up-to-date: /home/kvothe/ros/install/cppp/share/cppp/cmake/cpppConfig-version.cmake
[0.889s] -- Up-to-date: /home/kvothe/ros/install/cppp/share/cppp/package.xml
[0.895s] Invoked command in '/home/kvothe/ros/build/cppp' returned '0': CMAKE_PREFIX_PATH=/home/kvothe/ros/install/messages:/home/kvothe/ros/install/ros_bringup:/home/kvothe/ros/install/ros_gazebo:/home/kvothe/ros/install/robot_description:/home/kvothe/ros/install/cppp:/home/kvothe/ros/install/soma:/home/kvothe/ros/install/sensor_management:/home/kvothe/ros/install/robot_control:/opt/ros/humble /usr/bin/cmake --install /home/kvothe/ros/build/cppp
