[ 10%] Built target PreprocessNode
[ 30%] Built target ScanTransformer
[ 30%] Built target LandmarkGraphNode
[ 40%] Built target LandmarkTransformermapNode
[ 50%] Built target LandmarkTransformerNode
[ 60%] Built target IncrementalLineFittingNode
[ 65%] [32mBuilding CXX object CMakeFiles/HoughLineFittingNode.dir/src/HoughLineFittingNode.cpp.o[0m
[ 85%] Built target PoseGraphOptimizer
[ 85%] Built target RansacLineExtractionNode
[ 95%] Built target ScanAccumulator
[01m[K/home/kvothe/ros/src/cppp/src/HoughLineFittingNode.cpp:[m[K In member function ‘[01m[Kvoid HoughLineFittingNode::publishLines(const std::vector<std::pair<HoughLineFittingNode::Point2D, HoughLineFittingNode::Point2D> >&, const Header&)[m[K’:
[01m[K/home/kvothe/ros/src/cppp/src/HoughLineFittingNode.cpp:124:20:[m[K [01;35m[Kwarning: [m[Kunused variable ‘[01m[Kmx[m[K’ [[01;35m[K]8;;https://gcc.gnu.org/onlinedocs/gcc/Warning-Options.html#index-Wunused-variable-Wunused-variable]8;;[m[K]
  124 |             double [01;35m[Kmx[m[K = (seg.first.x + seg.second.x) / 2.0;
      |                    [01;35m[K^~[m[K
[01m[K/home/kvothe/ros/src/cppp/src/HoughLineFittingNode.cpp:125:20:[m[K [01;35m[Kwarning: [m[Kunused variable ‘[01m[Kmy[m[K’ [[01;35m[K]8;;https://gcc.gnu.org/onlinedocs/gcc/Warning-Options.html#index-Wunused-variable-Wunused-variable]8;;[m[K]
  125 |             double [01;35m[Kmy[m[K = (seg.first.y + seg.second.y) / 2.0;
      |                    [01;35m[K^~[m[K
[100%] [32m[1mLinking CXX executable HoughLineFittingNode[0m
[100%] Built target HoughLineFittingNode
-- Install configuration: ""
-- Up-to-date: /home/kvothe/ros/install/cppp/lib/cppp/LandmarkTransformerNode
-- Up-to-date: /home/kvothe/ros/install/cppp/lib/cppp/ScanAccumulator
-- Up-to-date: /home/kvothe/ros/install/cppp/lib/cppp/PreprocessNode
-- Up-to-date: /home/kvothe/ros/install/cppp/lib/cppp/LandmarkGraphNode
-- Up-to-date: /home/kvothe/ros/install/cppp/lib/cppp/IncrementalLineFittingNode
-- Up-to-date: /home/kvothe/ros/install/cppp/lib/cppp/LandmarkTransformermapNode
-- Installing: /home/kvothe/ros/install/cppp/lib/cppp/HoughLineFittingNode
-- Set runtime path of "/home/kvothe/ros/install/cppp/lib/cppp/HoughLineFittingNode" to ""
-- Up-to-date: /home/kvothe/ros/install/cppp/lib/cppp/RansacLineExtractionNode
-- Up-to-date: /home/kvothe/ros/install/cppp/lib/cppp/ScanTransformer
-- Up-to-date: /home/kvothe/ros/install/cppp/lib/cppp/PoseGraphOptimizer
-- Up-to-date: /home/kvothe/ros/install/cppp/share/ament_index/resource_index/package_run_dependencies/cppp
-- Up-to-date: /home/kvothe/ros/install/cppp/share/ament_index/resource_index/parent_prefix_path/cppp
-- Up-to-date: /home/kvothe/ros/install/cppp/share/cppp/environment/ament_prefix_path.sh
-- Up-to-date: /home/kvothe/ros/install/cppp/share/cppp/environment/ament_prefix_path.dsv
-- Up-to-date: /home/kvothe/ros/install/cppp/share/cppp/environment/path.sh
-- Up-to-date: /home/kvothe/ros/install/cppp/share/cppp/environment/path.dsv
-- Up-to-date: /home/kvothe/ros/install/cppp/share/cppp/local_setup.bash
-- Up-to-date: /home/kvothe/ros/install/cppp/share/cppp/local_setup.sh
-- Up-to-date: /home/kvothe/ros/install/cppp/share/cppp/local_setup.zsh
-- Up-to-date: /home/kvothe/ros/install/cppp/share/cppp/local_setup.dsv
-- Installing: /home/kvothe/ros/install/cppp/share/cppp/package.dsv
-- Up-to-date: /home/kvothe/ros/install/cppp/share/ament_index/resource_index/packages/cppp
-- Up-to-date: /home/kvothe/ros/install/cppp/share/cppp/cmake/cpppConfig.cmake
-- Up-to-date: /home/kvothe/ros/install/cppp/share/cppp/cmake/cpppConfig-version.cmake
-- Up-to-date: /home/kvothe/ros/install/cppp/share/cppp/package.xml
