[0.024s] Invoking command in '/home/kvothe/ros/build/messages': CMAKE_PREFIX_PATH=${CMAKE_PREFIX_PATH}:/home/kvothe/ros/install/soma:/home/kvothe/ros/install/sensor_management:/home/kvothe/ros/install/robot_control:/opt/ros/humble /usr/bin/cmake --build /home/kvothe/ros/build/messages -- -j12 -l12
[0.107s] [  1%] Built target messages__cpp
[0.139s] [  1%] Built target ament_cmake_python_symlink_messages
[0.173s] [ 12%] Built target messages__rosidl_typesupport_introspection_cpp
[0.396s] running egg_info
[0.397s] writing messages.egg-info/PKG-INFO
[0.397s] writing dependency_links to messages.egg-info/dependency_links.txt
[0.397s] writing top-level names to messages.egg-info/top_level.txt
[0.400s] reading manifest file 'messages.egg-info/SOURCES.txt'
[0.401s] writing manifest file 'messages.egg-info/SOURCES.txt'
[0.445s] [ 12%] Built target ament_cmake_python_build_messages_egg
[0.474s] [ 24%] Built target messages__rosidl_typesupport_fastrtps_cpp
[0.504s] [ 35%] Built target messages__rosidl_typesupport_cpp
[0.537s] [ 47%] Built target messages__rosidl_generator_c
[0.570s] [ 58%] Built target messages__rosidl_typesupport_fastrtps_c
[0.603s] [ 70%] Built target messages__rosidl_typesupport_c
[0.637s] [ 82%] Built target messages__rosidl_typesupport_introspection_c
[0.663s] [ 82%] Built target messages
[0.689s] [ 83%] Built target messages__py
[0.724s] [ 93%] Built target messages__rosidl_generator_py
[0.752s] [ 95%] Built target messages__rosidl_typesupport_fastrtps_c__pyext
[0.779s] [ 97%] Built target messages__rosidl_typesupport_c__pyext
[0.806s] [100%] Built target messages__rosidl_typesupport_introspection_c__pyext
[0.824s] Invoked command in '/home/kvothe/ros/build/messages' returned '0': CMAKE_PREFIX_PATH=${CMAKE_PREFIX_PATH}:/home/kvothe/ros/install/soma:/home/kvothe/ros/install/sensor_management:/home/kvothe/ros/install/robot_control:/opt/ros/humble /usr/bin/cmake --build /home/kvothe/ros/build/messages -- -j12 -l12
[0.829s] Invoking command in '/home/kvothe/ros/build/messages': CMAKE_PREFIX_PATH=${CMAKE_PREFIX_PATH}:/home/kvothe/ros/install/soma:/home/kvothe/ros/install/sensor_management:/home/kvothe/ros/install/robot_control:/opt/ros/humble /usr/bin/cmake --install /home/kvothe/ros/build/messages
[0.838s] -- Install configuration: ""
[0.839s] -- Execute custom install script
[0.839s] -- Up-to-date symlink: /home/kvothe/ros/install/messages/share/ament_index/resource_index/rosidl_interfaces/messages
[0.840s] -- Up-to-date symlink: /home/kvothe/ros/install/messages/include/messages/messages/msg/detail/landmark_constraint__functions.h
[0.841s] -- Up-to-date symlink: /home/kvothe/ros/install/messages/include/messages/messages/msg/detail/landmark_constraint__struct.h
[0.841s] -- Up-to-date symlink: /home/kvothe/ros/install/messages/include/messages/messages/msg/detail/landmark_constraint__type_support.h
[0.841s] -- Up-to-date symlink: /home/kvothe/ros/install/messages/include/messages/messages/msg/detail/landmark_constraint_list__functions.h
[0.841s] -- Up-to-date symlink: /home/kvothe/ros/install/messages/include/messages/messages/msg/detail/landmark_constraint_list__struct.h
[0.841s] -- Up-to-date symlink: /home/kvothe/ros/install/messages/include/messages/messages/msg/detail/landmark_constraint_list__type_support.h
[0.842s] -- Up-to-date symlink: /home/kvothe/ros/install/messages/include/messages/messages/msg/detail/landmark_landmark_constraint__functions.h
[0.842s] -- Up-to-date symlink: /home/kvothe/ros/install/messages/include/messages/messages/msg/detail/landmark_landmark_constraint__struct.h
[0.842s] -- Up-to-date symlink: /home/kvothe/ros/install/messages/include/messages/messages/msg/detail/landmark_landmark_constraint__type_support.h
[0.842s] -- Up-to-date symlink: /home/kvothe/ros/install/messages/include/messages/messages/msg/detail/landmark_landmark_constraint_list__functions.h
[0.842s] -- Up-to-date symlink: /home/kvothe/ros/install/messages/include/messages/messages/msg/detail/landmark_landmark_constraint_list__struct.h
[0.842s] -- Up-to-date symlink: /home/kvothe/ros/install/messages/include/messages/messages/msg/detail/landmark_landmark_constraint_list__type_support.h
[0.843s] -- Up-to-date symlink: /home/kvothe/ros/install/messages/include/messages/messages/msg/detail/line_segment__functions.h
[0.843s] -- Up-to-date symlink: /home/kvothe/ros/install/messages/include/messages/messages/msg/detail/line_segment__struct.h
[0.843s] -- Up-to-date symlink: /home/kvothe/ros/install/messages/include/messages/messages/msg/detail/line_segment__type_support.h
[0.844s] -- Up-to-date symlink: /home/kvothe/ros/install/messages/include/messages/messages/msg/detail/line_segment_list__functions.h
[0.844s] -- Up-to-date symlink: /home/kvothe/ros/install/messages/include/messages/messages/msg/detail/line_segment_list__struct.h
[0.844s] -- Up-to-date symlink: /home/kvothe/ros/install/messages/include/messages/messages/msg/detail/line_segment_list__type_support.h
[0.844s] -- Up-to-date symlink: /home/kvothe/ros/install/messages/include/messages/messages/msg/detail/pose_constraint__functions.h
[0.844s] -- Up-to-date symlink: /home/kvothe/ros/install/messages/include/messages/messages/msg/detail/pose_constraint__struct.h
[0.845s] -- Up-to-date symlink: /home/kvothe/ros/install/messages/include/messages/messages/msg/detail/pose_constraint__type_support.h
[0.845s] -- Up-to-date symlink: /home/kvothe/ros/install/messages/include/messages/messages/msg/detail/pose_graph__functions.h
[0.845s] -- Up-to-date symlink: /home/kvothe/ros/install/messages/include/messages/messages/msg/detail/pose_graph__struct.h
[0.845s] -- Up-to-date symlink: /home/kvothe/ros/install/messages/include/messages/messages/msg/detail/pose_graph__type_support.h
[0.845s] -- Up-to-date symlink: /home/kvothe/ros/install/messages/include/messages/messages/msg/detail/pose_node__functions.h
[0.845s] -- Up-to-date symlink: /home/kvothe/ros/install/messages/include/messages/messages/msg/detail/pose_node__struct.h
[0.846s] -- Up-to-date symlink: /home/kvothe/ros/install/messages/include/messages/messages/msg/detail/pose_node__type_support.h
[0.846s] -- Up-to-date symlink: /home/kvothe/ros/install/messages/include/messages/messages/msg/landmark_constraint.h
[0.846s] -- Up-to-date symlink: /home/kvothe/ros/install/messages/include/messages/messages/msg/landmark_constraint_list.h
[0.846s] -- Up-to-date symlink: /home/kvothe/ros/install/messages/include/messages/messages/msg/landmark_landmark_constraint.h
[0.847s] -- Up-to-date symlink: /home/kvothe/ros/install/messages/include/messages/messages/msg/landmark_landmark_constraint_list.h
[0.847s] -- Up-to-date symlink: /home/kvothe/ros/install/messages/include/messages/messages/msg/line_segment.h
[0.847s] -- Up-to-date symlink: /home/kvothe/ros/install/messages/include/messages/messages/msg/line_segment_list.h
[0.847s] -- Up-to-date symlink: /home/kvothe/ros/install/messages/include/messages/messages/msg/pose_constraint.h
[0.847s] -- Up-to-date symlink: /home/kvothe/ros/install/messages/include/messages/messages/msg/pose_graph.h
[0.848s] -- Up-to-date symlink: /home/kvothe/ros/install/messages/include/messages/messages/msg/pose_node.h
[0.848s] -- Up-to-date symlink: /home/kvothe/ros/install/messages/include/messages/messages/msg/rosidl_generator_c__visibility_control.h
[0.848s] -- Up-to-date symlink: /home/kvothe/ros/install/messages/share/messages/environment/library_path.sh
[0.848s] -- Up-to-date symlink: /home/kvothe/ros/install/messages/share/messages/environment/library_path.dsv
[0.850s] -- Up-to-date symlink: /home/kvothe/ros/install/messages/include/messages/messages/msg/detail/landmark_constraint__rosidl_typesupport_fastrtps_c.h
[0.850s] -- Up-to-date symlink: /home/kvothe/ros/install/messages/include/messages/messages/msg/detail/landmark_constraint_list__rosidl_typesupport_fastrtps_c.h
[0.850s] -- Up-to-date symlink: /home/kvothe/ros/install/messages/include/messages/messages/msg/detail/landmark_landmark_constraint__rosidl_typesupport_fastrtps_c.h
[0.850s] -- Up-to-date symlink: /home/kvothe/ros/install/messages/include/messages/messages/msg/detail/landmark_landmark_constraint_list__rosidl_typesupport_fastrtps_c.h
[0.851s] -- Up-to-date symlink: /home/kvothe/ros/install/messages/include/messages/messages/msg/detail/line_segment__rosidl_typesupport_fastrtps_c.h
[0.851s] -- Up-to-date symlink: /home/kvothe/ros/install/messages/include/messages/messages/msg/detail/line_segment_list__rosidl_typesupport_fastrtps_c.h
[0.851s] -- Up-to-date symlink: /home/kvothe/ros/install/messages/include/messages/messages/msg/detail/pose_constraint__rosidl_typesupport_fastrtps_c.h
[0.851s] -- Up-to-date symlink: /home/kvothe/ros/install/messages/include/messages/messages/msg/detail/pose_graph__rosidl_typesupport_fastrtps_c.h
[0.852s] -- Up-to-date symlink: /home/kvothe/ros/install/messages/include/messages/messages/msg/detail/pose_node__rosidl_typesupport_fastrtps_c.h
[0.852s] -- Up-to-date symlink: /home/kvothe/ros/install/messages/include/messages/messages/msg/rosidl_typesupport_fastrtps_c__visibility_control.h
[0.853s] -- Up-to-date symlink: /home/kvothe/ros/install/messages/include/messages/messages/msg/detail/landmark_constraint__rosidl_typesupport_introspection_c.h
[0.853s] -- Up-to-date symlink: /home/kvothe/ros/install/messages/include/messages/messages/msg/detail/landmark_constraint_list__rosidl_typesupport_introspection_c.h
[0.854s] -- Up-to-date symlink: /home/kvothe/ros/install/messages/include/messages/messages/msg/detail/landmark_landmark_constraint__rosidl_typesupport_introspection_c.h
[0.854s] -- Up-to-date symlink: /home/kvothe/ros/install/messages/include/messages/messages/msg/detail/landmark_landmark_constraint_list__rosidl_typesupport_introspection_c.h
[0.854s] -- Up-to-date symlink: /home/kvothe/ros/install/messages/include/messages/messages/msg/detail/line_segment__rosidl_typesupport_introspection_c.h
[0.854s] -- Up-to-date symlink: /home/kvothe/ros/install/messages/include/messages/messages/msg/detail/line_segment_list__rosidl_typesupport_introspection_c.h
[0.854s] -- Up-to-date symlink: /home/kvothe/ros/install/messages/include/messages/messages/msg/detail/pose_constraint__rosidl_typesupport_introspection_c.h
[0.855s] -- Up-to-date symlink: /home/kvothe/ros/install/messages/include/messages/messages/msg/detail/pose_graph__rosidl_typesupport_introspection_c.h
[0.855s] -- Up-to-date symlink: /home/kvothe/ros/install/messages/include/messages/messages/msg/detail/pose_node__rosidl_typesupport_introspection_c.h
[0.855s] -- Up-to-date symlink: /home/kvothe/ros/install/messages/include/messages/messages/msg/rosidl_typesupport_introspection_c__visibility_control.h
[0.856s] -- Up-to-date symlink: /home/kvothe/ros/install/messages/include/messages/messages/msg/detail/landmark_constraint__builder.hpp
[0.857s] -- Up-to-date symlink: /home/kvothe/ros/install/messages/include/messages/messages/msg/detail/landmark_constraint__struct.hpp
[0.857s] -- Up-to-date symlink: /home/kvothe/ros/install/messages/include/messages/messages/msg/detail/landmark_constraint__traits.hpp
[0.857s] -- Up-to-date symlink: /home/kvothe/ros/install/messages/include/messages/messages/msg/detail/landmark_constraint__type_support.hpp
[0.857s] -- Up-to-date symlink: /home/kvothe/ros/install/messages/include/messages/messages/msg/detail/landmark_constraint_list__builder.hpp
[0.857s] -- Up-to-date symlink: /home/kvothe/ros/install/messages/include/messages/messages/msg/detail/landmark_constraint_list__struct.hpp
[0.857s] -- Up-to-date symlink: /home/kvothe/ros/install/messages/include/messages/messages/msg/detail/landmark_constraint_list__traits.hpp
[0.858s] -- Up-to-date symlink: /home/kvothe/ros/install/messages/include/messages/messages/msg/detail/landmark_constraint_list__type_support.hpp
[0.858s] -- Up-to-date symlink: /home/kvothe/ros/install/messages/include/messages/messages/msg/detail/landmark_landmark_constraint__builder.hpp
[0.859s] -- Up-to-date symlink: /home/kvothe/ros/install/messages/include/messages/messages/msg/detail/landmark_landmark_constraint__struct.hpp
[0.859s] -- Up-to-date symlink: /home/kvothe/ros/install/messages/include/messages/messages/msg/detail/landmark_landmark_constraint__traits.hpp
[0.859s] -- Up-to-date symlink: /home/kvothe/ros/install/messages/include/messages/messages/msg/detail/landmark_landmark_constraint__type_support.hpp
[0.859s] -- Up-to-date symlink: /home/kvothe/ros/install/messages/include/messages/messages/msg/detail/landmark_landmark_constraint_list__builder.hpp
[0.860s] -- Up-to-date symlink: /home/kvothe/ros/install/messages/include/messages/messages/msg/detail/landmark_landmark_constraint_list__struct.hpp
[0.860s] -- Up-to-date symlink: /home/kvothe/ros/install/messages/include/messages/messages/msg/detail/landmark_landmark_constraint_list__traits.hpp
[0.860s] -- Up-to-date symlink: /home/kvothe/ros/install/messages/include/messages/messages/msg/detail/landmark_landmark_constraint_list__type_support.hpp
[0.860s] -- Up-to-date symlink: /home/kvothe/ros/install/messages/include/messages/messages/msg/detail/line_segment__builder.hpp
[0.860s] -- Up-to-date symlink: /home/kvothe/ros/install/messages/include/messages/messages/msg/detail/line_segment__struct.hpp
[0.861s] -- Up-to-date symlink: /home/kvothe/ros/install/messages/include/messages/messages/msg/detail/line_segment__traits.hpp
[0.861s] -- Up-to-date symlink: /home/kvothe/ros/install/messages/include/messages/messages/msg/detail/line_segment__type_support.hpp
[0.861s] -- Up-to-date symlink: /home/kvothe/ros/install/messages/include/messages/messages/msg/detail/line_segment_list__builder.hpp
[0.861s] -- Up-to-date symlink: /home/kvothe/ros/install/messages/include/messages/messages/msg/detail/line_segment_list__struct.hpp
[0.861s] -- Up-to-date symlink: /home/kvothe/ros/install/messages/include/messages/messages/msg/detail/line_segment_list__traits.hpp
[0.861s] -- Up-to-date symlink: /home/kvothe/ros/install/messages/include/messages/messages/msg/detail/line_segment_list__type_support.hpp
[0.862s] -- Up-to-date symlink: /home/kvothe/ros/install/messages/include/messages/messages/msg/detail/pose_constraint__builder.hpp
[0.862s] -- Up-to-date symlink: /home/kvothe/ros/install/messages/include/messages/messages/msg/detail/pose_constraint__struct.hpp
[0.862s] -- Up-to-date symlink: /home/kvothe/ros/install/messages/include/messages/messages/msg/detail/pose_constraint__traits.hpp
[0.862s] -- Up-to-date symlink: /home/kvothe/ros/install/messages/include/messages/messages/msg/detail/pose_constraint__type_support.hpp
[0.862s] -- Up-to-date symlink: /home/kvothe/ros/install/messages/include/messages/messages/msg/detail/pose_graph__builder.hpp
[0.863s] -- Up-to-date symlink: /home/kvothe/ros/install/messages/include/messages/messages/msg/detail/pose_graph__struct.hpp
[0.863s] -- Up-to-date symlink: /home/kvothe/ros/install/messages/include/messages/messages/msg/detail/pose_graph__traits.hpp
[0.863s] -- Up-to-date symlink: /home/kvothe/ros/install/messages/include/messages/messages/msg/detail/pose_graph__type_support.hpp
[0.863s] -- Up-to-date symlink: /home/kvothe/ros/install/messages/include/messages/messages/msg/detail/pose_node__builder.hpp
[0.863s] -- Up-to-date symlink: /home/kvothe/ros/install/messages/include/messages/messages/msg/detail/pose_node__struct.hpp
[0.864s] -- Up-to-date symlink: /home/kvothe/ros/install/messages/include/messages/messages/msg/detail/pose_node__traits.hpp
[0.864s] -- Up-to-date symlink: /home/kvothe/ros/install/messages/include/messages/messages/msg/detail/pose_node__type_support.hpp
[0.864s] -- Up-to-date symlink: /home/kvothe/ros/install/messages/include/messages/messages/msg/landmark_constraint.hpp
[0.864s] -- Up-to-date symlink: /home/kvothe/ros/install/messages/include/messages/messages/msg/landmark_constraint_list.hpp
[0.864s] -- Up-to-date symlink: /home/kvothe/ros/install/messages/include/messages/messages/msg/landmark_landmark_constraint.hpp
[0.865s] -- Up-to-date symlink: /home/kvothe/ros/install/messages/include/messages/messages/msg/landmark_landmark_constraint_list.hpp
[0.865s] -- Up-to-date symlink: /home/kvothe/ros/install/messages/include/messages/messages/msg/line_segment.hpp
[0.865s] -- Up-to-date symlink: /home/kvothe/ros/install/messages/include/messages/messages/msg/line_segment_list.hpp
[0.866s] -- Up-to-date symlink: /home/kvothe/ros/install/messages/include/messages/messages/msg/pose_constraint.hpp
[0.866s] -- Up-to-date symlink: /home/kvothe/ros/install/messages/include/messages/messages/msg/pose_graph.hpp
[0.867s] -- Up-to-date symlink: /home/kvothe/ros/install/messages/include/messages/messages/msg/pose_node.hpp
[0.867s] -- Up-to-date symlink: /home/kvothe/ros/install/messages/include/messages/messages/msg/rosidl_generator_cpp__visibility_control.hpp
[0.868s] -- Up-to-date symlink: /home/kvothe/ros/install/messages/include/messages/messages/msg/detail/landmark_constraint__rosidl_typesupport_fastrtps_cpp.hpp
[0.868s] -- Up-to-date symlink: /home/kvothe/ros/install/messages/include/messages/messages/msg/detail/landmark_constraint_list__rosidl_typesupport_fastrtps_cpp.hpp
[0.869s] -- Up-to-date symlink: /home/kvothe/ros/install/messages/include/messages/messages/msg/detail/landmark_landmark_constraint__rosidl_typesupport_fastrtps_cpp.hpp
[0.869s] -- Up-to-date symlink: /home/kvothe/ros/install/messages/include/messages/messages/msg/detail/landmark_landmark_constraint_list__rosidl_typesupport_fastrtps_cpp.hpp
[0.869s] -- Up-to-date symlink: /home/kvothe/ros/install/messages/include/messages/messages/msg/detail/line_segment__rosidl_typesupport_fastrtps_cpp.hpp
[0.869s] -- Up-to-date symlink: /home/kvothe/ros/install/messages/include/messages/messages/msg/detail/line_segment_list__rosidl_typesupport_fastrtps_cpp.hpp
[0.870s] -- Up-to-date symlink: /home/kvothe/ros/install/messages/include/messages/messages/msg/detail/pose_constraint__rosidl_typesupport_fastrtps_cpp.hpp
[0.870s] -- Up-to-date symlink: /home/kvothe/ros/install/messages/include/messages/messages/msg/detail/pose_graph__rosidl_typesupport_fastrtps_cpp.hpp
[0.870s] -- Up-to-date symlink: /home/kvothe/ros/install/messages/include/messages/messages/msg/detail/pose_node__rosidl_typesupport_fastrtps_cpp.hpp
[0.871s] -- Up-to-date symlink: /home/kvothe/ros/install/messages/include/messages/messages/msg/rosidl_typesupport_fastrtps_cpp__visibility_control.h
[0.871s] -- Up-to-date symlink: /home/kvothe/ros/install/messages/include/messages/messages/msg/detail/landmark_constraint__rosidl_typesupport_introspection_cpp.hpp
[0.872s] -- Up-to-date symlink: /home/kvothe/ros/install/messages/include/messages/messages/msg/detail/landmark_constraint_list__rosidl_typesupport_introspection_cpp.hpp
[0.872s] -- Up-to-date symlink: /home/kvothe/ros/install/messages/include/messages/messages/msg/detail/landmark_landmark_constraint__rosidl_typesupport_introspection_cpp.hpp
[0.872s] -- Up-to-date symlink: /home/kvothe/ros/install/messages/include/messages/messages/msg/detail/landmark_landmark_constraint_list__rosidl_typesupport_introspection_cpp.hpp
[0.873s] -- Up-to-date symlink: /home/kvothe/ros/install/messages/include/messages/messages/msg/detail/line_segment__rosidl_typesupport_introspection_cpp.hpp
[0.873s] -- Up-to-date symlink: /home/kvothe/ros/install/messages/include/messages/messages/msg/detail/line_segment_list__rosidl_typesupport_introspection_cpp.hpp
[0.873s] -- Up-to-date symlink: /home/kvothe/ros/install/messages/include/messages/messages/msg/detail/pose_constraint__rosidl_typesupport_introspection_cpp.hpp
[0.873s] -- Up-to-date symlink: /home/kvothe/ros/install/messages/include/messages/messages/msg/detail/pose_graph__rosidl_typesupport_introspection_cpp.hpp
[0.873s] -- Up-to-date symlink: /home/kvothe/ros/install/messages/include/messages/messages/msg/detail/pose_node__rosidl_typesupport_introspection_cpp.hpp
[0.874s] -- Up-to-date symlink: /home/kvothe/ros/install/messages/share/messages/environment/pythonpath.sh
[0.874s] -- Up-to-date symlink: /home/kvothe/ros/install/messages/share/messages/environment/pythonpath.dsv
[0.874s] -- Up-to-date symlink: /home/kvothe/ros/install/messages/local/lib/python3.10/dist-packages/messages-0.0.0-py3.10.egg-info/PKG-INFO
[0.874s] -- Up-to-date symlink: /home/kvothe/ros/install/messages/local/lib/python3.10/dist-packages/messages-0.0.0-py3.10.egg-info/SOURCES.txt
[0.875s] -- Up-to-date symlink: /home/kvothe/ros/install/messages/local/lib/python3.10/dist-packages/messages-0.0.0-py3.10.egg-info/dependency_links.txt
[0.875s] -- Up-to-date symlink: /home/kvothe/ros/install/messages/local/lib/python3.10/dist-packages/messages-0.0.0-py3.10.egg-info/top_level.txt
[0.876s] -- Up-to-date symlink: /home/kvothe/ros/install/messages/local/lib/python3.10/dist-packages/messages/__init__.py
[0.877s] -- Up-to-date symlink: /home/kvothe/ros/install/messages/local/lib/python3.10/dist-packages/messages/_messages_s.ep.rosidl_typesupport_c.c
[0.877s] -- Up-to-date symlink: /home/kvothe/ros/install/messages/local/lib/python3.10/dist-packages/messages/_messages_s.ep.rosidl_typesupport_fastrtps_c.c
[0.877s] -- Up-to-date symlink: /home/kvothe/ros/install/messages/local/lib/python3.10/dist-packages/messages/_messages_s.ep.rosidl_typesupport_introspection_c.c
[0.877s] -- Up-to-date symlink: /home/kvothe/ros/install/messages/local/lib/python3.10/dist-packages/messages/libmessages__rosidl_generator_py.so
[0.878s] -- Up-to-date symlink: /home/kvothe/ros/install/messages/local/lib/python3.10/dist-packages/messages/messages_s__rosidl_typesupport_c.cpython-310-x86_64-linux-gnu.so
[0.878s] -- Up-to-date symlink: /home/kvothe/ros/install/messages/local/lib/python3.10/dist-packages/messages/messages_s__rosidl_typesupport_fastrtps_c.cpython-310-x86_64-linux-gnu.so
[0.878s] -- Up-to-date symlink: /home/kvothe/ros/install/messages/local/lib/python3.10/dist-packages/messages/messages_s__rosidl_typesupport_introspection_c.cpython-310-x86_64-linux-gnu.so
[0.879s] -- Up-to-date symlink: /home/kvothe/ros/install/messages/local/lib/python3.10/dist-packages/messages/msg/__init__.py
[0.879s] -- Up-to-date symlink: /home/kvothe/ros/install/messages/local/lib/python3.10/dist-packages/messages/msg/_landmark_constraint.py
[0.880s] -- Up-to-date symlink: /home/kvothe/ros/install/messages/local/lib/python3.10/dist-packages/messages/msg/_landmark_constraint_list.py
[0.880s] -- Up-to-date symlink: /home/kvothe/ros/install/messages/local/lib/python3.10/dist-packages/messages/msg/_landmark_constraint_list_s.c
[0.880s] -- Up-to-date symlink: /home/kvothe/ros/install/messages/local/lib/python3.10/dist-packages/messages/msg/_landmark_constraint_s.c
[0.881s] -- Up-to-date symlink: /home/kvothe/ros/install/messages/local/lib/python3.10/dist-packages/messages/msg/_landmark_landmark_constraint.py
[0.881s] -- Up-to-date symlink: /home/kvothe/ros/install/messages/local/lib/python3.10/dist-packages/messages/msg/_landmark_landmark_constraint_list.py
[0.881s] -- Up-to-date symlink: /home/kvothe/ros/install/messages/local/lib/python3.10/dist-packages/messages/msg/_landmark_landmark_constraint_list_s.c
[0.881s] -- Up-to-date symlink: /home/kvothe/ros/install/messages/local/lib/python3.10/dist-packages/messages/msg/_landmark_landmark_constraint_s.c
[0.881s] -- Up-to-date symlink: /home/kvothe/ros/install/messages/local/lib/python3.10/dist-packages/messages/msg/_line_segment.py
[0.882s] -- Up-to-date symlink: /home/kvothe/ros/install/messages/local/lib/python3.10/dist-packages/messages/msg/_line_segment_list.py
[0.882s] -- Up-to-date symlink: /home/kvothe/ros/install/messages/local/lib/python3.10/dist-packages/messages/msg/_line_segment_list_s.c
[0.883s] -- Up-to-date symlink: /home/kvothe/ros/install/messages/local/lib/python3.10/dist-packages/messages/msg/_line_segment_s.c
[0.883s] -- Up-to-date symlink: /home/kvothe/ros/install/messages/local/lib/python3.10/dist-packages/messages/msg/_pose_constraint.py
[0.883s] -- Up-to-date symlink: /home/kvothe/ros/install/messages/local/lib/python3.10/dist-packages/messages/msg/_pose_constraint_s.c
[0.884s] -- Up-to-date symlink: /home/kvothe/ros/install/messages/local/lib/python3.10/dist-packages/messages/msg/_pose_graph.py
[0.884s] -- Up-to-date symlink: /home/kvothe/ros/install/messages/local/lib/python3.10/dist-packages/messages/msg/_pose_graph_s.c
[0.884s] -- Up-to-date symlink: /home/kvothe/ros/install/messages/local/lib/python3.10/dist-packages/messages/msg/_pose_node.py
[0.884s] -- Up-to-date symlink: /home/kvothe/ros/install/messages/local/lib/python3.10/dist-packages/messages/msg/_pose_node_s.c
[0.885s] -- Up-to-date symlink: /home/kvothe/ros/install/messages/local/lib/python3.10/dist-packages/messages/messages_s__rosidl_typesupport_fastrtps_c.cpython-310-x86_64-linux-gnu.so
[0.885s] -- Up-to-date symlink: /home/kvothe/ros/install/messages/local/lib/python3.10/dist-packages/messages/messages_s__rosidl_typesupport_introspection_c.cpython-310-x86_64-linux-gnu.so
[0.886s] -- Up-to-date symlink: /home/kvothe/ros/install/messages/local/lib/python3.10/dist-packages/messages/messages_s__rosidl_typesupport_c.cpython-310-x86_64-linux-gnu.so
[0.886s] -- Up-to-date symlink: /home/kvothe/ros/install/messages/share/messages/msg/LineSegment.idl
[0.887s] -- Up-to-date symlink: /home/kvothe/ros/install/messages/share/messages/msg/LineSegmentList.idl
[0.887s] -- Up-to-date symlink: /home/kvothe/ros/install/messages/share/messages/msg/PoseGraph.idl
[0.887s] -- Up-to-date symlink: /home/kvothe/ros/install/messages/share/messages/msg/PoseNode.idl
[0.888s] -- Up-to-date symlink: /home/kvothe/ros/install/messages/share/messages/msg/PoseConstraint.idl
[0.888s] -- Up-to-date symlink: /home/kvothe/ros/install/messages/share/messages/msg/LandmarkConstraint.idl
[0.888s] -- Up-to-date symlink: /home/kvothe/ros/install/messages/share/messages/msg/LandmarkConstraintList.idl
[0.889s] -- Up-to-date symlink: /home/kvothe/ros/install/messages/share/messages/msg/LandmarkLandmarkConstraint.idl
[0.889s] -- Up-to-date symlink: /home/kvothe/ros/install/messages/share/messages/msg/LandmarkLandmarkConstraintList.idl
[0.889s] -- Up-to-date symlink: /home/kvothe/ros/install/messages/share/messages/msg/LineSegment.msg
[0.889s] -- Up-to-date symlink: /home/kvothe/ros/install/messages/share/messages/msg/LineSegmentList.msg
[0.889s] -- Up-to-date symlink: /home/kvothe/ros/install/messages/share/messages/msg/PoseGraph.msg
[0.890s] -- Up-to-date symlink: /home/kvothe/ros/install/messages/share/messages/msg/PoseNode.msg
[0.890s] -- Up-to-date symlink: /home/kvothe/ros/install/messages/share/messages/msg/PoseConstraint.msg
[0.890s] -- Up-to-date symlink: /home/kvothe/ros/install/messages/share/messages/msg/LandmarkConstraint.msg
[0.890s] -- Up-to-date symlink: /home/kvothe/ros/install/messages/share/messages/msg/LandmarkConstraintList.msg
[0.890s] -- Up-to-date symlink: /home/kvothe/ros/install/messages/share/messages/msg/LandmarkLandmarkConstraint.msg
[0.890s] -- Up-to-date symlink: /home/kvothe/ros/install/messages/share/messages/msg/LandmarkLandmarkConstraintList.msg
[0.891s] -- Up-to-date symlink: /home/kvothe/ros/install/messages/share/ament_index/resource_index/package_run_dependencies/messages
[0.891s] -- Up-to-date symlink: /home/kvothe/ros/install/messages/share/ament_index/resource_index/parent_prefix_path/messages
[0.892s] -- Up-to-date symlink: /home/kvothe/ros/install/messages/share/messages/environment/ament_prefix_path.sh
[0.892s] -- Up-to-date symlink: /home/kvothe/ros/install/messages/share/messages/environment/ament_prefix_path.dsv
[0.892s] -- Up-to-date symlink: /home/kvothe/ros/install/messages/share/messages/environment/path.sh
[0.893s] -- Up-to-date symlink: /home/kvothe/ros/install/messages/share/messages/environment/path.dsv
[0.893s] -- Up-to-date symlink: /home/kvothe/ros/install/messages/share/messages/local_setup.bash
[0.893s] -- Up-to-date symlink: /home/kvothe/ros/install/messages/share/messages/local_setup.sh
[0.893s] -- Up-to-date symlink: /home/kvothe/ros/install/messages/share/messages/local_setup.zsh
[0.894s] -- Up-to-date symlink: /home/kvothe/ros/install/messages/share/messages/local_setup.dsv
[0.894s] -- Symlinking: /home/kvothe/ros/install/messages/share/messages/package.dsv
[0.910s] -- Up-to-date symlink: /home/kvothe/ros/install/messages/share/ament_index/resource_index/packages/messages
[0.910s] -- Up-to-date symlink: /home/kvothe/ros/install/messages/share/messages/cmake/rosidl_cmake-extras.cmake
[0.910s] -- Up-to-date symlink: /home/kvothe/ros/install/messages/share/messages/cmake/ament_cmake_export_dependencies-extras.cmake
[0.911s] -- Up-to-date symlink: /home/kvothe/ros/install/messages/share/messages/cmake/ament_cmake_export_include_directories-extras.cmake
[0.911s] -- Up-to-date symlink: /home/kvothe/ros/install/messages/share/messages/cmake/ament_cmake_export_libraries-extras.cmake
[0.911s] -- Up-to-date symlink: /home/kvothe/ros/install/messages/share/messages/cmake/ament_cmake_export_targets-extras.cmake
[0.911s] -- Up-to-date symlink: /home/kvothe/ros/install/messages/share/messages/cmake/rosidl_cmake_export_typesupport_targets-extras.cmake
[0.912s] -- Up-to-date symlink: /home/kvothe/ros/install/messages/share/messages/cmake/rosidl_cmake_export_typesupport_libraries-extras.cmake
[0.912s] -- Up-to-date symlink: /home/kvothe/ros/install/messages/share/messages/cmake/messagesConfig.cmake
[0.912s] -- Up-to-date symlink: /home/kvothe/ros/install/messages/share/messages/cmake/messagesConfig-version.cmake
[0.912s] -- Up-to-date symlink: /home/kvothe/ros/install/messages/share/messages/package.xml
[0.913s] -- Up-to-date: /home/kvothe/ros/install/messages/lib/libmessages__rosidl_generator_c.so
[0.914s] -- Up-to-date: /home/kvothe/ros/install/messages/lib/libmessages__rosidl_typesupport_fastrtps_c.so
[0.914s] -- Up-to-date: /home/kvothe/ros/install/messages/lib/libmessages__rosidl_typesupport_introspection_c.so
[0.915s] -- Up-to-date: /home/kvothe/ros/install/messages/lib/libmessages__rosidl_typesupport_c.so
[0.916s] -- Up-to-date: /home/kvothe/ros/install/messages/lib/libmessages__rosidl_typesupport_fastrtps_cpp.so
[0.916s] -- Up-to-date: /home/kvothe/ros/install/messages/lib/libmessages__rosidl_typesupport_introspection_cpp.so
[0.917s] -- Up-to-date: /home/kvothe/ros/install/messages/lib/libmessages__rosidl_typesupport_cpp.so
[0.966s] Listing '/home/kvothe/ros/install/messages/local/lib/python3.10/dist-packages/messages'...
[0.967s] Listing '/home/kvothe/ros/install/messages/local/lib/python3.10/dist-packages/messages/msg'...
[0.977s] -- Up-to-date: /home/kvothe/ros/install/messages/lib/libmessages__rosidl_generator_py.so
[0.978s] -- Up-to-date: /home/kvothe/ros/install/messages/share/messages/cmake/export_messages__rosidl_generator_cExport.cmake
[0.978s] -- Up-to-date: /home/kvothe/ros/install/messages/share/messages/cmake/export_messages__rosidl_generator_cExport-noconfig.cmake
[0.979s] -- Up-to-date: /home/kvothe/ros/install/messages/share/messages/cmake/export_messages__rosidl_typesupport_fastrtps_cExport.cmake
[0.979s] -- Up-to-date: /home/kvothe/ros/install/messages/share/messages/cmake/export_messages__rosidl_typesupport_fastrtps_cExport-noconfig.cmake
[0.979s] -- Up-to-date: /home/kvothe/ros/install/messages/share/messages/cmake/messages__rosidl_typesupport_introspection_cExport.cmake
[0.979s] -- Up-to-date: /home/kvothe/ros/install/messages/share/messages/cmake/messages__rosidl_typesupport_introspection_cExport-noconfig.cmake
[0.980s] -- Up-to-date: /home/kvothe/ros/install/messages/share/messages/cmake/messages__rosidl_typesupport_cExport.cmake
[0.980s] -- Up-to-date: /home/kvothe/ros/install/messages/share/messages/cmake/messages__rosidl_typesupport_cExport-noconfig.cmake
[0.980s] -- Up-to-date: /home/kvothe/ros/install/messages/share/messages/cmake/export_messages__rosidl_generator_cppExport.cmake
[0.981s] -- Up-to-date: /home/kvothe/ros/install/messages/share/messages/cmake/export_messages__rosidl_typesupport_fastrtps_cppExport.cmake
[0.981s] -- Up-to-date: /home/kvothe/ros/install/messages/share/messages/cmake/export_messages__rosidl_typesupport_fastrtps_cppExport-noconfig.cmake
[0.981s] -- Up-to-date: /home/kvothe/ros/install/messages/share/messages/cmake/messages__rosidl_typesupport_introspection_cppExport.cmake
[0.982s] -- Up-to-date: /home/kvothe/ros/install/messages/share/messages/cmake/messages__rosidl_typesupport_introspection_cppExport-noconfig.cmake
[0.983s] -- Up-to-date: /home/kvothe/ros/install/messages/share/messages/cmake/messages__rosidl_typesupport_cppExport.cmake
[0.983s] -- Up-to-date: /home/kvothe/ros/install/messages/share/messages/cmake/messages__rosidl_typesupport_cppExport-noconfig.cmake
[0.983s] -- Up-to-date: /home/kvothe/ros/install/messages/share/messages/cmake/export_messages__rosidl_generator_pyExport.cmake
[0.983s] -- Up-to-date: /home/kvothe/ros/install/messages/share/messages/cmake/export_messages__rosidl_generator_pyExport-noconfig.cmake
[0.989s] Invoked command in '/home/kvothe/ros/build/messages' returned '0': CMAKE_PREFIX_PATH=${CMAKE_PREFIX_PATH}:/home/kvothe/ros/install/soma:/home/kvothe/ros/install/sensor_management:/home/kvothe/ros/install/robot_control:/opt/ros/humble /usr/bin/cmake --install /home/kvothe/ros/build/messages
