[0.022s] Invoking command in '/home/kvothe/ros/build/cppp': CMAKE_PREFIX_PATH=/home/kvothe/ros/install/messages:/home/kvothe/ros/install/ros_bringup:/home/kvothe/ros/install/ros_gazebo:/home/kvothe/ros/install/robot_description:/home/kvothe/ros/install/cppp:/home/kvothe/ros/install/soma:/home/kvothe/ros/install/sensor_management:/home/kvothe/ros/install/robot_control:/opt/ros/humble /usr/bin/cmake --build /home/kvothe/ros/build/cppp -- -j12 -l12
[0.268s] [35m[1mConsolidate compiler generated dependencies of target RansacLineExtractionNode[0m
[0.268s] [ 12%] Built target PreprocessNode
[0.269s] [ 37%] Built target LandmarkTransformerNode
[0.269s] [ 37%] Built target LandmarkTransformermapNode
[0.269s] [ 62%] Built target LandmarkGraphNode
[0.269s] [ 62%] Built target IncrementalLineFittingNode
[0.269s] [ 75%] Built target HoughLineFittingNode
[0.269s] [ 93%] [32mBuilding CXX object CMakeFiles/RansacLineExtractionNode.dir/src/RansacLineExtractionNode.cpp.o[0m
[0.269s] [ 93%] Built target ScanAccumulator
[13.026s] [100%] [32m[1mLinking CXX executable RansacLineExtractionNode[0m
[14.806s] [100%] Built target RansacLineExtractionNode
[14.831s] Invoked command in '/home/kvothe/ros/build/cppp' returned '0': CMAKE_PREFIX_PATH=/home/kvothe/ros/install/messages:/home/kvothe/ros/install/ros_bringup:/home/kvothe/ros/install/ros_gazebo:/home/kvothe/ros/install/robot_description:/home/kvothe/ros/install/cppp:/home/kvothe/ros/install/soma:/home/kvothe/ros/install/sensor_management:/home/kvothe/ros/install/robot_control:/opt/ros/humble /usr/bin/cmake --build /home/kvothe/ros/build/cppp -- -j12 -l12
[14.835s] Invoking command in '/home/kvothe/ros/build/cppp': CMAKE_PREFIX_PATH=/home/kvothe/ros/install/messages:/home/kvothe/ros/install/ros_bringup:/home/kvothe/ros/install/ros_gazebo:/home/kvothe/ros/install/robot_description:/home/kvothe/ros/install/cppp:/home/kvothe/ros/install/soma:/home/kvothe/ros/install/sensor_management:/home/kvothe/ros/install/robot_control:/opt/ros/humble /usr/bin/cmake --install /home/kvothe/ros/build/cppp
[14.850s] -- Install configuration: ""
[14.851s] -- Up-to-date: /home/kvothe/ros/install/cppp/lib/cppp/LandmarkTransformerNode
[14.852s] -- Up-to-date: /home/kvothe/ros/install/cppp/lib/cppp/ScanAccumulator
[14.852s] -- Up-to-date: /home/kvothe/ros/install/cppp/lib/cppp/PreprocessNode
[14.853s] -- Up-to-date: /home/kvothe/ros/install/cppp/lib/cppp/LandmarkGraphNode
[14.854s] -- Up-to-date: /home/kvothe/ros/install/cppp/lib/cppp/IncrementalLineFittingNode
[14.854s] -- Up-to-date: /home/kvothe/ros/install/cppp/lib/cppp/LandmarkTransformermapNode
[14.855s] -- Up-to-date: /home/kvothe/ros/install/cppp/lib/cppp/HoughLineFittingNode
[14.856s] -- Installing: /home/kvothe/ros/install/cppp/lib/cppp/RansacLineExtractionNode
[14.863s] -- Set runtime path of "/home/kvothe/ros/install/cppp/lib/cppp/RansacLineExtractionNode" to ""
[14.863s] -- Up-to-date: /home/kvothe/ros/install/cppp/share/ament_index/resource_index/package_run_dependencies/cppp
[14.864s] -- Up-to-date: /home/kvothe/ros/install/cppp/share/ament_index/resource_index/parent_prefix_path/cppp
[14.864s] -- Up-to-date: /home/kvothe/ros/install/cppp/share/cppp/environment/ament_prefix_path.sh
[14.864s] -- Up-to-date: /home/kvothe/ros/install/cppp/share/cppp/environment/ament_prefix_path.dsv
[14.864s] -- Up-to-date: /home/kvothe/ros/install/cppp/share/cppp/environment/path.sh
[14.864s] -- Up-to-date: /home/kvothe/ros/install/cppp/share/cppp/environment/path.dsv
[14.865s] -- Up-to-date: /home/kvothe/ros/install/cppp/share/cppp/local_setup.bash
[14.865s] -- Up-to-date: /home/kvothe/ros/install/cppp/share/cppp/local_setup.sh
[14.865s] -- Up-to-date: /home/kvothe/ros/install/cppp/share/cppp/local_setup.zsh
[14.865s] -- Up-to-date: /home/kvothe/ros/install/cppp/share/cppp/local_setup.dsv
[14.865s] -- Installing: /home/kvothe/ros/install/cppp/share/cppp/package.dsv
[14.865s] -- Up-to-date: /home/kvothe/ros/install/cppp/share/ament_index/resource_index/packages/cppp
[14.865s] -- Up-to-date: /home/kvothe/ros/install/cppp/share/cppp/cmake/cpppConfig.cmake
[14.866s] -- Up-to-date: /home/kvothe/ros/install/cppp/share/cppp/cmake/cpppConfig-version.cmake
[14.866s] -- Up-to-date: /home/kvothe/ros/install/cppp/share/cppp/package.xml
[14.868s] Invoked command in '/home/kvothe/ros/build/cppp' returned '0': CMAKE_PREFIX_PATH=/home/kvothe/ros/install/messages:/home/kvothe/ros/install/ros_bringup:/home/kvothe/ros/install/ros_gazebo:/home/kvothe/ros/install/robot_description:/home/kvothe/ros/install/cppp:/home/kvothe/ros/install/soma:/home/kvothe/ros/install/sensor_management:/home/kvothe/ros/install/robot_control:/opt/ros/humble /usr/bin/cmake --install /home/kvothe/ros/build/cppp
