[2.063s] Invoking command in '/home/kvothe/ros/build/ros_bringup': AMENT_PREFIX_PATH=/home/kvothe/ros/install/soma:/home/kvothe/ros/install/sensor_management:/home/kvothe/ros/install/robot_control:/home/kvothe/ros/install/ros_bringup:/home/kvothe/ros/install/ros_gazebo:/home/kvothe/ros/install/robot_description:/home/kvothe/ros/install/cppp:/home/kvothe/ros/install/messages:/opt/ros/humble CMAKE_PREFIX_PATH=/home/kvothe/ros/install/ros_gazebo:/home/kvothe/ros/install/cppp:/home/kvothe/ros/install/robot_description:/home/kvothe/ros/install/messages:/home/kvothe/ros/install/ros_bringup:/home/kvothe/ros/install/soma:/home/kvothe/ros/install/sensor_management:/home/kvothe/ros/install/robot_control:/opt/ros/humble IGN_GAZEBO_PLUGIN_PATH=/home/kvothe/ros/install/ros_gazebo/lib/ros_gazebo IGN_GAZEBO_RESOURCE_PATH=/home/kvothe/ros/install/robot_description/share/robot_description/models:${IGN_GAZEBO_RESOURCE_PATH} /usr/bin/cmake --build /home/kvothe/ros/build/ros_bringup -- -j16 -l16
[2.116s] Invoked command in '/home/kvothe/ros/build/ros_bringup' returned '0': AMENT_PREFIX_PATH=/home/kvothe/ros/install/soma:/home/kvothe/ros/install/sensor_management:/home/kvothe/ros/install/robot_control:/home/kvothe/ros/install/ros_bringup:/home/kvothe/ros/install/ros_gazebo:/home/kvothe/ros/install/robot_description:/home/kvothe/ros/install/cppp:/home/kvothe/ros/install/messages:/opt/ros/humble CMAKE_PREFIX_PATH=/home/kvothe/ros/install/ros_gazebo:/home/kvothe/ros/install/cppp:/home/kvothe/ros/install/robot_description:/home/kvothe/ros/install/messages:/home/kvothe/ros/install/ros_bringup:/home/kvothe/ros/install/soma:/home/kvothe/ros/install/sensor_management:/home/kvothe/ros/install/robot_control:/opt/ros/humble IGN_GAZEBO_PLUGIN_PATH=/home/kvothe/ros/install/ros_gazebo/lib/ros_gazebo IGN_GAZEBO_RESOURCE_PATH=/home/kvothe/ros/install/robot_description/share/robot_description/models:${IGN_GAZEBO_RESOURCE_PATH} /usr/bin/cmake --build /home/kvothe/ros/build/ros_bringup -- -j16 -l16
[2.121s] Invoking command in '/home/kvothe/ros/build/ros_bringup': AMENT_PREFIX_PATH=/home/kvothe/ros/install/soma:/home/kvothe/ros/install/sensor_management:/home/kvothe/ros/install/robot_control:/home/kvothe/ros/install/ros_bringup:/home/kvothe/ros/install/ros_gazebo:/home/kvothe/ros/install/robot_description:/home/kvothe/ros/install/cppp:/home/kvothe/ros/install/messages:/opt/ros/humble CMAKE_PREFIX_PATH=/home/kvothe/ros/install/ros_gazebo:/home/kvothe/ros/install/cppp:/home/kvothe/ros/install/robot_description:/home/kvothe/ros/install/messages:/home/kvothe/ros/install/ros_bringup:/home/kvothe/ros/install/soma:/home/kvothe/ros/install/sensor_management:/home/kvothe/ros/install/robot_control:/opt/ros/humble IGN_GAZEBO_PLUGIN_PATH=/home/kvothe/ros/install/ros_gazebo/lib/ros_gazebo IGN_GAZEBO_RESOURCE_PATH=/home/kvothe/ros/install/robot_description/share/robot_description/models:${IGN_GAZEBO_RESOURCE_PATH} /usr/bin/cmake --install /home/kvothe/ros/build/ros_bringup
[2.131s] -- Install configuration: ""
[2.132s] -- Execute custom install script
[2.133s] -- Up-to-date symlink: /home/kvothe/ros/install/ros_bringup/share/ros_bringup/launch/Crawler.launch.py
[2.133s] -- Up-to-date symlink: /home/kvothe/ros/install/ros_bringup/share/ros_bringup/config/ros_bridge.yaml
[2.134s] -- Up-to-date symlink: /home/kvothe/ros/install/ros_bringup/share/ament_index/resource_index/package_run_dependencies/ros_bringup
[2.134s] -- Up-to-date symlink: /home/kvothe/ros/install/ros_bringup/share/ament_index/resource_index/parent_prefix_path/ros_bringup
[2.135s] -- Up-to-date symlink: /home/kvothe/ros/install/ros_bringup/share/ros_bringup/environment/ament_prefix_path.sh
[2.136s] -- Up-to-date symlink: /home/kvothe/ros/install/ros_bringup/share/ros_bringup/environment/ament_prefix_path.dsv
[2.136s] -- Up-to-date symlink: /home/kvothe/ros/install/ros_bringup/share/ros_bringup/environment/path.sh
[2.136s] -- Up-to-date symlink: /home/kvothe/ros/install/ros_bringup/share/ros_bringup/environment/path.dsv
[2.137s] -- Up-to-date symlink: /home/kvothe/ros/install/ros_bringup/share/ros_bringup/local_setup.bash
[2.138s] -- Up-to-date symlink: /home/kvothe/ros/install/ros_bringup/share/ros_bringup/local_setup.sh
[2.138s] -- Up-to-date symlink: /home/kvothe/ros/install/ros_bringup/share/ros_bringup/local_setup.zsh
[2.139s] -- Up-to-date symlink: /home/kvothe/ros/install/ros_bringup/share/ros_bringup/local_setup.dsv
[2.139s] -- Symlinking: /home/kvothe/ros/install/ros_bringup/share/ros_bringup/package.dsv
[2.153s] -- Up-to-date symlink: /home/kvothe/ros/install/ros_bringup/share/ament_index/resource_index/packages/ros_bringup
[2.154s] -- Up-to-date symlink: /home/kvothe/ros/install/ros_bringup/share/ros_bringup/cmake/ros_bringupConfig.cmake
[2.154s] -- Up-to-date symlink: /home/kvothe/ros/install/ros_bringup/share/ros_bringup/cmake/ros_bringupConfig-version.cmake
[2.154s] -- Up-to-date symlink: /home/kvothe/ros/install/ros_bringup/share/ros_bringup/package.xml
[2.159s] Invoked command in '/home/kvothe/ros/build/ros_bringup' returned '0': AMENT_PREFIX_PATH=/home/kvothe/ros/install/soma:/home/kvothe/ros/install/sensor_management:/home/kvothe/ros/install/robot_control:/home/kvothe/ros/install/ros_bringup:/home/kvothe/ros/install/ros_gazebo:/home/kvothe/ros/install/robot_description:/home/kvothe/ros/install/cppp:/home/kvothe/ros/install/messages:/opt/ros/humble CMAKE_PREFIX_PATH=/home/kvothe/ros/install/ros_gazebo:/home/kvothe/ros/install/cppp:/home/kvothe/ros/install/robot_description:/home/kvothe/ros/install/messages:/home/kvothe/ros/install/ros_bringup:/home/kvothe/ros/install/soma:/home/kvothe/ros/install/sensor_management:/home/kvothe/ros/install/robot_control:/opt/ros/humble IGN_GAZEBO_PLUGIN_PATH=/home/kvothe/ros/install/ros_gazebo/lib/ros_gazebo IGN_GAZEBO_RESOURCE_PATH=/home/kvothe/ros/install/robot_description/share/robot_description/models:${IGN_GAZEBO_RESOURCE_PATH} /usr/bin/cmake --install /home/kvothe/ros/build/ros_bringup
