[01m[K/home/kvothe/ros/src/cppp/src/PoseGraphOptimizer.cpp:[m[K In member function ‘[01m[Kvoid PoseGraphOptimizer::optimizeGraph()[m[K’:
[01m[K/home/kvothe/ros/src/cppp/src/PoseGraphOptimizer.cpp:116:104:[m[K [01;31m[Kerror: [m[Kno matching function for call to ‘[01m[KPosePoseCost::PosePoseCost(const _dx_type&, const _dy_type&, const _dtheta_type&, const _covariance_type&)[m[K’
  116 |                 new PosePoseCost(constraint.dx, constraint.dy, constraint.dtheta, constraint.covariance[01;31m[K)[m[K);
      |                                                                                                        [01;31m[K^[m[K
[01m[K/home/kvothe/ros/src/cppp/src/PoseGraphOptimizer.cpp:13:5:[m[K [01;36m[Knote: [m[Kcandidate: ‘[01m[KPosePoseCost::PosePoseCost(double, double, double, const std::array<double, 9>&)[m[K’
   13 |     [01;36m[KPosePoseCost[m[K(double dx, double dy, double dtheta, const std::array<double, 9> &covariance)
      |     [01;36m[K^~~~~~~~~~~~[m[K
[01m[K/home/kvothe/ros/src/cppp/src/PoseGraphOptimizer.cpp:13:84:[m[K [01;36m[Knote: [m[K  no known conversion for argument 4 from ‘[01m[Kconst _covariance_type[m[K’ {aka ‘[01m[Kconst std::array<float, 9>[m[K’} to ‘[01m[Kconst std::array<double, 9>&[m[K’
   13 |     PosePoseCost(double dx, double dy, double dtheta, [01;36m[Kconst std::array<double, 9> &covariance[m[K)
      |                                                       [01;36m[K~~~~~~~~~~~~~~~~~~~~~~~~~~~~~^~~~~~~~~~[m[K
[01m[K/home/kvothe/ros/src/cppp/src/PoseGraphOptimizer.cpp:12:8:[m[K [01;36m[Knote: [m[Kcandidate: ‘[01m[Kconstexpr PosePoseCost::PosePoseCost(const PosePoseCost&)[m[K’
   12 | struct [01;36m[KPosePoseCost[m[K {
      |        [01;36m[K^~~~~~~~~~~~[m[K
[01m[K/home/kvothe/ros/src/cppp/src/PoseGraphOptimizer.cpp:12:8:[m[K [01;36m[Knote: [m[K  candidate expects 1 argument, 4 provided
[01m[K/home/kvothe/ros/src/cppp/src/PoseGraphOptimizer.cpp:12:8:[m[K [01;36m[Knote: [m[Kcandidate: ‘[01m[Kconstexpr PosePoseCost::PosePoseCost(PosePoseCost&&)[m[K’
[01m[K/home/kvothe/ros/src/cppp/src/PoseGraphOptimizer.cpp:12:8:[m[K [01;36m[Knote: [m[K  candidate expects 1 argument, 4 provided
[01m[K/home/kvothe/ros/src/cppp/src/PoseGraphOptimizer.cpp:123:93:[m[K [01;31m[Kerror: [m[Kno matching function for call to ‘[01m[KPoseLandmarkCost::PoseLandmarkCost(const _rho_type&, const _alpha_type&, const _covariance_type&)[m[K’
  123 |                 new PoseLandmarkCost(constraint.rho, constraint.alpha, constraint.covariance[01;31m[K)[m[K);
      |                                                                                             [01;31m[K^[m[K
[01m[K/home/kvothe/ros/src/cppp/src/PoseGraphOptimizer.cpp:30:5:[m[K [01;36m[Knote: [m[Kcandidate: ‘[01m[KPoseLandmarkCost::PoseLandmarkCost(double, double, const std::array<double, 4>&)[m[K’
   30 |     [01;36m[KPoseLandmarkCost[m[K(double rho, double alpha, const std::array<double, 4> &covariance)
      |     [01;36m[K^~~~~~~~~~~~~~~~[m[K
[01m[K/home/kvothe/ros/src/cppp/src/PoseGraphOptimizer.cpp:30:77:[m[K [01;36m[Knote: [m[K  no known conversion for argument 3 from ‘[01m[Kconst _covariance_type[m[K’ {aka ‘[01m[Kconst std::array<float, 4>[m[K’} to ‘[01m[Kconst std::array<double, 4>&[m[K’
   30 |     PoseLandmarkCost(double rho, double alpha, [01;36m[Kconst std::array<double, 4> &covariance[m[K)
      |                                                [01;36m[K~~~~~~~~~~~~~~~~~~~~~~~~~~~~~^~~~~~~~~~[m[K
[01m[K/home/kvothe/ros/src/cppp/src/PoseGraphOptimizer.cpp:29:8:[m[K [01;36m[Knote: [m[Kcandidate: ‘[01m[Kconstexpr PoseLandmarkCost::PoseLandmarkCost(const PoseLandmarkCost&)[m[K’
   29 | struct [01;36m[KPoseLandmarkCost[m[K {
      |        [01;36m[K^~~~~~~~~~~~~~~~[m[K
[01m[K/home/kvothe/ros/src/cppp/src/PoseGraphOptimizer.cpp:29:8:[m[K [01;36m[Knote: [m[K  candidate expects 1 argument, 3 provided
[01m[K/home/kvothe/ros/src/cppp/src/PoseGraphOptimizer.cpp:29:8:[m[K [01;36m[Knote: [m[Kcandidate: ‘[01m[Kconstexpr PoseLandmarkCost::PoseLandmarkCost(PoseLandmarkCost&&)[m[K’
[01m[K/home/kvothe/ros/src/cppp/src/PoseGraphOptimizer.cpp:29:8:[m[K [01;36m[Knote: [m[K  candidate expects 1 argument, 3 provided
[01m[K/home/kvothe/ros/src/cppp/src/PoseGraphOptimizer.cpp:130:93:[m[K [01;31m[Kerror: [m[Kno matching function for call to ‘[01m[KLandmarkLandmarkCost::LandmarkLandmarkCost(const _dx_type&, const _dy_type&, const _covariance_type&)[m[K’
  130 |                 new LandmarkLandmarkCost(constraint.dx, constraint.dy, constraint.covariance[01;31m[K)[m[K);
      |                                                                                             [01;31m[K^[m[K
[01m[K/home/kvothe/ros/src/cppp/src/PoseGraphOptimizer.cpp:46:5:[m[K [01;36m[Knote: [m[Kcandidate: ‘[01m[KLandmarkLandmarkCost::LandmarkLandmarkCost(double, double, const std::array<double, 4>&)[m[K’
   46 |     [01;36m[KLandmarkLandmarkCost[m[K(double dx, double dy, const std::array<double, 4> &covariance)
      |     [01;36m[K^~~~~~~~~~~~~~~~~~~~[m[K
[01m[K/home/kvothe/ros/src/cppp/src/PoseGraphOptimizer.cpp:46:77:[m[K [01;36m[Knote: [m[K  no known conversion for argument 3 from ‘[01m[Kconst _covariance_type[m[K’ {aka ‘[01m[Kconst std::array<float, 4>[m[K’} to ‘[01m[Kconst std::array<double, 4>&[m[K’
   46 |     LandmarkLandmarkCost(double dx, double dy, [01;36m[Kconst std::array<double, 4> &covariance[m[K)
      |                                                [01;36m[K~~~~~~~~~~~~~~~~~~~~~~~~~~~~~^~~~~~~~~~[m[K
[01m[K/home/kvothe/ros/src/cppp/src/PoseGraphOptimizer.cpp:45:8:[m[K [01;36m[Knote: [m[Kcandidate: ‘[01m[Kconstexpr LandmarkLandmarkCost::LandmarkLandmarkCost(const LandmarkLandmarkCost&)[m[K’
   45 | struct [01;36m[KLandmarkLandmarkCost[m[K {
      |        [01;36m[K^~~~~~~~~~~~~~~~~~~~[m[K
[01m[K/home/kvothe/ros/src/cppp/src/PoseGraphOptimizer.cpp:45:8:[m[K [01;36m[Knote: [m[K  candidate expects 1 argument, 3 provided
[01m[K/home/kvothe/ros/src/cppp/src/PoseGraphOptimizer.cpp:45:8:[m[K [01;36m[Knote: [m[Kcandidate: ‘[01m[Kconstexpr LandmarkLandmarkCost::LandmarkLandmarkCost(LandmarkLandmarkCost&&)[m[K’
[01m[K/home/kvothe/ros/src/cppp/src/PoseGraphOptimizer.cpp:45:8:[m[K [01;36m[Knote: [m[K  candidate expects 1 argument, 3 provided
gmake[2]: *** [CMakeFiles/PoseGraphOptimizer.dir/build.make:76: CMakeFiles/PoseGraphOptimizer.dir/src/PoseGraphOptimizer.cpp.o] Error 1
gmake[1]: *** [CMakeFiles/Makefile2:389: CMakeFiles/PoseGraphOptimizer.dir/all] Error 2
gmake: *** [Makefile:146: all] Error 2
