[0.529s] Invoking command in '/home/kvothe/ros/build/cppp': CMAKE_PREFIX_PATH=/home/kvothe/ros/install/messages:/home/kvothe/ros/install/ros_bringup:/home/kvothe/ros/install/ros_gazebo:/home/kvothe/ros/install/robot_description:/home/kvothe/ros/install/cppp:/home/kvothe/ros/install/soma:/home/kvothe/ros/install/sensor_management:/home/kvothe/ros/install/robot_control:/opt/ros/humble /usr/bin/cmake --build /home/kvothe/ros/build/cppp -- -j16 -l16
[0.578s] [ 10%] Built target PreprocessNode
[0.580s] [ 30%] Built target LandmarkTransformermapNode
[0.580s] [ 30%] Built target LandmarkGraphNode
[0.582s] [ 40%] Built target ScanTransformer
[0.584s] [ 50%] Built target IncrementalLineFittingNode
[0.584s] [ 60%] Built target RansacLineExtractionNode
[0.585s] [ 70%] Built target LandmarkTransformerNode
[0.587s] [ 80%] Built target HoughLineFittingNode
[0.588s] [ 90%] Built target ScanAccumulator
[0.588s] [100%] Built target PoseGraphOptimizer
[0.597s] Invoked command in '/home/kvothe/ros/build/cppp' returned '0': CMAKE_PREFIX_PATH=/home/kvothe/ros/install/messages:/home/kvothe/ros/install/ros_bringup:/home/kvothe/ros/install/ros_gazebo:/home/kvothe/ros/install/robot_description:/home/kvothe/ros/install/cppp:/home/kvothe/ros/install/soma:/home/kvothe/ros/install/sensor_management:/home/kvothe/ros/install/robot_control:/opt/ros/humble /usr/bin/cmake --build /home/kvothe/ros/build/cppp -- -j16 -l16
[0.599s] Invoking command in '/home/kvothe/ros/build/cppp': CMAKE_PREFIX_PATH=/home/kvothe/ros/install/messages:/home/kvothe/ros/install/ros_bringup:/home/kvothe/ros/install/ros_gazebo:/home/kvothe/ros/install/robot_description:/home/kvothe/ros/install/cppp:/home/kvothe/ros/install/soma:/home/kvothe/ros/install/sensor_management:/home/kvothe/ros/install/robot_control:/opt/ros/humble /usr/bin/cmake --install /home/kvothe/ros/build/cppp
[0.606s] -- Install configuration: ""
[0.606s] -- Up-to-date: /home/kvothe/ros/install/cppp/lib/cppp/LandmarkTransformerNode
[0.606s] -- Up-to-date: /home/kvothe/ros/install/cppp/lib/cppp/ScanAccumulator
[0.606s] -- Up-to-date: /home/kvothe/ros/install/cppp/lib/cppp/PreprocessNode
[0.606s] -- Up-to-date: /home/kvothe/ros/install/cppp/lib/cppp/LandmarkGraphNode
[0.606s] -- Up-to-date: /home/kvothe/ros/install/cppp/lib/cppp/IncrementalLineFittingNode
[0.606s] -- Up-to-date: /home/kvothe/ros/install/cppp/lib/cppp/LandmarkTransformermapNode
[0.607s] -- Up-to-date: /home/kvothe/ros/install/cppp/lib/cppp/HoughLineFittingNode
[0.607s] -- Up-to-date: /home/kvothe/ros/install/cppp/lib/cppp/RansacLineExtractionNode
[0.607s] -- Up-to-date: /home/kvothe/ros/install/cppp/lib/cppp/ScanTransformer
[0.607s] -- Up-to-date: /home/kvothe/ros/install/cppp/lib/cppp/PoseGraphOptimizer
[0.608s] -- Up-to-date: /home/kvothe/ros/install/cppp/share/ament_index/resource_index/package_run_dependencies/cppp
[0.608s] -- Up-to-date: /home/kvothe/ros/install/cppp/share/ament_index/resource_index/parent_prefix_path/cppp
[0.608s] -- Up-to-date: /home/kvothe/ros/install/cppp/share/cppp/environment/ament_prefix_path.sh
[0.608s] -- Up-to-date: /home/kvothe/ros/install/cppp/share/cppp/environment/ament_prefix_path.dsv
[0.608s] -- Up-to-date: /home/kvothe/ros/install/cppp/share/cppp/environment/path.sh
[0.608s] -- Up-to-date: /home/kvothe/ros/install/cppp/share/cppp/environment/path.dsv
[0.608s] -- Up-to-date: /home/kvothe/ros/install/cppp/share/cppp/local_setup.bash
[0.608s] -- Up-to-date: /home/kvothe/ros/install/cppp/share/cppp/local_setup.sh
[0.609s] -- Up-to-date: /home/kvothe/ros/install/cppp/share/cppp/local_setup.zsh
[0.609s] -- Up-to-date: /home/kvothe/ros/install/cppp/share/cppp/local_setup.dsv
[0.609s] -- Installing: /home/kvothe/ros/install/cppp/share/cppp/package.dsv
[0.610s] -- Up-to-date: /home/kvothe/ros/install/cppp/share/ament_index/resource_index/packages/cppp
[0.610s] -- Up-to-date: /home/kvothe/ros/install/cppp/share/cppp/cmake/cpppConfig.cmake
[0.611s] -- Up-to-date: /home/kvothe/ros/install/cppp/share/cppp/cmake/cpppConfig-version.cmake
[0.611s] -- Up-to-date: /home/kvothe/ros/install/cppp/share/cppp/package.xml
[0.613s] Invoked command in '/home/kvothe/ros/build/cppp' returned '0': CMAKE_PREFIX_PATH=/home/kvothe/ros/install/messages:/home/kvothe/ros/install/ros_bringup:/home/kvothe/ros/install/ros_gazebo:/home/kvothe/ros/install/robot_description:/home/kvothe/ros/install/cppp:/home/kvothe/ros/install/soma:/home/kvothe/ros/install/sensor_management:/home/kvothe/ros/install/robot_control:/opt/ros/humble /usr/bin/cmake --install /home/kvothe/ros/build/cppp
