[0.021s] Invoking command in '/home/kvothe/ros/build/cppp': CMAKE_PREFIX_PATH=/home/kvothe/ros/install/messages:/home/kvothe/ros/install/ros_bringup:/home/kvothe/ros/install/ros_gazebo:/home/kvothe/ros/install/robot_description:/home/kvothe/ros/install/cppp:/home/kvothe/ros/install/soma:/home/kvothe/ros/install/sensor_management:/home/kvothe/ros/install/robot_control:/opt/ros/humble /usr/bin/cmake --build /home/kvothe/ros/build/cppp -- -j12 -l12
[0.102s] [35m[1mConsolidate compiler generated dependencies of target PoseGraphOptimizer[0m
[0.119s] [ 10%] Built target PreprocessNode
[0.121s] [ 20%] Built target LandmarkGraphNode
[0.122s] [ 30%] Built target LandmarkTransformermapNode
[0.124s] [ 45%] Built target IncrementalLineFittingNode
[0.125s] [ 50%] Built target RansacLineExtractionNode
[0.125s] [ 60%] Built target LandmarkTransformerNode
[0.129s] [ 70%] Built target ScanTransformer
[0.134s] [ 80%] Built target ScanAccumulator
[0.134s] [ 90%] Built target HoughLineFittingNode
[0.134s] [ 95%] [32mBuilding CXX object CMakeFiles/PoseGraphOptimizer.dir/src/PoseGraphOptimizer.cpp.o[0m
[3.337s] [01m[K/home/kvothe/ros/src/cppp/src/PoseGraphOptimizer.cpp:[m[K In member function ‘[01m[Kvoid PoseGraphOptimizer::optimizeGraph()[m[K’:
[3.337s] [01m[K/home/kvothe/ros/src/cppp/src/PoseGraphOptimizer.cpp:297:45:[m[K [01;31m[Kerror: [m[Kconflicting declaration ‘[01m[Kceres::Problem::EvaluateOptions options[m[K’
[3.337s]   297 |             ceres::Problem::EvaluateOptions [01;31m[Koptions[m[K;
[3.337s]       |                                             [01;31m[K^~~~~~~[m[K
[3.337s] [01m[K/home/kvothe/ros/src/cppp/src/PoseGraphOptimizer.cpp:289:36:[m[K [01;36m[Knote: [m[Kprevious declaration as ‘[01m[Kceres::Solver::Options options[m[K’
[3.337s]   289 |             ceres::Solver::Options [01;36m[Koptions[m[K;
[3.337s]       |                                    [01;36m[K^~~~~~~[m[K
[3.338s] [01m[K/home/kvothe/ros/src/cppp/src/PoseGraphOptimizer.cpp:303:30:[m[K [01;31m[Kerror: [m[Kcannot convert ‘[01m[Kceres::Solver::Options[m[K’ to ‘[01m[Kconst ceres::Problem::EvaluateOptions&[m[K’
[3.338s]   303 |             problem.Evaluate([01;31m[Koptions[m[K, residuals.data(), &parameter_values, &gradient, &hessian);
[3.338s]       |                              [01;31m[K^~~~~~~[m[K
[3.338s]       |                              [01;31m[K|[m[K
[3.338s]       |                              [01;31m[Kceres::Solver::Options[m[K
[3.338s] In file included from [01m[K/usr/include/ceres/ceres.h:60[m[K,
[3.338s]                  from [01m[K/home/kvothe/ros/src/cppp/src/PoseGraphOptimizer.cpp:2[m[K:
[3.339s] [01m[K/usr/include/ceres/problem.h:482:40:[m[K [01;36m[Knote: [m[K  initializing argument 1 of ‘[01m[Kbool ceres::Problem::Evaluate(const ceres::Problem::EvaluateOptions&, double*, std::vector<double, std::allocator<double> >*, std::vector<double, std::allocator<double> >*, ceres::CRSMatrix*)[m[K’
[3.339s]   482 |   bool Evaluate([01;36m[Kconst EvaluateOptions& options[m[K,
[3.339s]       |                 [01;36m[K~~~~~~~~~~~~~~~~~~~~~~~^~~~~~~[m[K
[11.022s] gmake[2]: *** [CMakeFiles/PoseGraphOptimizer.dir/build.make:76: CMakeFiles/PoseGraphOptimizer.dir/src/PoseGraphOptimizer.cpp.o] Error 1
[11.022s] gmake[1]: *** [CMakeFiles/Makefile2:389: CMakeFiles/PoseGraphOptimizer.dir/all] Error 2
[11.023s] gmake: *** [Makefile:146: all] Error 2
[11.029s] Invoked command in '/home/kvothe/ros/build/cppp' returned '2': CMAKE_PREFIX_PATH=/home/kvothe/ros/install/messages:/home/kvothe/ros/install/ros_bringup:/home/kvothe/ros/install/ros_gazebo:/home/kvothe/ros/install/robot_description:/home/kvothe/ros/install/cppp:/home/kvothe/ros/install/soma:/home/kvothe/ros/install/sensor_management:/home/kvothe/ros/install/robot_control:/opt/ros/humble /usr/bin/cmake --build /home/kvothe/ros/build/cppp -- -j12 -l12
