[0.019s] Invoking command in '/home/kvothe/ros/build/cppp': CMAKE_PREFIX_PATH=/home/kvothe/ros/install/messages:/home/kvothe/ros/install/ros_bringup:/home/kvothe/ros/install/ros_gazebo:/home/kvothe/ros/install/robot_description:/home/kvothe/ros/install/cppp:/home/kvothe/ros/install/soma:/home/kvothe/ros/install/sensor_management:/home/kvothe/ros/install/robot_control:/opt/ros/humble /usr/bin/cmake --build /home/kvothe/ros/build/cppp -- -j12 -l12
[0.103s] [ 10%] Built target PreprocessNode
[0.129s] [35m[1mConsolidate compiler generated dependencies of target PoseGraphOptimizer[0m
[0.156s] [ 15%] [32mBuilding CXX object CMakeFiles/PoseGraphOptimizer.dir/src/PoseGraphOptimizer.cpp.o[0m
[17.013s] [ 20%] [32m[1mLinking CXX executable PoseGraphOptimizer[0m
[18.272s] [ 20%] Built target PoseGraphOptimizer
[18.313s] [ 30%] Built target ScanTransformer
[18.354s] [ 40%] Built target LandmarkTransformerNode
[18.386s] [ 50%] Built target LandmarkGraphNode
[18.431s] [ 60%] Built target LandmarkTransformermapNode
[18.481s] [ 70%] Built target ScanAccumulator
[18.541s] [ 80%] Built target RansacLineExtractionNode
[18.583s] [ 90%] Built target HoughLineFittingNode
[18.639s] [100%] Built target IncrementalLineFittingNode
[18.653s] Invoked command in '/home/kvothe/ros/build/cppp' returned '0': CMAKE_PREFIX_PATH=/home/kvothe/ros/install/messages:/home/kvothe/ros/install/ros_bringup:/home/kvothe/ros/install/ros_gazebo:/home/kvothe/ros/install/robot_description:/home/kvothe/ros/install/cppp:/home/kvothe/ros/install/soma:/home/kvothe/ros/install/sensor_management:/home/kvothe/ros/install/robot_control:/opt/ros/humble /usr/bin/cmake --build /home/kvothe/ros/build/cppp -- -j12 -l12
[18.667s] Invoking command in '/home/kvothe/ros/build/cppp': CMAKE_PREFIX_PATH=/home/kvothe/ros/install/messages:/home/kvothe/ros/install/ros_bringup:/home/kvothe/ros/install/ros_gazebo:/home/kvothe/ros/install/robot_description:/home/kvothe/ros/install/cppp:/home/kvothe/ros/install/soma:/home/kvothe/ros/install/sensor_management:/home/kvothe/ros/install/robot_control:/opt/ros/humble /usr/bin/cmake --install /home/kvothe/ros/build/cppp
[18.674s] -- Install configuration: ""
[18.675s] -- Up-to-date: /home/kvothe/ros/install/cppp/lib/cppp/LandmarkTransformerNode
[18.676s] -- Up-to-date: /home/kvothe/ros/install/cppp/lib/cppp/ScanAccumulator
[18.677s] -- Up-to-date: /home/kvothe/ros/install/cppp/lib/cppp/PreprocessNode
[18.678s] -- Up-to-date: /home/kvothe/ros/install/cppp/lib/cppp/LandmarkGraphNode
[18.679s] -- Up-to-date: /home/kvothe/ros/install/cppp/lib/cppp/IncrementalLineFittingNode
[18.679s] -- Up-to-date: /home/kvothe/ros/install/cppp/lib/cppp/LandmarkTransformermapNode
[18.680s] -- Up-to-date: /home/kvothe/ros/install/cppp/lib/cppp/HoughLineFittingNode
[18.681s] -- Up-to-date: /home/kvothe/ros/install/cppp/lib/cppp/RansacLineExtractionNode
[18.682s] -- Up-to-date: /home/kvothe/ros/install/cppp/lib/cppp/ScanTransformer
[18.682s] -- Installing: /home/kvothe/ros/install/cppp/lib/cppp/PoseGraphOptimizer
[18.694s] -- Set runtime path of "/home/kvothe/ros/install/cppp/lib/cppp/PoseGraphOptimizer" to ""
[18.694s] -- Up-to-date: /home/kvothe/ros/install/cppp/share/ament_index/resource_index/package_run_dependencies/cppp
[18.694s] -- Up-to-date: /home/kvothe/ros/install/cppp/share/ament_index/resource_index/parent_prefix_path/cppp
[18.694s] -- Up-to-date: /home/kvothe/ros/install/cppp/share/cppp/environment/ament_prefix_path.sh
[18.695s] -- Up-to-date: /home/kvothe/ros/install/cppp/share/cppp/environment/ament_prefix_path.dsv
[18.695s] -- Up-to-date: /home/kvothe/ros/install/cppp/share/cppp/environment/path.sh
[18.695s] -- Up-to-date: /home/kvothe/ros/install/cppp/share/cppp/environment/path.dsv
[18.695s] -- Up-to-date: /home/kvothe/ros/install/cppp/share/cppp/local_setup.bash
[18.695s] -- Up-to-date: /home/kvothe/ros/install/cppp/share/cppp/local_setup.sh
[18.695s] -- Up-to-date: /home/kvothe/ros/install/cppp/share/cppp/local_setup.zsh
[18.695s] -- Up-to-date: /home/kvothe/ros/install/cppp/share/cppp/local_setup.dsv
[18.695s] -- Installing: /home/kvothe/ros/install/cppp/share/cppp/package.dsv
[18.695s] -- Up-to-date: /home/kvothe/ros/install/cppp/share/ament_index/resource_index/packages/cppp
[18.696s] -- Up-to-date: /home/kvothe/ros/install/cppp/share/cppp/cmake/cpppConfig.cmake
[18.696s] -- Up-to-date: /home/kvothe/ros/install/cppp/share/cppp/cmake/cpppConfig-version.cmake
[18.696s] -- Up-to-date: /home/kvothe/ros/install/cppp/share/cppp/package.xml
[18.697s] Invoked command in '/home/kvothe/ros/build/cppp' returned '0': CMAKE_PREFIX_PATH=/home/kvothe/ros/install/messages:/home/kvothe/ros/install/ros_bringup:/home/kvothe/ros/install/ros_gazebo:/home/kvothe/ros/install/robot_description:/home/kvothe/ros/install/cppp:/home/kvothe/ros/install/soma:/home/kvothe/ros/install/sensor_management:/home/kvothe/ros/install/robot_control:/opt/ros/humble /usr/bin/cmake --install /home/kvothe/ros/build/cppp
