-- Found ament_cmake: 1.3.11 (/opt/ros/humble/share/ament_cmake/cmake)
-- Found rclcpp: 16.0.11 (/opt/ros/humble/share/rclcpp/cmake)
-- Found rosidl_generator_c: 3.1.6 (/opt/ros/humble/share/rosidl_generator_c/cmake)
-- Found rosidl_adapter: 3.1.6 (/opt/ros/humble/share/rosidl_adapter/cmake)
-- Found rosidl_generator_cpp: 3.1.6 (/opt/ros/humble/share/rosidl_generator_cpp/cmake)
-- Using all available rosidl_typesupport_c: rosidl_typesupport_fastrtps_c;rosidl_typesupport_introspection_c
-- Using all available rosidl_typesupport_cpp: rosidl_typesupport_fastrtps_cpp;rosidl_typesupport_introspection_cpp
-- Found rmw_implementation_cmake: 6.1.2 (/opt/ros/humble/share/rmw_implementation_cmake/cmake)
-- Found rmw_fastrtps_cpp: 6.2.7 (/opt/ros/humble/share/rmw_fastrtps_cpp/cmake)
-- Using RMW implementation 'rmw_fastrtps_cpp' as default
-- Found sensor_msgs: 4.2.4 (/opt/ros/humble/share/sensor_msgs/cmake)
-- Found nav_msgs: 4.2.4 (/opt/ros/humble/share/nav_msgs/cmake)
-- Found visualization_msgs: 4.2.4 (/opt/ros/humble/share/visualization_msgs/cmake)
-- Found messages: 0.0.0 (/home/kvothe/ros/install/messages/share/messages/cmake)
-- Found rosidl_default_generators: 1.2.0 (/opt/ros/humble/share/rosidl_default_generators/cmake)
-- Found pcl_conversions: 2.4.5 (/opt/ros/humble/share/pcl_conversions/cmake)
-- Eigen found (include: /usr/include/eigen3, version: 3.4.0)
-- FLANN found (include: /usr/include, lib: /usr/lib/x86_64-linux-gnu/libflann_cpp.so)
-- OpenNI found (version: 1.5.4.0, include: /usr/include/ni, lib: /usr/lib/libOpenNI.so;libusb::libusb)
-- OpenNI2 found (version: 2.2.0.33, include: /usr/include/openni2, lib: /usr/lib/x86_64-linux-gnu/libOpenNI2.so;libusb::libusb)
-- Eigen found (include: /usr/include/eigen3, version: 3.4.0)
-- OpenNI found (version: 1.5.4.0, include: /usr/include/ni, lib: /usr/lib/libOpenNI.so;libusb::libusb)
-- OpenNI2 found (version: 2.2.0.33, include: /usr/include/openni2, lib: /usr/lib/x86_64-linux-gnu/libOpenNI2.so;libusb::libusb)
-- Found Qhull version 8.0.2
-- OpenNI found (version: 1.5.4.0, include: /usr/include/ni, lib: /usr/lib/libOpenNI.so;libusb::libusb)
-- Found tf2: 0.25.12 (/opt/ros/humble/share/tf2/cmake)
-- Found tf2_geometry_msgs: 0.25.12 (/opt/ros/humble/share/tf2_geometry_msgs/cmake)
-- Found eigen3_cmake_module: 0.1.1 (/opt/ros/humble/share/eigen3_cmake_module/cmake)
-- Ensuring Eigen3 include directory is part of orocos-kdl CMake target
-- Found tf2_sensor_msgs: 0.25.12 (/opt/ros/humble/share/tf2_sensor_msgs/cmake)
-- Configuring done
-- Generating done
-- Build files have been written to: /home/kvothe/ros/build/cppp
[35m[1mConsolidate compiler generated dependencies of target IncrementalLineFittingNode[0m
[35m[1mConsolidate compiler generated dependencies of target LandmarkTransformermapNode[0m
[35m[1mConsolidate compiler generated dependencies of target RansacLineExtractionNode[0m
[35m[1mConsolidate compiler generated dependencies of target ScanAccumulator[0m
[35m[1mConsolidate compiler generated dependencies of target LandmarkGraphNode[0m
[35m[1mConsolidate compiler generated dependencies of target HoughLineFittingNode[0m
[35m[1mConsolidate compiler generated dependencies of target PreprocessNode[0m
[35m[1mConsolidate compiler generated dependencies of target LandmarkTransformerNode[0m
[  5%] [32mBuilding CXX object CMakeFiles/ScanTransformer.dir/src/ScanTransformer.cpp.o[0m
[ 16%] Built target LandmarkTransformermapNode
[ 27%] Built target LandmarkGraphNode
[ 50%] Built target IncrementalLineFittingNode
[ 50%] Built target RansacLineExtractionNode
[ 61%] Built target ScanAccumulator
[ 83%] Built target PreprocessNode
[ 83%] Built target HoughLineFittingNode
[ 94%] Built target LandmarkTransformerNode
In file included from [01m[K/home/kvothe/ros/src/cppp/src/ScanTransformer.cpp:5[m[K:
[01m[K/opt/ros/humble/include/tf2_sensor_msgs/tf2_sensor_msgs.h:32:2:[m[K [01;35m[Kwarning: [m[K#warning is a GCC extension
   32 | #[01;35m[Kwarning[m[K This header is obsolete, please include tf2_sensor_msgs/tf2_sensor_msgs.hpp instead
      |  [01;35m[K^~~~~~~[m[K
[01m[K/opt/ros/humble/include/tf2_sensor_msgs/tf2_sensor_msgs.h:32:2:[m[K [01;35m[Kwarning: [m[K#warning This header is obsolete, please include tf2_sensor_msgs/tf2_sensor_msgs.hpp instead [[01;35m[K]8;;https://gcc.gnu.org/onlinedocs/gcc/Warning-Options.html#index-Wcpp-Wcpp]8;;[m[K]
[100%] [32m[1mLinking CXX executable ScanTransformer[0m
[100%] Built target ScanTransformer
-- Install configuration: ""
-- Up-to-date: /home/kvothe/ros/install/cppp/lib/cppp/LandmarkTransformerNode
-- Up-to-date: /home/kvothe/ros/install/cppp/lib/cppp/ScanAccumulator
-- Up-to-date: /home/kvothe/ros/install/cppp/lib/cppp/PreprocessNode
-- Up-to-date: /home/kvothe/ros/install/cppp/lib/cppp/LandmarkGraphNode
-- Up-to-date: /home/kvothe/ros/install/cppp/lib/cppp/IncrementalLineFittingNode
-- Up-to-date: /home/kvothe/ros/install/cppp/lib/cppp/LandmarkTransformermapNode
-- Up-to-date: /home/kvothe/ros/install/cppp/lib/cppp/HoughLineFittingNode
-- Up-to-date: /home/kvothe/ros/install/cppp/lib/cppp/RansacLineExtractionNode
-- Up-to-date: /home/kvothe/ros/install/cppp/share/ament_index/resource_index/package_run_dependencies/cppp
-- Installing: /home/kvothe/ros/install/cppp/share/ament_index/resource_index/parent_prefix_path/cppp
-- Up-to-date: /home/kvothe/ros/install/cppp/share/cppp/environment/ament_prefix_path.sh
-- Installing: /home/kvothe/ros/install/cppp/share/cppp/environment/ament_prefix_path.dsv
-- Up-to-date: /home/kvothe/ros/install/cppp/share/cppp/environment/path.sh
-- Installing: /home/kvothe/ros/install/cppp/share/cppp/environment/path.dsv
-- Up-to-date: /home/kvothe/ros/install/cppp/share/cppp/local_setup.bash
-- Up-to-date: /home/kvothe/ros/install/cppp/share/cppp/local_setup.sh
-- Up-to-date: /home/kvothe/ros/install/cppp/share/cppp/local_setup.zsh
-- Installing: /home/kvothe/ros/install/cppp/share/cppp/local_setup.dsv
-- Installing: /home/kvothe/ros/install/cppp/share/cppp/package.dsv
-- Up-to-date: /home/kvothe/ros/install/cppp/share/ament_index/resource_index/packages/cppp
-- Up-to-date: /home/kvothe/ros/install/cppp/share/cppp/cmake/cpppConfig.cmake
-- Up-to-date: /home/kvothe/ros/install/cppp/share/cppp/cmake/cpppConfig-version.cmake
-- Up-to-date: /home/kvothe/ros/install/cppp/share/cppp/package.xml
