[0.089s] DEBUG:colcon:Command line arguments: ['/usr/bin/colcon', 'build']
[0.089s] DEBUG:colcon:Parsed command line arguments: Namespace(log_base=None, log_level=None, verb_name='build', build_base='build', install_base='install', merge_install=False, symlink_install=False, test_result_base=None, continue_on_error=False, executor='parallel', parallel_workers=12, event_handlers=None, ignore_user_meta=False, metas=['./colcon.meta'], base_paths=['.'], packages_ignore=None, packages_ignore_regex=None, paths=None, packages_up_to=None, packages_up_to_regex=None, packages_above=None, packages_above_and_dependencies=None, packages_above_depth=None, packages_select_by_dep=None, packages_skip_by_dep=None, packages_skip_up_to=None, packages_select_build_failed=False, packages_skip_build_finished=False, packages_select_test_failures=False, packages_skip_test_passed=False, packages_select=None, packages_skip=None, packages_select_regex=None, packages_skip_regex=None, packages_start=None, packages_end=None, allow_overriding=[], cmake_args=None, cmake_target=None, cmake_target_skip_unavailable=False, cmake_clean_cache=False, cmake_clean_first=False, cmake_force_configure=False, ament_cmake_args=None, catkin_cmake_args=None, catkin_skip_building_tests=False, verb_parser=<colcon_defaults.argument_parser.defaults.DefaultArgumentsDecorator object at 0x7a816306ccd0>, verb_extension=<colcon_core.verb.build.BuildVerb object at 0x7a81631dd360>, main=<bound method BuildVerb.main of <colcon_core.verb.build.BuildVerb object at 0x7a81631dd360>>)
[0.238s] Level 1:colcon.colcon_core.package_discovery:discover_packages(colcon_meta) check parameters
[0.238s] Level 1:colcon.colcon_core.package_discovery:discover_packages(recursive) check parameters
[0.238s] Level 1:colcon.colcon_core.package_discovery:discover_packages(ignore) check parameters
[0.238s] Level 1:colcon.colcon_core.package_discovery:discover_packages(path) check parameters
[0.238s] Level 1:colcon.colcon_core.package_discovery:discover_packages(colcon_meta) discover
[0.238s] Level 1:colcon.colcon_core.package_discovery:discover_packages(recursive) discover
[0.238s] INFO:colcon.colcon_core.package_discovery:Crawling recursively for packages in '/home/kvothe/ros'
[0.238s] Level 1:colcon.colcon_core.package_identification:_identify(.) by extensions ['ignore', 'ignore_ament_install']
[0.238s] Level 1:colcon.colcon_core.package_identification:_identify(.) by extension 'ignore'
[0.238s] Level 1:colcon.colcon_core.package_identification:_identify(.) by extension 'ignore_ament_install'
[0.238s] Level 1:colcon.colcon_core.package_identification:_identify(.) by extensions ['colcon_pkg']
[0.238s] Level 1:colcon.colcon_core.package_identification:_identify(.) by extension 'colcon_pkg'
[0.238s] Level 1:colcon.colcon_core.package_identification:_identify(.) by extensions ['colcon_meta']
[0.238s] Level 1:colcon.colcon_core.package_identification:_identify(.) by extension 'colcon_meta'
[0.238s] Level 1:colcon.colcon_core.package_identification:_identify(.) by extensions ['ros']
[0.238s] Level 1:colcon.colcon_core.package_identification:_identify(.) by extension 'ros'
[0.248s] Level 1:colcon.colcon_core.package_identification:_identify(.) by extensions ['cmake', 'python']
[0.248s] Level 1:colcon.colcon_core.package_identification:_identify(.) by extension 'cmake'
[0.248s] Level 1:colcon.colcon_core.package_identification:_identify(.) by extension 'python'
[0.248s] Level 1:colcon.colcon_core.package_identification:_identify(.) by extensions ['python_setup_py']
[0.248s] Level 1:colcon.colcon_core.package_identification:_identify(.) by extension 'python_setup_py'
[0.248s] Level 1:colcon.colcon_core.package_identification:_identify(CMakeFiles) by extensions ['ignore', 'ignore_ament_install']
[0.248s] Level 1:colcon.colcon_core.package_identification:_identify(CMakeFiles) by extension 'ignore'
[0.248s] Level 1:colcon.colcon_core.package_identification:_identify(CMakeFiles) by extension 'ignore_ament_install'
[0.248s] Level 1:colcon.colcon_core.package_identification:_identify(CMakeFiles) by extensions ['colcon_pkg']
[0.248s] Level 1:colcon.colcon_core.package_identification:_identify(CMakeFiles) by extension 'colcon_pkg'
[0.248s] Level 1:colcon.colcon_core.package_identification:_identify(CMakeFiles) by extensions ['colcon_meta']
[0.248s] Level 1:colcon.colcon_core.package_identification:_identify(CMakeFiles) by extension 'colcon_meta'
[0.249s] Level 1:colcon.colcon_core.package_identification:_identify(CMakeFiles) by extensions ['ros']
[0.249s] Level 1:colcon.colcon_core.package_identification:_identify(CMakeFiles) by extension 'ros'
[0.249s] Level 1:colcon.colcon_core.package_identification:_identify(CMakeFiles) by extensions ['cmake', 'python']
[0.249s] Level 1:colcon.colcon_core.package_identification:_identify(CMakeFiles) by extension 'cmake'
[0.249s] Level 1:colcon.colcon_core.package_identification:_identify(CMakeFiles) by extension 'python'
[0.249s] Level 1:colcon.colcon_core.package_identification:_identify(CMakeFiles) by extensions ['python_setup_py']
[0.249s] Level 1:colcon.colcon_core.package_identification:_identify(CMakeFiles) by extension 'python_setup_py'
[0.249s] Level 1:colcon.colcon_core.package_identification:_identify(build) by extensions ['ignore', 'ignore_ament_install']
[0.249s] Level 1:colcon.colcon_core.package_identification:_identify(build) by extension 'ignore'
[0.249s] Level 1:colcon.colcon_core.package_identification:_identify(build) ignored
[0.249s] Level 1:colcon.colcon_core.package_identification:_identify(install) by extensions ['ignore', 'ignore_ament_install']
[0.249s] Level 1:colcon.colcon_core.package_identification:_identify(install) by extension 'ignore'
[0.249s] Level 1:colcon.colcon_core.package_identification:_identify(install) ignored
[0.249s] Level 1:colcon.colcon_core.package_identification:_identify(log) by extensions ['ignore', 'ignore_ament_install']
[0.250s] Level 1:colcon.colcon_core.package_identification:_identify(log) by extension 'ignore'
[0.250s] Level 1:colcon.colcon_core.package_identification:_identify(log) ignored
[0.250s] Level 1:colcon.colcon_core.package_identification:_identify(src) by extensions ['ignore', 'ignore_ament_install']
[0.250s] Level 1:colcon.colcon_core.package_identification:_identify(src) by extension 'ignore'
[0.250s] Level 1:colcon.colcon_core.package_identification:_identify(src) by extension 'ignore_ament_install'
[0.250s] Level 1:colcon.colcon_core.package_identification:_identify(src) by extensions ['colcon_pkg']
[0.250s] Level 1:colcon.colcon_core.package_identification:_identify(src) by extension 'colcon_pkg'
[0.250s] Level 1:colcon.colcon_core.package_identification:_identify(src) by extensions ['colcon_meta']
[0.250s] Level 1:colcon.colcon_core.package_identification:_identify(src) by extension 'colcon_meta'
[0.250s] Level 1:colcon.colcon_core.package_identification:_identify(src) by extensions ['ros']
[0.250s] Level 1:colcon.colcon_core.package_identification:_identify(src) by extension 'ros'
[0.250s] Level 1:colcon.colcon_core.package_identification:_identify(src) by extensions ['cmake', 'python']
[0.250s] Level 1:colcon.colcon_core.package_identification:_identify(src) by extension 'cmake'
[0.250s] Level 1:colcon.colcon_core.package_identification:_identify(src) by extension 'python'
[0.250s] Level 1:colcon.colcon_core.package_identification:_identify(src) by extensions ['python_setup_py']
[0.250s] Level 1:colcon.colcon_core.package_identification:_identify(src) by extension 'python_setup_py'
[0.250s] Level 1:colcon.colcon_core.package_identification:_identify(src/cppp) by extensions ['ignore', 'ignore_ament_install']
[0.250s] Level 1:colcon.colcon_core.package_identification:_identify(src/cppp) by extension 'ignore'
[0.250s] Level 1:colcon.colcon_core.package_identification:_identify(src/cppp) by extension 'ignore_ament_install'
[0.250s] Level 1:colcon.colcon_core.package_identification:_identify(src/cppp) by extensions ['colcon_pkg']
[0.250s] Level 1:colcon.colcon_core.package_identification:_identify(src/cppp) by extension 'colcon_pkg'
[0.250s] Level 1:colcon.colcon_core.package_identification:_identify(src/cppp) by extensions ['colcon_meta']
[0.250s] Level 1:colcon.colcon_core.package_identification:_identify(src/cppp) by extension 'colcon_meta'
[0.250s] Level 1:colcon.colcon_core.package_identification:_identify(src/cppp) by extensions ['ros']
[0.250s] Level 1:colcon.colcon_core.package_identification:_identify(src/cppp) by extension 'ros'
[0.254s] DEBUG:colcon.colcon_core.package_identification:Package 'src/cppp' with type 'ros.ament_cmake' and name 'cppp'
[0.254s] Level 1:colcon.colcon_core.package_identification:_identify(src/messages) by extensions ['ignore', 'ignore_ament_install']
[0.254s] Level 1:colcon.colcon_core.package_identification:_identify(src/messages) by extension 'ignore'
[0.254s] Level 1:colcon.colcon_core.package_identification:_identify(src/messages) by extension 'ignore_ament_install'
[0.254s] Level 1:colcon.colcon_core.package_identification:_identify(src/messages) by extensions ['colcon_pkg']
[0.254s] Level 1:colcon.colcon_core.package_identification:_identify(src/messages) by extension 'colcon_pkg'
[0.254s] Level 1:colcon.colcon_core.package_identification:_identify(src/messages) by extensions ['colcon_meta']
[0.254s] Level 1:colcon.colcon_core.package_identification:_identify(src/messages) by extension 'colcon_meta'
[0.254s] Level 1:colcon.colcon_core.package_identification:_identify(src/messages) by extensions ['ros']
[0.254s] Level 1:colcon.colcon_core.package_identification:_identify(src/messages) by extension 'ros'
[0.255s] DEBUG:colcon.colcon_core.package_identification:Package 'src/messages' with type 'ros.ament_cmake' and name 'messages'
[0.255s] Level 1:colcon.colcon_core.package_identification:_identify(src/robot_control) by extensions ['ignore', 'ignore_ament_install']
[0.255s] Level 1:colcon.colcon_core.package_identification:_identify(src/robot_control) by extension 'ignore'
[0.255s] Level 1:colcon.colcon_core.package_identification:_identify(src/robot_control) by extension 'ignore_ament_install'
[0.255s] Level 1:colcon.colcon_core.package_identification:_identify(src/robot_control) by extensions ['colcon_pkg']
[0.255s] Level 1:colcon.colcon_core.package_identification:_identify(src/robot_control) by extension 'colcon_pkg'
[0.255s] Level 1:colcon.colcon_core.package_identification:_identify(src/robot_control) by extensions ['colcon_meta']
[0.255s] Level 1:colcon.colcon_core.package_identification:_identify(src/robot_control) by extension 'colcon_meta'
[0.255s] Level 1:colcon.colcon_core.package_identification:_identify(src/robot_control) by extensions ['ros']
[0.255s] Level 1:colcon.colcon_core.package_identification:_identify(src/robot_control) by extension 'ros'
[0.255s] DEBUG:colcon.colcon_core.package_identification:Package 'src/robot_control' with type 'ros.ament_python' and name 'robot_control'
[0.256s] Level 1:colcon.colcon_core.package_identification:_identify(src/robot_description) by extensions ['ignore', 'ignore_ament_install']
[0.256s] Level 1:colcon.colcon_core.package_identification:_identify(src/robot_description) by extension 'ignore'
[0.256s] Level 1:colcon.colcon_core.package_identification:_identify(src/robot_description) by extension 'ignore_ament_install'
[0.256s] Level 1:colcon.colcon_core.package_identification:_identify(src/robot_description) by extensions ['colcon_pkg']
[0.256s] Level 1:colcon.colcon_core.package_identification:_identify(src/robot_description) by extension 'colcon_pkg'
[0.256s] Level 1:colcon.colcon_core.package_identification:_identify(src/robot_description) by extensions ['colcon_meta']
[0.256s] Level 1:colcon.colcon_core.package_identification:_identify(src/robot_description) by extension 'colcon_meta'
[0.256s] Level 1:colcon.colcon_core.package_identification:_identify(src/robot_description) by extensions ['ros']
[0.256s] Level 1:colcon.colcon_core.package_identification:_identify(src/robot_description) by extension 'ros'
[0.256s] DEBUG:colcon.colcon_core.package_identification:Package 'src/robot_description' with type 'ros.ament_cmake' and name 'robot_description'
[0.256s] Level 1:colcon.colcon_core.package_identification:_identify(src/ros_bringup) by extensions ['ignore', 'ignore_ament_install']
[0.256s] Level 1:colcon.colcon_core.package_identification:_identify(src/ros_bringup) by extension 'ignore'
[0.256s] Level 1:colcon.colcon_core.package_identification:_identify(src/ros_bringup) by extension 'ignore_ament_install'
[0.256s] Level 1:colcon.colcon_core.package_identification:_identify(src/ros_bringup) by extensions ['colcon_pkg']
[0.256s] Level 1:colcon.colcon_core.package_identification:_identify(src/ros_bringup) by extension 'colcon_pkg'
[0.257s] Level 1:colcon.colcon_core.package_identification:_identify(src/ros_bringup) by extensions ['colcon_meta']
[0.257s] Level 1:colcon.colcon_core.package_identification:_identify(src/ros_bringup) by extension 'colcon_meta'
[0.257s] Level 1:colcon.colcon_core.package_identification:_identify(src/ros_bringup) by extensions ['ros']
[0.257s] Level 1:colcon.colcon_core.package_identification:_identify(src/ros_bringup) by extension 'ros'
[0.258s] DEBUG:colcon.colcon_core.package_identification:Package 'src/ros_bringup' with type 'ros.ament_cmake' and name 'ros_bringup'
[0.258s] Level 1:colcon.colcon_core.package_identification:_identify(src/ros_gazebo) by extensions ['ignore', 'ignore_ament_install']
[0.258s] Level 1:colcon.colcon_core.package_identification:_identify(src/ros_gazebo) by extension 'ignore'
[0.258s] Level 1:colcon.colcon_core.package_identification:_identify(src/ros_gazebo) by extension 'ignore_ament_install'
[0.258s] Level 1:colcon.colcon_core.package_identification:_identify(src/ros_gazebo) by extensions ['colcon_pkg']
[0.258s] Level 1:colcon.colcon_core.package_identification:_identify(src/ros_gazebo) by extension 'colcon_pkg'
[0.258s] Level 1:colcon.colcon_core.package_identification:_identify(src/ros_gazebo) by extensions ['colcon_meta']
[0.258s] Level 1:colcon.colcon_core.package_identification:_identify(src/ros_gazebo) by extension 'colcon_meta'
[0.258s] Level 1:colcon.colcon_core.package_identification:_identify(src/ros_gazebo) by extensions ['ros']
[0.258s] Level 1:colcon.colcon_core.package_identification:_identify(src/ros_gazebo) by extension 'ros'
[0.259s] DEBUG:colcon.colcon_core.package_identification:Package 'src/ros_gazebo' with type 'ros.ament_cmake' and name 'ros_gazebo'
[0.259s] Level 1:colcon.colcon_core.package_identification:_identify(src/sensor_management) by extensions ['ignore', 'ignore_ament_install']
[0.259s] Level 1:colcon.colcon_core.package_identification:_identify(src/sensor_management) by extension 'ignore'
[0.259s] Level 1:colcon.colcon_core.package_identification:_identify(src/sensor_management) by extension 'ignore_ament_install'
[0.259s] Level 1:colcon.colcon_core.package_identification:_identify(src/sensor_management) by extensions ['colcon_pkg']
[0.259s] Level 1:colcon.colcon_core.package_identification:_identify(src/sensor_management) by extension 'colcon_pkg'
[0.259s] Level 1:colcon.colcon_core.package_identification:_identify(src/sensor_management) by extensions ['colcon_meta']
[0.259s] Level 1:colcon.colcon_core.package_identification:_identify(src/sensor_management) by extension 'colcon_meta'
[0.259s] Level 1:colcon.colcon_core.package_identification:_identify(src/sensor_management) by extensions ['ros']
[0.259s] Level 1:colcon.colcon_core.package_identification:_identify(src/sensor_management) by extension 'ros'
[0.260s] DEBUG:colcon.colcon_core.package_identification:Package 'src/sensor_management' with type 'ros.ament_python' and name 'sensor_management'
[0.260s] Level 1:colcon.colcon_core.package_identification:_identify(src/soma) by extensions ['ignore', 'ignore_ament_install']
[0.260s] Level 1:colcon.colcon_core.package_identification:_identify(src/soma) by extension 'ignore'
[0.260s] Level 1:colcon.colcon_core.package_identification:_identify(src/soma) by extension 'ignore_ament_install'
[0.260s] Level 1:colcon.colcon_core.package_identification:_identify(src/soma) by extensions ['colcon_pkg']
[0.260s] Level 1:colcon.colcon_core.package_identification:_identify(src/soma) by extension 'colcon_pkg'
[0.260s] Level 1:colcon.colcon_core.package_identification:_identify(src/soma) by extensions ['colcon_meta']
[0.260s] Level 1:colcon.colcon_core.package_identification:_identify(src/soma) by extension 'colcon_meta'
[0.260s] Level 1:colcon.colcon_core.package_identification:_identify(src/soma) by extensions ['ros']
[0.260s] Level 1:colcon.colcon_core.package_identification:_identify(src/soma) by extension 'ros'
[0.261s] DEBUG:colcon.colcon_core.package_identification:Package 'src/soma' with type 'ros.ament_python' and name 'soma'
[0.261s] Level 1:colcon.colcon_core.package_discovery:discover_packages(recursive) using defaults
[0.261s] Level 1:colcon.colcon_core.package_discovery:discover_packages(ignore) discover
[0.261s] Level 1:colcon.colcon_core.package_discovery:discover_packages(ignore) using defaults
[0.261s] Level 1:colcon.colcon_core.package_discovery:discover_packages(path) discover
[0.261s] Level 1:colcon.colcon_core.package_discovery:discover_packages(path) using defaults
[0.292s] Level 1:colcon.colcon_core.package_discovery:discover_packages(prefix_path) check parameters
[0.292s] Level 1:colcon.colcon_core.package_discovery:discover_packages(prefix_path) discover
[0.294s] DEBUG:colcon.colcon_installed_package_information.package_discovery:Found 8 installed packages in /home/kvothe/ros/install
[0.295s] DEBUG:colcon.colcon_installed_package_information.package_discovery:Found 327 installed packages in /opt/ros/humble
[0.297s] Level 1:colcon.colcon_core.package_discovery:discover_packages(prefix_path) using defaults
[0.332s] Level 5:colcon.colcon_core.verb:set package 'messages' build argument 'cmake_args' from command line to 'None'
[0.332s] Level 5:colcon.colcon_core.verb:set package 'messages' build argument 'cmake_target' from command line to 'None'
[0.332s] Level 5:colcon.colcon_core.verb:set package 'messages' build argument 'cmake_target_skip_unavailable' from command line to 'False'
[0.332s] Level 5:colcon.colcon_core.verb:set package 'messages' build argument 'cmake_clean_cache' from command line to 'False'
[0.332s] Level 5:colcon.colcon_core.verb:set package 'messages' build argument 'cmake_clean_first' from command line to 'False'
[0.332s] Level 5:colcon.colcon_core.verb:set package 'messages' build argument 'cmake_force_configure' from command line to 'False'
[0.332s] Level 5:colcon.colcon_core.verb:set package 'messages' build argument 'ament_cmake_args' from command line to 'None'
[0.332s] Level 5:colcon.colcon_core.verb:set package 'messages' build argument 'catkin_cmake_args' from command line to 'None'
[0.332s] Level 5:colcon.colcon_core.verb:set package 'messages' build argument 'catkin_skip_building_tests' from command line to 'False'
[0.332s] DEBUG:colcon.colcon_core.verb:Building package 'messages' with the following arguments: {'ament_cmake_args': None, 'build_base': '/home/kvothe/ros/build/messages', 'catkin_cmake_args': None, 'catkin_skip_building_tests': False, 'cmake_args': None, 'cmake_clean_cache': False, 'cmake_clean_first': False, 'cmake_force_configure': False, 'cmake_target': None, 'cmake_target_skip_unavailable': False, 'install_base': '/home/kvothe/ros/install/messages', 'merge_install': False, 'path': '/home/kvothe/ros/src/messages', 'symlink_install': False, 'test_result_base': None}
[0.332s] Level 5:colcon.colcon_core.verb:set package 'robot_control' build argument 'cmake_args' from command line to 'None'
[0.332s] Level 5:colcon.colcon_core.verb:set package 'robot_control' build argument 'cmake_target' from command line to 'None'
[0.332s] Level 5:colcon.colcon_core.verb:set package 'robot_control' build argument 'cmake_target_skip_unavailable' from command line to 'False'
[0.332s] Level 5:colcon.colcon_core.verb:set package 'robot_control' build argument 'cmake_clean_cache' from command line to 'False'
[0.332s] Level 5:colcon.colcon_core.verb:set package 'robot_control' build argument 'cmake_clean_first' from command line to 'False'
[0.332s] Level 5:colcon.colcon_core.verb:set package 'robot_control' build argument 'cmake_force_configure' from command line to 'False'
[0.332s] Level 5:colcon.colcon_core.verb:set package 'robot_control' build argument 'ament_cmake_args' from command line to 'None'
[0.332s] Level 5:colcon.colcon_core.verb:set package 'robot_control' build argument 'catkin_cmake_args' from command line to 'None'
[0.332s] Level 5:colcon.colcon_core.verb:set package 'robot_control' build argument 'catkin_skip_building_tests' from command line to 'False'
[0.332s] DEBUG:colcon.colcon_core.verb:Building package 'robot_control' with the following arguments: {'ament_cmake_args': None, 'build_base': '/home/kvothe/ros/build/robot_control', 'catkin_cmake_args': None, 'catkin_skip_building_tests': False, 'cmake_args': None, 'cmake_clean_cache': False, 'cmake_clean_first': False, 'cmake_force_configure': False, 'cmake_target': None, 'cmake_target_skip_unavailable': False, 'install_base': '/home/kvothe/ros/install/robot_control', 'merge_install': False, 'path': '/home/kvothe/ros/src/robot_control', 'symlink_install': False, 'test_result_base': None}
[0.333s] Level 5:colcon.colcon_core.verb:set package 'robot_description' build argument 'cmake_args' from command line to 'None'
[0.333s] Level 5:colcon.colcon_core.verb:set package 'robot_description' build argument 'cmake_target' from command line to 'None'
[0.333s] Level 5:colcon.colcon_core.verb:set package 'robot_description' build argument 'cmake_target_skip_unavailable' from command line to 'False'
[0.333s] Level 5:colcon.colcon_core.verb:set package 'robot_description' build argument 'cmake_clean_cache' from command line to 'False'
[0.333s] Level 5:colcon.colcon_core.verb:set package 'robot_description' build argument 'cmake_clean_first' from command line to 'False'
[0.333s] Level 5:colcon.colcon_core.verb:set package 'robot_description' build argument 'cmake_force_configure' from command line to 'False'
[0.333s] Level 5:colcon.colcon_core.verb:set package 'robot_description' build argument 'ament_cmake_args' from command line to 'None'
[0.333s] Level 5:colcon.colcon_core.verb:set package 'robot_description' build argument 'catkin_cmake_args' from command line to 'None'
[0.333s] Level 5:colcon.colcon_core.verb:set package 'robot_description' build argument 'catkin_skip_building_tests' from command line to 'False'
[0.333s] DEBUG:colcon.colcon_core.verb:Building package 'robot_description' with the following arguments: {'ament_cmake_args': None, 'build_base': '/home/kvothe/ros/build/robot_description', 'catkin_cmake_args': None, 'catkin_skip_building_tests': False, 'cmake_args': None, 'cmake_clean_cache': False, 'cmake_clean_first': False, 'cmake_force_configure': False, 'cmake_target': None, 'cmake_target_skip_unavailable': False, 'install_base': '/home/kvothe/ros/install/robot_description', 'merge_install': False, 'path': '/home/kvothe/ros/src/robot_description', 'symlink_install': False, 'test_result_base': None}
[0.333s] Level 5:colcon.colcon_core.verb:set package 'cppp' build argument 'cmake_args' from command line to 'None'
[0.333s] Level 5:colcon.colcon_core.verb:set package 'cppp' build argument 'cmake_target' from command line to 'None'
[0.333s] Level 5:colcon.colcon_core.verb:set package 'cppp' build argument 'cmake_target_skip_unavailable' from command line to 'False'
[0.333s] Level 5:colcon.colcon_core.verb:set package 'cppp' build argument 'cmake_clean_cache' from command line to 'False'
[0.333s] Level 5:colcon.colcon_core.verb:set package 'cppp' build argument 'cmake_clean_first' from command line to 'False'
[0.333s] Level 5:colcon.colcon_core.verb:set package 'cppp' build argument 'cmake_force_configure' from command line to 'False'
[0.333s] Level 5:colcon.colcon_core.verb:set package 'cppp' build argument 'ament_cmake_args' from command line to 'None'
[0.333s] Level 5:colcon.colcon_core.verb:set package 'cppp' build argument 'catkin_cmake_args' from command line to 'None'
[0.333s] Level 5:colcon.colcon_core.verb:set package 'cppp' build argument 'catkin_skip_building_tests' from command line to 'False'
[0.333s] DEBUG:colcon.colcon_core.verb:Building package 'cppp' with the following arguments: {'ament_cmake_args': None, 'build_base': '/home/kvothe/ros/build/cppp', 'catkin_cmake_args': None, 'catkin_skip_building_tests': False, 'cmake_args': None, 'cmake_clean_cache': False, 'cmake_clean_first': False, 'cmake_force_configure': False, 'cmake_target': None, 'cmake_target_skip_unavailable': False, 'install_base': '/home/kvothe/ros/install/cppp', 'merge_install': False, 'path': '/home/kvothe/ros/src/cppp', 'symlink_install': False, 'test_result_base': None}
[0.333s] Level 5:colcon.colcon_core.verb:set package 'ros_gazebo' build argument 'cmake_args' from command line to 'None'
[0.333s] Level 5:colcon.colcon_core.verb:set package 'ros_gazebo' build argument 'cmake_target' from command line to 'None'
[0.334s] Level 5:colcon.colcon_core.verb:set package 'ros_gazebo' build argument 'cmake_target_skip_unavailable' from command line to 'False'
[0.334s] Level 5:colcon.colcon_core.verb:set package 'ros_gazebo' build argument 'cmake_clean_cache' from command line to 'False'
[0.334s] Level 5:colcon.colcon_core.verb:set package 'ros_gazebo' build argument 'cmake_clean_first' from command line to 'False'
[0.334s] Level 5:colcon.colcon_core.verb:set package 'ros_gazebo' build argument 'cmake_force_configure' from command line to 'False'
[0.334s] Level 5:colcon.colcon_core.verb:set package 'ros_gazebo' build argument 'ament_cmake_args' from command line to 'None'
[0.334s] Level 5:colcon.colcon_core.verb:set package 'ros_gazebo' build argument 'catkin_cmake_args' from command line to 'None'
[0.334s] Level 5:colcon.colcon_core.verb:set package 'ros_gazebo' build argument 'catkin_skip_building_tests' from command line to 'False'
[0.334s] DEBUG:colcon.colcon_core.verb:Building package 'ros_gazebo' with the following arguments: {'ament_cmake_args': None, 'build_base': '/home/kvothe/ros/build/ros_gazebo', 'catkin_cmake_args': None, 'catkin_skip_building_tests': False, 'cmake_args': None, 'cmake_clean_cache': False, 'cmake_clean_first': False, 'cmake_force_configure': False, 'cmake_target': None, 'cmake_target_skip_unavailable': False, 'install_base': '/home/kvothe/ros/install/ros_gazebo', 'merge_install': False, 'path': '/home/kvothe/ros/src/ros_gazebo', 'symlink_install': False, 'test_result_base': None}
[0.334s] Level 5:colcon.colcon_core.verb:set package 'sensor_management' build argument 'cmake_args' from command line to 'None'
[0.334s] Level 5:colcon.colcon_core.verb:set package 'sensor_management' build argument 'cmake_target' from command line to 'None'
[0.334s] Level 5:colcon.colcon_core.verb:set package 'sensor_management' build argument 'cmake_target_skip_unavailable' from command line to 'False'
[0.334s] Level 5:colcon.colcon_core.verb:set package 'sensor_management' build argument 'cmake_clean_cache' from command line to 'False'
[0.334s] Level 5:colcon.colcon_core.verb:set package 'sensor_management' build argument 'cmake_clean_first' from command line to 'False'
[0.334s] Level 5:colcon.colcon_core.verb:set package 'sensor_management' build argument 'cmake_force_configure' from command line to 'False'
[0.334s] Level 5:colcon.colcon_core.verb:set package 'sensor_management' build argument 'ament_cmake_args' from command line to 'None'
[0.334s] Level 5:colcon.colcon_core.verb:set package 'sensor_management' build argument 'catkin_cmake_args' from command line to 'None'
[0.334s] Level 5:colcon.colcon_core.verb:set package 'sensor_management' build argument 'catkin_skip_building_tests' from command line to 'False'
[0.334s] DEBUG:colcon.colcon_core.verb:Building package 'sensor_management' with the following arguments: {'ament_cmake_args': None, 'build_base': '/home/kvothe/ros/build/sensor_management', 'catkin_cmake_args': None, 'catkin_skip_building_tests': False, 'cmake_args': None, 'cmake_clean_cache': False, 'cmake_clean_first': False, 'cmake_force_configure': False, 'cmake_target': None, 'cmake_target_skip_unavailable': False, 'install_base': '/home/kvothe/ros/install/sensor_management', 'merge_install': False, 'path': '/home/kvothe/ros/src/sensor_management', 'symlink_install': False, 'test_result_base': None}
[0.334s] Level 5:colcon.colcon_core.verb:set package 'soma' build argument 'cmake_args' from command line to 'None'
[0.334s] Level 5:colcon.colcon_core.verb:set package 'soma' build argument 'cmake_target' from command line to 'None'
[0.334s] Level 5:colcon.colcon_core.verb:set package 'soma' build argument 'cmake_target_skip_unavailable' from command line to 'False'
[0.334s] Level 5:colcon.colcon_core.verb:set package 'soma' build argument 'cmake_clean_cache' from command line to 'False'
[0.334s] Level 5:colcon.colcon_core.verb:set package 'soma' build argument 'cmake_clean_first' from command line to 'False'
[0.334s] Level 5:colcon.colcon_core.verb:set package 'soma' build argument 'cmake_force_configure' from command line to 'False'
[0.334s] Level 5:colcon.colcon_core.verb:set package 'soma' build argument 'ament_cmake_args' from command line to 'None'
[0.334s] Level 5:colcon.colcon_core.verb:set package 'soma' build argument 'catkin_cmake_args' from command line to 'None'
[0.335s] Level 5:colcon.colcon_core.verb:set package 'soma' build argument 'catkin_skip_building_tests' from command line to 'False'
[0.335s] DEBUG:colcon.colcon_core.verb:Building package 'soma' with the following arguments: {'ament_cmake_args': None, 'build_base': '/home/kvothe/ros/build/soma', 'catkin_cmake_args': None, 'catkin_skip_building_tests': False, 'cmake_args': None, 'cmake_clean_cache': False, 'cmake_clean_first': False, 'cmake_force_configure': False, 'cmake_target': None, 'cmake_target_skip_unavailable': False, 'install_base': '/home/kvothe/ros/install/soma', 'merge_install': False, 'path': '/home/kvothe/ros/src/soma', 'symlink_install': False, 'test_result_base': None}
[0.335s] Level 5:colcon.colcon_core.verb:set package 'ros_bringup' build argument 'cmake_args' from command line to 'None'
[0.335s] Level 5:colcon.colcon_core.verb:set package 'ros_bringup' build argument 'cmake_target' from command line to 'None'
[0.335s] Level 5:colcon.colcon_core.verb:set package 'ros_bringup' build argument 'cmake_target_skip_unavailable' from command line to 'False'
[0.335s] Level 5:colcon.colcon_core.verb:set package 'ros_bringup' build argument 'cmake_clean_cache' from command line to 'False'
[0.335s] Level 5:colcon.colcon_core.verb:set package 'ros_bringup' build argument 'cmake_clean_first' from command line to 'False'
[0.335s] Level 5:colcon.colcon_core.verb:set package 'ros_bringup' build argument 'cmake_force_configure' from command line to 'False'
[0.335s] Level 5:colcon.colcon_core.verb:set package 'ros_bringup' build argument 'ament_cmake_args' from command line to 'None'
[0.335s] Level 5:colcon.colcon_core.verb:set package 'ros_bringup' build argument 'catkin_cmake_args' from command line to 'None'
[0.335s] Level 5:colcon.colcon_core.verb:set package 'ros_bringup' build argument 'catkin_skip_building_tests' from command line to 'False'
[0.335s] DEBUG:colcon.colcon_core.verb:Building package 'ros_bringup' with the following arguments: {'ament_cmake_args': None, 'build_base': '/home/kvothe/ros/build/ros_bringup', 'catkin_cmake_args': None, 'catkin_skip_building_tests': False, 'cmake_args': None, 'cmake_clean_cache': False, 'cmake_clean_first': False, 'cmake_force_configure': False, 'cmake_target': None, 'cmake_target_skip_unavailable': False, 'install_base': '/home/kvothe/ros/install/ros_bringup', 'merge_install': False, 'path': '/home/kvothe/ros/src/ros_bringup', 'symlink_install': False, 'test_result_base': None}
[0.335s] INFO:colcon.colcon_core.executor:Executing jobs using 'parallel' executor
[0.336s] DEBUG:colcon.colcon_parallel_executor.executor.parallel:run_until_complete
[0.336s] INFO:colcon.colcon_ros.task.ament_cmake.build:Building ROS package in '/home/kvothe/ros/src/messages' with build type 'ament_cmake'
[0.336s] INFO:colcon.colcon_cmake.task.cmake.build:Building CMake package in '/home/kvothe/ros/src/messages'
[0.339s] INFO:colcon.colcon_core.plugin_system:Skipping extension 'colcon_core.shell.bat': Not used on non-Windows systems
[0.339s] INFO:colcon.colcon_core.shell:Skip shell extension 'powershell' for command environment: Not usable outside of PowerShell
[0.339s] DEBUG:colcon.colcon_core.shell:Skip shell extension 'dsv' for command environment
[0.343s] INFO:colcon.colcon_ros.task.ament_cmake.build:Building ROS package in '/home/kvothe/ros/src/robot_description' with build type 'ament_cmake'
[0.343s] INFO:colcon.colcon_cmake.task.cmake.build:Building CMake package in '/home/kvothe/ros/src/robot_description'
[0.343s] INFO:colcon.colcon_core.shell:Skip shell extension 'powershell' for command environment: Not usable outside of PowerShell
[0.343s] DEBUG:colcon.colcon_core.shell:Skip shell extension 'dsv' for command environment
[0.347s] INFO:colcon.colcon_ros.task.ament_python.build:Building ROS package in '/home/kvothe/ros/src/robot_control' with build type 'ament_python'
[0.347s] Level 1:colcon.colcon_core.shell:create_environment_hook('robot_control', 'ament_prefix_path')
[0.347s] INFO:colcon.colcon_core.shell:Creating environment hook '/home/kvothe/ros/install/robot_control/share/robot_control/hook/ament_prefix_path.ps1'
[0.348s] INFO:colcon.colcon_core.shell:Creating environment descriptor '/home/kvothe/ros/install/robot_control/share/robot_control/hook/ament_prefix_path.dsv'
[0.348s] INFO:colcon.colcon_core.shell:Creating environment hook '/home/kvothe/ros/install/robot_control/share/robot_control/hook/ament_prefix_path.sh'
[0.349s] INFO:colcon.colcon_core.shell:Skip shell extension 'powershell' for command environment: Not usable outside of PowerShell
[0.349s] DEBUG:colcon.colcon_core.shell:Skip shell extension 'dsv' for command environment
[0.359s] DEBUG:colcon.colcon_core.event_handler.log_command:Invoking command in '/home/kvothe/ros/build/messages': CMAKE_PREFIX_PATH=${CMAKE_PREFIX_PATH}:/home/kvothe/ros/install/soma:/home/kvothe/ros/install/sensor_management:/home/kvothe/ros/install/robot_control:/opt/ros/humble /usr/bin/cmake --build /home/kvothe/ros/build/messages -- -j12 -l12
[0.363s] DEBUG:colcon.colcon_core.event_handler.log_command:Invoking command in '/home/kvothe/ros/build/robot_description': CMAKE_PREFIX_PATH=${CMAKE_PREFIX_PATH}:/home/kvothe/ros/install/soma:/home/kvothe/ros/install/sensor_management:/home/kvothe/ros/install/robot_control:/opt/ros/humble /usr/bin/cmake --build /home/kvothe/ros/build/robot_description -- -j12 -l12
[0.625s] INFO:colcon.colcon_core.task.python.build:Building Python package in '/home/kvothe/ros/src/robot_control'
[0.626s] INFO:colcon.colcon_core.shell:Skip shell extension 'powershell' for command environment: Not usable outside of PowerShell
[0.626s] DEBUG:colcon.colcon_core.shell:Skip shell extension 'dsv' for command environment
[0.631s] DEBUG:colcon.colcon_core.event_handler.log_command:Invoked command in '/home/kvothe/ros/build/robot_description' returned '0': CMAKE_PREFIX_PATH=${CMAKE_PREFIX_PATH}:/home/kvothe/ros/install/soma:/home/kvothe/ros/install/sensor_management:/home/kvothe/ros/install/robot_control:/opt/ros/humble /usr/bin/cmake --build /home/kvothe/ros/build/robot_description -- -j12 -l12
[0.649s] DEBUG:colcon.colcon_core.event_handler.log_command:Invoking command in '/home/kvothe/ros/build/robot_description': CMAKE_PREFIX_PATH=${CMAKE_PREFIX_PATH}:/home/kvothe/ros/install/soma:/home/kvothe/ros/install/sensor_management:/home/kvothe/ros/install/robot_control:/opt/ros/humble /usr/bin/cmake --install /home/kvothe/ros/build/robot_description
[0.675s] Level 1:colcon.colcon_core.environment:create_environment_scripts_only(robot_description)
[0.675s] DEBUG:colcon.colcon_core.event_handler.log_command:Invoked command in '/home/kvothe/ros/build/robot_description' returned '0': CMAKE_PREFIX_PATH=${CMAKE_PREFIX_PATH}:/home/kvothe/ros/install/soma:/home/kvothe/ros/install/sensor_management:/home/kvothe/ros/install/robot_control:/opt/ros/humble /usr/bin/cmake --install /home/kvothe/ros/build/robot_description
[0.677s] Level 1:colcon.colcon_core.environment:checking '/home/kvothe/ros/install/robot_description' for CMake module files
[0.677s] Level 1:colcon.colcon_core.environment:checking '/home/kvothe/ros/install/robot_description' for CMake config files
[0.678s] Level 1:colcon.colcon_core.shell:create_environment_hook('robot_description', 'cmake_prefix_path')
[0.678s] INFO:colcon.colcon_core.shell:Creating environment hook '/home/kvothe/ros/install/robot_description/share/robot_description/hook/cmake_prefix_path.ps1'
[0.678s] INFO:colcon.colcon_core.shell:Creating environment descriptor '/home/kvothe/ros/install/robot_description/share/robot_description/hook/cmake_prefix_path.dsv'
[0.679s] INFO:colcon.colcon_core.shell:Creating environment hook '/home/kvothe/ros/install/robot_description/share/robot_description/hook/cmake_prefix_path.sh'
[0.679s] Level 1:colcon.colcon_core.environment:checking '/home/kvothe/ros/install/robot_description/bin'
[0.679s] Level 1:colcon.colcon_core.environment:checking '/home/kvothe/ros/install/robot_description/lib/pkgconfig/robot_description.pc'
[0.680s] Level 1:colcon.colcon_core.environment:checking '/home/kvothe/ros/install/robot_description/lib/python3.10/site-packages'
[0.680s] Level 1:colcon.colcon_core.environment:checking '/home/kvothe/ros/install/robot_description/bin'
[0.680s] INFO:colcon.colcon_core.shell:Creating package script '/home/kvothe/ros/install/robot_description/share/robot_description/package.ps1'
[0.681s] INFO:colcon.colcon_core.shell:Creating package descriptor '/home/kvothe/ros/install/robot_description/share/robot_description/package.dsv'
[0.681s] INFO:colcon.colcon_core.shell:Creating package script '/home/kvothe/ros/install/robot_description/share/robot_description/package.sh'
[0.682s] INFO:colcon.colcon_core.shell:Creating package script '/home/kvothe/ros/install/robot_description/share/robot_description/package.bash'
[0.682s] INFO:colcon.colcon_core.shell:Creating package script '/home/kvothe/ros/install/robot_description/share/robot_description/package.zsh'
[0.683s] Level 1:colcon.colcon_core.environment:create_file_with_runtime_dependencies(/home/kvothe/ros/install/robot_description/share/colcon-core/packages/robot_description)
[0.683s] Level 1:colcon.colcon_core.environment:create_environment_scripts_only(robot_description)
[0.684s] Level 1:colcon.colcon_core.environment:checking '/home/kvothe/ros/install/robot_description' for CMake module files
[0.684s] Level 1:colcon.colcon_core.environment:checking '/home/kvothe/ros/install/robot_description' for CMake config files
[0.684s] Level 1:colcon.colcon_core.shell:create_environment_hook('robot_description', 'cmake_prefix_path')
[0.684s] INFO:colcon.colcon_core.shell:Creating environment hook '/home/kvothe/ros/install/robot_description/share/robot_description/hook/cmake_prefix_path.ps1'
[0.685s] INFO:colcon.colcon_core.shell:Creating environment descriptor '/home/kvothe/ros/install/robot_description/share/robot_description/hook/cmake_prefix_path.dsv'
[0.685s] INFO:colcon.colcon_core.shell:Creating environment hook '/home/kvothe/ros/install/robot_description/share/robot_description/hook/cmake_prefix_path.sh'
[0.686s] Level 1:colcon.colcon_core.environment:checking '/home/kvothe/ros/install/robot_description/bin'
[0.686s] Level 1:colcon.colcon_core.environment:checking '/home/kvothe/ros/install/robot_description/lib/pkgconfig/robot_description.pc'
[0.686s] Level 1:colcon.colcon_core.environment:checking '/home/kvothe/ros/install/robot_description/lib/python3.10/site-packages'
[0.686s] Level 1:colcon.colcon_core.environment:checking '/home/kvothe/ros/install/robot_description/bin'
[0.686s] INFO:colcon.colcon_core.shell:Creating package script '/home/kvothe/ros/install/robot_description/share/robot_description/package.ps1'
[0.687s] INFO:colcon.colcon_core.shell:Creating package descriptor '/home/kvothe/ros/install/robot_description/share/robot_description/package.dsv'
[0.687s] INFO:colcon.colcon_core.shell:Creating package script '/home/kvothe/ros/install/robot_description/share/robot_description/package.sh'
[0.687s] INFO:colcon.colcon_core.shell:Creating package script '/home/kvothe/ros/install/robot_description/share/robot_description/package.bash'
[0.688s] INFO:colcon.colcon_core.shell:Creating package script '/home/kvothe/ros/install/robot_description/share/robot_description/package.zsh'
[0.688s] Level 1:colcon.colcon_core.environment:create_file_with_runtime_dependencies(/home/kvothe/ros/install/robot_description/share/colcon-core/packages/robot_description)
[0.689s] INFO:colcon.colcon_ros.task.ament_cmake.build:Building ROS package in '/home/kvothe/ros/src/ros_gazebo' with build type 'ament_cmake'
[0.689s] INFO:colcon.colcon_cmake.task.cmake.build:Building CMake package in '/home/kvothe/ros/src/ros_gazebo'
[0.689s] INFO:colcon.colcon_core.shell:Skip shell extension 'powershell' for command environment: Not usable outside of PowerShell
[0.689s] DEBUG:colcon.colcon_core.shell:Skip shell extension 'dsv' for command environment
[0.701s] DEBUG:colcon.colcon_core.event_handler.log_command:Invoking command in '/home/kvothe/ros/build/ros_gazebo': CMAKE_PREFIX_PATH=/home/kvothe/ros/install/robot_description:/home/kvothe/ros/install/ros_bringup:/home/kvothe/ros/install/ros_gazebo:/home/kvothe/ros/install/cppp:/home/kvothe/ros/install/messages:/home/kvothe/ros/install/soma:/home/kvothe/ros/install/sensor_management:/home/kvothe/ros/install/robot_control:/opt/ros/humble IGN_GAZEBO_RESOURCE_PATH=/home/kvothe/ros/install/robot_description/share/robot_description/models:${IGN_GAZEBO_RESOURCE_PATH} /usr/bin/cmake --build /home/kvothe/ros/build/ros_gazebo -- -j12 -l12
[0.723s] DEBUG:colcon.colcon_core.event_handler.log_command:Invoked command in '/home/kvothe/ros/build/messages' returned '0': CMAKE_PREFIX_PATH=${CMAKE_PREFIX_PATH}:/home/kvothe/ros/install/soma:/home/kvothe/ros/install/sensor_management:/home/kvothe/ros/install/robot_control:/opt/ros/humble /usr/bin/cmake --build /home/kvothe/ros/build/messages -- -j12 -l12
[0.725s] DEBUG:colcon.colcon_core.event_handler.log_command:Invoking command in '/home/kvothe/ros/build/messages': CMAKE_PREFIX_PATH=${CMAKE_PREFIX_PATH}:/home/kvothe/ros/install/soma:/home/kvothe/ros/install/sensor_management:/home/kvothe/ros/install/robot_control:/opt/ros/humble /usr/bin/cmake --install /home/kvothe/ros/build/messages
[0.773s] DEBUG:colcon.colcon_core.event_handler.log_command:Invoked command in '/home/kvothe/ros/build/ros_gazebo' returned '0': CMAKE_PREFIX_PATH=/home/kvothe/ros/install/robot_description:/home/kvothe/ros/install/ros_bringup:/home/kvothe/ros/install/ros_gazebo:/home/kvothe/ros/install/cppp:/home/kvothe/ros/install/messages:/home/kvothe/ros/install/soma:/home/kvothe/ros/install/sensor_management:/home/kvothe/ros/install/robot_control:/opt/ros/humble IGN_GAZEBO_RESOURCE_PATH=/home/kvothe/ros/install/robot_description/share/robot_description/models:${IGN_GAZEBO_RESOURCE_PATH} /usr/bin/cmake --build /home/kvothe/ros/build/ros_gazebo -- -j12 -l12
[0.776s] DEBUG:colcon.colcon_core.event_handler.log_command:Invoking command in '/home/kvothe/ros/build/ros_gazebo': CMAKE_PREFIX_PATH=/home/kvothe/ros/install/robot_description:/home/kvothe/ros/install/ros_bringup:/home/kvothe/ros/install/ros_gazebo:/home/kvothe/ros/install/cppp:/home/kvothe/ros/install/messages:/home/kvothe/ros/install/soma:/home/kvothe/ros/install/sensor_management:/home/kvothe/ros/install/robot_control:/opt/ros/humble IGN_GAZEBO_RESOURCE_PATH=/home/kvothe/ros/install/robot_description/share/robot_description/models:${IGN_GAZEBO_RESOURCE_PATH} /usr/bin/cmake --install /home/kvothe/ros/build/ros_gazebo
[0.801s] Level 1:colcon.colcon_core.environment:create_environment_scripts_only(ros_gazebo)
[0.802s] Level 1:colcon.colcon_core.environment:checking '/home/kvothe/ros/install/ros_gazebo' for CMake module files
[0.803s] DEBUG:colcon.colcon_core.event_handler.log_command:Invoked command in '/home/kvothe/ros/build/ros_gazebo' returned '0': CMAKE_PREFIX_PATH=/home/kvothe/ros/install/robot_description:/home/kvothe/ros/install/ros_bringup:/home/kvothe/ros/install/ros_gazebo:/home/kvothe/ros/install/cppp:/home/kvothe/ros/install/messages:/home/kvothe/ros/install/soma:/home/kvothe/ros/install/sensor_management:/home/kvothe/ros/install/robot_control:/opt/ros/humble IGN_GAZEBO_RESOURCE_PATH=/home/kvothe/ros/install/robot_description/share/robot_description/models:${IGN_GAZEBO_RESOURCE_PATH} /usr/bin/cmake --install /home/kvothe/ros/build/ros_gazebo
[0.804s] Level 1:colcon.colcon_core.environment:checking '/home/kvothe/ros/install/ros_gazebo' for CMake config files
[0.804s] Level 1:colcon.colcon_core.shell:create_environment_hook('ros_gazebo', 'cmake_prefix_path')
[0.805s] INFO:colcon.colcon_core.shell:Creating environment hook '/home/kvothe/ros/install/ros_gazebo/share/ros_gazebo/hook/cmake_prefix_path.ps1'
[0.806s] INFO:colcon.colcon_core.shell:Creating environment descriptor '/home/kvothe/ros/install/ros_gazebo/share/ros_gazebo/hook/cmake_prefix_path.dsv'
[0.807s] INFO:colcon.colcon_core.shell:Creating environment hook '/home/kvothe/ros/install/ros_gazebo/share/ros_gazebo/hook/cmake_prefix_path.sh'
[0.808s] Level 1:colcon.colcon_core.environment:checking '/home/kvothe/ros/install/ros_gazebo/lib'
[0.808s] Level 1:colcon.colcon_core.environment:checking '/home/kvothe/ros/install/ros_gazebo/bin'
[0.808s] Level 1:colcon.colcon_core.environment:checking '/home/kvothe/ros/install/ros_gazebo/lib/pkgconfig/ros_gazebo.pc'
[0.809s] Level 1:colcon.colcon_core.environment:checking '/home/kvothe/ros/install/ros_gazebo/lib/python3.10/site-packages'
[0.809s] Level 1:colcon.colcon_core.environment:checking '/home/kvothe/ros/install/ros_gazebo/bin'
[0.809s] INFO:colcon.colcon_core.shell:Creating package script '/home/kvothe/ros/install/ros_gazebo/share/ros_gazebo/package.ps1'
[0.811s] INFO:colcon.colcon_core.shell:Creating package descriptor '/home/kvothe/ros/install/ros_gazebo/share/ros_gazebo/package.dsv'
[0.812s] INFO:colcon.colcon_core.shell:Creating package script '/home/kvothe/ros/install/ros_gazebo/share/ros_gazebo/package.sh'
[0.814s] INFO:colcon.colcon_core.shell:Creating package script '/home/kvothe/ros/install/ros_gazebo/share/ros_gazebo/package.bash'
[0.814s] INFO:colcon.colcon_core.shell:Creating package script '/home/kvothe/ros/install/ros_gazebo/share/ros_gazebo/package.zsh'
[0.814s] Level 1:colcon.colcon_core.environment:create_file_with_runtime_dependencies(/home/kvothe/ros/install/ros_gazebo/share/colcon-core/packages/ros_gazebo)
[0.815s] Level 1:colcon.colcon_core.environment:create_environment_scripts_only(ros_gazebo)
[0.815s] Level 1:colcon.colcon_core.environment:checking '/home/kvothe/ros/install/ros_gazebo' for CMake module files
[0.815s] Level 1:colcon.colcon_core.environment:checking '/home/kvothe/ros/install/ros_gazebo' for CMake config files
[0.816s] Level 1:colcon.colcon_core.shell:create_environment_hook('ros_gazebo', 'cmake_prefix_path')
[0.816s] INFO:colcon.colcon_core.shell:Creating environment hook '/home/kvothe/ros/install/ros_gazebo/share/ros_gazebo/hook/cmake_prefix_path.ps1'
[0.816s] INFO:colcon.colcon_core.shell:Creating environment descriptor '/home/kvothe/ros/install/ros_gazebo/share/ros_gazebo/hook/cmake_prefix_path.dsv'
[0.816s] INFO:colcon.colcon_core.shell:Creating environment hook '/home/kvothe/ros/install/ros_gazebo/share/ros_gazebo/hook/cmake_prefix_path.sh'
[0.817s] Level 1:colcon.colcon_core.environment:checking '/home/kvothe/ros/install/ros_gazebo/lib'
[0.817s] Level 1:colcon.colcon_core.environment:checking '/home/kvothe/ros/install/ros_gazebo/bin'
[0.817s] Level 1:colcon.colcon_core.environment:checking '/home/kvothe/ros/install/ros_gazebo/lib/pkgconfig/ros_gazebo.pc'
[0.817s] Level 1:colcon.colcon_core.environment:checking '/home/kvothe/ros/install/ros_gazebo/lib/python3.10/site-packages'
[0.817s] Level 1:colcon.colcon_core.environment:checking '/home/kvothe/ros/install/ros_gazebo/bin'
[0.818s] INFO:colcon.colcon_core.shell:Creating package script '/home/kvothe/ros/install/ros_gazebo/share/ros_gazebo/package.ps1'
[0.818s] INFO:colcon.colcon_core.shell:Creating package descriptor '/home/kvothe/ros/install/ros_gazebo/share/ros_gazebo/package.dsv'
[0.818s] INFO:colcon.colcon_core.shell:Creating package script '/home/kvothe/ros/install/ros_gazebo/share/ros_gazebo/package.sh'
[0.819s] INFO:colcon.colcon_core.shell:Creating package script '/home/kvothe/ros/install/ros_gazebo/share/ros_gazebo/package.bash'
[0.819s] INFO:colcon.colcon_core.shell:Creating package script '/home/kvothe/ros/install/ros_gazebo/share/ros_gazebo/package.zsh'
[0.819s] Level 1:colcon.colcon_core.environment:create_file_with_runtime_dependencies(/home/kvothe/ros/install/ros_gazebo/share/colcon-core/packages/ros_gazebo)
[0.820s] Level 1:colcon.colcon_core.environment:create_environment_scripts_only(messages)
[0.821s] Level 1:colcon.colcon_core.environment:checking '/home/kvothe/ros/install/messages' for CMake module files
[0.822s] DEBUG:colcon.colcon_core.event_handler.log_command:Invoked command in '/home/kvothe/ros/build/messages' returned '0': CMAKE_PREFIX_PATH=${CMAKE_PREFIX_PATH}:/home/kvothe/ros/install/soma:/home/kvothe/ros/install/sensor_management:/home/kvothe/ros/install/robot_control:/opt/ros/humble /usr/bin/cmake --install /home/kvothe/ros/build/messages
[0.822s] Level 1:colcon.colcon_core.environment:checking '/home/kvothe/ros/install/messages' for CMake config files
[0.823s] Level 1:colcon.colcon_core.shell:create_environment_hook('messages', 'cmake_prefix_path')
[0.823s] INFO:colcon.colcon_core.shell:Creating environment hook '/home/kvothe/ros/install/messages/share/messages/hook/cmake_prefix_path.ps1'
[0.823s] INFO:colcon.colcon_core.shell:Creating environment descriptor '/home/kvothe/ros/install/messages/share/messages/hook/cmake_prefix_path.dsv'
[0.824s] INFO:colcon.colcon_core.shell:Creating environment hook '/home/kvothe/ros/install/messages/share/messages/hook/cmake_prefix_path.sh'
[0.824s] Level 1:colcon.colcon_core.environment:checking '/home/kvothe/ros/install/messages/lib'
[0.824s] Level 1:colcon.colcon_core.shell:create_environment_hook('messages', 'ld_library_path_lib')
[0.824s] INFO:colcon.colcon_core.shell:Creating environment hook '/home/kvothe/ros/install/messages/share/messages/hook/ld_library_path_lib.ps1'
[0.825s] INFO:colcon.colcon_core.shell:Creating environment descriptor '/home/kvothe/ros/install/messages/share/messages/hook/ld_library_path_lib.dsv'
[0.825s] INFO:colcon.colcon_core.shell:Creating environment hook '/home/kvothe/ros/install/messages/share/messages/hook/ld_library_path_lib.sh'
[0.825s] Level 1:colcon.colcon_core.environment:checking '/home/kvothe/ros/install/messages/bin'
[0.825s] Level 1:colcon.colcon_core.environment:checking '/home/kvothe/ros/install/messages/lib/pkgconfig/messages.pc'
[0.826s] Level 1:colcon.colcon_core.environment:checking '/home/kvothe/ros/install/messages/lib/python3.10/site-packages'
[0.826s] Level 1:colcon.colcon_core.environment:checking '/home/kvothe/ros/install/messages/bin'
[0.826s] INFO:colcon.colcon_core.shell:Creating package script '/home/kvothe/ros/install/messages/share/messages/package.ps1'
[0.826s] INFO:colcon.colcon_core.shell:Creating package descriptor '/home/kvothe/ros/install/messages/share/messages/package.dsv'
[0.827s] INFO:colcon.colcon_core.shell:Creating package script '/home/kvothe/ros/install/messages/share/messages/package.sh'
[0.827s] INFO:colcon.colcon_core.shell:Creating package script '/home/kvothe/ros/install/messages/share/messages/package.bash'
[0.827s] INFO:colcon.colcon_core.shell:Creating package script '/home/kvothe/ros/install/messages/share/messages/package.zsh'
[0.828s] Level 1:colcon.colcon_core.environment:create_file_with_runtime_dependencies(/home/kvothe/ros/install/messages/share/colcon-core/packages/messages)
[0.828s] Level 1:colcon.colcon_core.environment:create_environment_scripts_only(messages)
[0.828s] Level 1:colcon.colcon_core.environment:checking '/home/kvothe/ros/install/messages' for CMake module files
[0.829s] Level 1:colcon.colcon_core.environment:checking '/home/kvothe/ros/install/messages' for CMake config files
[0.830s] Level 1:colcon.colcon_core.shell:create_environment_hook('messages', 'cmake_prefix_path')
[0.830s] INFO:colcon.colcon_core.shell:Creating environment hook '/home/kvothe/ros/install/messages/share/messages/hook/cmake_prefix_path.ps1'
[0.830s] INFO:colcon.colcon_core.shell:Creating environment descriptor '/home/kvothe/ros/install/messages/share/messages/hook/cmake_prefix_path.dsv'
[0.831s] INFO:colcon.colcon_core.shell:Creating environment hook '/home/kvothe/ros/install/messages/share/messages/hook/cmake_prefix_path.sh'
[0.831s] Level 1:colcon.colcon_core.environment:checking '/home/kvothe/ros/install/messages/lib'
[0.831s] Level 1:colcon.colcon_core.shell:create_environment_hook('messages', 'ld_library_path_lib')
[0.831s] INFO:colcon.colcon_core.shell:Creating environment hook '/home/kvothe/ros/install/messages/share/messages/hook/ld_library_path_lib.ps1'
[0.832s] INFO:colcon.colcon_core.shell:Creating environment descriptor '/home/kvothe/ros/install/messages/share/messages/hook/ld_library_path_lib.dsv'
[0.832s] INFO:colcon.colcon_core.shell:Creating environment hook '/home/kvothe/ros/install/messages/share/messages/hook/ld_library_path_lib.sh'
[0.832s] Level 1:colcon.colcon_core.environment:checking '/home/kvothe/ros/install/messages/bin'
[0.832s] Level 1:colcon.colcon_core.environment:checking '/home/kvothe/ros/install/messages/lib/pkgconfig/messages.pc'
[0.833s] Level 1:colcon.colcon_core.environment:checking '/home/kvothe/ros/install/messages/lib/python3.10/site-packages'
[0.833s] Level 1:colcon.colcon_core.environment:checking '/home/kvothe/ros/install/messages/bin'
[0.833s] INFO:colcon.colcon_core.shell:Creating package script '/home/kvothe/ros/install/messages/share/messages/package.ps1'
[0.833s] INFO:colcon.colcon_core.shell:Creating package descriptor '/home/kvothe/ros/install/messages/share/messages/package.dsv'
[0.834s] INFO:colcon.colcon_core.shell:Creating package script '/home/kvothe/ros/install/messages/share/messages/package.sh'
[0.834s] INFO:colcon.colcon_core.shell:Creating package script '/home/kvothe/ros/install/messages/share/messages/package.bash'
[0.834s] INFO:colcon.colcon_core.shell:Creating package script '/home/kvothe/ros/install/messages/share/messages/package.zsh'
[0.835s] Level 1:colcon.colcon_core.environment:create_file_with_runtime_dependencies(/home/kvothe/ros/install/messages/share/colcon-core/packages/messages)
[0.835s] INFO:colcon.colcon_ros.task.ament_cmake.build:Building ROS package in '/home/kvothe/ros/src/cppp' with build type 'ament_cmake'
[0.835s] INFO:colcon.colcon_cmake.task.cmake.build:Building CMake package in '/home/kvothe/ros/src/cppp'
[0.835s] INFO:colcon.colcon_core.shell:Skip shell extension 'powershell' for command environment: Not usable outside of PowerShell
[0.835s] DEBUG:colcon.colcon_core.shell:Skip shell extension 'dsv' for command environment
[0.840s] INFO:colcon.colcon_ros.task.ament_python.build:Building ROS package in '/home/kvothe/ros/src/sensor_management' with build type 'ament_python'
[0.840s] Level 1:colcon.colcon_core.shell:create_environment_hook('sensor_management', 'ament_prefix_path')
[0.840s] INFO:colcon.colcon_core.shell:Creating environment hook '/home/kvothe/ros/install/sensor_management/share/sensor_management/hook/ament_prefix_path.ps1'
[0.841s] INFO:colcon.colcon_core.shell:Creating environment descriptor '/home/kvothe/ros/install/sensor_management/share/sensor_management/hook/ament_prefix_path.dsv'
[0.841s] INFO:colcon.colcon_core.shell:Creating environment hook '/home/kvothe/ros/install/sensor_management/share/sensor_management/hook/ament_prefix_path.sh'
[0.841s] INFO:colcon.colcon_core.shell:Skip shell extension 'powershell' for command environment: Not usable outside of PowerShell
[0.841s] DEBUG:colcon.colcon_core.shell:Skip shell extension 'dsv' for command environment
[0.845s] INFO:colcon.colcon_ros.task.ament_python.build:Building ROS package in '/home/kvothe/ros/src/soma' with build type 'ament_python'
[0.845s] Level 1:colcon.colcon_core.shell:create_environment_hook('soma', 'ament_prefix_path')
[0.845s] INFO:colcon.colcon_core.shell:Creating environment hook '/home/kvothe/ros/install/soma/share/soma/hook/ament_prefix_path.ps1'
[0.846s] INFO:colcon.colcon_core.shell:Creating environment descriptor '/home/kvothe/ros/install/soma/share/soma/hook/ament_prefix_path.dsv'
[0.846s] INFO:colcon.colcon_core.shell:Creating environment hook '/home/kvothe/ros/install/soma/share/soma/hook/ament_prefix_path.sh'
[0.847s] INFO:colcon.colcon_core.shell:Skip shell extension 'powershell' for command environment: Not usable outside of PowerShell
[0.847s] DEBUG:colcon.colcon_core.shell:Skip shell extension 'dsv' for command environment
[0.856s] DEBUG:colcon.colcon_core.event_handler.log_command:Invoking command in '/home/kvothe/ros/build/cppp': CMAKE_PREFIX_PATH=/home/kvothe/ros/install/messages:/home/kvothe/ros/install/ros_bringup:/home/kvothe/ros/install/ros_gazebo:/home/kvothe/ros/install/robot_description:/home/kvothe/ros/install/cppp:/home/kvothe/ros/install/soma:/home/kvothe/ros/install/sensor_management:/home/kvothe/ros/install/robot_control:/opt/ros/humble /usr/bin/cmake --build /home/kvothe/ros/build/cppp -- -j12 -l12
[1.104s] INFO:colcon.colcon_core.task.python.build:Building Python package in '/home/kvothe/ros/src/sensor_management'
[1.104s] INFO:colcon.colcon_core.shell:Skip shell extension 'powershell' for command environment: Not usable outside of PowerShell
[1.104s] DEBUG:colcon.colcon_core.shell:Skip shell extension 'dsv' for command environment
[1.378s] INFO:colcon.colcon_core.task.python.build:Building Python package in '/home/kvothe/ros/src/soma'
[1.379s] INFO:colcon.colcon_core.shell:Skip shell extension 'powershell' for command environment: Not usable outside of PowerShell
[1.379s] DEBUG:colcon.colcon_core.shell:Skip shell extension 'dsv' for command environment
[1.394s] DEBUG:colcon.colcon_core.event_handler.log_command:Invoking command in '/home/kvothe/ros/src/robot_control': PYTHONPATH=/home/kvothe/ros/build/robot_control/prefix_override:/usr/lib/python3/dist-packages/colcon_core/task/python/colcon_distutils_commands:/home/kvothe/ros/install/robot_control/lib/python3.10/site-packages:${PYTHONPATH} /usr/bin/python3 -W ignore:setup.py install is deprecated -W ignore:easy_install command is deprecated setup.py egg_info --egg-base ../../build/robot_control build --build-base /home/kvothe/ros/build/robot_control/build install --record /home/kvothe/ros/build/robot_control/install.log --single-version-externally-managed install_data
[1.811s] Level 1:colcon.colcon_core.environment:checking '/home/kvothe/ros/install/robot_control' for CMake module files
[1.812s] DEBUG:colcon.colcon_core.event_handler.log_command:Invoked command in '/home/kvothe/ros/src/robot_control' returned '0': PYTHONPATH=/home/kvothe/ros/build/robot_control/prefix_override:/usr/lib/python3/dist-packages/colcon_core/task/python/colcon_distutils_commands:/home/kvothe/ros/install/robot_control/lib/python3.10/site-packages:${PYTHONPATH} /usr/bin/python3 -W ignore:setup.py install is deprecated -W ignore:easy_install command is deprecated setup.py egg_info --egg-base ../../build/robot_control build --build-base /home/kvothe/ros/build/robot_control/build install --record /home/kvothe/ros/build/robot_control/install.log --single-version-externally-managed install_data
[1.812s] Level 1:colcon.colcon_core.environment:checking '/home/kvothe/ros/install/robot_control' for CMake config files
[1.813s] Level 1:colcon.colcon_core.environment:checking '/home/kvothe/ros/install/robot_control/lib'
[1.813s] Level 1:colcon.colcon_core.environment:checking '/home/kvothe/ros/install/robot_control/bin'
[1.813s] Level 1:colcon.colcon_core.environment:checking '/home/kvothe/ros/install/robot_control/lib/pkgconfig/robot_control.pc'
[1.814s] Level 1:colcon.colcon_core.environment:checking '/home/kvothe/ros/install/robot_control/lib/python3.10/site-packages'
[1.814s] Level 1:colcon.colcon_core.shell:create_environment_hook('robot_control', 'pythonpath')
[1.814s] INFO:colcon.colcon_core.shell:Creating environment hook '/home/kvothe/ros/install/robot_control/share/robot_control/hook/pythonpath.ps1'
[1.815s] INFO:colcon.colcon_core.shell:Creating environment descriptor '/home/kvothe/ros/install/robot_control/share/robot_control/hook/pythonpath.dsv'
[1.815s] INFO:colcon.colcon_core.shell:Creating environment hook '/home/kvothe/ros/install/robot_control/share/robot_control/hook/pythonpath.sh'
[1.817s] Level 1:colcon.colcon_core.environment:checking '/home/kvothe/ros/install/robot_control/bin'
[1.817s] Level 1:colcon.colcon_core.environment:create_environment_scripts_only(robot_control)
[1.818s] INFO:colcon.colcon_core.shell:Creating package script '/home/kvothe/ros/install/robot_control/share/robot_control/package.ps1'
[1.819s] INFO:colcon.colcon_core.shell:Creating package descriptor '/home/kvothe/ros/install/robot_control/share/robot_control/package.dsv'
[1.820s] INFO:colcon.colcon_core.shell:Creating package script '/home/kvothe/ros/install/robot_control/share/robot_control/package.sh'
[1.820s] INFO:colcon.colcon_core.shell:Creating package script '/home/kvothe/ros/install/robot_control/share/robot_control/package.bash'
[1.821s] INFO:colcon.colcon_core.shell:Creating package script '/home/kvothe/ros/install/robot_control/share/robot_control/package.zsh'
[1.822s] Level 1:colcon.colcon_core.environment:create_file_with_runtime_dependencies(/home/kvothe/ros/install/robot_control/share/colcon-core/packages/robot_control)
[1.865s] DEBUG:colcon.colcon_core.event_handler.log_command:Invoking command in '/home/kvothe/ros/src/sensor_management': CMAKE_PREFIX_PATH=/home/kvothe/ros/install/messages:/home/kvothe/ros/install/ros_bringup:/home/kvothe/ros/install/ros_gazebo:/home/kvothe/ros/install/robot_description:/home/kvothe/ros/install/cppp PYTHONPATH=/home/kvothe/ros/build/sensor_management/prefix_override:/usr/lib/python3/dist-packages/colcon_core/task/python/colcon_distutils_commands:/home/kvothe/ros/install/sensor_management/lib/python3.10/site-packages:${PYTHONPATH} /usr/bin/python3 -W ignore:setup.py install is deprecated -W ignore:easy_install command is deprecated setup.py egg_info --egg-base ../../build/sensor_management build --build-base /home/kvothe/ros/build/sensor_management/build install --record /home/kvothe/ros/build/sensor_management/install.log --single-version-externally-managed install_data
[1.868s] DEBUG:colcon.colcon_core.event_handler.log_command:Invoking command in '/home/kvothe/ros/src/soma': CMAKE_PREFIX_PATH=/home/kvothe/ros/install/messages:/home/kvothe/ros/install/ros_bringup:/home/kvothe/ros/install/ros_gazebo:/home/kvothe/ros/install/robot_description:/home/kvothe/ros/install/cppp PYTHONPATH=/home/kvothe/ros/build/soma/prefix_override:/usr/lib/python3/dist-packages/colcon_core/task/python/colcon_distutils_commands:/home/kvothe/ros/install/soma/lib/python3.10/site-packages:${PYTHONPATH} /usr/bin/python3 -W ignore:setup.py install is deprecated -W ignore:easy_install command is deprecated setup.py egg_info --egg-base ../../build/soma build --build-base /home/kvothe/ros/build/soma/build install --record /home/kvothe/ros/build/soma/install.log --single-version-externally-managed install_data
[2.203s] Level 1:colcon.colcon_core.environment:checking '/home/kvothe/ros/install/sensor_management' for CMake module files
[2.203s] DEBUG:colcon.colcon_core.event_handler.log_command:Invoked command in '/home/kvothe/ros/src/sensor_management' returned '0': CMAKE_PREFIX_PATH=/home/kvothe/ros/install/messages:/home/kvothe/ros/install/ros_bringup:/home/kvothe/ros/install/ros_gazebo:/home/kvothe/ros/install/robot_description:/home/kvothe/ros/install/cppp PYTHONPATH=/home/kvothe/ros/build/sensor_management/prefix_override:/usr/lib/python3/dist-packages/colcon_core/task/python/colcon_distutils_commands:/home/kvothe/ros/install/sensor_management/lib/python3.10/site-packages:${PYTHONPATH} /usr/bin/python3 -W ignore:setup.py install is deprecated -W ignore:easy_install command is deprecated setup.py egg_info --egg-base ../../build/sensor_management build --build-base /home/kvothe/ros/build/sensor_management/build install --record /home/kvothe/ros/build/sensor_management/install.log --single-version-externally-managed install_data
[2.204s] Level 1:colcon.colcon_core.environment:checking '/home/kvothe/ros/install/sensor_management' for CMake config files
[2.205s] Level 1:colcon.colcon_core.environment:checking '/home/kvothe/ros/install/sensor_management/lib'
[2.205s] Level 1:colcon.colcon_core.environment:checking '/home/kvothe/ros/install/sensor_management/bin'
[2.205s] Level 1:colcon.colcon_core.environment:checking '/home/kvothe/ros/install/sensor_management/lib/pkgconfig/sensor_management.pc'
[2.205s] Level 1:colcon.colcon_core.environment:checking '/home/kvothe/ros/install/sensor_management/lib/python3.10/site-packages'
[2.205s] Level 1:colcon.colcon_core.shell:create_environment_hook('sensor_management', 'pythonpath')
[2.205s] INFO:colcon.colcon_core.shell:Creating environment hook '/home/kvothe/ros/install/sensor_management/share/sensor_management/hook/pythonpath.ps1'
[2.206s] INFO:colcon.colcon_core.shell:Creating environment descriptor '/home/kvothe/ros/install/sensor_management/share/sensor_management/hook/pythonpath.dsv'
[2.207s] INFO:colcon.colcon_core.shell:Creating environment hook '/home/kvothe/ros/install/sensor_management/share/sensor_management/hook/pythonpath.sh'
[2.207s] Level 1:colcon.colcon_core.environment:checking '/home/kvothe/ros/install/sensor_management/bin'
[2.207s] Level 1:colcon.colcon_core.environment:create_environment_scripts_only(sensor_management)
[2.208s] INFO:colcon.colcon_core.shell:Creating package script '/home/kvothe/ros/install/sensor_management/share/sensor_management/package.ps1'
[2.209s] INFO:colcon.colcon_core.shell:Creating package descriptor '/home/kvothe/ros/install/sensor_management/share/sensor_management/package.dsv'
[2.209s] INFO:colcon.colcon_core.shell:Creating package script '/home/kvothe/ros/install/sensor_management/share/sensor_management/package.sh'
[2.210s] INFO:colcon.colcon_core.shell:Creating package script '/home/kvothe/ros/install/sensor_management/share/sensor_management/package.bash'
[2.211s] INFO:colcon.colcon_core.shell:Creating package script '/home/kvothe/ros/install/sensor_management/share/sensor_management/package.zsh'
[2.211s] Level 1:colcon.colcon_core.environment:create_file_with_runtime_dependencies(/home/kvothe/ros/install/sensor_management/share/colcon-core/packages/sensor_management)
[2.221s] Level 1:colcon.colcon_core.environment:checking '/home/kvothe/ros/install/soma' for CMake module files
[2.222s] DEBUG:colcon.colcon_core.event_handler.log_command:Invoked command in '/home/kvothe/ros/src/soma' returned '0': CMAKE_PREFIX_PATH=/home/kvothe/ros/install/messages:/home/kvothe/ros/install/ros_bringup:/home/kvothe/ros/install/ros_gazebo:/home/kvothe/ros/install/robot_description:/home/kvothe/ros/install/cppp PYTHONPATH=/home/kvothe/ros/build/soma/prefix_override:/usr/lib/python3/dist-packages/colcon_core/task/python/colcon_distutils_commands:/home/kvothe/ros/install/soma/lib/python3.10/site-packages:${PYTHONPATH} /usr/bin/python3 -W ignore:setup.py install is deprecated -W ignore:easy_install command is deprecated setup.py egg_info --egg-base ../../build/soma build --build-base /home/kvothe/ros/build/soma/build install --record /home/kvothe/ros/build/soma/install.log --single-version-externally-managed install_data
[2.222s] Level 1:colcon.colcon_core.environment:checking '/home/kvothe/ros/install/soma' for CMake config files
[2.223s] Level 1:colcon.colcon_core.environment:checking '/home/kvothe/ros/install/soma/lib'
[2.223s] Level 1:colcon.colcon_core.environment:checking '/home/kvothe/ros/install/soma/bin'
[2.223s] Level 1:colcon.colcon_core.environment:checking '/home/kvothe/ros/install/soma/lib/pkgconfig/soma.pc'
[2.223s] Level 1:colcon.colcon_core.environment:checking '/home/kvothe/ros/install/soma/lib/python3.10/site-packages'
[2.223s] Level 1:colcon.colcon_core.shell:create_environment_hook('soma', 'pythonpath')
[2.224s] INFO:colcon.colcon_core.shell:Creating environment hook '/home/kvothe/ros/install/soma/share/soma/hook/pythonpath.ps1'
[2.224s] INFO:colcon.colcon_core.shell:Creating environment descriptor '/home/kvothe/ros/install/soma/share/soma/hook/pythonpath.dsv'
[2.224s] INFO:colcon.colcon_core.shell:Creating environment hook '/home/kvothe/ros/install/soma/share/soma/hook/pythonpath.sh'
[2.225s] Level 1:colcon.colcon_core.environment:checking '/home/kvothe/ros/install/soma/bin'
[2.225s] Level 1:colcon.colcon_core.environment:create_environment_scripts_only(soma)
[2.225s] INFO:colcon.colcon_core.shell:Creating package script '/home/kvothe/ros/install/soma/share/soma/package.ps1'
[2.226s] INFO:colcon.colcon_core.shell:Creating package descriptor '/home/kvothe/ros/install/soma/share/soma/package.dsv'
[2.226s] INFO:colcon.colcon_core.shell:Creating package script '/home/kvothe/ros/install/soma/share/soma/package.sh'
[2.227s] INFO:colcon.colcon_core.shell:Creating package script '/home/kvothe/ros/install/soma/share/soma/package.bash'
[2.227s] INFO:colcon.colcon_core.shell:Creating package script '/home/kvothe/ros/install/soma/share/soma/package.zsh'
[2.227s] Level 1:colcon.colcon_core.environment:create_file_with_runtime_dependencies(/home/kvothe/ros/install/soma/share/colcon-core/packages/soma)
[6.939s] DEBUG:colcon.colcon_core.event_handler.log_command:Invoked command in '/home/kvothe/ros/build/cppp' returned '2': CMAKE_PREFIX_PATH=/home/kvothe/ros/install/messages:/home/kvothe/ros/install/ros_bringup:/home/kvothe/ros/install/ros_gazebo:/home/kvothe/ros/install/robot_description:/home/kvothe/ros/install/cppp:/home/kvothe/ros/install/soma:/home/kvothe/ros/install/sensor_management:/home/kvothe/ros/install/robot_control:/opt/ros/humble /usr/bin/cmake --build /home/kvothe/ros/build/cppp -- -j12 -l12
[6.940s] Level 1:colcon.colcon_core.environment:create_environment_scripts_only(cppp)
[6.941s] Level 1:colcon.colcon_core.environment:checking '/home/kvothe/ros/install/cppp' for CMake module files
[6.942s] Level 1:colcon.colcon_core.environment:checking '/home/kvothe/ros/install/cppp' for CMake config files
[6.942s] Level 1:colcon.colcon_core.shell:create_environment_hook('cppp', 'cmake_prefix_path')
[6.943s] INFO:colcon.colcon_core.shell:Creating environment hook '/home/kvothe/ros/install/cppp/share/cppp/hook/cmake_prefix_path.ps1'
[6.944s] INFO:colcon.colcon_core.shell:Creating environment descriptor '/home/kvothe/ros/install/cppp/share/cppp/hook/cmake_prefix_path.dsv'
[6.944s] INFO:colcon.colcon_core.shell:Creating environment hook '/home/kvothe/ros/install/cppp/share/cppp/hook/cmake_prefix_path.sh'
[6.945s] Level 1:colcon.colcon_core.environment:checking '/home/kvothe/ros/install/cppp/lib'
[6.946s] Level 1:colcon.colcon_core.environment:checking '/home/kvothe/ros/install/cppp/bin'
[6.946s] Level 1:colcon.colcon_core.environment:checking '/home/kvothe/ros/install/cppp/lib/pkgconfig/cppp.pc'
[6.946s] Level 1:colcon.colcon_core.environment:checking '/home/kvothe/ros/install/cppp/lib/python3.10/site-packages'
[6.947s] Level 1:colcon.colcon_core.environment:checking '/home/kvothe/ros/install/cppp/bin'
[6.947s] INFO:colcon.colcon_core.shell:Creating package script '/home/kvothe/ros/install/cppp/share/cppp/package.ps1'
[6.948s] INFO:colcon.colcon_core.shell:Creating package descriptor '/home/kvothe/ros/install/cppp/share/cppp/package.dsv'
[6.949s] INFO:colcon.colcon_core.shell:Creating package script '/home/kvothe/ros/install/cppp/share/cppp/package.sh'
[6.950s] INFO:colcon.colcon_core.shell:Creating package script '/home/kvothe/ros/install/cppp/share/cppp/package.bash'
[6.951s] INFO:colcon.colcon_core.shell:Creating package script '/home/kvothe/ros/install/cppp/share/cppp/package.zsh'
[6.952s] Level 1:colcon.colcon_core.environment:create_file_with_runtime_dependencies(/home/kvothe/ros/install/cppp/share/colcon-core/packages/cppp)
[6.963s] DEBUG:colcon.colcon_parallel_executor.executor.parallel:closing loop
[6.963s] DEBUG:colcon.colcon_parallel_executor.executor.parallel:loop closed
[6.963s] DEBUG:colcon.colcon_parallel_executor.executor.parallel:run_until_complete finished with '2'
[6.963s] DEBUG:colcon.colcon_core.event_reactor:joining thread
[6.969s] INFO:colcon.colcon_core.plugin_system:Skipping extension 'colcon_notification.desktop_notification.terminal_notifier': Not used on non-Darwin systems
[6.969s] INFO:colcon.colcon_core.plugin_system:Skipping extension 'colcon_notification.desktop_notification.win32': Not used on non-Windows systems
[6.969s] INFO:colcon.colcon_notification.desktop_notification:Sending desktop notification using 'notify2'
[6.993s] DEBUG:colcon.colcon_core.event_reactor:joined thread
[6.994s] INFO:colcon.colcon_core.shell:Creating prefix script '/home/kvothe/ros/install/local_setup.ps1'
[6.996s] INFO:colcon.colcon_core.shell:Creating prefix util module '/home/kvothe/ros/install/_local_setup_util_ps1.py'
[6.999s] INFO:colcon.colcon_core.shell:Creating prefix chain script '/home/kvothe/ros/install/setup.ps1'
[7.002s] INFO:colcon.colcon_core.shell:Creating prefix script '/home/kvothe/ros/install/local_setup.sh'
[7.004s] INFO:colcon.colcon_core.shell:Creating prefix util module '/home/kvothe/ros/install/_local_setup_util_sh.py'
[7.006s] INFO:colcon.colcon_core.shell:Creating prefix chain script '/home/kvothe/ros/install/setup.sh'
[7.009s] INFO:colcon.colcon_core.shell:Creating prefix script '/home/kvothe/ros/install/local_setup.bash'
[7.010s] INFO:colcon.colcon_core.shell:Creating prefix chain script '/home/kvothe/ros/install/setup.bash'
[7.014s] INFO:colcon.colcon_core.shell:Creating prefix script '/home/kvothe/ros/install/local_setup.zsh'
[7.015s] INFO:colcon.colcon_core.shell:Creating prefix chain script '/home/kvothe/ros/install/setup.zsh'
