[0.963s] Invoking command in '/home/kvothe/ros/src/soma': CMAKE_PREFIX_PATH=/home/kvothe/ros/install/messages:/home/kvothe/ros/install/ros_bringup:/home/kvothe/ros/install/ros_gazebo:/home/kvothe/ros/install/robot_description:/home/kvothe/ros/install/cppp PYTHONPATH=/home/kvothe/ros/build/soma/prefix_override:/usr/lib/python3/dist-packages/colcon_core/task/python/colcon_distutils_commands:/home/kvothe/ros/install/soma/lib/python3.10/site-packages:${PYTHONPATH} /usr/bin/python3 -W ignore:setup.py install is deprecated -W ignore:easy_install command is deprecated setup.py egg_info --egg-base ../../build/soma build --build-base /home/kvothe/ros/build/soma/build install --record /home/kvothe/ros/build/soma/install.log --single-version-externally-managed install_data
[1.158s] running egg_info
[1.158s] writing ../../build/soma/soma.egg-info/PKG-INFO
[1.158s] writing dependency_links to ../../build/soma/soma.egg-info/dependency_links.txt
[1.159s] writing entry points to ../../build/soma/soma.egg-info/entry_points.txt
[1.159s] writing requirements to ../../build/soma/soma.egg-info/requires.txt
[1.159s] writing top-level names to ../../build/soma/soma.egg-info/top_level.txt
[1.160s] reading manifest file '../../build/soma/soma.egg-info/SOURCES.txt'
[1.161s] writing manifest file '../../build/soma/soma.egg-info/SOURCES.txt'
[1.161s] running build
[1.162s] running build_py
[1.162s] copying soma/GraphNode.py -> /home/kvothe/ros/build/soma/build/lib/soma
[1.162s] running install
[1.162s] running install_lib
[1.163s] copying /home/kvothe/ros/build/soma/build/lib/soma/GraphNode.py -> /home/kvothe/ros/install/soma/lib/python3.10/site-packages/soma
[1.164s] byte-compiling /home/kvothe/ros/install/soma/lib/python3.10/site-packages/soma/GraphNode.py to GraphNode.cpython-310.pyc
[1.168s] running install_data
[1.168s] running install_egg_info
[1.169s] removing '/home/kvothe/ros/install/soma/lib/python3.10/site-packages/soma-0.0.0-py3.10.egg-info' (and everything under it)
[1.169s] Copying ../../build/soma/soma.egg-info to /home/kvothe/ros/install/soma/lib/python3.10/site-packages/soma-0.0.0-py3.10.egg-info
[1.170s] running install_scripts
[1.186s] Installing BayesianLandmarkConstraintNode script to /home/kvothe/ros/install/soma/lib/soma
[1.186s] Installing EuclidsLandmarkLandmarkGraphNode script to /home/kvothe/ros/install/soma/lib/soma
[1.187s] Installing GraphNode script to /home/kvothe/ros/install/soma/lib/soma
[1.187s] Installing LandmarkConstraintVisualizer script to /home/kvothe/ros/install/soma/lib/soma
[1.187s] Installing LineSegmentAssociation script to /home/kvothe/ros/install/soma/lib/soma
[1.187s] Installing OldGraphNode script to /home/kvothe/ros/install/soma/lib/soma
[1.187s] Installing PoseGraphNode script to /home/kvothe/ros/install/soma/lib/soma
[1.187s] Installing PostProcessingNode script to /home/kvothe/ros/install/soma/lib/soma
[1.187s] Installing SWMANode script to /home/kvothe/ros/install/soma/lib/soma
[1.187s] writing list of installed files to '/home/kvothe/ros/build/soma/install.log'
[1.215s] Invoked command in '/home/kvothe/ros/src/soma' returned '0': CMAKE_PREFIX_PATH=/home/kvothe/ros/install/messages:/home/kvothe/ros/install/ros_bringup:/home/kvothe/ros/install/ros_gazebo:/home/kvothe/ros/install/robot_description:/home/kvothe/ros/install/cppp PYTHONPATH=/home/kvothe/ros/build/soma/prefix_override:/usr/lib/python3/dist-packages/colcon_core/task/python/colcon_distutils_commands:/home/kvothe/ros/install/soma/lib/python3.10/site-packages:${PYTHONPATH} /usr/bin/python3 -W ignore:setup.py install is deprecated -W ignore:easy_install command is deprecated setup.py egg_info --egg-base ../../build/soma build --build-base /home/kvothe/ros/build/soma/build install --record /home/kvothe/ros/build/soma/install.log --single-version-externally-managed install_data
