[0.022s] Invoking command in '/home/kvothe/ros/build/cppp': CMAKE_PREFIX_PATH=/home/kvothe/ros/install/messages:/home/kvothe/ros/install/ros_bringup:/home/kvothe/ros/install/ros_gazebo:/home/kvothe/ros/install/robot_description:/home/kvothe/ros/install/cppp:/home/kvothe/ros/install/soma:/home/kvothe/ros/install/sensor_management:/home/kvothe/ros/install/robot_control:/opt/ros/humble /usr/bin/cmake --build /home/kvothe/ros/build/cppp -- -j12 -l12
[0.486s] [  5%] [32m[1mLinking CXX executable LandmarkGraphNode[0m
[0.486s] [ 16%] Built target PreprocessNode
[0.486s] [ 27%] Built target ScanTransformer
[0.487s] [ 38%] [32m[1mLinking CXX executable LandmarkTransformermapNode[0m
[0.487s] [ 38%] [32m[1mLinking CXX executable LandmarkTransformerNode[0m
[0.487s] [ 50%] [32m[1mLinking CXX executable HoughLineFittingNode[0m
[0.487s] [ 50%] [32m[1mLinking CXX executable RansacLineExtractionNode[0m
[0.487s] [ 61%] [32m[1mLinking CXX executable IncrementalLineFittingNode[0m
[0.487s] [ 66%] Built target ScanAccumulator
[1.773s] [ 72%] Built target LandmarkGraphNode
[2.077s] [ 77%] Built target LandmarkTransformermapNode
[2.196s] [ 83%] Built target LandmarkTransformerNode
[3.457s] [ 88%] Built target IncrementalLineFittingNode
[3.719s] [ 94%] Built target HoughLineFittingNode
[4.010s] [100%] Built target RansacLineExtractionNode
[4.029s] Invoked command in '/home/kvothe/ros/build/cppp' returned '0': CMAKE_PREFIX_PATH=/home/kvothe/ros/install/messages:/home/kvothe/ros/install/ros_bringup:/home/kvothe/ros/install/ros_gazebo:/home/kvothe/ros/install/robot_description:/home/kvothe/ros/install/cppp:/home/kvothe/ros/install/soma:/home/kvothe/ros/install/sensor_management:/home/kvothe/ros/install/robot_control:/opt/ros/humble /usr/bin/cmake --build /home/kvothe/ros/build/cppp -- -j12 -l12
[4.032s] Invoking command in '/home/kvothe/ros/build/cppp': CMAKE_PREFIX_PATH=/home/kvothe/ros/install/messages:/home/kvothe/ros/install/ros_bringup:/home/kvothe/ros/install/ros_gazebo:/home/kvothe/ros/install/robot_description:/home/kvothe/ros/install/cppp:/home/kvothe/ros/install/soma:/home/kvothe/ros/install/sensor_management:/home/kvothe/ros/install/robot_control:/opt/ros/humble /usr/bin/cmake --install /home/kvothe/ros/build/cppp
[4.048s] -- Install configuration: ""
[4.049s] -- Installing: /home/kvothe/ros/install/cppp/lib/cppp/LandmarkTransformerNode
[4.056s] -- Set runtime path of "/home/kvothe/ros/install/cppp/lib/cppp/LandmarkTransformerNode" to ""
[4.057s] -- Up-to-date: /home/kvothe/ros/install/cppp/lib/cppp/ScanAccumulator
[4.058s] -- Up-to-date: /home/kvothe/ros/install/cppp/lib/cppp/PreprocessNode
[4.059s] -- Installing: /home/kvothe/ros/install/cppp/lib/cppp/LandmarkGraphNode
[4.063s] -- Set runtime path of "/home/kvothe/ros/install/cppp/lib/cppp/LandmarkGraphNode" to ""
[4.064s] -- Installing: /home/kvothe/ros/install/cppp/lib/cppp/IncrementalLineFittingNode
[4.071s] -- Set runtime path of "/home/kvothe/ros/install/cppp/lib/cppp/IncrementalLineFittingNode" to ""
[4.071s] -- Installing: /home/kvothe/ros/install/cppp/lib/cppp/LandmarkTransformermapNode
[4.076s] -- Set runtime path of "/home/kvothe/ros/install/cppp/lib/cppp/LandmarkTransformermapNode" to ""
[4.076s] -- Installing: /home/kvothe/ros/install/cppp/lib/cppp/HoughLineFittingNode
[4.084s] -- Set runtime path of "/home/kvothe/ros/install/cppp/lib/cppp/HoughLineFittingNode" to ""
[4.084s] -- Installing: /home/kvothe/ros/install/cppp/lib/cppp/RansacLineExtractionNode
[4.091s] -- Set runtime path of "/home/kvothe/ros/install/cppp/lib/cppp/RansacLineExtractionNode" to ""
[4.092s] -- Up-to-date: /home/kvothe/ros/install/cppp/lib/cppp/ScanTransformer
[4.092s] -- Up-to-date: /home/kvothe/ros/install/cppp/share/ament_index/resource_index/package_run_dependencies/cppp
[4.092s] -- Up-to-date: /home/kvothe/ros/install/cppp/share/ament_index/resource_index/parent_prefix_path/cppp
[4.093s] -- Up-to-date: /home/kvothe/ros/install/cppp/share/cppp/environment/ament_prefix_path.sh
[4.093s] -- Up-to-date: /home/kvothe/ros/install/cppp/share/cppp/environment/ament_prefix_path.dsv
[4.093s] -- Up-to-date: /home/kvothe/ros/install/cppp/share/cppp/environment/path.sh
[4.093s] -- Up-to-date: /home/kvothe/ros/install/cppp/share/cppp/environment/path.dsv
[4.093s] -- Up-to-date: /home/kvothe/ros/install/cppp/share/cppp/local_setup.bash
[4.093s] -- Up-to-date: /home/kvothe/ros/install/cppp/share/cppp/local_setup.sh
[4.093s] -- Up-to-date: /home/kvothe/ros/install/cppp/share/cppp/local_setup.zsh
[4.093s] -- Up-to-date: /home/kvothe/ros/install/cppp/share/cppp/local_setup.dsv
[4.093s] -- Installing: /home/kvothe/ros/install/cppp/share/cppp/package.dsv
[4.094s] -- Up-to-date: /home/kvothe/ros/install/cppp/share/ament_index/resource_index/packages/cppp
[4.094s] -- Up-to-date: /home/kvothe/ros/install/cppp/share/cppp/cmake/cpppConfig.cmake
[4.094s] -- Up-to-date: /home/kvothe/ros/install/cppp/share/cppp/cmake/cpppConfig-version.cmake
[4.094s] -- Up-to-date: /home/kvothe/ros/install/cppp/share/cppp/package.xml
[4.097s] Invoked command in '/home/kvothe/ros/build/cppp' returned '0': CMAKE_PREFIX_PATH=/home/kvothe/ros/install/messages:/home/kvothe/ros/install/ros_bringup:/home/kvothe/ros/install/ros_gazebo:/home/kvothe/ros/install/robot_description:/home/kvothe/ros/install/cppp:/home/kvothe/ros/install/soma:/home/kvothe/ros/install/sensor_management:/home/kvothe/ros/install/robot_control:/opt/ros/humble /usr/bin/cmake --install /home/kvothe/ros/build/cppp
