[0.026s] Invoking command in '/home/kvothe/ros/build/cppp': CMAKE_PREFIX_PATH=/home/kvothe/ros/install/messages:/home/kvothe/ros/install/ros_bringup:/home/kvothe/ros/install/ros_gazebo:/home/kvothe/ros/install/robot_description:/home/kvothe/ros/install/cppp:/home/kvothe/ros/install/soma:/home/kvothe/ros/install/sensor_management:/home/kvothe/ros/install/robot_control:/opt/ros/humble /usr/bin/cmake --build /home/kvothe/ros/build/cppp -- -j12 -l12
[0.291s] [35m[1mConsolidate compiler generated dependencies of target PoseGraphOptimizer[0m
[0.291s] [ 10%] Built target PreprocessNode
[0.291s] [ 20%] Built target LandmarkGraphNode
[0.293s] [ 30%] Built target LandmarkTransformermapNode
[0.294s] [ 40%] Built target LandmarkTransformerNode
[0.295s] [ 80%] Built target RansacLineExtractionNode
[0.295s] [ 80%] Built target IncrementalLineFittingNode
[0.295s] [ 80%] Built target ScanTransformer
[0.295s] [ 80%] Built target HoughLineFittingNode
[0.295s] [ 90%] Built target ScanAccumulator
[0.296s] [ 95%] [32mBuilding CXX object CMakeFiles/PoseGraphOptimizer.dir/src/PoseGraphOptimizer.cpp.o[0m
[18.523s] [100%] [32m[1mLinking CXX executable PoseGraphOptimizer[0m
[19.839s] [100%] Built target PoseGraphOptimizer
[19.864s] Invoked command in '/home/kvothe/ros/build/cppp' returned '0': CMAKE_PREFIX_PATH=/home/kvothe/ros/install/messages:/home/kvothe/ros/install/ros_bringup:/home/kvothe/ros/install/ros_gazebo:/home/kvothe/ros/install/robot_description:/home/kvothe/ros/install/cppp:/home/kvothe/ros/install/soma:/home/kvothe/ros/install/sensor_management:/home/kvothe/ros/install/robot_control:/opt/ros/humble /usr/bin/cmake --build /home/kvothe/ros/build/cppp -- -j12 -l12
[19.869s] Invoking command in '/home/kvothe/ros/build/cppp': CMAKE_PREFIX_PATH=/home/kvothe/ros/install/messages:/home/kvothe/ros/install/ros_bringup:/home/kvothe/ros/install/ros_gazebo:/home/kvothe/ros/install/robot_description:/home/kvothe/ros/install/cppp:/home/kvothe/ros/install/soma:/home/kvothe/ros/install/sensor_management:/home/kvothe/ros/install/robot_control:/opt/ros/humble /usr/bin/cmake --install /home/kvothe/ros/build/cppp
[19.876s] -- Install configuration: ""
[19.877s] -- Up-to-date: /home/kvothe/ros/install/cppp/lib/cppp/LandmarkTransformerNode
[19.878s] -- Up-to-date: /home/kvothe/ros/install/cppp/lib/cppp/ScanAccumulator
[19.880s] -- Up-to-date: /home/kvothe/ros/install/cppp/lib/cppp/PreprocessNode
[19.881s] -- Up-to-date: /home/kvothe/ros/install/cppp/lib/cppp/LandmarkGraphNode
[19.881s] -- Up-to-date: /home/kvothe/ros/install/cppp/lib/cppp/IncrementalLineFittingNode
[19.882s] -- Up-to-date: /home/kvothe/ros/install/cppp/lib/cppp/LandmarkTransformermapNode
[19.883s] -- Up-to-date: /home/kvothe/ros/install/cppp/lib/cppp/HoughLineFittingNode
[19.884s] -- Up-to-date: /home/kvothe/ros/install/cppp/lib/cppp/RansacLineExtractionNode
[19.885s] -- Up-to-date: /home/kvothe/ros/install/cppp/lib/cppp/ScanTransformer
[19.886s] -- Installing: /home/kvothe/ros/install/cppp/lib/cppp/PoseGraphOptimizer
[19.898s] -- Set runtime path of "/home/kvothe/ros/install/cppp/lib/cppp/PoseGraphOptimizer" to ""
[19.898s] -- Up-to-date: /home/kvothe/ros/install/cppp/share/ament_index/resource_index/package_run_dependencies/cppp
[19.899s] -- Up-to-date: /home/kvothe/ros/install/cppp/share/ament_index/resource_index/parent_prefix_path/cppp
[19.899s] -- Up-to-date: /home/kvothe/ros/install/cppp/share/cppp/environment/ament_prefix_path.sh
[19.899s] -- Up-to-date: /home/kvothe/ros/install/cppp/share/cppp/environment/ament_prefix_path.dsv
[19.899s] -- Up-to-date: /home/kvothe/ros/install/cppp/share/cppp/environment/path.sh
[19.900s] -- Up-to-date: /home/kvothe/ros/install/cppp/share/cppp/environment/path.dsv
[19.900s] -- Up-to-date: /home/kvothe/ros/install/cppp/share/cppp/local_setup.bash
[19.900s] -- Up-to-date: /home/kvothe/ros/install/cppp/share/cppp/local_setup.sh
[19.900s] -- Up-to-date: /home/kvothe/ros/install/cppp/share/cppp/local_setup.zsh
[19.900s] -- Up-to-date: /home/kvothe/ros/install/cppp/share/cppp/local_setup.dsv
[19.900s] -- Installing: /home/kvothe/ros/install/cppp/share/cppp/package.dsv
[19.901s] -- Up-to-date: /home/kvothe/ros/install/cppp/share/ament_index/resource_index/packages/cppp
[19.901s] -- Up-to-date: /home/kvothe/ros/install/cppp/share/cppp/cmake/cpppConfig.cmake
[19.901s] -- Up-to-date: /home/kvothe/ros/install/cppp/share/cppp/cmake/cpppConfig-version.cmake
[19.901s] -- Up-to-date: /home/kvothe/ros/install/cppp/share/cppp/package.xml
[19.904s] Invoked command in '/home/kvothe/ros/build/cppp' returned '0': CMAKE_PREFIX_PATH=/home/kvothe/ros/install/messages:/home/kvothe/ros/install/ros_bringup:/home/kvothe/ros/install/ros_gazebo:/home/kvothe/ros/install/robot_description:/home/kvothe/ros/install/cppp:/home/kvothe/ros/install/soma:/home/kvothe/ros/install/sensor_management:/home/kvothe/ros/install/robot_control:/opt/ros/humble /usr/bin/cmake --install /home/kvothe/ros/build/cppp
