[0.089s] DEBUG:colcon:Command line arguments: ['/usr/bin/colcon', 'build']
[0.089s] DEBUG:colcon:Parsed command line arguments: Namespace(log_base=None, log_level=None, verb_name='build', build_base='build', install_base='install', merge_install=False, symlink_install=False, test_result_base=None, continue_on_error=False, executor='parallel', parallel_workers=12, event_handlers=None, ignore_user_meta=False, metas=['./colcon.meta'], base_paths=['.'], packages_ignore=None, packages_ignore_regex=None, paths=None, packages_up_to=None, packages_up_to_regex=None, packages_above=None, packages_above_and_dependencies=None, packages_above_depth=None, packages_select_by_dep=None, packages_skip_by_dep=None, packages_skip_up_to=None, packages_select_build_failed=False, packages_skip_build_finished=False, packages_select_test_failures=False, packages_skip_test_passed=False, packages_select=None, packages_skip=None, packages_select_regex=None, packages_skip_regex=None, packages_start=None, packages_end=None, allow_overriding=[], cmake_args=None, cmake_target=None, cmake_target_skip_unavailable=False, cmake_clean_cache=False, cmake_clean_first=False, cmake_force_configure=False, ament_cmake_args=None, catkin_cmake_args=None, catkin_skip_building_tests=False, verb_parser=<colcon_defaults.argument_parser.defaults.DefaultArgumentsDecorator object at 0x78206a318a60>, verb_extension=<colcon_core.verb.build.BuildVerb object at 0x78206a4d50f0>, main=<bound method BuildVerb.main of <colcon_core.verb.build.BuildVerb object at 0x78206a4d50f0>>)
[0.230s] Level 1:colcon.colcon_core.package_discovery:discover_packages(colcon_meta) check parameters
[0.230s] Level 1:colcon.colcon_core.package_discovery:discover_packages(recursive) check parameters
[0.230s] Level 1:colcon.colcon_core.package_discovery:discover_packages(ignore) check parameters
[0.230s] Level 1:colcon.colcon_core.package_discovery:discover_packages(path) check parameters
[0.230s] Level 1:colcon.colcon_core.package_discovery:discover_packages(colcon_meta) discover
[0.230s] Level 1:colcon.colcon_core.package_discovery:discover_packages(recursive) discover
[0.230s] INFO:colcon.colcon_core.package_discovery:Crawling recursively for packages in '/home/kvothe/ros'
[0.230s] Level 1:colcon.colcon_core.package_identification:_identify(.) by extensions ['ignore', 'ignore_ament_install']
[0.230s] Level 1:colcon.colcon_core.package_identification:_identify(.) by extension 'ignore'
[0.230s] Level 1:colcon.colcon_core.package_identification:_identify(.) by extension 'ignore_ament_install'
[0.230s] Level 1:colcon.colcon_core.package_identification:_identify(.) by extensions ['colcon_pkg']
[0.230s] Level 1:colcon.colcon_core.package_identification:_identify(.) by extension 'colcon_pkg'
[0.230s] Level 1:colcon.colcon_core.package_identification:_identify(.) by extensions ['colcon_meta']
[0.230s] Level 1:colcon.colcon_core.package_identification:_identify(.) by extension 'colcon_meta'
[0.230s] Level 1:colcon.colcon_core.package_identification:_identify(.) by extensions ['ros']
[0.230s] Level 1:colcon.colcon_core.package_identification:_identify(.) by extension 'ros'
[0.240s] Level 1:colcon.colcon_core.package_identification:_identify(.) by extensions ['cmake', 'python']
[0.240s] Level 1:colcon.colcon_core.package_identification:_identify(.) by extension 'cmake'
[0.240s] Level 1:colcon.colcon_core.package_identification:_identify(.) by extension 'python'
[0.240s] Level 1:colcon.colcon_core.package_identification:_identify(.) by extensions ['python_setup_py']
[0.240s] Level 1:colcon.colcon_core.package_identification:_identify(.) by extension 'python_setup_py'
[0.240s] Level 1:colcon.colcon_core.package_identification:_identify(CMakeFiles) by extensions ['ignore', 'ignore_ament_install']
[0.240s] Level 1:colcon.colcon_core.package_identification:_identify(CMakeFiles) by extension 'ignore'
[0.241s] Level 1:colcon.colcon_core.package_identification:_identify(CMakeFiles) by extension 'ignore_ament_install'
[0.241s] Level 1:colcon.colcon_core.package_identification:_identify(CMakeFiles) by extensions ['colcon_pkg']
[0.241s] Level 1:colcon.colcon_core.package_identification:_identify(CMakeFiles) by extension 'colcon_pkg'
[0.241s] Level 1:colcon.colcon_core.package_identification:_identify(CMakeFiles) by extensions ['colcon_meta']
[0.241s] Level 1:colcon.colcon_core.package_identification:_identify(CMakeFiles) by extension 'colcon_meta'
[0.241s] Level 1:colcon.colcon_core.package_identification:_identify(CMakeFiles) by extensions ['ros']
[0.241s] Level 1:colcon.colcon_core.package_identification:_identify(CMakeFiles) by extension 'ros'
[0.241s] Level 1:colcon.colcon_core.package_identification:_identify(CMakeFiles) by extensions ['cmake', 'python']
[0.241s] Level 1:colcon.colcon_core.package_identification:_identify(CMakeFiles) by extension 'cmake'
[0.241s] Level 1:colcon.colcon_core.package_identification:_identify(CMakeFiles) by extension 'python'
[0.241s] Level 1:colcon.colcon_core.package_identification:_identify(CMakeFiles) by extensions ['python_setup_py']
[0.241s] Level 1:colcon.colcon_core.package_identification:_identify(CMakeFiles) by extension 'python_setup_py'
[0.241s] Level 1:colcon.colcon_core.package_identification:_identify(build) by extensions ['ignore', 'ignore_ament_install']
[0.241s] Level 1:colcon.colcon_core.package_identification:_identify(build) by extension 'ignore'
[0.241s] Level 1:colcon.colcon_core.package_identification:_identify(build) ignored
[0.241s] Level 1:colcon.colcon_core.package_identification:_identify(install) by extensions ['ignore', 'ignore_ament_install']
[0.241s] Level 1:colcon.colcon_core.package_identification:_identify(install) by extension 'ignore'
[0.241s] Level 1:colcon.colcon_core.package_identification:_identify(install) ignored
[0.242s] Level 1:colcon.colcon_core.package_identification:_identify(log) by extensions ['ignore', 'ignore_ament_install']
[0.242s] Level 1:colcon.colcon_core.package_identification:_identify(log) by extension 'ignore'
[0.242s] Level 1:colcon.colcon_core.package_identification:_identify(log) ignored
[0.242s] Level 1:colcon.colcon_core.package_identification:_identify(src) by extensions ['ignore', 'ignore_ament_install']
[0.242s] Level 1:colcon.colcon_core.package_identification:_identify(src) by extension 'ignore'
[0.242s] Level 1:colcon.colcon_core.package_identification:_identify(src) by extension 'ignore_ament_install'
[0.242s] Level 1:colcon.colcon_core.package_identification:_identify(src) by extensions ['colcon_pkg']
[0.242s] Level 1:colcon.colcon_core.package_identification:_identify(src) by extension 'colcon_pkg'
[0.242s] Level 1:colcon.colcon_core.package_identification:_identify(src) by extensions ['colcon_meta']
[0.242s] Level 1:colcon.colcon_core.package_identification:_identify(src) by extension 'colcon_meta'
[0.242s] Level 1:colcon.colcon_core.package_identification:_identify(src) by extensions ['ros']
[0.242s] Level 1:colcon.colcon_core.package_identification:_identify(src) by extension 'ros'
[0.242s] Level 1:colcon.colcon_core.package_identification:_identify(src) by extensions ['cmake', 'python']
[0.242s] Level 1:colcon.colcon_core.package_identification:_identify(src) by extension 'cmake'
[0.242s] Level 1:colcon.colcon_core.package_identification:_identify(src) by extension 'python'
[0.242s] Level 1:colcon.colcon_core.package_identification:_identify(src) by extensions ['python_setup_py']
[0.242s] Level 1:colcon.colcon_core.package_identification:_identify(src) by extension 'python_setup_py'
[0.243s] Level 1:colcon.colcon_core.package_identification:_identify(src/cppp) by extensions ['ignore', 'ignore_ament_install']
[0.243s] Level 1:colcon.colcon_core.package_identification:_identify(src/cppp) by extension 'ignore'
[0.243s] Level 1:colcon.colcon_core.package_identification:_identify(src/cppp) by extension 'ignore_ament_install'
[0.243s] Level 1:colcon.colcon_core.package_identification:_identify(src/cppp) by extensions ['colcon_pkg']
[0.243s] Level 1:colcon.colcon_core.package_identification:_identify(src/cppp) by extension 'colcon_pkg'
[0.243s] Level 1:colcon.colcon_core.package_identification:_identify(src/cppp) by extensions ['colcon_meta']
[0.243s] Level 1:colcon.colcon_core.package_identification:_identify(src/cppp) by extension 'colcon_meta'
[0.243s] Level 1:colcon.colcon_core.package_identification:_identify(src/cppp) by extensions ['ros']
[0.243s] Level 1:colcon.colcon_core.package_identification:_identify(src/cppp) by extension 'ros'
[0.246s] DEBUG:colcon.colcon_core.package_identification:Package 'src/cppp' with type 'ros.ament_cmake' and name 'cppp'
[0.246s] Level 1:colcon.colcon_core.package_identification:_identify(src/messages) by extensions ['ignore', 'ignore_ament_install']
[0.246s] Level 1:colcon.colcon_core.package_identification:_identify(src/messages) by extension 'ignore'
[0.246s] Level 1:colcon.colcon_core.package_identification:_identify(src/messages) by extension 'ignore_ament_install'
[0.246s] Level 1:colcon.colcon_core.package_identification:_identify(src/messages) by extensions ['colcon_pkg']
[0.246s] Level 1:colcon.colcon_core.package_identification:_identify(src/messages) by extension 'colcon_pkg'
[0.246s] Level 1:colcon.colcon_core.package_identification:_identify(src/messages) by extensions ['colcon_meta']
[0.246s] Level 1:colcon.colcon_core.package_identification:_identify(src/messages) by extension 'colcon_meta'
[0.246s] Level 1:colcon.colcon_core.package_identification:_identify(src/messages) by extensions ['ros']
[0.246s] Level 1:colcon.colcon_core.package_identification:_identify(src/messages) by extension 'ros'
[0.247s] DEBUG:colcon.colcon_core.package_identification:Package 'src/messages' with type 'ros.ament_cmake' and name 'messages'
[0.247s] Level 1:colcon.colcon_core.package_identification:_identify(src/robot_control) by extensions ['ignore', 'ignore_ament_install']
[0.247s] Level 1:colcon.colcon_core.package_identification:_identify(src/robot_control) by extension 'ignore'
[0.247s] Level 1:colcon.colcon_core.package_identification:_identify(src/robot_control) by extension 'ignore_ament_install'
[0.247s] Level 1:colcon.colcon_core.package_identification:_identify(src/robot_control) by extensions ['colcon_pkg']
[0.247s] Level 1:colcon.colcon_core.package_identification:_identify(src/robot_control) by extension 'colcon_pkg'
[0.247s] Level 1:colcon.colcon_core.package_identification:_identify(src/robot_control) by extensions ['colcon_meta']
[0.247s] Level 1:colcon.colcon_core.package_identification:_identify(src/robot_control) by extension 'colcon_meta'
[0.247s] Level 1:colcon.colcon_core.package_identification:_identify(src/robot_control) by extensions ['ros']
[0.247s] Level 1:colcon.colcon_core.package_identification:_identify(src/robot_control) by extension 'ros'
[0.248s] DEBUG:colcon.colcon_core.package_identification:Package 'src/robot_control' with type 'ros.ament_python' and name 'robot_control'
[0.248s] Level 1:colcon.colcon_core.package_identification:_identify(src/robot_description) by extensions ['ignore', 'ignore_ament_install']
[0.248s] Level 1:colcon.colcon_core.package_identification:_identify(src/robot_description) by extension 'ignore'
[0.248s] Level 1:colcon.colcon_core.package_identification:_identify(src/robot_description) by extension 'ignore_ament_install'
[0.248s] Level 1:colcon.colcon_core.package_identification:_identify(src/robot_description) by extensions ['colcon_pkg']
[0.248s] Level 1:colcon.colcon_core.package_identification:_identify(src/robot_description) by extension 'colcon_pkg'
[0.248s] Level 1:colcon.colcon_core.package_identification:_identify(src/robot_description) by extensions ['colcon_meta']
[0.248s] Level 1:colcon.colcon_core.package_identification:_identify(src/robot_description) by extension 'colcon_meta'
[0.248s] Level 1:colcon.colcon_core.package_identification:_identify(src/robot_description) by extensions ['ros']
[0.248s] Level 1:colcon.colcon_core.package_identification:_identify(src/robot_description) by extension 'ros'
[0.249s] DEBUG:colcon.colcon_core.package_identification:Package 'src/robot_description' with type 'ros.ament_cmake' and name 'robot_description'
[0.249s] Level 1:colcon.colcon_core.package_identification:_identify(src/ros_bringup) by extensions ['ignore', 'ignore_ament_install']
[0.249s] Level 1:colcon.colcon_core.package_identification:_identify(src/ros_bringup) by extension 'ignore'
[0.249s] Level 1:colcon.colcon_core.package_identification:_identify(src/ros_bringup) by extension 'ignore_ament_install'
[0.249s] Level 1:colcon.colcon_core.package_identification:_identify(src/ros_bringup) by extensions ['colcon_pkg']
[0.249s] Level 1:colcon.colcon_core.package_identification:_identify(src/ros_bringup) by extension 'colcon_pkg'
[0.249s] Level 1:colcon.colcon_core.package_identification:_identify(src/ros_bringup) by extensions ['colcon_meta']
[0.249s] Level 1:colcon.colcon_core.package_identification:_identify(src/ros_bringup) by extension 'colcon_meta'
[0.249s] Level 1:colcon.colcon_core.package_identification:_identify(src/ros_bringup) by extensions ['ros']
[0.249s] Level 1:colcon.colcon_core.package_identification:_identify(src/ros_bringup) by extension 'ros'
[0.250s] DEBUG:colcon.colcon_core.package_identification:Package 'src/ros_bringup' with type 'ros.ament_cmake' and name 'ros_bringup'
[0.250s] Level 1:colcon.colcon_core.package_identification:_identify(src/ros_gazebo) by extensions ['ignore', 'ignore_ament_install']
[0.250s] Level 1:colcon.colcon_core.package_identification:_identify(src/ros_gazebo) by extension 'ignore'
[0.250s] Level 1:colcon.colcon_core.package_identification:_identify(src/ros_gazebo) by extension 'ignore_ament_install'
[0.250s] Level 1:colcon.colcon_core.package_identification:_identify(src/ros_gazebo) by extensions ['colcon_pkg']
[0.250s] Level 1:colcon.colcon_core.package_identification:_identify(src/ros_gazebo) by extension 'colcon_pkg'
[0.250s] Level 1:colcon.colcon_core.package_identification:_identify(src/ros_gazebo) by extensions ['colcon_meta']
[0.250s] Level 1:colcon.colcon_core.package_identification:_identify(src/ros_gazebo) by extension 'colcon_meta'
[0.250s] Level 1:colcon.colcon_core.package_identification:_identify(src/ros_gazebo) by extensions ['ros']
[0.250s] Level 1:colcon.colcon_core.package_identification:_identify(src/ros_gazebo) by extension 'ros'
[0.251s] DEBUG:colcon.colcon_core.package_identification:Package 'src/ros_gazebo' with type 'ros.ament_cmake' and name 'ros_gazebo'
[0.251s] Level 1:colcon.colcon_core.package_identification:_identify(src/sensor_management) by extensions ['ignore', 'ignore_ament_install']
[0.251s] Level 1:colcon.colcon_core.package_identification:_identify(src/sensor_management) by extension 'ignore'
[0.251s] Level 1:colcon.colcon_core.package_identification:_identify(src/sensor_management) by extension 'ignore_ament_install'
[0.251s] Level 1:colcon.colcon_core.package_identification:_identify(src/sensor_management) by extensions ['colcon_pkg']
[0.251s] Level 1:colcon.colcon_core.package_identification:_identify(src/sensor_management) by extension 'colcon_pkg'
[0.251s] Level 1:colcon.colcon_core.package_identification:_identify(src/sensor_management) by extensions ['colcon_meta']
[0.251s] Level 1:colcon.colcon_core.package_identification:_identify(src/sensor_management) by extension 'colcon_meta'
[0.251s] Level 1:colcon.colcon_core.package_identification:_identify(src/sensor_management) by extensions ['ros']
[0.251s] Level 1:colcon.colcon_core.package_identification:_identify(src/sensor_management) by extension 'ros'
[0.252s] DEBUG:colcon.colcon_core.package_identification:Package 'src/sensor_management' with type 'ros.ament_python' and name 'sensor_management'
[0.252s] Level 1:colcon.colcon_core.package_identification:_identify(src/soma) by extensions ['ignore', 'ignore_ament_install']
[0.252s] Level 1:colcon.colcon_core.package_identification:_identify(src/soma) by extension 'ignore'
[0.252s] Level 1:colcon.colcon_core.package_identification:_identify(src/soma) by extension 'ignore_ament_install'
[0.252s] Level 1:colcon.colcon_core.package_identification:_identify(src/soma) by extensions ['colcon_pkg']
[0.252s] Level 1:colcon.colcon_core.package_identification:_identify(src/soma) by extension 'colcon_pkg'
[0.252s] Level 1:colcon.colcon_core.package_identification:_identify(src/soma) by extensions ['colcon_meta']
[0.252s] Level 1:colcon.colcon_core.package_identification:_identify(src/soma) by extension 'colcon_meta'
[0.252s] Level 1:colcon.colcon_core.package_identification:_identify(src/soma) by extensions ['ros']
[0.252s] Level 1:colcon.colcon_core.package_identification:_identify(src/soma) by extension 'ros'
[0.254s] DEBUG:colcon.colcon_core.package_identification:Package 'src/soma' with type 'ros.ament_python' and name 'soma'
[0.254s] Level 1:colcon.colcon_core.package_discovery:discover_packages(recursive) using defaults
[0.254s] Level 1:colcon.colcon_core.package_discovery:discover_packages(ignore) discover
[0.254s] Level 1:colcon.colcon_core.package_discovery:discover_packages(ignore) using defaults
[0.254s] Level 1:colcon.colcon_core.package_discovery:discover_packages(path) discover
[0.254s] Level 1:colcon.colcon_core.package_discovery:discover_packages(path) using defaults
[0.284s] Level 1:colcon.colcon_core.package_discovery:discover_packages(prefix_path) check parameters
[0.284s] Level 1:colcon.colcon_core.package_discovery:discover_packages(prefix_path) discover
[0.286s] DEBUG:colcon.colcon_installed_package_information.package_discovery:Found 8 installed packages in /home/kvothe/ros/install
[0.287s] DEBUG:colcon.colcon_installed_package_information.package_discovery:Found 327 installed packages in /opt/ros/humble
[0.289s] Level 1:colcon.colcon_core.package_discovery:discover_packages(prefix_path) using defaults
[0.323s] Level 5:colcon.colcon_core.verb:set package 'messages' build argument 'cmake_args' from command line to 'None'
[0.324s] Level 5:colcon.colcon_core.verb:set package 'messages' build argument 'cmake_target' from command line to 'None'
[0.324s] Level 5:colcon.colcon_core.verb:set package 'messages' build argument 'cmake_target_skip_unavailable' from command line to 'False'
[0.324s] Level 5:colcon.colcon_core.verb:set package 'messages' build argument 'cmake_clean_cache' from command line to 'False'
[0.324s] Level 5:colcon.colcon_core.verb:set package 'messages' build argument 'cmake_clean_first' from command line to 'False'
[0.324s] Level 5:colcon.colcon_core.verb:set package 'messages' build argument 'cmake_force_configure' from command line to 'False'
[0.324s] Level 5:colcon.colcon_core.verb:set package 'messages' build argument 'ament_cmake_args' from command line to 'None'
[0.324s] Level 5:colcon.colcon_core.verb:set package 'messages' build argument 'catkin_cmake_args' from command line to 'None'
[0.324s] Level 5:colcon.colcon_core.verb:set package 'messages' build argument 'catkin_skip_building_tests' from command line to 'False'
[0.324s] DEBUG:colcon.colcon_core.verb:Building package 'messages' with the following arguments: {'ament_cmake_args': None, 'build_base': '/home/kvothe/ros/build/messages', 'catkin_cmake_args': None, 'catkin_skip_building_tests': False, 'cmake_args': None, 'cmake_clean_cache': False, 'cmake_clean_first': False, 'cmake_force_configure': False, 'cmake_target': None, 'cmake_target_skip_unavailable': False, 'install_base': '/home/kvothe/ros/install/messages', 'merge_install': False, 'path': '/home/kvothe/ros/src/messages', 'symlink_install': False, 'test_result_base': None}
[0.324s] Level 5:colcon.colcon_core.verb:set package 'robot_control' build argument 'cmake_args' from command line to 'None'
[0.324s] Level 5:colcon.colcon_core.verb:set package 'robot_control' build argument 'cmake_target' from command line to 'None'
[0.324s] Level 5:colcon.colcon_core.verb:set package 'robot_control' build argument 'cmake_target_skip_unavailable' from command line to 'False'
[0.324s] Level 5:colcon.colcon_core.verb:set package 'robot_control' build argument 'cmake_clean_cache' from command line to 'False'
[0.324s] Level 5:colcon.colcon_core.verb:set package 'robot_control' build argument 'cmake_clean_first' from command line to 'False'
[0.324s] Level 5:colcon.colcon_core.verb:set package 'robot_control' build argument 'cmake_force_configure' from command line to 'False'
[0.324s] Level 5:colcon.colcon_core.verb:set package 'robot_control' build argument 'ament_cmake_args' from command line to 'None'
[0.324s] Level 5:colcon.colcon_core.verb:set package 'robot_control' build argument 'catkin_cmake_args' from command line to 'None'
[0.324s] Level 5:colcon.colcon_core.verb:set package 'robot_control' build argument 'catkin_skip_building_tests' from command line to 'False'
[0.324s] DEBUG:colcon.colcon_core.verb:Building package 'robot_control' with the following arguments: {'ament_cmake_args': None, 'build_base': '/home/kvothe/ros/build/robot_control', 'catkin_cmake_args': None, 'catkin_skip_building_tests': False, 'cmake_args': None, 'cmake_clean_cache': False, 'cmake_clean_first': False, 'cmake_force_configure': False, 'cmake_target': None, 'cmake_target_skip_unavailable': False, 'install_base': '/home/kvothe/ros/install/robot_control', 'merge_install': False, 'path': '/home/kvothe/ros/src/robot_control', 'symlink_install': False, 'test_result_base': None}
[0.324s] Level 5:colcon.colcon_core.verb:set package 'robot_description' build argument 'cmake_args' from command line to 'None'
[0.324s] Level 5:colcon.colcon_core.verb:set package 'robot_description' build argument 'cmake_target' from command line to 'None'
[0.325s] Level 5:colcon.colcon_core.verb:set package 'robot_description' build argument 'cmake_target_skip_unavailable' from command line to 'False'
[0.325s] Level 5:colcon.colcon_core.verb:set package 'robot_description' build argument 'cmake_clean_cache' from command line to 'False'
[0.325s] Level 5:colcon.colcon_core.verb:set package 'robot_description' build argument 'cmake_clean_first' from command line to 'False'
[0.325s] Level 5:colcon.colcon_core.verb:set package 'robot_description' build argument 'cmake_force_configure' from command line to 'False'
[0.325s] Level 5:colcon.colcon_core.verb:set package 'robot_description' build argument 'ament_cmake_args' from command line to 'None'
[0.325s] Level 5:colcon.colcon_core.verb:set package 'robot_description' build argument 'catkin_cmake_args' from command line to 'None'
[0.325s] Level 5:colcon.colcon_core.verb:set package 'robot_description' build argument 'catkin_skip_building_tests' from command line to 'False'
[0.325s] DEBUG:colcon.colcon_core.verb:Building package 'robot_description' with the following arguments: {'ament_cmake_args': None, 'build_base': '/home/kvothe/ros/build/robot_description', 'catkin_cmake_args': None, 'catkin_skip_building_tests': False, 'cmake_args': None, 'cmake_clean_cache': False, 'cmake_clean_first': False, 'cmake_force_configure': False, 'cmake_target': None, 'cmake_target_skip_unavailable': False, 'install_base': '/home/kvothe/ros/install/robot_description', 'merge_install': False, 'path': '/home/kvothe/ros/src/robot_description', 'symlink_install': False, 'test_result_base': None}
[0.325s] Level 5:colcon.colcon_core.verb:set package 'cppp' build argument 'cmake_args' from command line to 'None'
[0.325s] Level 5:colcon.colcon_core.verb:set package 'cppp' build argument 'cmake_target' from command line to 'None'
[0.325s] Level 5:colcon.colcon_core.verb:set package 'cppp' build argument 'cmake_target_skip_unavailable' from command line to 'False'
[0.325s] Level 5:colcon.colcon_core.verb:set package 'cppp' build argument 'cmake_clean_cache' from command line to 'False'
[0.325s] Level 5:colcon.colcon_core.verb:set package 'cppp' build argument 'cmake_clean_first' from command line to 'False'
[0.325s] Level 5:colcon.colcon_core.verb:set package 'cppp' build argument 'cmake_force_configure' from command line to 'False'
[0.325s] Level 5:colcon.colcon_core.verb:set package 'cppp' build argument 'ament_cmake_args' from command line to 'None'
[0.325s] Level 5:colcon.colcon_core.verb:set package 'cppp' build argument 'catkin_cmake_args' from command line to 'None'
[0.325s] Level 5:colcon.colcon_core.verb:set package 'cppp' build argument 'catkin_skip_building_tests' from command line to 'False'
[0.325s] DEBUG:colcon.colcon_core.verb:Building package 'cppp' with the following arguments: {'ament_cmake_args': None, 'build_base': '/home/kvothe/ros/build/cppp', 'catkin_cmake_args': None, 'catkin_skip_building_tests': False, 'cmake_args': None, 'cmake_clean_cache': False, 'cmake_clean_first': False, 'cmake_force_configure': False, 'cmake_target': None, 'cmake_target_skip_unavailable': False, 'install_base': '/home/kvothe/ros/install/cppp', 'merge_install': False, 'path': '/home/kvothe/ros/src/cppp', 'symlink_install': False, 'test_result_base': None}
[0.325s] Level 5:colcon.colcon_core.verb:set package 'ros_gazebo' build argument 'cmake_args' from command line to 'None'
[0.325s] Level 5:colcon.colcon_core.verb:set package 'ros_gazebo' build argument 'cmake_target' from command line to 'None'
[0.325s] Level 5:colcon.colcon_core.verb:set package 'ros_gazebo' build argument 'cmake_target_skip_unavailable' from command line to 'False'
[0.325s] Level 5:colcon.colcon_core.verb:set package 'ros_gazebo' build argument 'cmake_clean_cache' from command line to 'False'
[0.325s] Level 5:colcon.colcon_core.verb:set package 'ros_gazebo' build argument 'cmake_clean_first' from command line to 'False'
[0.325s] Level 5:colcon.colcon_core.verb:set package 'ros_gazebo' build argument 'cmake_force_configure' from command line to 'False'
[0.325s] Level 5:colcon.colcon_core.verb:set package 'ros_gazebo' build argument 'ament_cmake_args' from command line to 'None'
[0.325s] Level 5:colcon.colcon_core.verb:set package 'ros_gazebo' build argument 'catkin_cmake_args' from command line to 'None'
[0.325s] Level 5:colcon.colcon_core.verb:set package 'ros_gazebo' build argument 'catkin_skip_building_tests' from command line to 'False'
[0.326s] DEBUG:colcon.colcon_core.verb:Building package 'ros_gazebo' with the following arguments: {'ament_cmake_args': None, 'build_base': '/home/kvothe/ros/build/ros_gazebo', 'catkin_cmake_args': None, 'catkin_skip_building_tests': False, 'cmake_args': None, 'cmake_clean_cache': False, 'cmake_clean_first': False, 'cmake_force_configure': False, 'cmake_target': None, 'cmake_target_skip_unavailable': False, 'install_base': '/home/kvothe/ros/install/ros_gazebo', 'merge_install': False, 'path': '/home/kvothe/ros/src/ros_gazebo', 'symlink_install': False, 'test_result_base': None}
[0.326s] Level 5:colcon.colcon_core.verb:set package 'sensor_management' build argument 'cmake_args' from command line to 'None'
[0.326s] Level 5:colcon.colcon_core.verb:set package 'sensor_management' build argument 'cmake_target' from command line to 'None'
[0.326s] Level 5:colcon.colcon_core.verb:set package 'sensor_management' build argument 'cmake_target_skip_unavailable' from command line to 'False'
[0.326s] Level 5:colcon.colcon_core.verb:set package 'sensor_management' build argument 'cmake_clean_cache' from command line to 'False'
[0.326s] Level 5:colcon.colcon_core.verb:set package 'sensor_management' build argument 'cmake_clean_first' from command line to 'False'
[0.326s] Level 5:colcon.colcon_core.verb:set package 'sensor_management' build argument 'cmake_force_configure' from command line to 'False'
[0.326s] Level 5:colcon.colcon_core.verb:set package 'sensor_management' build argument 'ament_cmake_args' from command line to 'None'
[0.326s] Level 5:colcon.colcon_core.verb:set package 'sensor_management' build argument 'catkin_cmake_args' from command line to 'None'
[0.326s] Level 5:colcon.colcon_core.verb:set package 'sensor_management' build argument 'catkin_skip_building_tests' from command line to 'False'
[0.326s] DEBUG:colcon.colcon_core.verb:Building package 'sensor_management' with the following arguments: {'ament_cmake_args': None, 'build_base': '/home/kvothe/ros/build/sensor_management', 'catkin_cmake_args': None, 'catkin_skip_building_tests': False, 'cmake_args': None, 'cmake_clean_cache': False, 'cmake_clean_first': False, 'cmake_force_configure': False, 'cmake_target': None, 'cmake_target_skip_unavailable': False, 'install_base': '/home/kvothe/ros/install/sensor_management', 'merge_install': False, 'path': '/home/kvothe/ros/src/sensor_management', 'symlink_install': False, 'test_result_base': None}
[0.326s] Level 5:colcon.colcon_core.verb:set package 'soma' build argument 'cmake_args' from command line to 'None'
[0.326s] Level 5:colcon.colcon_core.verb:set package 'soma' build argument 'cmake_target' from command line to 'None'
[0.326s] Level 5:colcon.colcon_core.verb:set package 'soma' build argument 'cmake_target_skip_unavailable' from command line to 'False'
[0.326s] Level 5:colcon.colcon_core.verb:set package 'soma' build argument 'cmake_clean_cache' from command line to 'False'
[0.326s] Level 5:colcon.colcon_core.verb:set package 'soma' build argument 'cmake_clean_first' from command line to 'False'
[0.326s] Level 5:colcon.colcon_core.verb:set package 'soma' build argument 'cmake_force_configure' from command line to 'False'
[0.326s] Level 5:colcon.colcon_core.verb:set package 'soma' build argument 'ament_cmake_args' from command line to 'None'
[0.326s] Level 5:colcon.colcon_core.verb:set package 'soma' build argument 'catkin_cmake_args' from command line to 'None'
[0.326s] Level 5:colcon.colcon_core.verb:set package 'soma' build argument 'catkin_skip_building_tests' from command line to 'False'
[0.326s] DEBUG:colcon.colcon_core.verb:Building package 'soma' with the following arguments: {'ament_cmake_args': None, 'build_base': '/home/kvothe/ros/build/soma', 'catkin_cmake_args': None, 'catkin_skip_building_tests': False, 'cmake_args': None, 'cmake_clean_cache': False, 'cmake_clean_first': False, 'cmake_force_configure': False, 'cmake_target': None, 'cmake_target_skip_unavailable': False, 'install_base': '/home/kvothe/ros/install/soma', 'merge_install': False, 'path': '/home/kvothe/ros/src/soma', 'symlink_install': False, 'test_result_base': None}
[0.327s] Level 5:colcon.colcon_core.verb:set package 'ros_bringup' build argument 'cmake_args' from command line to 'None'
[0.327s] Level 5:colcon.colcon_core.verb:set package 'ros_bringup' build argument 'cmake_target' from command line to 'None'
[0.327s] Level 5:colcon.colcon_core.verb:set package 'ros_bringup' build argument 'cmake_target_skip_unavailable' from command line to 'False'
[0.327s] Level 5:colcon.colcon_core.verb:set package 'ros_bringup' build argument 'cmake_clean_cache' from command line to 'False'
[0.327s] Level 5:colcon.colcon_core.verb:set package 'ros_bringup' build argument 'cmake_clean_first' from command line to 'False'
[0.327s] Level 5:colcon.colcon_core.verb:set package 'ros_bringup' build argument 'cmake_force_configure' from command line to 'False'
[0.327s] Level 5:colcon.colcon_core.verb:set package 'ros_bringup' build argument 'ament_cmake_args' from command line to 'None'
[0.327s] Level 5:colcon.colcon_core.verb:set package 'ros_bringup' build argument 'catkin_cmake_args' from command line to 'None'
[0.327s] Level 5:colcon.colcon_core.verb:set package 'ros_bringup' build argument 'catkin_skip_building_tests' from command line to 'False'
[0.327s] DEBUG:colcon.colcon_core.verb:Building package 'ros_bringup' with the following arguments: {'ament_cmake_args': None, 'build_base': '/home/kvothe/ros/build/ros_bringup', 'catkin_cmake_args': None, 'catkin_skip_building_tests': False, 'cmake_args': None, 'cmake_clean_cache': False, 'cmake_clean_first': False, 'cmake_force_configure': False, 'cmake_target': None, 'cmake_target_skip_unavailable': False, 'install_base': '/home/kvothe/ros/install/ros_bringup', 'merge_install': False, 'path': '/home/kvothe/ros/src/ros_bringup', 'symlink_install': False, 'test_result_base': None}
[0.327s] INFO:colcon.colcon_core.executor:Executing jobs using 'parallel' executor
[0.328s] DEBUG:colcon.colcon_parallel_executor.executor.parallel:run_until_complete
[0.328s] INFO:colcon.colcon_ros.task.ament_cmake.build:Building ROS package in '/home/kvothe/ros/src/messages' with build type 'ament_cmake'
[0.328s] INFO:colcon.colcon_cmake.task.cmake.build:Building CMake package in '/home/kvothe/ros/src/messages'
[0.331s] INFO:colcon.colcon_core.plugin_system:Skipping extension 'colcon_core.shell.bat': Not used on non-Windows systems
[0.331s] INFO:colcon.colcon_core.shell:Skip shell extension 'powershell' for command environment: Not usable outside of PowerShell
[0.331s] DEBUG:colcon.colcon_core.shell:Skip shell extension 'dsv' for command environment
[0.335s] INFO:colcon.colcon_ros.task.ament_cmake.build:Building ROS package in '/home/kvothe/ros/src/robot_description' with build type 'ament_cmake'
[0.335s] INFO:colcon.colcon_cmake.task.cmake.build:Building CMake package in '/home/kvothe/ros/src/robot_description'
[0.335s] INFO:colcon.colcon_core.shell:Skip shell extension 'powershell' for command environment: Not usable outside of PowerShell
[0.335s] DEBUG:colcon.colcon_core.shell:Skip shell extension 'dsv' for command environment
[0.339s] INFO:colcon.colcon_ros.task.ament_python.build:Building ROS package in '/home/kvothe/ros/src/robot_control' with build type 'ament_python'
[0.339s] Level 1:colcon.colcon_core.shell:create_environment_hook('robot_control', 'ament_prefix_path')
[0.339s] INFO:colcon.colcon_core.shell:Creating environment hook '/home/kvothe/ros/install/robot_control/share/robot_control/hook/ament_prefix_path.ps1'
[0.340s] INFO:colcon.colcon_core.shell:Creating environment descriptor '/home/kvothe/ros/install/robot_control/share/robot_control/hook/ament_prefix_path.dsv'
[0.340s] INFO:colcon.colcon_core.shell:Creating environment hook '/home/kvothe/ros/install/robot_control/share/robot_control/hook/ament_prefix_path.sh'
[0.341s] INFO:colcon.colcon_core.shell:Skip shell extension 'powershell' for command environment: Not usable outside of PowerShell
[0.341s] DEBUG:colcon.colcon_core.shell:Skip shell extension 'dsv' for command environment
[0.350s] DEBUG:colcon.colcon_core.event_handler.log_command:Invoking command in '/home/kvothe/ros/build/messages': CMAKE_PREFIX_PATH=${CMAKE_PREFIX_PATH}:/home/kvothe/ros/install/soma:/home/kvothe/ros/install/sensor_management:/home/kvothe/ros/install/robot_control:/opt/ros/humble /usr/bin/cmake --build /home/kvothe/ros/build/messages -- -j12 -l12
[0.353s] DEBUG:colcon.colcon_core.event_handler.log_command:Invoking command in '/home/kvothe/ros/build/robot_description': CMAKE_PREFIX_PATH=${CMAKE_PREFIX_PATH}:/home/kvothe/ros/install/soma:/home/kvothe/ros/install/sensor_management:/home/kvothe/ros/install/robot_control:/opt/ros/humble /usr/bin/cmake --build /home/kvothe/ros/build/robot_description -- -j12 -l12
[0.582s] INFO:colcon.colcon_core.task.python.build:Building Python package in '/home/kvothe/ros/src/robot_control'
[0.582s] INFO:colcon.colcon_core.shell:Skip shell extension 'powershell' for command environment: Not usable outside of PowerShell
[0.582s] DEBUG:colcon.colcon_core.shell:Skip shell extension 'dsv' for command environment
[0.586s] DEBUG:colcon.colcon_core.event_handler.log_command:Invoked command in '/home/kvothe/ros/build/robot_description' returned '0': CMAKE_PREFIX_PATH=${CMAKE_PREFIX_PATH}:/home/kvothe/ros/install/soma:/home/kvothe/ros/install/sensor_management:/home/kvothe/ros/install/robot_control:/opt/ros/humble /usr/bin/cmake --build /home/kvothe/ros/build/robot_description -- -j12 -l12
[0.597s] DEBUG:colcon.colcon_core.event_handler.log_command:Invoking command in '/home/kvothe/ros/build/robot_description': CMAKE_PREFIX_PATH=${CMAKE_PREFIX_PATH}:/home/kvothe/ros/install/soma:/home/kvothe/ros/install/sensor_management:/home/kvothe/ros/install/robot_control:/opt/ros/humble /usr/bin/cmake --install /home/kvothe/ros/build/robot_description
[0.629s] Level 1:colcon.colcon_core.environment:create_environment_scripts_only(robot_description)
[0.630s] DEBUG:colcon.colcon_core.event_handler.log_command:Invoked command in '/home/kvothe/ros/build/robot_description' returned '0': CMAKE_PREFIX_PATH=${CMAKE_PREFIX_PATH}:/home/kvothe/ros/install/soma:/home/kvothe/ros/install/sensor_management:/home/kvothe/ros/install/robot_control:/opt/ros/humble /usr/bin/cmake --install /home/kvothe/ros/build/robot_description
[0.634s] Level 1:colcon.colcon_core.environment:checking '/home/kvothe/ros/install/robot_description' for CMake module files
[0.634s] Level 1:colcon.colcon_core.environment:checking '/home/kvothe/ros/install/robot_description' for CMake config files
[0.635s] Level 1:colcon.colcon_core.shell:create_environment_hook('robot_description', 'cmake_prefix_path')
[0.635s] INFO:colcon.colcon_core.shell:Creating environment hook '/home/kvothe/ros/install/robot_description/share/robot_description/hook/cmake_prefix_path.ps1'
[0.636s] INFO:colcon.colcon_core.shell:Creating environment descriptor '/home/kvothe/ros/install/robot_description/share/robot_description/hook/cmake_prefix_path.dsv'
[0.637s] INFO:colcon.colcon_core.shell:Creating environment hook '/home/kvothe/ros/install/robot_description/share/robot_description/hook/cmake_prefix_path.sh'
[0.638s] Level 1:colcon.colcon_core.environment:checking '/home/kvothe/ros/install/robot_description/bin'
[0.638s] Level 1:colcon.colcon_core.environment:checking '/home/kvothe/ros/install/robot_description/lib/pkgconfig/robot_description.pc'
[0.639s] Level 1:colcon.colcon_core.environment:checking '/home/kvothe/ros/install/robot_description/lib/python3.10/site-packages'
[0.639s] Level 1:colcon.colcon_core.environment:checking '/home/kvothe/ros/install/robot_description/bin'
[0.639s] INFO:colcon.colcon_core.shell:Creating package script '/home/kvothe/ros/install/robot_description/share/robot_description/package.ps1'
[0.641s] INFO:colcon.colcon_core.shell:Creating package descriptor '/home/kvothe/ros/install/robot_description/share/robot_description/package.dsv'
[0.642s] INFO:colcon.colcon_core.shell:Creating package script '/home/kvothe/ros/install/robot_description/share/robot_description/package.sh'
[0.643s] INFO:colcon.colcon_core.shell:Creating package script '/home/kvothe/ros/install/robot_description/share/robot_description/package.bash'
[0.644s] INFO:colcon.colcon_core.shell:Creating package script '/home/kvothe/ros/install/robot_description/share/robot_description/package.zsh'
[0.646s] Level 1:colcon.colcon_core.environment:create_file_with_runtime_dependencies(/home/kvothe/ros/install/robot_description/share/colcon-core/packages/robot_description)
[0.646s] Level 1:colcon.colcon_core.environment:create_environment_scripts_only(robot_description)
[0.647s] Level 1:colcon.colcon_core.environment:checking '/home/kvothe/ros/install/robot_description' for CMake module files
[0.648s] Level 1:colcon.colcon_core.environment:checking '/home/kvothe/ros/install/robot_description' for CMake config files
[0.648s] Level 1:colcon.colcon_core.shell:create_environment_hook('robot_description', 'cmake_prefix_path')
[0.648s] INFO:colcon.colcon_core.shell:Creating environment hook '/home/kvothe/ros/install/robot_description/share/robot_description/hook/cmake_prefix_path.ps1'
[0.649s] INFO:colcon.colcon_core.shell:Creating environment descriptor '/home/kvothe/ros/install/robot_description/share/robot_description/hook/cmake_prefix_path.dsv'
[0.650s] INFO:colcon.colcon_core.shell:Creating environment hook '/home/kvothe/ros/install/robot_description/share/robot_description/hook/cmake_prefix_path.sh'
[0.651s] Level 1:colcon.colcon_core.environment:checking '/home/kvothe/ros/install/robot_description/bin'
[0.651s] Level 1:colcon.colcon_core.environment:checking '/home/kvothe/ros/install/robot_description/lib/pkgconfig/robot_description.pc'
[0.651s] Level 1:colcon.colcon_core.environment:checking '/home/kvothe/ros/install/robot_description/lib/python3.10/site-packages'
[0.652s] Level 1:colcon.colcon_core.environment:checking '/home/kvothe/ros/install/robot_description/bin'
[0.652s] INFO:colcon.colcon_core.shell:Creating package script '/home/kvothe/ros/install/robot_description/share/robot_description/package.ps1'
[0.653s] INFO:colcon.colcon_core.shell:Creating package descriptor '/home/kvothe/ros/install/robot_description/share/robot_description/package.dsv'
[0.654s] INFO:colcon.colcon_core.shell:Creating package script '/home/kvothe/ros/install/robot_description/share/robot_description/package.sh'
[0.655s] INFO:colcon.colcon_core.shell:Creating package script '/home/kvothe/ros/install/robot_description/share/robot_description/package.bash'
[0.656s] INFO:colcon.colcon_core.shell:Creating package script '/home/kvothe/ros/install/robot_description/share/robot_description/package.zsh'
[0.657s] Level 1:colcon.colcon_core.environment:create_file_with_runtime_dependencies(/home/kvothe/ros/install/robot_description/share/colcon-core/packages/robot_description)
[0.658s] INFO:colcon.colcon_ros.task.ament_cmake.build:Building ROS package in '/home/kvothe/ros/src/ros_gazebo' with build type 'ament_cmake'
[0.658s] INFO:colcon.colcon_cmake.task.cmake.build:Building CMake package in '/home/kvothe/ros/src/ros_gazebo'
[0.658s] INFO:colcon.colcon_core.shell:Skip shell extension 'powershell' for command environment: Not usable outside of PowerShell
[0.658s] DEBUG:colcon.colcon_core.shell:Skip shell extension 'dsv' for command environment
[0.674s] DEBUG:colcon.colcon_core.event_handler.log_command:Invoking command in '/home/kvothe/ros/build/ros_gazebo': CMAKE_PREFIX_PATH=/home/kvothe/ros/install/robot_description:/home/kvothe/ros/install/ros_bringup:/home/kvothe/ros/install/ros_gazebo:/home/kvothe/ros/install/cppp:/home/kvothe/ros/install/messages:/home/kvothe/ros/install/soma:/home/kvothe/ros/install/sensor_management:/home/kvothe/ros/install/robot_control:/opt/ros/humble IGN_GAZEBO_RESOURCE_PATH=/home/kvothe/ros/install/robot_description/share/robot_description/models:${IGN_GAZEBO_RESOURCE_PATH} /usr/bin/cmake --build /home/kvothe/ros/build/ros_gazebo -- -j12 -l12
[0.788s] DEBUG:colcon.colcon_core.event_handler.log_command:Invoked command in '/home/kvothe/ros/build/ros_gazebo' returned '0': CMAKE_PREFIX_PATH=/home/kvothe/ros/install/robot_description:/home/kvothe/ros/install/ros_bringup:/home/kvothe/ros/install/ros_gazebo:/home/kvothe/ros/install/cppp:/home/kvothe/ros/install/messages:/home/kvothe/ros/install/soma:/home/kvothe/ros/install/sensor_management:/home/kvothe/ros/install/robot_control:/opt/ros/humble IGN_GAZEBO_RESOURCE_PATH=/home/kvothe/ros/install/robot_description/share/robot_description/models:${IGN_GAZEBO_RESOURCE_PATH} /usr/bin/cmake --build /home/kvothe/ros/build/ros_gazebo -- -j12 -l12
[0.790s] DEBUG:colcon.colcon_core.event_handler.log_command:Invoking command in '/home/kvothe/ros/build/ros_gazebo': CMAKE_PREFIX_PATH=/home/kvothe/ros/install/robot_description:/home/kvothe/ros/install/ros_bringup:/home/kvothe/ros/install/ros_gazebo:/home/kvothe/ros/install/cppp:/home/kvothe/ros/install/messages:/home/kvothe/ros/install/soma:/home/kvothe/ros/install/sensor_management:/home/kvothe/ros/install/robot_control:/opt/ros/humble IGN_GAZEBO_RESOURCE_PATH=/home/kvothe/ros/install/robot_description/share/robot_description/models:${IGN_GAZEBO_RESOURCE_PATH} /usr/bin/cmake --install /home/kvothe/ros/build/ros_gazebo
[0.813s] Level 1:colcon.colcon_core.environment:create_environment_scripts_only(ros_gazebo)
[0.814s] Level 1:colcon.colcon_core.environment:checking '/home/kvothe/ros/install/ros_gazebo' for CMake module files
[0.814s] DEBUG:colcon.colcon_core.event_handler.log_command:Invoked command in '/home/kvothe/ros/build/ros_gazebo' returned '0': CMAKE_PREFIX_PATH=/home/kvothe/ros/install/robot_description:/home/kvothe/ros/install/ros_bringup:/home/kvothe/ros/install/ros_gazebo:/home/kvothe/ros/install/cppp:/home/kvothe/ros/install/messages:/home/kvothe/ros/install/soma:/home/kvothe/ros/install/sensor_management:/home/kvothe/ros/install/robot_control:/opt/ros/humble IGN_GAZEBO_RESOURCE_PATH=/home/kvothe/ros/install/robot_description/share/robot_description/models:${IGN_GAZEBO_RESOURCE_PATH} /usr/bin/cmake --install /home/kvothe/ros/build/ros_gazebo
[0.815s] Level 1:colcon.colcon_core.environment:checking '/home/kvothe/ros/install/ros_gazebo' for CMake config files
[0.815s] Level 1:colcon.colcon_core.shell:create_environment_hook('ros_gazebo', 'cmake_prefix_path')
[0.815s] INFO:colcon.colcon_core.shell:Creating environment hook '/home/kvothe/ros/install/ros_gazebo/share/ros_gazebo/hook/cmake_prefix_path.ps1'
[0.816s] INFO:colcon.colcon_core.shell:Creating environment descriptor '/home/kvothe/ros/install/ros_gazebo/share/ros_gazebo/hook/cmake_prefix_path.dsv'
[0.816s] INFO:colcon.colcon_core.shell:Creating environment hook '/home/kvothe/ros/install/ros_gazebo/share/ros_gazebo/hook/cmake_prefix_path.sh'
[0.816s] Level 1:colcon.colcon_core.environment:checking '/home/kvothe/ros/install/ros_gazebo/lib'
[0.817s] Level 1:colcon.colcon_core.environment:checking '/home/kvothe/ros/install/ros_gazebo/bin'
[0.817s] Level 1:colcon.colcon_core.environment:checking '/home/kvothe/ros/install/ros_gazebo/lib/pkgconfig/ros_gazebo.pc'
[0.817s] Level 1:colcon.colcon_core.environment:checking '/home/kvothe/ros/install/ros_gazebo/lib/python3.10/site-packages'
[0.817s] Level 1:colcon.colcon_core.environment:checking '/home/kvothe/ros/install/ros_gazebo/bin'
[0.817s] INFO:colcon.colcon_core.shell:Creating package script '/home/kvothe/ros/install/ros_gazebo/share/ros_gazebo/package.ps1'
[0.818s] INFO:colcon.colcon_core.shell:Creating package descriptor '/home/kvothe/ros/install/ros_gazebo/share/ros_gazebo/package.dsv'
[0.818s] INFO:colcon.colcon_core.shell:Creating package script '/home/kvothe/ros/install/ros_gazebo/share/ros_gazebo/package.sh'
[0.819s] INFO:colcon.colcon_core.shell:Creating package script '/home/kvothe/ros/install/ros_gazebo/share/ros_gazebo/package.bash'
[0.819s] INFO:colcon.colcon_core.shell:Creating package script '/home/kvothe/ros/install/ros_gazebo/share/ros_gazebo/package.zsh'
[0.819s] Level 1:colcon.colcon_core.environment:create_file_with_runtime_dependencies(/home/kvothe/ros/install/ros_gazebo/share/colcon-core/packages/ros_gazebo)
[0.820s] Level 1:colcon.colcon_core.environment:create_environment_scripts_only(ros_gazebo)
[0.820s] Level 1:colcon.colcon_core.environment:checking '/home/kvothe/ros/install/ros_gazebo' for CMake module files
[0.820s] Level 1:colcon.colcon_core.environment:checking '/home/kvothe/ros/install/ros_gazebo' for CMake config files
[0.821s] Level 1:colcon.colcon_core.shell:create_environment_hook('ros_gazebo', 'cmake_prefix_path')
[0.821s] INFO:colcon.colcon_core.shell:Creating environment hook '/home/kvothe/ros/install/ros_gazebo/share/ros_gazebo/hook/cmake_prefix_path.ps1'
[0.821s] INFO:colcon.colcon_core.shell:Creating environment descriptor '/home/kvothe/ros/install/ros_gazebo/share/ros_gazebo/hook/cmake_prefix_path.dsv'
[0.821s] INFO:colcon.colcon_core.shell:Creating environment hook '/home/kvothe/ros/install/ros_gazebo/share/ros_gazebo/hook/cmake_prefix_path.sh'
[0.822s] Level 1:colcon.colcon_core.environment:checking '/home/kvothe/ros/install/ros_gazebo/lib'
[0.822s] Level 1:colcon.colcon_core.environment:checking '/home/kvothe/ros/install/ros_gazebo/bin'
[0.822s] Level 1:colcon.colcon_core.environment:checking '/home/kvothe/ros/install/ros_gazebo/lib/pkgconfig/ros_gazebo.pc'
[0.822s] Level 1:colcon.colcon_core.environment:checking '/home/kvothe/ros/install/ros_gazebo/lib/python3.10/site-packages'
[0.822s] Level 1:colcon.colcon_core.environment:checking '/home/kvothe/ros/install/ros_gazebo/bin'
[0.823s] INFO:colcon.colcon_core.shell:Creating package script '/home/kvothe/ros/install/ros_gazebo/share/ros_gazebo/package.ps1'
[0.823s] INFO:colcon.colcon_core.shell:Creating package descriptor '/home/kvothe/ros/install/ros_gazebo/share/ros_gazebo/package.dsv'
[0.824s] INFO:colcon.colcon_core.shell:Creating package script '/home/kvothe/ros/install/ros_gazebo/share/ros_gazebo/package.sh'
[0.824s] INFO:colcon.colcon_core.shell:Creating package script '/home/kvothe/ros/install/ros_gazebo/share/ros_gazebo/package.bash'
[0.824s] INFO:colcon.colcon_core.shell:Creating package script '/home/kvothe/ros/install/ros_gazebo/share/ros_gazebo/package.zsh'
[0.825s] Level 1:colcon.colcon_core.environment:create_file_with_runtime_dependencies(/home/kvothe/ros/install/ros_gazebo/share/colcon-core/packages/ros_gazebo)
[0.905s] DEBUG:colcon.colcon_core.event_handler.log_command:Invoking command in '/home/kvothe/ros/src/robot_control': PYTHONPATH=/home/kvothe/ros/build/robot_control/prefix_override:/usr/lib/python3/dist-packages/colcon_core/task/python/colcon_distutils_commands:/home/kvothe/ros/install/robot_control/lib/python3.10/site-packages:${PYTHONPATH} /usr/bin/python3 -W ignore:setup.py install is deprecated -W ignore:easy_install command is deprecated setup.py egg_info --egg-base ../../build/robot_control build --build-base /home/kvothe/ros/build/robot_control/build install --record /home/kvothe/ros/build/robot_control/install.log --single-version-externally-managed install_data
[1.051s] DEBUG:colcon.colcon_core.event_handler.log_command:Invoked command in '/home/kvothe/ros/build/messages' returned '0': CMAKE_PREFIX_PATH=${CMAKE_PREFIX_PATH}:/home/kvothe/ros/install/soma:/home/kvothe/ros/install/sensor_management:/home/kvothe/ros/install/robot_control:/opt/ros/humble /usr/bin/cmake --build /home/kvothe/ros/build/messages -- -j12 -l12
[1.052s] DEBUG:colcon.colcon_core.event_handler.log_command:Invoking command in '/home/kvothe/ros/build/messages': CMAKE_PREFIX_PATH=${CMAKE_PREFIX_PATH}:/home/kvothe/ros/install/soma:/home/kvothe/ros/install/sensor_management:/home/kvothe/ros/install/robot_control:/opt/ros/humble /usr/bin/cmake --install /home/kvothe/ros/build/messages
[1.140s] Level 1:colcon.colcon_core.environment:create_environment_scripts_only(messages)
[1.141s] Level 1:colcon.colcon_core.environment:checking '/home/kvothe/ros/install/messages' for CMake module files
[1.142s] DEBUG:colcon.colcon_core.event_handler.log_command:Invoked command in '/home/kvothe/ros/build/messages' returned '0': CMAKE_PREFIX_PATH=${CMAKE_PREFIX_PATH}:/home/kvothe/ros/install/soma:/home/kvothe/ros/install/sensor_management:/home/kvothe/ros/install/robot_control:/opt/ros/humble /usr/bin/cmake --install /home/kvothe/ros/build/messages
[1.143s] Level 1:colcon.colcon_core.environment:checking '/home/kvothe/ros/install/messages' for CMake config files
[1.145s] Level 1:colcon.colcon_core.shell:create_environment_hook('messages', 'cmake_prefix_path')
[1.145s] INFO:colcon.colcon_core.shell:Creating environment hook '/home/kvothe/ros/install/messages/share/messages/hook/cmake_prefix_path.ps1'
[1.146s] INFO:colcon.colcon_core.shell:Creating environment descriptor '/home/kvothe/ros/install/messages/share/messages/hook/cmake_prefix_path.dsv'
[1.147s] INFO:colcon.colcon_core.shell:Creating environment hook '/home/kvothe/ros/install/messages/share/messages/hook/cmake_prefix_path.sh'
[1.148s] Level 1:colcon.colcon_core.environment:checking '/home/kvothe/ros/install/messages/lib'
[1.148s] Level 1:colcon.colcon_core.shell:create_environment_hook('messages', 'ld_library_path_lib')
[1.149s] INFO:colcon.colcon_core.shell:Creating environment hook '/home/kvothe/ros/install/messages/share/messages/hook/ld_library_path_lib.ps1'
[1.150s] INFO:colcon.colcon_core.shell:Creating environment descriptor '/home/kvothe/ros/install/messages/share/messages/hook/ld_library_path_lib.dsv'
[1.150s] INFO:colcon.colcon_core.shell:Creating environment hook '/home/kvothe/ros/install/messages/share/messages/hook/ld_library_path_lib.sh'
[1.151s] Level 1:colcon.colcon_core.environment:checking '/home/kvothe/ros/install/messages/bin'
[1.151s] Level 1:colcon.colcon_core.environment:checking '/home/kvothe/ros/install/messages/lib/pkgconfig/messages.pc'
[1.151s] Level 1:colcon.colcon_core.environment:checking '/home/kvothe/ros/install/messages/lib/python3.10/site-packages'
[1.152s] Level 1:colcon.colcon_core.environment:checking '/home/kvothe/ros/install/messages/bin'
[1.152s] INFO:colcon.colcon_core.shell:Creating package script '/home/kvothe/ros/install/messages/share/messages/package.ps1'
[1.153s] INFO:colcon.colcon_core.shell:Creating package descriptor '/home/kvothe/ros/install/messages/share/messages/package.dsv'
[1.155s] INFO:colcon.colcon_core.shell:Creating package script '/home/kvothe/ros/install/messages/share/messages/package.sh'
[1.156s] INFO:colcon.colcon_core.shell:Creating package script '/home/kvothe/ros/install/messages/share/messages/package.bash'
[1.157s] INFO:colcon.colcon_core.shell:Creating package script '/home/kvothe/ros/install/messages/share/messages/package.zsh'
[1.158s] Level 1:colcon.colcon_core.environment:create_file_with_runtime_dependencies(/home/kvothe/ros/install/messages/share/colcon-core/packages/messages)
[1.159s] Level 1:colcon.colcon_core.environment:create_environment_scripts_only(messages)
[1.160s] Level 1:colcon.colcon_core.environment:checking '/home/kvothe/ros/install/messages' for CMake module files
[1.161s] Level 1:colcon.colcon_core.environment:checking '/home/kvothe/ros/install/messages' for CMake config files
[1.163s] Level 1:colcon.colcon_core.shell:create_environment_hook('messages', 'cmake_prefix_path')
[1.164s] INFO:colcon.colcon_core.shell:Creating environment hook '/home/kvothe/ros/install/messages/share/messages/hook/cmake_prefix_path.ps1'
[1.165s] INFO:colcon.colcon_core.shell:Creating environment descriptor '/home/kvothe/ros/install/messages/share/messages/hook/cmake_prefix_path.dsv'
[1.166s] INFO:colcon.colcon_core.shell:Creating environment hook '/home/kvothe/ros/install/messages/share/messages/hook/cmake_prefix_path.sh'
[1.167s] Level 1:colcon.colcon_core.environment:checking '/home/kvothe/ros/install/messages/lib'
[1.167s] Level 1:colcon.colcon_core.shell:create_environment_hook('messages', 'ld_library_path_lib')
[1.167s] INFO:colcon.colcon_core.shell:Creating environment hook '/home/kvothe/ros/install/messages/share/messages/hook/ld_library_path_lib.ps1'
[1.168s] INFO:colcon.colcon_core.shell:Creating environment descriptor '/home/kvothe/ros/install/messages/share/messages/hook/ld_library_path_lib.dsv'
[1.169s] INFO:colcon.colcon_core.shell:Creating environment hook '/home/kvothe/ros/install/messages/share/messages/hook/ld_library_path_lib.sh'
[1.170s] Level 1:colcon.colcon_core.environment:checking '/home/kvothe/ros/install/messages/bin'
[1.170s] Level 1:colcon.colcon_core.environment:checking '/home/kvothe/ros/install/messages/lib/pkgconfig/messages.pc'
[1.170s] Level 1:colcon.colcon_core.environment:checking '/home/kvothe/ros/install/messages/lib/python3.10/site-packages'
[1.170s] Level 1:colcon.colcon_core.environment:checking '/home/kvothe/ros/install/messages/bin'
[1.171s] INFO:colcon.colcon_core.shell:Creating package script '/home/kvothe/ros/install/messages/share/messages/package.ps1'
[1.172s] INFO:colcon.colcon_core.shell:Creating package descriptor '/home/kvothe/ros/install/messages/share/messages/package.dsv'
[1.173s] INFO:colcon.colcon_core.shell:Creating package script '/home/kvothe/ros/install/messages/share/messages/package.sh'
[1.174s] INFO:colcon.colcon_core.shell:Creating package script '/home/kvothe/ros/install/messages/share/messages/package.bash'
[1.175s] INFO:colcon.colcon_core.shell:Creating package script '/home/kvothe/ros/install/messages/share/messages/package.zsh'
[1.176s] Level 1:colcon.colcon_core.environment:create_file_with_runtime_dependencies(/home/kvothe/ros/install/messages/share/colcon-core/packages/messages)
[1.176s] INFO:colcon.colcon_ros.task.ament_cmake.build:Building ROS package in '/home/kvothe/ros/src/cppp' with build type 'ament_cmake'
[1.176s] INFO:colcon.colcon_cmake.task.cmake.build:Building CMake package in '/home/kvothe/ros/src/cppp'
[1.177s] INFO:colcon.colcon_core.shell:Skip shell extension 'powershell' for command environment: Not usable outside of PowerShell
[1.177s] DEBUG:colcon.colcon_core.shell:Skip shell extension 'dsv' for command environment
[1.185s] INFO:colcon.colcon_ros.task.ament_python.build:Building ROS package in '/home/kvothe/ros/src/sensor_management' with build type 'ament_python'
[1.185s] Level 1:colcon.colcon_core.shell:create_environment_hook('sensor_management', 'ament_prefix_path')
[1.186s] INFO:colcon.colcon_core.shell:Creating environment hook '/home/kvothe/ros/install/sensor_management/share/sensor_management/hook/ament_prefix_path.ps1'
[1.187s] INFO:colcon.colcon_core.shell:Creating environment descriptor '/home/kvothe/ros/install/sensor_management/share/sensor_management/hook/ament_prefix_path.dsv'
[1.188s] INFO:colcon.colcon_core.shell:Creating environment hook '/home/kvothe/ros/install/sensor_management/share/sensor_management/hook/ament_prefix_path.sh'
[1.189s] INFO:colcon.colcon_core.shell:Skip shell extension 'powershell' for command environment: Not usable outside of PowerShell
[1.189s] DEBUG:colcon.colcon_core.shell:Skip shell extension 'dsv' for command environment
[1.197s] INFO:colcon.colcon_ros.task.ament_python.build:Building ROS package in '/home/kvothe/ros/src/soma' with build type 'ament_python'
[1.197s] Level 1:colcon.colcon_core.shell:create_environment_hook('soma', 'ament_prefix_path')
[1.197s] INFO:colcon.colcon_core.shell:Creating environment hook '/home/kvothe/ros/install/soma/share/soma/hook/ament_prefix_path.ps1'
[1.198s] INFO:colcon.colcon_core.shell:Creating environment descriptor '/home/kvothe/ros/install/soma/share/soma/hook/ament_prefix_path.dsv'
[1.198s] INFO:colcon.colcon_core.shell:Creating environment hook '/home/kvothe/ros/install/soma/share/soma/hook/ament_prefix_path.sh'
[1.199s] INFO:colcon.colcon_core.shell:Skip shell extension 'powershell' for command environment: Not usable outside of PowerShell
[1.199s] DEBUG:colcon.colcon_core.shell:Skip shell extension 'dsv' for command environment
[1.208s] DEBUG:colcon.colcon_core.event_handler.log_command:Invoking command in '/home/kvothe/ros/build/cppp': CMAKE_PREFIX_PATH=/home/kvothe/ros/install/messages:/home/kvothe/ros/install/ros_bringup:/home/kvothe/ros/install/ros_gazebo:/home/kvothe/ros/install/robot_description:/home/kvothe/ros/install/cppp:/home/kvothe/ros/install/soma:/home/kvothe/ros/install/sensor_management:/home/kvothe/ros/install/robot_control:/opt/ros/humble /usr/bin/cmake --build /home/kvothe/ros/build/cppp -- -j12 -l12
[1.442s] INFO:colcon.colcon_core.task.python.build:Building Python package in '/home/kvothe/ros/src/sensor_management'
[1.442s] INFO:colcon.colcon_core.shell:Skip shell extension 'powershell' for command environment: Not usable outside of PowerShell
[1.442s] DEBUG:colcon.colcon_core.shell:Skip shell extension 'dsv' for command environment
[1.446s] Level 1:colcon.colcon_core.environment:checking '/home/kvothe/ros/install/robot_control' for CMake module files
[1.448s] DEBUG:colcon.colcon_core.event_handler.log_command:Invoked command in '/home/kvothe/ros/src/robot_control' returned '0': PYTHONPATH=/home/kvothe/ros/build/robot_control/prefix_override:/usr/lib/python3/dist-packages/colcon_core/task/python/colcon_distutils_commands:/home/kvothe/ros/install/robot_control/lib/python3.10/site-packages:${PYTHONPATH} /usr/bin/python3 -W ignore:setup.py install is deprecated -W ignore:easy_install command is deprecated setup.py egg_info --egg-base ../../build/robot_control build --build-base /home/kvothe/ros/build/robot_control/build install --record /home/kvothe/ros/build/robot_control/install.log --single-version-externally-managed install_data
[1.448s] Level 1:colcon.colcon_core.environment:checking '/home/kvothe/ros/install/robot_control' for CMake config files
[1.448s] Level 1:colcon.colcon_core.environment:checking '/home/kvothe/ros/install/robot_control/lib'
[1.448s] Level 1:colcon.colcon_core.environment:checking '/home/kvothe/ros/install/robot_control/bin'
[1.448s] Level 1:colcon.colcon_core.environment:checking '/home/kvothe/ros/install/robot_control/lib/pkgconfig/robot_control.pc'
[1.449s] Level 1:colcon.colcon_core.environment:checking '/home/kvothe/ros/install/robot_control/lib/python3.10/site-packages'
[1.449s] Level 1:colcon.colcon_core.shell:create_environment_hook('robot_control', 'pythonpath')
[1.449s] INFO:colcon.colcon_core.shell:Creating environment hook '/home/kvothe/ros/install/robot_control/share/robot_control/hook/pythonpath.ps1'
[1.449s] INFO:colcon.colcon_core.shell:Creating environment descriptor '/home/kvothe/ros/install/robot_control/share/robot_control/hook/pythonpath.dsv'
[1.449s] INFO:colcon.colcon_core.shell:Creating environment hook '/home/kvothe/ros/install/robot_control/share/robot_control/hook/pythonpath.sh'
[1.450s] Level 1:colcon.colcon_core.environment:checking '/home/kvothe/ros/install/robot_control/bin'
[1.450s] Level 1:colcon.colcon_core.environment:create_environment_scripts_only(robot_control)
[1.450s] INFO:colcon.colcon_core.shell:Creating package script '/home/kvothe/ros/install/robot_control/share/robot_control/package.ps1'
[1.451s] INFO:colcon.colcon_core.shell:Creating package descriptor '/home/kvothe/ros/install/robot_control/share/robot_control/package.dsv'
[1.451s] INFO:colcon.colcon_core.shell:Creating package script '/home/kvothe/ros/install/robot_control/share/robot_control/package.sh'
[1.451s] INFO:colcon.colcon_core.shell:Creating package script '/home/kvothe/ros/install/robot_control/share/robot_control/package.bash'
[1.452s] INFO:colcon.colcon_core.shell:Creating package script '/home/kvothe/ros/install/robot_control/share/robot_control/package.zsh'
[1.452s] Level 1:colcon.colcon_core.environment:create_file_with_runtime_dependencies(/home/kvothe/ros/install/robot_control/share/colcon-core/packages/robot_control)
[1.670s] INFO:colcon.colcon_core.task.python.build:Building Python package in '/home/kvothe/ros/src/soma'
[1.670s] INFO:colcon.colcon_core.shell:Skip shell extension 'powershell' for command environment: Not usable outside of PowerShell
[1.670s] DEBUG:colcon.colcon_core.shell:Skip shell extension 'dsv' for command environment
[1.682s] DEBUG:colcon.colcon_core.event_handler.log_command:Invoked command in '/home/kvothe/ros/build/cppp' returned '0': CMAKE_PREFIX_PATH=/home/kvothe/ros/install/messages:/home/kvothe/ros/install/ros_bringup:/home/kvothe/ros/install/ros_gazebo:/home/kvothe/ros/install/robot_description:/home/kvothe/ros/install/cppp:/home/kvothe/ros/install/soma:/home/kvothe/ros/install/sensor_management:/home/kvothe/ros/install/robot_control:/opt/ros/humble /usr/bin/cmake --build /home/kvothe/ros/build/cppp -- -j12 -l12
[1.687s] DEBUG:colcon.colcon_core.event_handler.log_command:Invoking command in '/home/kvothe/ros/build/cppp': CMAKE_PREFIX_PATH=/home/kvothe/ros/install/messages:/home/kvothe/ros/install/ros_bringup:/home/kvothe/ros/install/ros_gazebo:/home/kvothe/ros/install/robot_description:/home/kvothe/ros/install/cppp:/home/kvothe/ros/install/soma:/home/kvothe/ros/install/sensor_management:/home/kvothe/ros/install/robot_control:/opt/ros/humble /usr/bin/cmake --install /home/kvothe/ros/build/cppp
[1.699s] Level 1:colcon.colcon_core.environment:create_environment_scripts_only(cppp)
[1.700s] Level 1:colcon.colcon_core.environment:checking '/home/kvothe/ros/install/cppp' for CMake module files
[1.701s] DEBUG:colcon.colcon_core.event_handler.log_command:Invoked command in '/home/kvothe/ros/build/cppp' returned '0': CMAKE_PREFIX_PATH=/home/kvothe/ros/install/messages:/home/kvothe/ros/install/ros_bringup:/home/kvothe/ros/install/ros_gazebo:/home/kvothe/ros/install/robot_description:/home/kvothe/ros/install/cppp:/home/kvothe/ros/install/soma:/home/kvothe/ros/install/sensor_management:/home/kvothe/ros/install/robot_control:/opt/ros/humble /usr/bin/cmake --install /home/kvothe/ros/build/cppp
[1.702s] Level 1:colcon.colcon_core.environment:checking '/home/kvothe/ros/install/cppp' for CMake config files
[1.702s] Level 1:colcon.colcon_core.shell:create_environment_hook('cppp', 'cmake_prefix_path')
[1.703s] INFO:colcon.colcon_core.shell:Creating environment hook '/home/kvothe/ros/install/cppp/share/cppp/hook/cmake_prefix_path.ps1'
[1.704s] INFO:colcon.colcon_core.shell:Creating environment descriptor '/home/kvothe/ros/install/cppp/share/cppp/hook/cmake_prefix_path.dsv'
[1.704s] INFO:colcon.colcon_core.shell:Creating environment hook '/home/kvothe/ros/install/cppp/share/cppp/hook/cmake_prefix_path.sh'
[1.705s] Level 1:colcon.colcon_core.environment:checking '/home/kvothe/ros/install/cppp/lib'
[1.705s] Level 1:colcon.colcon_core.environment:checking '/home/kvothe/ros/install/cppp/bin'
[1.705s] Level 1:colcon.colcon_core.environment:checking '/home/kvothe/ros/install/cppp/lib/pkgconfig/cppp.pc'
[1.706s] Level 1:colcon.colcon_core.environment:checking '/home/kvothe/ros/install/cppp/lib/python3.10/site-packages'
[1.706s] Level 1:colcon.colcon_core.environment:checking '/home/kvothe/ros/install/cppp/bin'
[1.706s] INFO:colcon.colcon_core.shell:Creating package script '/home/kvothe/ros/install/cppp/share/cppp/package.ps1'
[1.707s] INFO:colcon.colcon_core.shell:Creating package descriptor '/home/kvothe/ros/install/cppp/share/cppp/package.dsv'
[1.708s] INFO:colcon.colcon_core.shell:Creating package script '/home/kvothe/ros/install/cppp/share/cppp/package.sh'
[1.709s] INFO:colcon.colcon_core.shell:Creating package script '/home/kvothe/ros/install/cppp/share/cppp/package.bash'
[1.709s] INFO:colcon.colcon_core.shell:Creating package script '/home/kvothe/ros/install/cppp/share/cppp/package.zsh'
[1.710s] Level 1:colcon.colcon_core.environment:create_file_with_runtime_dependencies(/home/kvothe/ros/install/cppp/share/colcon-core/packages/cppp)
[1.711s] Level 1:colcon.colcon_core.environment:create_environment_scripts_only(cppp)
[1.711s] Level 1:colcon.colcon_core.environment:checking '/home/kvothe/ros/install/cppp' for CMake module files
[1.712s] Level 1:colcon.colcon_core.environment:checking '/home/kvothe/ros/install/cppp' for CMake config files
[1.713s] Level 1:colcon.colcon_core.shell:create_environment_hook('cppp', 'cmake_prefix_path')
[1.713s] INFO:colcon.colcon_core.shell:Creating environment hook '/home/kvothe/ros/install/cppp/share/cppp/hook/cmake_prefix_path.ps1'
[1.713s] INFO:colcon.colcon_core.shell:Creating environment descriptor '/home/kvothe/ros/install/cppp/share/cppp/hook/cmake_prefix_path.dsv'
[1.713s] INFO:colcon.colcon_core.shell:Creating environment hook '/home/kvothe/ros/install/cppp/share/cppp/hook/cmake_prefix_path.sh'
[1.714s] Level 1:colcon.colcon_core.environment:checking '/home/kvothe/ros/install/cppp/lib'
[1.714s] Level 1:colcon.colcon_core.environment:checking '/home/kvothe/ros/install/cppp/bin'
[1.714s] Level 1:colcon.colcon_core.environment:checking '/home/kvothe/ros/install/cppp/lib/pkgconfig/cppp.pc'
[1.714s] Level 1:colcon.colcon_core.environment:checking '/home/kvothe/ros/install/cppp/lib/python3.10/site-packages'
[1.714s] Level 1:colcon.colcon_core.environment:checking '/home/kvothe/ros/install/cppp/bin'
[1.715s] INFO:colcon.colcon_core.shell:Creating package script '/home/kvothe/ros/install/cppp/share/cppp/package.ps1'
[1.715s] INFO:colcon.colcon_core.shell:Creating package descriptor '/home/kvothe/ros/install/cppp/share/cppp/package.dsv'
[1.715s] INFO:colcon.colcon_core.shell:Creating package script '/home/kvothe/ros/install/cppp/share/cppp/package.sh'
[1.716s] INFO:colcon.colcon_core.shell:Creating package script '/home/kvothe/ros/install/cppp/share/cppp/package.bash'
[1.716s] INFO:colcon.colcon_core.shell:Creating package script '/home/kvothe/ros/install/cppp/share/cppp/package.zsh'
[1.717s] Level 1:colcon.colcon_core.environment:create_file_with_runtime_dependencies(/home/kvothe/ros/install/cppp/share/colcon-core/packages/cppp)
[1.976s] DEBUG:colcon.colcon_core.event_handler.log_command:Invoking command in '/home/kvothe/ros/src/sensor_management': CMAKE_PREFIX_PATH=/home/kvothe/ros/install/messages:/home/kvothe/ros/install/ros_bringup:/home/kvothe/ros/install/ros_gazebo:/home/kvothe/ros/install/robot_description:/home/kvothe/ros/install/cppp PYTHONPATH=/home/kvothe/ros/build/sensor_management/prefix_override:/usr/lib/python3/dist-packages/colcon_core/task/python/colcon_distutils_commands:/home/kvothe/ros/install/sensor_management/lib/python3.10/site-packages:${PYTHONPATH} /usr/bin/python3 -W ignore:setup.py install is deprecated -W ignore:easy_install command is deprecated setup.py egg_info --egg-base ../../build/sensor_management build --build-base /home/kvothe/ros/build/sensor_management/build install --record /home/kvothe/ros/build/sensor_management/install.log --single-version-externally-managed install_data
[1.990s] DEBUG:colcon.colcon_core.event_handler.log_command:Invoking command in '/home/kvothe/ros/src/soma': CMAKE_PREFIX_PATH=/home/kvothe/ros/install/messages:/home/kvothe/ros/install/ros_bringup:/home/kvothe/ros/install/ros_gazebo:/home/kvothe/ros/install/robot_description:/home/kvothe/ros/install/cppp PYTHONPATH=/home/kvothe/ros/build/soma/prefix_override:/usr/lib/python3/dist-packages/colcon_core/task/python/colcon_distutils_commands:/home/kvothe/ros/install/soma/lib/python3.10/site-packages:${PYTHONPATH} /usr/bin/python3 -W ignore:setup.py install is deprecated -W ignore:easy_install command is deprecated setup.py egg_info --egg-base ../../build/soma build --build-base /home/kvothe/ros/build/soma/build install --record /home/kvothe/ros/build/soma/install.log --single-version-externally-managed install_data
[2.225s] Level 1:colcon.colcon_core.environment:checking '/home/kvothe/ros/install/sensor_management' for CMake module files
[2.226s] DEBUG:colcon.colcon_core.event_handler.log_command:Invoked command in '/home/kvothe/ros/src/sensor_management' returned '0': CMAKE_PREFIX_PATH=/home/kvothe/ros/install/messages:/home/kvothe/ros/install/ros_bringup:/home/kvothe/ros/install/ros_gazebo:/home/kvothe/ros/install/robot_description:/home/kvothe/ros/install/cppp PYTHONPATH=/home/kvothe/ros/build/sensor_management/prefix_override:/usr/lib/python3/dist-packages/colcon_core/task/python/colcon_distutils_commands:/home/kvothe/ros/install/sensor_management/lib/python3.10/site-packages:${PYTHONPATH} /usr/bin/python3 -W ignore:setup.py install is deprecated -W ignore:easy_install command is deprecated setup.py egg_info --egg-base ../../build/sensor_management build --build-base /home/kvothe/ros/build/sensor_management/build install --record /home/kvothe/ros/build/sensor_management/install.log --single-version-externally-managed install_data
[2.227s] Level 1:colcon.colcon_core.environment:checking '/home/kvothe/ros/install/sensor_management' for CMake config files
[2.228s] Level 1:colcon.colcon_core.environment:checking '/home/kvothe/ros/install/sensor_management/lib'
[2.228s] Level 1:colcon.colcon_core.environment:checking '/home/kvothe/ros/install/sensor_management/bin'
[2.228s] Level 1:colcon.colcon_core.environment:checking '/home/kvothe/ros/install/sensor_management/lib/pkgconfig/sensor_management.pc'
[2.228s] Level 1:colcon.colcon_core.environment:checking '/home/kvothe/ros/install/sensor_management/lib/python3.10/site-packages'
[2.229s] Level 1:colcon.colcon_core.shell:create_environment_hook('sensor_management', 'pythonpath')
[2.229s] INFO:colcon.colcon_core.shell:Creating environment hook '/home/kvothe/ros/install/sensor_management/share/sensor_management/hook/pythonpath.ps1'
[2.230s] INFO:colcon.colcon_core.shell:Creating environment descriptor '/home/kvothe/ros/install/sensor_management/share/sensor_management/hook/pythonpath.dsv'
[2.231s] INFO:colcon.colcon_core.shell:Creating environment hook '/home/kvothe/ros/install/sensor_management/share/sensor_management/hook/pythonpath.sh'
[2.232s] Level 1:colcon.colcon_core.environment:checking '/home/kvothe/ros/install/sensor_management/bin'
[2.232s] Level 1:colcon.colcon_core.environment:create_environment_scripts_only(sensor_management)
[2.233s] INFO:colcon.colcon_core.shell:Creating package script '/home/kvothe/ros/install/sensor_management/share/sensor_management/package.ps1'
[2.234s] INFO:colcon.colcon_core.shell:Creating package descriptor '/home/kvothe/ros/install/sensor_management/share/sensor_management/package.dsv'
[2.235s] INFO:colcon.colcon_core.shell:Creating package script '/home/kvothe/ros/install/sensor_management/share/sensor_management/package.sh'
[2.236s] INFO:colcon.colcon_core.shell:Creating package script '/home/kvothe/ros/install/sensor_management/share/sensor_management/package.bash'
[2.236s] INFO:colcon.colcon_core.shell:Creating package script '/home/kvothe/ros/install/sensor_management/share/sensor_management/package.zsh'
[2.237s] Level 1:colcon.colcon_core.environment:create_file_with_runtime_dependencies(/home/kvothe/ros/install/sensor_management/share/colcon-core/packages/sensor_management)
[2.251s] Level 1:colcon.colcon_core.environment:checking '/home/kvothe/ros/install/soma' for CMake module files
[2.252s] DEBUG:colcon.colcon_core.event_handler.log_command:Invoked command in '/home/kvothe/ros/src/soma' returned '0': CMAKE_PREFIX_PATH=/home/kvothe/ros/install/messages:/home/kvothe/ros/install/ros_bringup:/home/kvothe/ros/install/ros_gazebo:/home/kvothe/ros/install/robot_description:/home/kvothe/ros/install/cppp PYTHONPATH=/home/kvothe/ros/build/soma/prefix_override:/usr/lib/python3/dist-packages/colcon_core/task/python/colcon_distutils_commands:/home/kvothe/ros/install/soma/lib/python3.10/site-packages:${PYTHONPATH} /usr/bin/python3 -W ignore:setup.py install is deprecated -W ignore:easy_install command is deprecated setup.py egg_info --egg-base ../../build/soma build --build-base /home/kvothe/ros/build/soma/build install --record /home/kvothe/ros/build/soma/install.log --single-version-externally-managed install_data
[2.252s] Level 1:colcon.colcon_core.environment:checking '/home/kvothe/ros/install/soma' for CMake config files
[2.253s] Level 1:colcon.colcon_core.environment:checking '/home/kvothe/ros/install/soma/lib'
[2.253s] Level 1:colcon.colcon_core.environment:checking '/home/kvothe/ros/install/soma/bin'
[2.253s] Level 1:colcon.colcon_core.environment:checking '/home/kvothe/ros/install/soma/lib/pkgconfig/soma.pc'
[2.253s] Level 1:colcon.colcon_core.environment:checking '/home/kvothe/ros/install/soma/lib/python3.10/site-packages'
[2.253s] Level 1:colcon.colcon_core.shell:create_environment_hook('soma', 'pythonpath')
[2.254s] INFO:colcon.colcon_core.shell:Creating environment hook '/home/kvothe/ros/install/soma/share/soma/hook/pythonpath.ps1'
[2.254s] INFO:colcon.colcon_core.shell:Creating environment descriptor '/home/kvothe/ros/install/soma/share/soma/hook/pythonpath.dsv'
[2.254s] INFO:colcon.colcon_core.shell:Creating environment hook '/home/kvothe/ros/install/soma/share/soma/hook/pythonpath.sh'
[2.255s] Level 1:colcon.colcon_core.environment:checking '/home/kvothe/ros/install/soma/bin'
[2.255s] Level 1:colcon.colcon_core.environment:create_environment_scripts_only(soma)
[2.255s] INFO:colcon.colcon_core.shell:Creating package script '/home/kvothe/ros/install/soma/share/soma/package.ps1'
[2.256s] INFO:colcon.colcon_core.shell:Creating package descriptor '/home/kvothe/ros/install/soma/share/soma/package.dsv'
[2.256s] INFO:colcon.colcon_core.shell:Creating package script '/home/kvothe/ros/install/soma/share/soma/package.sh'
[2.257s] INFO:colcon.colcon_core.shell:Creating package script '/home/kvothe/ros/install/soma/share/soma/package.bash'
[2.257s] INFO:colcon.colcon_core.shell:Creating package script '/home/kvothe/ros/install/soma/share/soma/package.zsh'
[2.257s] Level 1:colcon.colcon_core.environment:create_file_with_runtime_dependencies(/home/kvothe/ros/install/soma/share/colcon-core/packages/soma)
[2.258s] INFO:colcon.colcon_ros.task.ament_cmake.build:Building ROS package in '/home/kvothe/ros/src/ros_bringup' with build type 'ament_cmake'
[2.258s] INFO:colcon.colcon_cmake.task.cmake.build:Building CMake package in '/home/kvothe/ros/src/ros_bringup'
[2.258s] INFO:colcon.colcon_core.shell:Skip shell extension 'powershell' for command environment: Not usable outside of PowerShell
[2.258s] DEBUG:colcon.colcon_core.shell:Skip shell extension 'dsv' for command environment
[2.277s] DEBUG:colcon.colcon_core.event_handler.log_command:Invoking command in '/home/kvothe/ros/build/ros_bringup': AMENT_PREFIX_PATH=/home/kvothe/ros/install/soma:/home/kvothe/ros/install/sensor_management:/home/kvothe/ros/install/robot_control:/home/kvothe/ros/install/ros_bringup:/home/kvothe/ros/install/ros_gazebo:/home/kvothe/ros/install/robot_description:/home/kvothe/ros/install/cppp:/home/kvothe/ros/install/messages:/opt/ros/humble CMAKE_PREFIX_PATH=/home/kvothe/ros/install/ros_gazebo:/home/kvothe/ros/install/cppp:/home/kvothe/ros/install/robot_description:/home/kvothe/ros/install/messages:/home/kvothe/ros/install/ros_bringup:/home/kvothe/ros/install/soma:/home/kvothe/ros/install/sensor_management:/home/kvothe/ros/install/robot_control:/opt/ros/humble IGN_GAZEBO_PLUGIN_PATH=/home/kvothe/ros/install/ros_gazebo/lib/ros_gazebo IGN_GAZEBO_RESOURCE_PATH=/home/kvothe/ros/install/robot_description/share/robot_description/models:${IGN_GAZEBO_RESOURCE_PATH} /usr/bin/cmake --build /home/kvothe/ros/build/ros_bringup -- -j12 -l12
[2.315s] DEBUG:colcon.colcon_core.event_handler.log_command:Invoked command in '/home/kvothe/ros/build/ros_bringup' returned '0': AMENT_PREFIX_PATH=/home/kvothe/ros/install/soma:/home/kvothe/ros/install/sensor_management:/home/kvothe/ros/install/robot_control:/home/kvothe/ros/install/ros_bringup:/home/kvothe/ros/install/ros_gazebo:/home/kvothe/ros/install/robot_description:/home/kvothe/ros/install/cppp:/home/kvothe/ros/install/messages:/opt/ros/humble CMAKE_PREFIX_PATH=/home/kvothe/ros/install/ros_gazebo:/home/kvothe/ros/install/cppp:/home/kvothe/ros/install/robot_description:/home/kvothe/ros/install/messages:/home/kvothe/ros/install/ros_bringup:/home/kvothe/ros/install/soma:/home/kvothe/ros/install/sensor_management:/home/kvothe/ros/install/robot_control:/opt/ros/humble IGN_GAZEBO_PLUGIN_PATH=/home/kvothe/ros/install/ros_gazebo/lib/ros_gazebo IGN_GAZEBO_RESOURCE_PATH=/home/kvothe/ros/install/robot_description/share/robot_description/models:${IGN_GAZEBO_RESOURCE_PATH} /usr/bin/cmake --build /home/kvothe/ros/build/ros_bringup -- -j12 -l12
[2.317s] DEBUG:colcon.colcon_core.event_handler.log_command:Invoking command in '/home/kvothe/ros/build/ros_bringup': AMENT_PREFIX_PATH=/home/kvothe/ros/install/soma:/home/kvothe/ros/install/sensor_management:/home/kvothe/ros/install/robot_control:/home/kvothe/ros/install/ros_bringup:/home/kvothe/ros/install/ros_gazebo:/home/kvothe/ros/install/robot_description:/home/kvothe/ros/install/cppp:/home/kvothe/ros/install/messages:/opt/ros/humble CMAKE_PREFIX_PATH=/home/kvothe/ros/install/ros_gazebo:/home/kvothe/ros/install/cppp:/home/kvothe/ros/install/robot_description:/home/kvothe/ros/install/messages:/home/kvothe/ros/install/ros_bringup:/home/kvothe/ros/install/soma:/home/kvothe/ros/install/sensor_management:/home/kvothe/ros/install/robot_control:/opt/ros/humble IGN_GAZEBO_PLUGIN_PATH=/home/kvothe/ros/install/ros_gazebo/lib/ros_gazebo IGN_GAZEBO_RESOURCE_PATH=/home/kvothe/ros/install/robot_description/share/robot_description/models:${IGN_GAZEBO_RESOURCE_PATH} /usr/bin/cmake --install /home/kvothe/ros/build/ros_bringup
[2.339s] Level 1:colcon.colcon_core.environment:create_environment_scripts_only(ros_bringup)
[2.339s] Level 1:colcon.colcon_core.environment:checking '/home/kvothe/ros/install/ros_bringup' for CMake module files
[2.340s] DEBUG:colcon.colcon_core.event_handler.log_command:Invoked command in '/home/kvothe/ros/build/ros_bringup' returned '0': AMENT_PREFIX_PATH=/home/kvothe/ros/install/soma:/home/kvothe/ros/install/sensor_management:/home/kvothe/ros/install/robot_control:/home/kvothe/ros/install/ros_bringup:/home/kvothe/ros/install/ros_gazebo:/home/kvothe/ros/install/robot_description:/home/kvothe/ros/install/cppp:/home/kvothe/ros/install/messages:/opt/ros/humble CMAKE_PREFIX_PATH=/home/kvothe/ros/install/ros_gazebo:/home/kvothe/ros/install/cppp:/home/kvothe/ros/install/robot_description:/home/kvothe/ros/install/messages:/home/kvothe/ros/install/ros_bringup:/home/kvothe/ros/install/soma:/home/kvothe/ros/install/sensor_management:/home/kvothe/ros/install/robot_control:/opt/ros/humble IGN_GAZEBO_PLUGIN_PATH=/home/kvothe/ros/install/ros_gazebo/lib/ros_gazebo IGN_GAZEBO_RESOURCE_PATH=/home/kvothe/ros/install/robot_description/share/robot_description/models:${IGN_GAZEBO_RESOURCE_PATH} /usr/bin/cmake --install /home/kvothe/ros/build/ros_bringup
[2.341s] Level 1:colcon.colcon_core.environment:checking '/home/kvothe/ros/install/ros_bringup' for CMake config files
[2.341s] Level 1:colcon.colcon_core.shell:create_environment_hook('ros_bringup', 'cmake_prefix_path')
[2.341s] INFO:colcon.colcon_core.shell:Creating environment hook '/home/kvothe/ros/install/ros_bringup/share/ros_bringup/hook/cmake_prefix_path.ps1'
[2.342s] INFO:colcon.colcon_core.shell:Creating environment descriptor '/home/kvothe/ros/install/ros_bringup/share/ros_bringup/hook/cmake_prefix_path.dsv'
[2.342s] INFO:colcon.colcon_core.shell:Creating environment hook '/home/kvothe/ros/install/ros_bringup/share/ros_bringup/hook/cmake_prefix_path.sh'
[2.342s] Level 1:colcon.colcon_core.environment:checking '/home/kvothe/ros/install/ros_bringup/bin'
[2.342s] Level 1:colcon.colcon_core.environment:checking '/home/kvothe/ros/install/ros_bringup/lib/pkgconfig/ros_bringup.pc'
[2.342s] Level 1:colcon.colcon_core.environment:checking '/home/kvothe/ros/install/ros_bringup/lib/python3.10/site-packages'
[2.343s] Level 1:colcon.colcon_core.environment:checking '/home/kvothe/ros/install/ros_bringup/bin'
[2.343s] INFO:colcon.colcon_core.shell:Creating package script '/home/kvothe/ros/install/ros_bringup/share/ros_bringup/package.ps1'
[2.343s] INFO:colcon.colcon_core.shell:Creating package descriptor '/home/kvothe/ros/install/ros_bringup/share/ros_bringup/package.dsv'
[2.344s] INFO:colcon.colcon_core.shell:Creating package script '/home/kvothe/ros/install/ros_bringup/share/ros_bringup/package.sh'
[2.344s] INFO:colcon.colcon_core.shell:Creating package script '/home/kvothe/ros/install/ros_bringup/share/ros_bringup/package.bash'
[2.344s] INFO:colcon.colcon_core.shell:Creating package script '/home/kvothe/ros/install/ros_bringup/share/ros_bringup/package.zsh'
[2.344s] Level 1:colcon.colcon_core.environment:create_file_with_runtime_dependencies(/home/kvothe/ros/install/ros_bringup/share/colcon-core/packages/ros_bringup)
[2.345s] Level 1:colcon.colcon_core.environment:create_environment_scripts_only(ros_bringup)
[2.345s] Level 1:colcon.colcon_core.environment:checking '/home/kvothe/ros/install/ros_bringup' for CMake module files
[2.345s] Level 1:colcon.colcon_core.environment:checking '/home/kvothe/ros/install/ros_bringup' for CMake config files
[2.346s] Level 1:colcon.colcon_core.shell:create_environment_hook('ros_bringup', 'cmake_prefix_path')
[2.346s] INFO:colcon.colcon_core.shell:Creating environment hook '/home/kvothe/ros/install/ros_bringup/share/ros_bringup/hook/cmake_prefix_path.ps1'
[2.346s] INFO:colcon.colcon_core.shell:Creating environment descriptor '/home/kvothe/ros/install/ros_bringup/share/ros_bringup/hook/cmake_prefix_path.dsv'
[2.346s] INFO:colcon.colcon_core.shell:Creating environment hook '/home/kvothe/ros/install/ros_bringup/share/ros_bringup/hook/cmake_prefix_path.sh'
[2.347s] Level 1:colcon.colcon_core.environment:checking '/home/kvothe/ros/install/ros_bringup/bin'
[2.347s] Level 1:colcon.colcon_core.environment:checking '/home/kvothe/ros/install/ros_bringup/lib/pkgconfig/ros_bringup.pc'
[2.347s] Level 1:colcon.colcon_core.environment:checking '/home/kvothe/ros/install/ros_bringup/lib/python3.10/site-packages'
[2.347s] Level 1:colcon.colcon_core.environment:checking '/home/kvothe/ros/install/ros_bringup/bin'
[2.347s] INFO:colcon.colcon_core.shell:Creating package script '/home/kvothe/ros/install/ros_bringup/share/ros_bringup/package.ps1'
[2.348s] INFO:colcon.colcon_core.shell:Creating package descriptor '/home/kvothe/ros/install/ros_bringup/share/ros_bringup/package.dsv'
[2.348s] INFO:colcon.colcon_core.shell:Creating package script '/home/kvothe/ros/install/ros_bringup/share/ros_bringup/package.sh'
[2.349s] INFO:colcon.colcon_core.shell:Creating package script '/home/kvothe/ros/install/ros_bringup/share/ros_bringup/package.bash'
[2.349s] INFO:colcon.colcon_core.shell:Creating package script '/home/kvothe/ros/install/ros_bringup/share/ros_bringup/package.zsh'
[2.349s] Level 1:colcon.colcon_core.environment:create_file_with_runtime_dependencies(/home/kvothe/ros/install/ros_bringup/share/colcon-core/packages/ros_bringup)
[2.349s] DEBUG:colcon.colcon_parallel_executor.executor.parallel:closing loop
[2.350s] DEBUG:colcon.colcon_parallel_executor.executor.parallel:loop closed
[2.350s] DEBUG:colcon.colcon_parallel_executor.executor.parallel:run_until_complete finished with '0'
[2.350s] DEBUG:colcon.colcon_core.event_reactor:joining thread
[2.361s] INFO:colcon.colcon_core.plugin_system:Skipping extension 'colcon_notification.desktop_notification.terminal_notifier': Not used on non-Darwin systems
[2.361s] INFO:colcon.colcon_core.plugin_system:Skipping extension 'colcon_notification.desktop_notification.win32': Not used on non-Windows systems
[2.361s] INFO:colcon.colcon_notification.desktop_notification:Sending desktop notification using 'notify2'
[2.383s] DEBUG:colcon.colcon_core.event_reactor:joined thread
[2.383s] INFO:colcon.colcon_core.shell:Creating prefix script '/home/kvothe/ros/install/local_setup.ps1'
[2.385s] INFO:colcon.colcon_core.shell:Creating prefix util module '/home/kvothe/ros/install/_local_setup_util_ps1.py'
[2.389s] INFO:colcon.colcon_core.shell:Creating prefix chain script '/home/kvothe/ros/install/setup.ps1'
[2.392s] INFO:colcon.colcon_core.shell:Creating prefix script '/home/kvothe/ros/install/local_setup.sh'
[2.393s] INFO:colcon.colcon_core.shell:Creating prefix util module '/home/kvothe/ros/install/_local_setup_util_sh.py'
[2.395s] INFO:colcon.colcon_core.shell:Creating prefix chain script '/home/kvothe/ros/install/setup.sh'
[2.398s] INFO:colcon.colcon_core.shell:Creating prefix script '/home/kvothe/ros/install/local_setup.bash'
[2.399s] INFO:colcon.colcon_core.shell:Creating prefix chain script '/home/kvothe/ros/install/setup.bash'
[2.402s] INFO:colcon.colcon_core.shell:Creating prefix script '/home/kvothe/ros/install/local_setup.zsh'
[2.403s] INFO:colcon.colcon_core.shell:Creating prefix chain script '/home/kvothe/ros/install/setup.zsh'
