-- Found ament_cmake: 1.3.11 (/opt/ros/humble/share/ament_cmake/cmake)
-- Found required Ceres dependency: Eigen version 3.4.0 in /usr/include/eigen3
-- Found required Ceres dependency: glog
-- Found required Ceres dependency: gflags
-- Found Ceres version: 2.0.0 installed in: /usr with components: [EigenSparse, SparseLinearAlgebraLibrary, LAPACK, SuiteSparse, CXSparse, SchurSpecializations, Multithreading]
-- Found rclcpp: 16.0.11 (/opt/ros/humble/share/rclcpp/cmake)
-- Found rosidl_generator_c: 3.1.6 (/opt/ros/humble/share/rosidl_generator_c/cmake)
-- Found rosidl_adapter: 3.1.6 (/opt/ros/humble/share/rosidl_adapter/cmake)
-- Found rosidl_generator_cpp: 3.1.6 (/opt/ros/humble/share/rosidl_generator_cpp/cmake)
-- Using all available rosidl_typesupport_c: rosidl_typesupport_fastrtps_c;rosidl_typesupport_introspection_c
-- Using all available rosidl_typesupport_cpp: rosidl_typesupport_fastrtps_cpp;rosidl_typesupport_introspection_cpp
-- Found rmw_implementation_cmake: 6.1.2 (/opt/ros/humble/share/rmw_implementation_cmake/cmake)
-- Found rmw_fastrtps_cpp: 6.2.7 (/opt/ros/humble/share/rmw_fastrtps_cpp/cmake)
-- Using RMW implementation 'rmw_fastrtps_cpp' as default
-- Configuring done
-- Generating done
-- Build files have been written to: /home/kvothe/ros/build/optim
[ 50%] [32mBuilding CXX object CMakeFiles/test_ceres.dir/src/test_ceres.cpp.o[0m
[100%] [32m[1mLinking CXX executable test_ceres[0m
[100%] Built target test_ceres
-- Install configuration: ""
-- Installing: /home/kvothe/ros/install/optim/lib/optim/test_ceres
-- Set runtime path of "/home/kvothe/ros/install/optim/lib/optim/test_ceres" to ""
-- Installing: /home/kvothe/ros/install/optim/share/ament_index/resource_index/package_run_dependencies/optim
-- Installing: /home/kvothe/ros/install/optim/share/ament_index/resource_index/parent_prefix_path/optim
-- Installing: /home/kvothe/ros/install/optim/share/optim/environment/ament_prefix_path.sh
-- Installing: /home/kvothe/ros/install/optim/share/optim/environment/ament_prefix_path.dsv
-- Installing: /home/kvothe/ros/install/optim/share/optim/environment/path.sh
-- Installing: /home/kvothe/ros/install/optim/share/optim/environment/path.dsv
-- Installing: /home/kvothe/ros/install/optim/share/optim/local_setup.bash
-- Installing: /home/kvothe/ros/install/optim/share/optim/local_setup.sh
-- Installing: /home/kvothe/ros/install/optim/share/optim/local_setup.zsh
-- Installing: /home/kvothe/ros/install/optim/share/optim/local_setup.dsv
-- Installing: /home/kvothe/ros/install/optim/share/optim/package.dsv
-- Installing: /home/kvothe/ros/install/optim/share/ament_index/resource_index/packages/optim
-- Installing: /home/kvothe/ros/install/optim/share/optim/cmake/optimConfig.cmake
-- Installing: /home/kvothe/ros/install/optim/share/optim/cmake/optimConfig-version.cmake
-- Installing: /home/kvothe/ros/install/optim/share/optim/package.xml
